|12:04:38| [INFO] Logging initialized!
|12:04:38| [INFO] Current date: 2016-01-21
|12:04:38| [INFO] This is an automatically generated log file from the Computer Science 12U ISU Server made by Andrew and Tianli.
|12:04:38| [INFO] Server starting up!
|12:04:38| [INFO] The file path specified for the first argument is valid.
|12:04:38| [INFO] Found clubs directory in E:/ISU/Compsci12ISUServer_Data directory.
|12:04:38| [INFO] Found posts directory in E:/ISU/Compsci12ISUServer_Data directory.
|12:04:38| [INFO] Found users directory in E:/ISU/Compsci12ISUServer_Data directory.
|12:04:38| [INFO] Found pseudo requests directory in E:/ISU/Compsci12ISUServer_Data directory.
|12:04:38| [INFO] Found admins directory in E:/ISU/Compsci12ISUServer_Data directory.
|12:04:39| [INFO] No unprocessed requests were found.
|12:04:39| [INFO] No unprocessed requests were found.
|12:04:39| [INFO] No unprocessed requests were found.
|12:04:39| [INFO] No unprocessed requests were found.
|12:04:40| [INFO] No unprocessed requests were found.
|12:04:40| [INFO] No unprocessed requests were found.
|12:04:40| [INFO] No unprocessed requests were found.
|12:04:40| [INFO] No unprocessed requests were found.
|12:04:40| [INFO] No unprocessed requests were found.
|12:04:40| [INFO] No unprocessed requests were found.
|12:04:40| [INFO] No unprocessed requests were found.
|12:04:41| [INFO] No unprocessed requests were found.
|12:04:41| [INFO] No unprocessed requests were found.
|12:04:41| [INFO] No unprocessed requests were found.
|12:04:41| [INFO] No unprocessed requests were found.
|12:04:42| [INFO] No unprocessed requests were found.
|12:04:42| [INFO] No unprocessed requests were found.
|12:04:43| [INFO] No unprocessed requests were found.
|12:04:43| [INFO] No unprocessed requests were found.
|12:04:43| [INFO] No unprocessed requests were found.
|12:04:43| [INFO] No unprocessed requests were found.
|12:04:43| [INFO] No unprocessed requests were found.
|12:04:44| [INFO] No unprocessed requests were found.
|12:04:44| [INFO] No unprocessed requests were found.
|12:04:44| [INFO] No unprocessed requests were found.
|12:04:44| [INFO] No unprocessed requests were found.
|12:04:45| [INFO] No unprocessed requests were found.
|12:04:45| [INFO] No unprocessed requests were found.
|12:04:45| [INFO] Found 1 request that has not yet been processed.
|12:04:46| [INFO] Time taken to respond: 234
|12:04:47| [INFO] No unprocessed requests were found.
|12:04:48| [INFO] No unprocessed requests were found.
|12:04:48| [INFO] No unprocessed requests were found.
|12:04:48| [INFO] No unprocessed requests were found.
|12:04:48| [INFO] No unprocessed requests were found.
|12:04:48| [INFO] No unprocessed requests were found.
|12:04:48| [INFO] No unprocessed requests were found.
|12:04:49| [INFO] No unprocessed requests were found.
|12:04:49| [INFO] No unprocessed requests were found.
|12:04:49| [INFO] No unprocessed requests were found.
|12:04:49| [INFO] No unprocessed requests were found.
|12:04:50| [INFO] No unprocessed requests were found.
|12:04:50| [INFO] No unprocessed requests were found.
|12:04:50| [INFO] No unprocessed requests were found.
|12:04:50| [INFO] No unprocessed requests were found.
|12:04:50| [INFO] No unprocessed requests were found.
|12:04:50| [INFO] No unprocessed requests were found.
|12:04:51| [INFO] No unprocessed requests were found.
|12:04:51| [INFO] No unprocessed requests were found.
|12:04:51| [INFO] No unprocessed requests were found.
|12:04:51| [INFO] No unprocessed requests were found.
|12:04:52| [INFO] No unprocessed requests were found.
|12:04:52| [INFO] No unprocessed requests were found.
|12:04:52| [INFO] No unprocessed requests were found.
|12:04:52| [INFO] No unprocessed requests were found.
|12:04:52| [INFO] No unprocessed requests were found.
|12:04:52| [INFO] No unprocessed requests were found.
|12:04:53| [INFO] No unprocessed requests were found.
|12:04:53| [INFO] No unprocessed requests were found.
|12:04:53| [INFO] No unprocessed requests were found.
|12:04:53| [INFO] No unprocessed requests were found.
|12:04:53| [INFO] No unprocessed requests were found.
|12:04:53| [INFO] No unprocessed requests were found.
|12:04:53| [INFO] No unprocessed requests were found.
|12:04:54| [INFO] No unprocessed requests were found.
|12:04:54| [INFO] No unprocessed requests were found.
|12:04:54| [INFO] No unprocessed requests were found.
|12:04:55| [INFO] No unprocessed requests were found.
|12:04:55| [INFO] No unprocessed requests were found.
|12:04:55| [INFO] No unprocessed requests were found.
|12:04:55| [INFO] No unprocessed requests were found.
|12:04:55| [INFO] No unprocessed requests were found.
|12:04:55| [INFO] No unprocessed requests were found.
|12:04:56| [INFO] No unprocessed requests were found.
|12:04:56| [INFO] No unprocessed requests were found.
|12:04:56| [INFO] No unprocessed requests were found.
|12:04:56| [INFO] No unprocessed requests were found.
|12:04:57| [INFO] No unprocessed requests were found.
|12:04:57| [INFO] No unprocessed requests were found.
|12:04:57| [INFO] No unprocessed requests were found.
|12:04:57| [INFO] No unprocessed requests were found.
|12:04:57| [INFO] No unprocessed requests were found.
|12:04:57| [INFO] No unprocessed requests were found.
|12:04:58| [INFO] No unprocessed requests were found.
|12:04:58| [INFO] No unprocessed requests were found.
|12:04:58| [INFO] No unprocessed requests were found.
|12:04:58| [INFO] No unprocessed requests were found.
|12:04:59| [INFO] No unprocessed requests were found.
|12:04:59| [INFO] No unprocessed requests were found.
|12:04:59| [INFO] No unprocessed requests were found.
|12:04:59| [INFO] No unprocessed requests were found.
|12:04:59| [INFO] No unprocessed requests were found.
|12:04:59| [INFO] No unprocessed requests were found.
|12:05:00| [INFO] No unprocessed requests were found.
|12:05:00| [INFO] No unprocessed requests were found.
|12:05:00| [INFO] No unprocessed requests were found.
|12:05:00| [INFO] No unprocessed requests were found.
|12:05:01| [INFO] No unprocessed requests were found.
|12:05:01| [INFO] No unprocessed requests were found.
|12:05:01| [INFO] No unprocessed requests were found.
|12:05:01| [INFO] No unprocessed requests were found.
|12:05:01| [INFO] No unprocessed requests were found.
|12:05:01| [INFO] No unprocessed requests were found.
|12:05:02| [INFO] No unprocessed requests were found.
|12:05:02| [INFO] No unprocessed requests were found.
|12:05:02| [INFO] No unprocessed requests were found.
|12:05:02| [INFO] No unprocessed requests were found.
|12:05:03| [INFO] No unprocessed requests were found.
|12:05:03| [INFO] No unprocessed requests were found.
|12:05:03| [INFO] No unprocessed requests were found.
|12:05:03| [INFO] No unprocessed requests were found.
|12:05:03| [INFO] No unprocessed requests were found.
|12:05:03| [INFO] No unprocessed requests were found.
|12:05:04| [INFO] No unprocessed requests were found.
|12:05:04| [INFO] No unprocessed requests were found.
|12:05:04| [INFO] No unprocessed requests were found.
|12:05:05| [INFO] No unprocessed requests were found.
|12:05:05| [INFO] No unprocessed requests were found.
|12:05:05| [INFO] No unprocessed requests were found.
|12:05:05| [INFO] No unprocessed requests were found.
|12:05:05| [INFO] No unprocessed requests were found.
|12:05:05| [INFO] No unprocessed requests were found.
|12:05:05| [INFO] No unprocessed requests were found.
|12:05:05| [INFO] No unprocessed requests were found.
|12:05:05| [INFO] No unprocessed requests were found.
|12:05:05| [INFO] No unprocessed requests were found.
|12:05:05| [INFO] No unprocessed requests were found.
|12:05:06| [INFO] No unprocessed requests were found.
|12:05:06| [INFO] No unprocessed requests were found.
|12:05:06| [INFO] No unprocessed requests were found.
|12:05:06| [INFO] No unprocessed requests were found.
|12:05:06| [INFO] No unprocessed requests were found.
|12:05:06| [INFO] No unprocessed requests were found.
|12:05:06| [INFO] No unprocessed requests were found.
|12:05:06| [INFO] No unprocessed requests were found.
|12:05:06| [INFO] No unprocessed requests were found.
|12:05:06| [INFO] No unprocessed requests were found.
|12:05:06| [INFO] No unprocessed requests were found.
|12:05:06| [INFO] No unprocessed requests were found.
|12:05:07| [INFO] No unprocessed requests were found.
|12:05:07| [INFO] No unprocessed requests were found.
|12:05:07| [INFO] No unprocessed requests were found.
|12:05:07| [INFO] No unprocessed requests were found.
|12:05:08| [INFO] No unprocessed requests were found.
|12:05:08| [INFO] No unprocessed requests were found.
|12:05:08| [INFO] No unprocessed requests were found.
|12:05:08| [INFO] No unprocessed requests were found.
|12:05:08| [INFO] No unprocessed requests were found.
|12:05:08| [INFO] No unprocessed requests were found.
|12:05:09| [INFO] No unprocessed requests were found.
|12:05:09| [INFO] No unprocessed requests were found.
|12:05:09| [INFO] No unprocessed requests were found.
|12:05:09| [INFO] No unprocessed requests were found.
|12:05:10| [INFO] No unprocessed requests were found.
|12:05:10| [INFO] No unprocessed requests were found.
|12:05:10| [INFO] No unprocessed requests were found.
|12:05:10| [INFO] No unprocessed requests were found.
|12:05:10| [INFO] No unprocessed requests were found.
|12:05:11| [INFO] No unprocessed requests were found.
|12:05:11| [INFO] No unprocessed requests were found.
|12:05:11| [INFO] No unprocessed requests were found.
|12:05:11| [INFO] No unprocessed requests were found.
|12:05:12| [INFO] No unprocessed requests were found.
|12:05:12| [INFO] No unprocessed requests were found.
|12:05:12| [INFO] No unprocessed requests were found.
|12:05:12| [INFO] No unprocessed requests were found.
|12:05:12| [INFO] No unprocessed requests were found.
|12:05:12| [INFO] No unprocessed requests were found.
|12:05:13| [INFO] No unprocessed requests were found.
|12:05:13| [INFO] No unprocessed requests were found.
|12:05:13| [INFO] No unprocessed requests were found.
|12:05:13| [INFO] No unprocessed requests were found.
|12:05:14| [INFO] No unprocessed requests were found.
|12:05:14| [INFO] No unprocessed requests were found.
|12:05:14| [INFO] No unprocessed requests were found.
|12:05:14| [INFO] No unprocessed requests were found.
|12:05:14| [INFO] No unprocessed requests were found.
|12:05:14| [INFO] No unprocessed requests were found.
|12:05:14| [INFO] No unprocessed requests were found.
|12:05:14| [INFO] No unprocessed requests were found.
|12:05:14| [INFO] No unprocessed requests were found.
|12:05:14| [INFO] No unprocessed requests were found.
|12:05:14| [INFO] No unprocessed requests were found.
|12:05:14| [INFO] No unprocessed requests were found.
|12:05:14| [INFO] No unprocessed requests were found.
|12:05:14| [INFO] No unprocessed requests were found.
|12:05:15| [INFO] No unprocessed requests were found.
|12:05:15| [INFO] No unprocessed requests were found.
|12:05:15| [INFO] No unprocessed requests were found.
|12:05:15| [INFO] No unprocessed requests were found.
|12:05:16| [INFO] No unprocessed requests were found.
|12:05:16| [INFO] No unprocessed requests were found.
|12:05:16| [INFO] No unprocessed requests were found.
|12:05:16| [INFO] No unprocessed requests were found.
|12:05:16| [INFO] No unprocessed requests were found.
|12:05:16| [INFO] No unprocessed requests were found.
|12:05:17| [INFO] No unprocessed requests were found.
|12:05:17| [INFO] No unprocessed requests were found.
|12:05:17| [INFO] No unprocessed requests were found.
|12:05:18| [INFO] No unprocessed requests were found.
|12:05:18| [INFO] No unprocessed requests were found.
|12:05:18| [INFO] No unprocessed requests were found.
|12:05:18| [INFO] No unprocessed requests were found.
|12:05:18| [INFO] No unprocessed requests were found.
|12:05:18| [INFO] No unprocessed requests were found.
|12:05:19| [INFO] No unprocessed requests were found.
|12:05:19| [INFO] No unprocessed requests were found.
|12:05:19| [INFO] No unprocessed requests were found.
|12:05:19| [INFO] No unprocessed requests were found.
|12:05:20| [INFO] No unprocessed requests were found.
|12:05:20| [INFO] No unprocessed requests were found.
|12:05:20| [INFO] No unprocessed requests were found.
|12:05:20| [INFO] No unprocessed requests were found.
|12:05:20| [INFO] No unprocessed requests were found.
|12:05:21| [INFO] No unprocessed requests were found.
|12:05:21| [INFO] No unprocessed requests were found.
|12:05:21| [INFO] No unprocessed requests were found.
|12:05:21| [INFO] No unprocessed requests were found.
|12:05:21| [INFO] No unprocessed requests were found.
|12:05:21| [INFO] No unprocessed requests were found.
|12:05:22| [INFO] No unprocessed requests were found.
|12:05:22| [INFO] No unprocessed requests were found.
|12:05:22| [INFO] No unprocessed requests were found.
|12:05:22| [INFO] No unprocessed requests were found.
|12:05:22| [INFO] No unprocessed requests were found.
|12:05:22| [INFO] No unprocessed requests were found.
|12:05:23| [INFO] No unprocessed requests were found.
|12:05:23| [INFO] No unprocessed requests were found.
|12:05:23| [INFO] No unprocessed requests were found.
|12:05:23| [INFO] No unprocessed requests were found.
|12:05:23| [INFO] No unprocessed requests were found.
|12:05:23| [INFO] No unprocessed requests were found.
|12:05:24| [INFO] No unprocessed requests were found.
|12:05:24| [INFO] No unprocessed requests were found.
|12:05:24| [INFO] No unprocessed requests were found.
|12:05:25| [INFO] No unprocessed requests were found.
|12:05:25| [INFO] No unprocessed requests were found.
|12:05:25| [INFO] No unprocessed requests were found.
|12:05:25| [INFO] No unprocessed requests were found.
|12:05:26| [INFO] No unprocessed requests were found.
|12:05:26| [INFO] No unprocessed requests were found.
|12:05:27| [INFO] No unprocessed requests were found.
|12:05:27| [INFO] No unprocessed requests were found.
|12:05:27| [INFO] No unprocessed requests were found.
|12:05:27| [INFO] No unprocessed requests were found.
|12:05:27| [INFO] No unprocessed requests were found.
|12:05:27| [INFO] No unprocessed requests were found.
|12:05:27| [INFO] No unprocessed requests were found.
|12:05:28| [INFO] No unprocessed requests were found.
|12:05:28| [INFO] No unprocessed requests were found.
|12:05:28| [INFO] No unprocessed requests were found.
|12:05:29| [INFO] No unprocessed requests were found.
|12:05:29| [INFO] No unprocessed requests were found.
|12:05:29| [INFO] No unprocessed requests were found.
|12:05:29| [INFO] No unprocessed requests were found.
|12:05:29| [INFO] No unprocessed requests were found.
|12:05:30| [INFO] No unprocessed requests were found.
|12:05:30| [INFO] No unprocessed requests were found.
|12:05:30| [INFO] No unprocessed requests were found.
|12:05:31| [INFO] No unprocessed requests were found.
|12:05:31| [INFO] No unprocessed requests were found.
|12:05:31| [INFO] No unprocessed requests were found.
|12:05:31| [INFO] No unprocessed requests were found.
|12:05:32| [INFO] No unprocessed requests were found.
|12:05:32| [INFO] No unprocessed requests were found.
|12:05:32| [INFO] No unprocessed requests were found.
|12:05:32| [INFO] No unprocessed requests were found.
|12:05:32| [INFO] No unprocessed requests were found.
|12:05:33| [INFO] No unprocessed requests were found.
|12:05:33| [INFO] No unprocessed requests were found.
|12:05:33| [INFO] No unprocessed requests were found.
|12:05:33| [INFO] No unprocessed requests were found.
|12:05:33| [INFO] No unprocessed requests were found.
|12:05:33| [INFO] No unprocessed requests were found.
|12:05:33| [INFO] No unprocessed requests were found.
|12:05:34| [INFO] No unprocessed requests were found.
|12:05:34| [INFO] No unprocessed requests were found.
|12:05:34| [INFO] No unprocessed requests were found.
|12:05:34| [INFO] No unprocessed requests were found.
|12:05:34| [INFO] No unprocessed requests were found.
|12:05:34| [INFO] No unprocessed requests were found.
|12:05:35| [INFO] No unprocessed requests were found.
|12:05:35| [INFO] No unprocessed requests were found.
|12:05:35| [INFO] No unprocessed requests were found.
|12:05:36| [INFO] No unprocessed requests were found.
|12:05:36| [INFO] No unprocessed requests were found.
|12:05:36| [INFO] No unprocessed requests were found.
|12:05:36| [INFO] No unprocessed requests were found.
|12:05:36| [INFO] No unprocessed requests were found.
|12:05:37| [INFO] No unprocessed requests were found.
|12:05:37| [INFO] No unprocessed requests were found.
|12:05:37| [INFO] No unprocessed requests were found.
|12:05:37| [INFO] No unprocessed requests were found.
|12:05:38| [INFO] No unprocessed requests were found.
|12:05:38| [INFO] No unprocessed requests were found.
|12:05:38| [INFO] No unprocessed requests were found.
|12:05:38| [INFO] No unprocessed requests were found.
|12:05:38| [INFO] No unprocessed requests were found.
|12:05:38| [INFO] No unprocessed requests were found.
|12:05:39| [INFO] No unprocessed requests were found.
|12:05:39| [INFO] No unprocessed requests were found.
|12:05:39| [INFO] No unprocessed requests were found.
|12:05:39| [INFO] No unprocessed requests were found.
|12:05:40| [INFO] No unprocessed requests were found.
|12:05:40| [INFO] No unprocessed requests were found.
|12:05:40| [INFO] No unprocessed requests were found.
|12:05:40| [INFO] No unprocessed requests were found.
|12:05:40| [INFO] No unprocessed requests were found.
|12:05:40| [INFO] No unprocessed requests were found.
|12:05:41| [INFO] No unprocessed requests were found.
|12:05:41| [INFO] No unprocessed requests were found.
|12:05:41| [INFO] No unprocessed requests were found.
|12:05:41| [INFO] No unprocessed requests were found.
|12:05:41| [INFO] No unprocessed requests were found.
|12:05:41| [INFO] No unprocessed requests were found.
|12:05:41| [INFO] No unprocessed requests were found.
|12:05:41| [INFO] No unprocessed requests were found.
|12:05:41| [INFO] No unprocessed requests were found.
|12:05:41| [INFO] No unprocessed requests were found.
|12:05:41| [INFO] No unprocessed requests were found.
|12:05:41| [INFO] No unprocessed requests were found.
|12:05:41| [INFO] No unprocessed requests were found.
|12:05:41| [INFO] No unprocessed requests were found.
|12:05:41| [INFO] No unprocessed requests were found.
|12:05:41| [INFO] No unprocessed requests were found.
|12:05:41| [INFO] No unprocessed requests were found.
|12:05:41| [INFO] No unprocessed requests were found.
|12:05:41| [INFO] No unprocessed requests were found.
|12:05:42| [INFO] No unprocessed requests were found.
|12:05:42| [INFO] No unprocessed requests were found.
|12:05:42| [INFO] No unprocessed requests were found.
|12:05:42| [INFO] No unprocessed requests were found.
|12:05:43| [INFO] No unprocessed requests were found.
|12:05:43| [INFO] No unprocessed requests were found.
|12:05:43| [INFO] No unprocessed requests were found.
|12:05:43| [INFO] No unprocessed requests were found.
|12:05:43| [INFO] No unprocessed requests were found.
|12:05:44| [INFO] No unprocessed requests were found.
|12:05:44| [INFO] No unprocessed requests were found.
|12:05:44| [INFO] No unprocessed requests were found.
|12:05:44| [INFO] No unprocessed requests were found.
|12:05:45| [INFO] No unprocessed requests were found.
|12:05:45| [INFO] No unprocessed requests were found.
|12:05:45| [INFO] No unprocessed requests were found.
|12:05:45| [INFO] No unprocessed requests were found.
|12:05:45| [INFO] No unprocessed requests were found.
|12:05:46| [INFO] No unprocessed requests were found.
|12:05:46| [INFO] No unprocessed requests were found.
|12:05:46| [INFO] No unprocessed requests were found.
|12:05:47| [INFO] No unprocessed requests were found.
|12:05:47| [INFO] No unprocessed requests were found.
|12:05:47| [INFO] No unprocessed requests were found.
|12:05:47| [INFO] No unprocessed requests were found.
|12:05:47| [INFO] No unprocessed requests were found.
|12:05:47| [INFO] No unprocessed requests were found.
|12:05:48| [INFO] No unprocessed requests were found.
|12:05:48| [INFO] No unprocessed requests were found.
|12:05:48| [INFO] No unprocessed requests were found.
|12:05:48| [INFO] No unprocessed requests were found.
|12:05:49| [INFO] No unprocessed requests were found.
|12:05:49| [INFO] No unprocessed requests were found.
|12:05:49| [INFO] No unprocessed requests were found.
|12:05:49| [INFO] No unprocessed requests were found.
|12:05:49| [INFO] No unprocessed requests were found.
|12:05:49| [INFO] No unprocessed requests were found.
|12:05:50| [INFO] No unprocessed requests were found.
|12:05:50| [INFO] No unprocessed requests were found.
|12:05:50| [INFO] No unprocessed requests were found.
|12:05:50| [INFO] No unprocessed requests were found.
|12:05:51| [INFO] No unprocessed requests were found.
|12:05:51| [INFO] No unprocessed requests were found.
|12:05:52| [INFO] No unprocessed requests were found.
|12:05:52| [INFO] No unprocessed requests were found.
|12:05:52| [INFO] No unprocessed requests were found.
|12:05:53| [INFO] No unprocessed requests were found.
|12:05:53| [INFO] No unprocessed requests were found.
|12:05:53| [INFO] No unprocessed requests were found.
|12:05:53| [INFO] No unprocessed requests were found.
|12:05:54| [INFO] No unprocessed requests were found.
|12:05:54| [INFO] No unprocessed requests were found.
|12:05:54| [INFO] No unprocessed requests were found.
|12:05:54| [INFO] No unprocessed requests were found.
|12:05:54| [INFO] No unprocessed requests were found.
|12:05:54| [INFO] No unprocessed requests were found.
|12:05:55| [INFO] No unprocessed requests were found.
|12:05:55| [INFO] No unprocessed requests were found.
|12:05:55| [INFO] No unprocessed requests were found.
|12:05:55| [INFO] No unprocessed requests were found.
|12:05:56| [INFO] No unprocessed requests were found.
|12:05:56| [INFO] No unprocessed requests were found.
|12:05:56| [INFO] No unprocessed requests were found.
|12:05:56| [INFO] No unprocessed requests were found.
|12:05:56| [INFO] No unprocessed requests were found.
|12:05:56| [INFO] No unprocessed requests were found.
|12:05:56| [INFO] No unprocessed requests were found.
|12:05:56| [INFO] No unprocessed requests were found.
|12:05:56| [INFO] No unprocessed requests were found.
|12:05:56| [INFO] No unprocessed requests were found.
|12:05:57| [INFO] No unprocessed requests were found.
|12:05:57| [INFO] No unprocessed requests were found.
|12:05:57| [INFO] No unprocessed requests were found.
|12:05:57| [INFO] No unprocessed requests were found.
|12:05:58| [INFO] No unprocessed requests were found.
|12:05:58| [INFO] No unprocessed requests were found.
|12:05:58| [INFO] No unprocessed requests were found.
|12:05:58| [INFO] No unprocessed requests were found.
|12:05:58| [INFO] No unprocessed requests were found.
|12:05:58| [INFO] No unprocessed requests were found.
|12:05:59| [INFO] No unprocessed requests were found.
|12:05:59| [INFO] No unprocessed requests were found.
|12:05:59| [INFO] No unprocessed requests were found.
|12:05:59| [INFO] No unprocessed requests were found.
|12:06:00| [INFO] No unprocessed requests were found.
|12:06:00| [INFO] No unprocessed requests were found.
|12:06:00| [INFO] No unprocessed requests were found.
|12:06:00| [INFO] No unprocessed requests were found.
|12:06:00| [INFO] No unprocessed requests were found.
|12:06:00| [INFO] No unprocessed requests were found.
|12:06:01| [INFO] No unprocessed requests were found.
|12:06:01| [INFO] No unprocessed requests were found.
|12:06:01| [INFO] No unprocessed requests were found.
|12:06:01| [INFO] No unprocessed requests were found.
|12:06:02| [INFO] No unprocessed requests were found.
|12:06:02| [INFO] No unprocessed requests were found.
|12:06:02| [INFO] No unprocessed requests were found.
|12:06:02| [INFO] No unprocessed requests were found.
|12:06:02| [INFO] No unprocessed requests were found.
|12:06:02| [INFO] No unprocessed requests were found.
|12:06:03| [INFO] No unprocessed requests were found.
|12:06:03| [INFO] No unprocessed requests were found.
|12:06:03| [INFO] No unprocessed requests were found.
|12:06:03| [INFO] No unprocessed requests were found.
|12:06:03| [INFO] No unprocessed requests were found.
|12:06:03| [INFO] No unprocessed requests were found.
|12:06:03| [INFO] No unprocessed requests were found.
|12:06:04| [INFO] No unprocessed requests were found.
|12:06:04| [INFO] No unprocessed requests were found.
|12:06:04| [INFO] No unprocessed requests were found.
|12:06:04| [INFO] No unprocessed requests were found.
|12:06:05| [INFO] No unprocessed requests were found.
|12:06:05| [INFO] No unprocessed requests were found.
|12:06:05| [INFO] No unprocessed requests were found.
|12:06:05| [INFO] No unprocessed requests were found.
|12:06:05| [INFO] No unprocessed requests were found.
|12:06:05| [INFO] No unprocessed requests were found.
|12:06:06| [INFO] No unprocessed requests were found.
|12:06:06| [INFO] No unprocessed requests were found.
|12:06:06| [INFO] No unprocessed requests were found.
|12:06:06| [INFO] No unprocessed requests were found.
|12:06:06| [INFO] No unprocessed requests were found.
|12:06:07| [INFO] No unprocessed requests were found.
|12:06:07| [INFO] No unprocessed requests were found.
|12:06:07| [INFO] No unprocessed requests were found.
|12:06:07| [INFO] No unprocessed requests were found.
|12:06:07| [INFO] No unprocessed requests were found.
|12:06:07| [INFO] No unprocessed requests were found.
|12:06:08| [INFO] No unprocessed requests were found.
|12:06:08| [INFO] No unprocessed requests were found.
|12:06:08| [INFO] No unprocessed requests were found.
|12:06:08| [INFO] No unprocessed requests were found.
|12:06:09| [INFO] No unprocessed requests were found.
|12:06:09| [INFO] No unprocessed requests were found.
|12:06:09| [INFO] No unprocessed requests were found.
|12:06:09| [INFO] No unprocessed requests were found.
|12:06:09| [INFO] No unprocessed requests were found.
|12:06:09| [INFO] No unprocessed requests were found.
|12:06:10| [INFO] No unprocessed requests were found.
|12:06:10| [INFO] No unprocessed requests were found.
|12:06:10| [INFO] No unprocessed requests were found.
|12:06:10| [INFO] No unprocessed requests were found.
|12:06:11| [INFO] No unprocessed requests were found.
|12:06:11| [INFO] No unprocessed requests were found.
|12:06:11| [INFO] No unprocessed requests were found.
|12:06:11| [INFO] No unprocessed requests were found.
|12:06:11| [INFO] No unprocessed requests were found.
|12:06:12| [INFO] No unprocessed requests were found.
|12:06:12| [INFO] No unprocessed requests were found.
|12:06:12| [INFO] No unprocessed requests were found.
|12:06:12| [INFO] No unprocessed requests were found.
|12:06:13| [INFO] No unprocessed requests were found.
|12:06:13| [INFO] No unprocessed requests were found.
|12:06:13| [INFO] No unprocessed requests were found.
|12:06:13| [INFO] No unprocessed requests were found.
|12:06:13| [INFO] No unprocessed requests were found.
|12:06:13| [INFO] No unprocessed requests were found.
|12:06:13| [INFO] No unprocessed requests were found.
|12:06:14| [INFO] No unprocessed requests were found.
|12:06:14| [INFO] No unprocessed requests were found.
|12:06:14| [INFO] No unprocessed requests were found.
|12:06:14| [INFO] No unprocessed requests were found.
|12:06:14| [INFO] No unprocessed requests were found.
|12:06:15| [INFO] No unprocessed requests were found.
|12:06:15| [INFO] No unprocessed requests were found.
|12:06:15| [INFO] No unprocessed requests were found.
|12:06:15| [INFO] No unprocessed requests were found.
|12:06:15| [INFO] No unprocessed requests were found.
|12:06:16| [INFO] No unprocessed requests were found.
|12:06:16| [INFO] No unprocessed requests were found.
|12:06:16| [INFO] No unprocessed requests were found.
|12:06:16| [INFO] No unprocessed requests were found.
|12:06:17| [INFO] No unprocessed requests were found.
|12:06:17| [INFO] No unprocessed requests were found.
|12:06:17| [INFO] No unprocessed requests were found.
|12:06:17| [INFO] No unprocessed requests were found.
|12:06:17| [INFO] No unprocessed requests were found.
|12:06:18| [INFO] No unprocessed requests were found.
|12:06:18| [INFO] No unprocessed requests were found.
|12:06:18| [INFO] No unprocessed requests were found.
|12:06:19| [INFO] No unprocessed requests were found.
|12:06:19| [INFO] No unprocessed requests were found.
|12:06:19| [INFO] No unprocessed requests were found.
|12:06:19| [INFO] No unprocessed requests were found.
|12:06:19| [INFO] No unprocessed requests were found.
|12:06:19| [INFO] No unprocessed requests were found.
|12:06:20| [INFO] No unprocessed requests were found.
|12:06:20| [INFO] No unprocessed requests were found.
|12:06:20| [INFO] No unprocessed requests were found.
|12:06:20| [INFO] No unprocessed requests were found.
|12:06:20| [INFO] No unprocessed requests were found.
|12:06:20| [INFO] No unprocessed requests were found.
|12:06:21| [INFO] No unprocessed requests were found.
|12:06:21| [INFO] No unprocessed requests were found.
|12:06:21| [INFO] No unprocessed requests were found.
|12:06:21| [INFO] No unprocessed requests were found.
|12:06:21| [INFO] No unprocessed requests were found.
|12:06:21| [INFO] No unprocessed requests were found.
|12:06:22| [INFO] No unprocessed requests were found.
|12:06:22| [INFO] No unprocessed requests were found.
|12:06:22| [INFO] No unprocessed requests were found.
|12:06:22| [INFO] No unprocessed requests were found.
|12:06:22| [INFO] No unprocessed requests were found.
|12:06:22| [INFO] No unprocessed requests were found.
|12:06:23| [INFO] No unprocessed requests were found.
|12:06:23| [INFO] No unprocessed requests were found.
|12:06:23| [INFO] No unprocessed requests were found.
|12:06:23| [INFO] No unprocessed requests were found.
|12:06:23| [INFO] No unprocessed requests were found.
|12:06:23| [INFO] No unprocessed requests were found.
|12:06:24| [INFO] No unprocessed requests were found.
|12:06:24| [INFO] No unprocessed requests were found.
|12:06:24| [INFO] No unprocessed requests were found.
|12:06:24| [INFO] No unprocessed requests were found.
|12:06:25| [INFO] No unprocessed requests were found.
|12:06:25| [INFO] No unprocessed requests were found.
|12:06:26| [INFO] No unprocessed requests were found.
|12:06:26| [INFO] No unprocessed requests were found.
|12:06:26| [INFO] No unprocessed requests were found.
|12:06:26| [INFO] No unprocessed requests were found.
|12:06:26| [INFO] No unprocessed requests were found.
|12:06:26| [INFO] No unprocessed requests were found.
|12:06:27| [INFO] No unprocessed requests were found.
|12:06:27| [INFO] No unprocessed requests were found.
|12:06:27| [INFO] No unprocessed requests were found.
|12:06:27| [INFO] No unprocessed requests were found.
|12:06:28| [INFO] No unprocessed requests were found.
|12:06:28| [INFO] No unprocessed requests were found.
|12:06:28| [INFO] No unprocessed requests were found.
|12:06:28| [INFO] No unprocessed requests were found.
|12:06:28| [INFO] No unprocessed requests were found.
|12:06:28| [INFO] No unprocessed requests were found.
|12:06:29| [INFO] No unprocessed requests were found.
|12:06:29| [INFO] No unprocessed requests were found.
|12:06:29| [INFO] No unprocessed requests were found.
|12:06:29| [INFO] No unprocessed requests were found.
|12:06:30| [INFO] No unprocessed requests were found.
|12:06:30| [INFO] No unprocessed requests were found.
|12:06:30| [INFO] No unprocessed requests were found.
|12:06:30| [INFO] No unprocessed requests were found.
|12:06:30| [INFO] No unprocessed requests were found.
|12:06:30| [INFO] No unprocessed requests were found.
|12:06:31| [INFO] No unprocessed requests were found.
|12:06:31| [INFO] No unprocessed requests were found.
|12:06:31| [INFO] No unprocessed requests were found.
|12:06:31| [INFO] No unprocessed requests were found.
|12:06:32| [INFO] No unprocessed requests were found.
|12:06:32| [INFO] No unprocessed requests were found.
|12:06:32| [INFO] No unprocessed requests were found.
|12:06:32| [INFO] No unprocessed requests were found.
|12:06:32| [INFO] No unprocessed requests were found.
|12:06:32| [INFO] No unprocessed requests were found.
|12:06:33| [INFO] No unprocessed requests were found.
|12:06:33| [INFO] No unprocessed requests were found.
|12:06:33| [INFO] No unprocessed requests were found.
|12:06:33| [INFO] No unprocessed requests were found.
|12:06:34| [INFO] No unprocessed requests were found.
|12:06:34| [INFO] No unprocessed requests were found.
|12:06:35| [INFO] No unprocessed requests were found.
|12:06:35| [INFO] No unprocessed requests were found.
|12:06:35| [INFO] No unprocessed requests were found.
|12:06:35| [INFO] No unprocessed requests were found.
|12:06:35| [INFO] No unprocessed requests were found.
|12:06:36| [INFO] No unprocessed requests were found.
|12:06:36| [INFO] No unprocessed requests were found.
|12:06:36| [INFO] No unprocessed requests were found.
|12:06:36| [INFO] No unprocessed requests were found.
|12:06:36| [INFO] No unprocessed requests were found.
|12:06:37| [INFO] No unprocessed requests were found.
|12:06:37| [INFO] No unprocessed requests were found.
|12:06:37| [INFO] No unprocessed requests were found.
|12:06:37| [INFO] No unprocessed requests were found.
|12:06:37| [INFO] No unprocessed requests were found.
|12:06:37| [INFO] No unprocessed requests were found.
|12:06:38| [INFO] No unprocessed requests were found.
|12:06:38| [INFO] No unprocessed requests were found.
|12:06:38| [INFO] No unprocessed requests were found.
|12:06:38| [INFO] No unprocessed requests were found.
|12:06:39| [INFO] No unprocessed requests were found.
|12:06:39| [INFO] No unprocessed requests were found.
|12:06:39| [INFO] No unprocessed requests were found.
|12:06:39| [INFO] No unprocessed requests were found.
|12:06:39| [INFO] No unprocessed requests were found.
|12:06:39| [INFO] No unprocessed requests were found.
|12:06:39| [INFO] No unprocessed requests were found.
|12:06:39| [INFO] No unprocessed requests were found.
|12:06:40| [INFO] No unprocessed requests were found.
|12:06:40| [INFO] No unprocessed requests were found.
|12:06:40| [INFO] No unprocessed requests were found.
|12:06:40| [INFO] No unprocessed requests were found.
|12:06:41| [INFO] No unprocessed requests were found.
|12:06:41| [INFO] No unprocessed requests were found.
|12:06:41| [INFO] No unprocessed requests were found.
|12:06:41| [INFO] No unprocessed requests were found.
|12:06:41| [INFO] No unprocessed requests were found.
|12:06:41| [INFO] No unprocessed requests were found.
|12:06:42| [INFO] No unprocessed requests were found.
|12:06:42| [INFO] No unprocessed requests were found.
|12:06:42| [INFO] No unprocessed requests were found.
|12:06:42| [INFO] No unprocessed requests were found.
|12:06:43| [INFO] No unprocessed requests were found.
|12:06:43| [INFO] No unprocessed requests were found.
|12:06:43| [INFO] No unprocessed requests were found.
|12:06:43| [INFO] No unprocessed requests were found.
|12:06:43| [INFO] No unprocessed requests were found.
|12:06:43| [INFO] No unprocessed requests were found.
|12:06:44| [INFO] No unprocessed requests were found.
|12:06:44| [INFO] No unprocessed requests were found.
|12:06:44| [INFO] No unprocessed requests were found.
|12:06:44| [INFO] No unprocessed requests were found.
|12:06:45| [INFO] No unprocessed requests were found.
|12:06:45| [INFO] No unprocessed requests were found.
|12:06:45| [INFO] No unprocessed requests were found.
|12:06:45| [INFO] No unprocessed requests were found.
|12:06:45| [INFO] No unprocessed requests were found.
|12:06:45| [INFO] No unprocessed requests were found.
|12:06:46| [INFO] No unprocessed requests were found.
|12:06:46| [INFO] No unprocessed requests were found.
|12:06:46| [INFO] No unprocessed requests were found.
|12:06:46| [INFO] No unprocessed requests were found.
|12:06:47| [INFO] No unprocessed requests were found.
|12:06:47| [INFO] No unprocessed requests were found.
|12:06:47| [INFO] No unprocessed requests were found.
|12:06:47| [INFO] No unprocessed requests were found.
|12:06:47| [INFO] No unprocessed requests were found.
|12:06:47| [INFO] No unprocessed requests were found.
|12:06:47| [INFO] No unprocessed requests were found.
|12:06:47| [INFO] No unprocessed requests were found.
|12:06:48| [INFO] No unprocessed requests were found.
|12:06:48| [INFO] No unprocessed requests were found.
|12:06:48| [INFO] No unprocessed requests were found.
|12:06:48| [INFO] No unprocessed requests were found.
|12:06:48| [INFO] No unprocessed requests were found.
|12:06:48| [INFO] No unprocessed requests were found.
|12:06:49| [INFO] No unprocessed requests were found.
|12:06:49| [INFO] No unprocessed requests were found.
|12:06:49| [INFO] No unprocessed requests were found.
|12:06:49| [INFO] No unprocessed requests were found.
|12:06:49| [INFO] No unprocessed requests were found.
|12:06:50| [INFO] No unprocessed requests were found.
|12:06:50| [INFO] No unprocessed requests were found.
|12:06:50| [INFO] No unprocessed requests were found.
|12:06:50| [INFO] No unprocessed requests were found.
|12:06:51| [INFO] No unprocessed requests were found.
|12:06:51| [INFO] No unprocessed requests were found.
|12:06:52| [INFO] No unprocessed requests were found.
|12:06:52| [INFO] No unprocessed requests were found.
|12:06:52| [INFO] No unprocessed requests were found.
|12:06:52| [INFO] No unprocessed requests were found.
|12:06:52| [INFO] No unprocessed requests were found.
|12:06:53| [INFO] No unprocessed requests were found.
|12:06:53| [INFO] No unprocessed requests were found.
|12:06:53| [INFO] No unprocessed requests were found.
|12:06:53| [INFO] No unprocessed requests were found.
|12:06:54| [INFO] No unprocessed requests were found.
|12:06:54| [INFO] No unprocessed requests were found.
|12:06:54| [INFO] No unprocessed requests were found.
|12:06:54| [INFO] No unprocessed requests were found.
|12:06:54| [INFO] No unprocessed requests were found.
|12:06:54| [INFO] No unprocessed requests were found.
|12:06:55| [INFO] No unprocessed requests were found.
|12:06:55| [INFO] No unprocessed requests were found.
|12:06:55| [INFO] No unprocessed requests were found.
|12:06:55| [INFO] No unprocessed requests were found.
|12:06:55| [INFO] No unprocessed requests were found.
|12:06:56| [INFO] No unprocessed requests were found.
|12:06:56| [INFO] No unprocessed requests were found.
|12:06:56| [INFO] No unprocessed requests were found.
|12:06:56| [INFO] No unprocessed requests were found.
|12:06:56| [INFO] No unprocessed requests were found.
|12:06:56| [INFO] No unprocessed requests were found.
|12:06:56| [INFO] No unprocessed requests were found.
|12:06:56| [INFO] No unprocessed requests were found.
|12:06:56| [INFO] No unprocessed requests were found.
|12:06:56| [INFO] No unprocessed requests were found.
|12:06:56| [INFO] No unprocessed requests were found.
|12:06:56| [INFO] No unprocessed requests were found.
|12:06:56| [INFO] No unprocessed requests were found.
|12:06:56| [INFO] No unprocessed requests were found.
|12:06:56| [INFO] No unprocessed requests were found.
|12:06:56| [INFO] No unprocessed requests were found.
|12:06:56| [INFO] No unprocessed requests were found.
|12:06:57| [INFO] No unprocessed requests were found.
|12:06:57| [INFO] No unprocessed requests were found.
|12:06:57| [INFO] No unprocessed requests were found.
|12:06:57| [INFO] No unprocessed requests were found.
|12:06:57| [INFO] No unprocessed requests were found.
|12:06:58| [INFO] No unprocessed requests were found.
|12:06:58| [INFO] No unprocessed requests were found.
|12:06:58| [INFO] No unprocessed requests were found.
|12:06:58| [INFO] No unprocessed requests were found.
|12:06:59| [INFO] No unprocessed requests were found.
|12:06:59| [INFO] No unprocessed requests were found.
|12:06:59| [INFO] No unprocessed requests were found.
|12:06:59| [INFO] No unprocessed requests were found.
|12:06:59| [INFO] No unprocessed requests were found.
|12:07:00| [INFO] No unprocessed requests were found.
|12:07:00| [INFO] No unprocessed requests were found.
|12:07:00| [INFO] No unprocessed requests were found.
|12:07:01| [INFO] No unprocessed requests were found.
|12:07:01| [INFO] No unprocessed requests were found.
|12:07:01| [INFO] No unprocessed requests were found.
|12:07:01| [INFO] No unprocessed requests were found.
|12:07:01| [INFO] No unprocessed requests were found.
|12:07:02| [INFO] No unprocessed requests were found.
|12:07:02| [INFO] No unprocessed requests were found.
|12:07:02| [INFO] No unprocessed requests were found.
|12:07:02| [INFO] No unprocessed requests were found.
|12:07:02| [INFO] No unprocessed requests were found.
|12:07:02| [INFO] No unprocessed requests were found.
|12:07:03| [INFO] No unprocessed requests were found.
|12:07:03| [INFO] No unprocessed requests were found.
|12:07:03| [INFO] No unprocessed requests were found.
|12:07:03| [INFO] No unprocessed requests were found.
|12:07:03| [INFO] No unprocessed requests were found.
|12:07:03| [INFO] No unprocessed requests were found.
|12:07:04| [INFO] No unprocessed requests were found.
|12:07:04| [INFO] No unprocessed requests were found.
|12:07:04| [INFO] No unprocessed requests were found.
|12:07:04| [INFO] No unprocessed requests were found.
|12:07:04| [INFO] No unprocessed requests were found.
|12:07:04| [INFO] No unprocessed requests were found.
|12:07:05| [INFO] No unprocessed requests were found.
|12:07:05| [INFO] No unprocessed requests were found.
|12:07:05| [INFO] No unprocessed requests were found.
|12:07:05| [INFO] No unprocessed requests were found.
|12:07:05| [INFO] No unprocessed requests were found.
|12:07:05| [INFO] No unprocessed requests were found.
|12:07:06| [INFO] No unprocessed requests were found.
|12:07:06| [INFO] No unprocessed requests were found.
|12:07:06| [INFO] No unprocessed requests were found.
|12:07:06| [INFO] No unprocessed requests were found.
|12:07:06| [INFO] No unprocessed requests were found.
|12:07:06| [INFO] No unprocessed requests were found.
|12:07:07| [INFO] No unprocessed requests were found.
|12:07:07| [INFO] No unprocessed requests were found.
|12:07:07| [INFO] No unprocessed requests were found.
|12:07:07| [INFO] No unprocessed requests were found.
|12:07:07| [INFO] No unprocessed requests were found.
|12:07:07| [INFO] No unprocessed requests were found.
|12:07:08| [INFO] No unprocessed requests were found.
|12:07:08| [INFO] No unprocessed requests were found.
|12:07:08| [INFO] No unprocessed requests were found.
|12:07:08| [INFO] No unprocessed requests were found.
|12:07:08| [INFO] No unprocessed requests were found.
|12:07:08| [INFO] No unprocessed requests were found.
|12:07:09| [INFO] No unprocessed requests were found.
|12:07:09| [INFO] No unprocessed requests were found.
|12:07:09| [INFO] No unprocessed requests were found.
|12:07:10| [INFO] No unprocessed requests were found.
|12:07:10| [INFO] No unprocessed requests were found.
|12:07:10| [INFO] No unprocessed requests were found.
|12:07:10| [INFO] No unprocessed requests were found.
|12:07:11| [INFO] No unprocessed requests were found.
|12:07:11| [INFO] No unprocessed requests were found.
|12:07:11| [INFO] No unprocessed requests were found.
|12:07:11| [INFO] No unprocessed requests were found.
|12:07:11| [INFO] No unprocessed requests were found.
|12:07:12| [INFO] No unprocessed requests were found.
|12:07:12| [INFO] No unprocessed requests were found.
|12:07:12| [INFO] No unprocessed requests were found.
|12:07:12| [INFO] No unprocessed requests were found.
|12:07:13| [INFO] No unprocessed requests were found.
|12:07:13| [INFO] No unprocessed requests were found.
|12:07:13| [INFO] No unprocessed requests were found.
|12:07:13| [INFO] No unprocessed requests were found.
|12:07:13| [INFO] No unprocessed requests were found.
|12:07:14| [INFO] No unprocessed requests were found.
|12:07:14| [INFO] No unprocessed requests were found.
|12:07:14| [INFO] No unprocessed requests were found.
|12:07:14| [INFO] No unprocessed requests were found.
|12:07:15| [INFO] No unprocessed requests were found.
|12:07:15| [INFO] No unprocessed requests were found.
|12:07:15| [INFO] No unprocessed requests were found.
|12:07:15| [INFO] No unprocessed requests were found.
|12:07:16| [INFO] No unprocessed requests were found.
|12:07:16| [INFO] No unprocessed requests were found.
|12:07:16| [INFO] No unprocessed requests were found.
|12:07:17| [INFO] No unprocessed requests were found.
|12:07:17| [INFO] No unprocessed requests were found.
|12:07:17| [INFO] No unprocessed requests were found.
|12:07:17| [INFO] No unprocessed requests were found.
|12:07:18| [INFO] No unprocessed requests were found.
|12:07:18| [INFO] No unprocessed requests were found.
|12:07:18| [INFO] No unprocessed requests were found.
|12:07:18| [INFO] No unprocessed requests were found.
|12:07:19| [INFO] No unprocessed requests were found.
|12:07:19| [INFO] No unprocessed requests were found.
|12:07:19| [INFO] No unprocessed requests were found.
|12:07:19| [INFO] No unprocessed requests were found.
|12:07:19| [INFO] No unprocessed requests were found.
|12:07:19| [INFO] No unprocessed requests were found.
|12:07:20| [INFO] No unprocessed requests were found.
|12:07:20| [INFO] No unprocessed requests were found.
|12:07:20| [INFO] No unprocessed requests were found.
|12:07:20| [INFO] No unprocessed requests were found.
|12:07:20| [INFO] No unprocessed requests were found.
|12:07:20| [INFO] No unprocessed requests were found.
|12:07:20| [INFO] No unprocessed requests were found.
|12:07:20| [INFO] No unprocessed requests were found.
|12:07:20| [INFO] No unprocessed requests were found.
|12:07:20| [INFO] No unprocessed requests were found.
|12:07:20| [INFO] No unprocessed requests were found.
|12:07:20| [INFO] No unprocessed requests were found.
|12:07:20| [INFO] No unprocessed requests were found.
|12:07:20| [INFO] No unprocessed requests were found.
|12:07:20| [INFO] No unprocessed requests were found.
|12:07:20| [INFO] No unprocessed requests were found.
|12:07:20| [INFO] No unprocessed requests were found.
|12:07:20| [INFO] No unprocessed requests were found.
|12:07:20| [INFO] No unprocessed requests were found.
|12:07:20| [INFO] No unprocessed requests were found.
|12:07:20| [INFO] No unprocessed requests were found.
|12:07:21| [INFO] No unprocessed requests were found.
|12:07:21| [INFO] No unprocessed requests were found.
|12:07:21| [INFO] No unprocessed requests were found.
|12:07:21| [INFO] No unprocessed requests were found.
|12:07:21| [INFO] No unprocessed requests were found.
|12:07:21| [INFO] No unprocessed requests were found.
|12:07:21| [INFO] No unprocessed requests were found.
|12:07:21| [INFO] No unprocessed requests were found.
|12:07:21| [INFO] No unprocessed requests were found.
|12:07:21| [INFO] No unprocessed requests were found.
|12:07:21| [INFO] No unprocessed requests were found.
|12:07:21| [INFO] No unprocessed requests were found.
|12:07:21| [INFO] No unprocessed requests were found.
|12:07:21| [INFO] No unprocessed requests were found.
|12:07:21| [INFO] No unprocessed requests were found.
|12:07:21| [INFO] No unprocessed requests were found.
|12:07:21| [INFO] No unprocessed requests were found.
|12:07:21| [INFO] No unprocessed requests were found.
|12:07:21| [INFO] No unprocessed requests were found.
|12:07:21| [INFO] No unprocessed requests were found.
|12:07:21| [INFO] No unprocessed requests were found.
|12:07:21| [INFO] No unprocessed requests were found.
|12:07:21| [INFO] No unprocessed requests were found.
|12:07:21| [INFO] No unprocessed requests were found.
|12:07:21| [INFO] No unprocessed requests were found.
|12:07:21| [INFO] No unprocessed requests were found.
|12:07:21| [INFO] No unprocessed requests were found.
|12:07:22| [INFO] No unprocessed requests were found.
|12:07:22| [INFO] No unprocessed requests were found.
|12:07:22| [INFO] No unprocessed requests were found.
|12:07:22| [INFO] No unprocessed requests were found.
|12:07:22| [INFO] No unprocessed requests were found.
|12:07:23| [INFO] No unprocessed requests were found.
|12:07:23| [INFO] No unprocessed requests were found.
|12:07:23| [INFO] No unprocessed requests were found.
|12:07:23| [INFO] No unprocessed requests were found.
|12:07:24| [INFO] No unprocessed requests were found.
|12:07:24| [INFO] No unprocessed requests were found.
|12:07:24| [INFO] No unprocessed requests were found.
|12:07:25| [INFO] No unprocessed requests were found.
|12:07:25| [INFO] No unprocessed requests were found.
|12:07:25| [INFO] No unprocessed requests were found.
|12:07:25| [INFO] No unprocessed requests were found.
|12:07:26| [INFO] No unprocessed requests were found.
|12:07:26| [INFO] No unprocessed requests were found.
|12:07:26| [INFO] No unprocessed requests were found.
|12:07:27| [INFO] No unprocessed requests were found.
|12:07:27| [INFO] No unprocessed requests were found.
|12:07:27| [INFO] No unprocessed requests were found.
|12:07:27| [INFO] No unprocessed requests were found.
|12:07:27| [INFO] No unprocessed requests were found.
|12:07:27| [INFO] No unprocessed requests were found.
|12:07:28| [INFO] No unprocessed requests were found.
|12:07:28| [INFO] No unprocessed requests were found.
|12:07:28| [INFO] No unprocessed requests were found.
|12:07:28| [INFO] No unprocessed requests were found.
|12:07:28| [INFO] No unprocessed requests were found.
|12:07:29| [INFO] No unprocessed requests were found.
|12:07:29| [INFO] No unprocessed requests were found.
|12:07:29| [INFO] No unprocessed requests were found.
|12:07:29| [INFO] No unprocessed requests were found.
|12:07:29| [INFO] No unprocessed requests were found.
|12:07:29| [INFO] No unprocessed requests were found.
|12:07:29| [INFO] No unprocessed requests were found.
|12:07:29| [INFO] No unprocessed requests were found.
|12:07:29| [INFO] No unprocessed requests were found.
|12:07:29| [INFO] No unprocessed requests were found.
|12:07:29| [INFO] No unprocessed requests were found.
|12:07:29| [INFO] No unprocessed requests were found.
|12:07:29| [INFO] No unprocessed requests were found.
|12:07:29| [INFO] No unprocessed requests were found.
|12:07:29| [INFO] No unprocessed requests were found.
|12:07:29| [INFO] No unprocessed requests were found.
|12:07:29| [INFO] No unprocessed requests were found.
|12:07:29| [INFO] No unprocessed requests were found.
|12:07:29| [INFO] No unprocessed requests were found.
|12:07:29| [INFO] No unprocessed requests were found.
|12:07:29| [INFO] No unprocessed requests were found.
|12:07:29| [INFO] No unprocessed requests were found.
|12:07:29| [INFO] No unprocessed requests were found.
|12:07:29| [INFO] No unprocessed requests were found.
|12:07:29| [INFO] No unprocessed requests were found.
|12:07:29| [INFO] No unprocessed requests were found.
|12:07:29| [INFO] No unprocessed requests were found.
|12:07:29| [INFO] No unprocessed requests were found.
|12:07:29| [INFO] No unprocessed requests were found.
|12:07:30| [INFO] No unprocessed requests were found.
|12:07:30| [INFO] No unprocessed requests were found.
|12:07:30| [INFO] No unprocessed requests were found.
|12:07:30| [INFO] No unprocessed requests were found.
|12:07:30| [INFO] No unprocessed requests were found.
|12:07:31| [INFO] No unprocessed requests were found.
|12:07:31| [INFO] No unprocessed requests were found.
|12:07:31| [INFO] No unprocessed requests were found.
|12:07:32| [INFO] No unprocessed requests were found.
|12:07:32| [INFO] No unprocessed requests were found.
|12:07:32| [INFO] No unprocessed requests were found.
|12:07:32| [INFO] No unprocessed requests were found.
|12:07:32| [INFO] No unprocessed requests were found.
|12:07:32| [INFO] No unprocessed requests were found.
|12:07:33| [INFO] No unprocessed requests were found.
|12:07:33| [INFO] No unprocessed requests were found.
|12:07:34| [INFO] No unprocessed requests were found.
|12:07:34| [INFO] No unprocessed requests were found.
|12:07:34| [INFO] No unprocessed requests were found.
|12:07:35| [INFO] No unprocessed requests were found.
|12:07:35| [INFO] No unprocessed requests were found.
|12:07:35| [INFO] No unprocessed requests were found.
|12:07:35| [INFO] No unprocessed requests were found.
|12:07:35| [INFO] No unprocessed requests were found.
|12:07:36| [INFO] No unprocessed requests were found.
|12:07:36| [INFO] No unprocessed requests were found.
|12:07:36| [INFO] No unprocessed requests were found.
|12:07:36| [INFO] No unprocessed requests were found.
|12:07:37| [INFO] No unprocessed requests were found.
|12:07:37| [INFO] No unprocessed requests were found.
|12:07:37| [INFO] No unprocessed requests were found.
|12:07:37| [INFO] No unprocessed requests were found.
|12:07:38| [INFO] No unprocessed requests were found.
|12:07:38| [INFO] No unprocessed requests were found.
|12:07:38| [INFO] No unprocessed requests were found.
|12:07:38| [INFO] No unprocessed requests were found.
|12:07:39| [INFO] No unprocessed requests were found.
|12:07:39| [INFO] No unprocessed requests were found.
|12:07:40| [INFO] No unprocessed requests were found.
|12:07:40| [INFO] No unprocessed requests were found.
|12:07:41| [INFO] No unprocessed requests were found.
|12:07:41| [INFO] No unprocessed requests were found.
|12:07:41| [INFO] No unprocessed requests were found.
|12:07:41| [INFO] No unprocessed requests were found.
|12:07:42| [INFO] No unprocessed requests were found.
|12:07:42| [INFO] No unprocessed requests were found.
|12:07:42| [INFO] No unprocessed requests were found.
|12:07:43| [INFO] No unprocessed requests were found.
|12:07:43| [INFO] No unprocessed requests were found.
|12:07:43| [INFO] No unprocessed requests were found.
|12:07:43| [INFO] No unprocessed requests were found.
|12:07:44| [INFO] No unprocessed requests were found.
|12:07:44| [INFO] No unprocessed requests were found.
|12:07:44| [INFO] No unprocessed requests were found.
|12:07:44| [INFO] No unprocessed requests were found.
|12:07:44| [INFO] Found 1 request that has not yet been processed.
|12:07:46| [INFO] Time taken to respond: 187
|12:07:46| [INFO] No unprocessed requests were found.
|12:07:47| [INFO] No unprocessed requests were found.
|12:07:47| [INFO] No unprocessed requests were found.
|12:07:47| [INFO] No unprocessed requests were found.
|12:07:47| [INFO] No unprocessed requests were found.
|12:07:48| [INFO] No unprocessed requests were found.
|12:07:48| [INFO] No unprocessed requests were found.
|12:07:48| [INFO] No unprocessed requests were found.
|12:07:48| [INFO] No unprocessed requests were found.
|12:07:48| [INFO] No unprocessed requests were found.
|12:07:49| [INFO] No unprocessed requests were found.
|12:07:49| [INFO] No unprocessed requests were found.
|12:07:49| [INFO] No unprocessed requests were found.
|12:07:49| [INFO] No unprocessed requests were found.
|12:07:49| [INFO] No unprocessed requests were found.
|12:07:49| [INFO] No unprocessed requests were found.
|12:07:50| [INFO] No unprocessed requests were found.
|12:07:50| [INFO] No unprocessed requests were found.
|12:07:50| [INFO] No unprocessed requests were found.
|12:07:51| [INFO] No unprocessed requests were found.
|12:07:51| [INFO] No unprocessed requests were found.
|12:07:51| [INFO] No unprocessed requests were found.
|12:07:51| [INFO] No unprocessed requests were found.
|12:07:51| [INFO] No unprocessed requests were found.
|12:07:52| [INFO] No unprocessed requests were found.
|12:07:52| [INFO] No unprocessed requests were found.
|12:07:52| [INFO] No unprocessed requests were found.
|12:07:52| [INFO] No unprocessed requests were found.
|12:07:52| [INFO] No unprocessed requests were found.
|12:07:52| [INFO] No unprocessed requests were found.
|12:07:53| [INFO] No unprocessed requests were found.
|12:07:53| [INFO] No unprocessed requests were found.
|12:07:53| [INFO] No unprocessed requests were found.
|12:07:54| [INFO] No unprocessed requests were found.
|12:07:54| [INFO] No unprocessed requests were found.
|12:07:54| [INFO] No unprocessed requests were found.
|12:07:54| [INFO] No unprocessed requests were found.
|12:07:54| [INFO] No unprocessed requests were found.
|12:07:55| [INFO] No unprocessed requests were found.
|12:07:55| [INFO] No unprocessed requests were found.
|12:07:55| [INFO] Found 1 request that has not yet been processed.
|12:07:56| [INFO] No unprocessed requests were found.
|12:07:56| [INFO] No unprocessed requests were found.
|12:07:57| [INFO] No unprocessed requests were found.
|12:07:57| [INFO] No unprocessed requests were found.
|12:07:58| [INFO] No unprocessed requests were found.
|12:07:58| [INFO] No unprocessed requests were found.
|12:07:58| [INFO] No unprocessed requests were found.
|12:07:58| [INFO] No unprocessed requests were found.
|12:07:59| [INFO] No unprocessed requests were found.
|12:07:59| [INFO] No unprocessed requests were found.
|12:07:59| [INFO] No unprocessed requests were found.
|12:07:59| [INFO] No unprocessed requests were found.
|12:07:59| [INFO] No unprocessed requests were found.
|12:07:59| [INFO] No unprocessed requests were found.
|12:08:00| [INFO] No unprocessed requests were found.
|12:08:00| [INFO] No unprocessed requests were found.
|12:08:00| [INFO] No unprocessed requests were found.
|12:08:00| [INFO] No unprocessed requests were found.
|12:08:01| [INFO] No unprocessed requests were found.
|12:08:01| [INFO] No unprocessed requests were found.
|12:08:01| [INFO] No unprocessed requests were found.
|12:08:01| [INFO] No unprocessed requests were found.
|12:08:01| [INFO] No unprocessed requests were found.
|12:08:01| [INFO] No unprocessed requests were found.
|12:08:01| [INFO] No unprocessed requests were found.
|12:08:01| [INFO] No unprocessed requests were found.
|12:08:01| [INFO] No unprocessed requests were found.
|12:08:01| [INFO] No unprocessed requests were found.
|12:08:02| [INFO] No unprocessed requests were found.
|12:08:02| [INFO] No unprocessed requests were found.
|12:08:02| [INFO] No unprocessed requests were found.
|12:08:02| [INFO] No unprocessed requests were found.
|12:08:02| [INFO] No unprocessed requests were found.
|12:08:02| [INFO] No unprocessed requests were found.
|12:08:02| [INFO] No unprocessed requests were found.
|12:08:02| [INFO] No unprocessed requests were found.
|12:08:02| [INFO] No unprocessed requests were found.
|12:08:02| [INFO] No unprocessed requests were found.
|12:08:02| [INFO] No unprocessed requests were found.
|12:08:02| [INFO] No unprocessed requests were found.
|12:08:02| [INFO] No unprocessed requests were found.
|12:08:02| [INFO] No unprocessed requests were found.
|12:08:03| [INFO] No unprocessed requests were found.
|12:08:03| [INFO] No unprocessed requests were found.
|12:08:03| [INFO] No unprocessed requests were found.
|12:08:03| [INFO] No unprocessed requests were found.
|12:08:03| [INFO] No unprocessed requests were found.
|12:08:03| [INFO] No unprocessed requests were found.
|12:08:04| [INFO] No unprocessed requests were found.
|12:08:04| [INFO] No unprocessed requests were found.
|12:08:04| [INFO] No unprocessed requests were found.
|12:08:05| [INFO] No unprocessed requests were found.
|12:08:05| [INFO] No unprocessed requests were found.
|12:08:05| [INFO] No unprocessed requests were found.
|12:08:05| [INFO] No unprocessed requests were found.
|12:08:05| [INFO] No unprocessed requests were found.
|12:08:06| [INFO] No unprocessed requests were found.
|12:08:06| [INFO] No unprocessed requests were found.
|12:08:06| [INFO] No unprocessed requests were found.
|12:08:06| [INFO] No unprocessed requests were found.
|12:08:07| [INFO] No unprocessed requests were found.
|12:08:07| [INFO] No unprocessed requests were found.
|12:08:07| [INFO] No unprocessed requests were found.
|12:08:07| [INFO] No unprocessed requests were found.
|12:08:07| [INFO] No unprocessed requests were found.
|12:08:08| [INFO] No unprocessed requests were found.
|12:08:08| [INFO] No unprocessed requests were found.
|12:08:08| [INFO] No unprocessed requests were found.
|12:08:08| [INFO] No unprocessed requests were found.
|12:08:09| [INFO] No unprocessed requests were found.
|12:08:09| [INFO] No unprocessed requests were found.
|12:08:09| [INFO] No unprocessed requests were found.
|12:08:09| [INFO] No unprocessed requests were found.
|12:08:09| [INFO] No unprocessed requests were found.
|12:08:09| [INFO] No unprocessed requests were found.
|12:08:09| [INFO] No unprocessed requests were found.
|12:08:09| [INFO] No unprocessed requests were found.
|12:08:09| [INFO] No unprocessed requests were found.
|12:08:09| [INFO] No unprocessed requests were found.
|12:08:09| [INFO] No unprocessed requests were found.
|12:08:09| [INFO] No unprocessed requests were found.
|12:08:09| [INFO] No unprocessed requests were found.
|12:08:09| [INFO] No unprocessed requests were found.
|12:08:09| [INFO] No unprocessed requests were found.
|12:08:09| [INFO] No unprocessed requests were found.
|12:08:09| [INFO] No unprocessed requests were found.
|12:08:09| [INFO] No unprocessed requests were found.
|12:08:09| [INFO] No unprocessed requests were found.
|12:08:09| [INFO] No unprocessed requests were found.
|12:08:09| [INFO] No unprocessed requests were found.
|12:08:09| [INFO] No unprocessed requests were found.
|12:08:09| [INFO] No unprocessed requests were found.
|12:08:09| [INFO] No unprocessed requests were found.
|12:08:09| [INFO] No unprocessed requests were found.
|12:08:10| [INFO] No unprocessed requests were found.
|12:08:10| [INFO] No unprocessed requests were found.
|12:08:10| [INFO] No unprocessed requests were found.
|12:08:10| [INFO] No unprocessed requests were found.
|12:08:10| [INFO] No unprocessed requests were found.
|12:08:10| [INFO] No unprocessed requests were found.
|12:08:10| [INFO] No unprocessed requests were found.
|12:08:10| [INFO] No unprocessed requests were found.
|12:08:10| [INFO] No unprocessed requests were found.
|12:08:10| [INFO] No unprocessed requests were found.
|12:08:10| [INFO] No unprocessed requests were found.
|12:08:10| [INFO] No unprocessed requests were found.
|12:08:11| [INFO] No unprocessed requests were found.
|12:08:11| [INFO] No unprocessed requests were found.
|12:08:11| [INFO] No unprocessed requests were found.
|12:08:11| [INFO] No unprocessed requests were found.
|12:08:11| [INFO] No unprocessed requests were found.
|12:08:11| [INFO] No unprocessed requests were found.
|12:08:12| [INFO] No unprocessed requests were found.
|12:08:12| [INFO] No unprocessed requests were found.
|12:08:12| [INFO] No unprocessed requests were found.
|12:08:12| [INFO] No unprocessed requests were found.
|12:08:13| [INFO] No unprocessed requests were found.
|12:08:13| [INFO] No unprocessed requests were found.
|12:08:13| [INFO] No unprocessed requests were found.
|12:08:13| [INFO] No unprocessed requests were found.
|12:08:13| [INFO] No unprocessed requests were found.
|12:08:14| [INFO] No unprocessed requests were found.
|12:08:14| [INFO] No unprocessed requests were found.
|12:08:14| [INFO] No unprocessed requests were found.
|12:08:14| [INFO] No unprocessed requests were found.
|12:08:15| [INFO] No unprocessed requests were found.
|12:08:15| [INFO] No unprocessed requests were found.
|12:08:15| [INFO] No unprocessed requests were found.
|12:08:15| [INFO] No unprocessed requests were found.
|12:08:15| [INFO] No unprocessed requests were found.
|12:08:15| [INFO] No unprocessed requests were found.
|12:08:16| [INFO] No unprocessed requests were found.
|12:08:16| [INFO] No unprocessed requests were found.
|12:08:16| [INFO] No unprocessed requests were found.
|12:08:16| [INFO] No unprocessed requests were found.
|12:08:16| [INFO] No unprocessed requests were found.
|12:08:17| [INFO] No unprocessed requests were found.
|12:08:17| [INFO] No unprocessed requests were found.
|12:08:17| [INFO] No unprocessed requests were found.
|12:08:17| [INFO] No unprocessed requests were found.
|12:08:17| [INFO] No unprocessed requests were found.
|12:08:17| [INFO] No unprocessed requests were found.
|12:08:18| [INFO] No unprocessed requests were found.
|12:08:18| [INFO] No unprocessed requests were found.
|12:08:18| [INFO] No unprocessed requests were found.
|12:08:19| [INFO] No unprocessed requests were found.
|12:08:19| [INFO] No unprocessed requests were found.
|12:08:19| [INFO] No unprocessed requests were found.
|12:08:19| [INFO] No unprocessed requests were found.
|12:08:19| [INFO] No unprocessed requests were found.
|12:08:20| [INFO] No unprocessed requests were found.
|12:08:20| [INFO] No unprocessed requests were found.
|12:08:20| [INFO] No unprocessed requests were found.
|12:08:20| [INFO] No unprocessed requests were found.
|12:08:21| [INFO] No unprocessed requests were found.
|12:08:21| [INFO] No unprocessed requests were found.
|12:08:21| [INFO] No unprocessed requests were found.
|12:08:21| [INFO] No unprocessed requests were found.
|12:08:22| [INFO] No unprocessed requests were found.
|12:08:22| [INFO] No unprocessed requests were found.
|12:08:22| [INFO] No unprocessed requests were found.
|12:08:23| [INFO] No unprocessed requests were found.
|12:08:23| [INFO] No unprocessed requests were found.
|12:08:23| [INFO] No unprocessed requests were found.
|12:08:23| [INFO] No unprocessed requests were found.
|12:08:23| [INFO] No unprocessed requests were found.
|12:08:23| [INFO] No unprocessed requests were found.
|12:08:23| [INFO] No unprocessed requests were found.
|12:08:23| [INFO] No unprocessed requests were found.
|12:08:24| [INFO] No unprocessed requests were found.
|12:08:24| [INFO] No unprocessed requests were found.
|12:08:24| [INFO] No unprocessed requests were found.
|12:08:24| [INFO] No unprocessed requests were found.
|12:08:24| [INFO] No unprocessed requests were found.
|12:08:24| [INFO] No unprocessed requests were found.
|12:08:25| [INFO] No unprocessed requests were found.
|12:08:25| [INFO] No unprocessed requests were found.
|12:08:26| [INFO] No unprocessed requests were found.
|12:08:26| [INFO] No unprocessed requests were found.
|12:08:26| [INFO] No unprocessed requests were found.
|12:08:26| [INFO] No unprocessed requests were found.
|12:08:28| [INFO] No unprocessed requests were found.
|12:08:28| [INFO] No unprocessed requests were found.
|12:08:28| [INFO] No unprocessed requests were found.
|12:08:28| [INFO] No unprocessed requests were found.
|12:08:29| [INFO] No unprocessed requests were found.
|12:08:29| [INFO] No unprocessed requests were found.
|12:08:29| [INFO] No unprocessed requests were found.
|12:08:29| [INFO] No unprocessed requests were found.
|12:08:30| [INFO] No unprocessed requests were found.
|12:08:30| [INFO] No unprocessed requests were found.
|12:08:30| [INFO] No unprocessed requests were found.
|12:08:30| [INFO] No unprocessed requests were found.
|12:08:30| [INFO] No unprocessed requests were found.
|12:08:30| [INFO] No unprocessed requests were found.
|12:08:31| [INFO] No unprocessed requests were found.
|12:08:31| [INFO] No unprocessed requests were found.
|12:08:31| [INFO] No unprocessed requests were found.
|12:08:32| [INFO] No unprocessed requests were found.
|12:08:32| [INFO] No unprocessed requests were found.
|12:08:32| [INFO] No unprocessed requests were found.
|12:08:32| [INFO] No unprocessed requests were found.
|12:08:32| [INFO] No unprocessed requests were found.
|12:08:32| [INFO] No unprocessed requests were found.
|12:08:33| [INFO] No unprocessed requests were found.
|12:08:33| [INFO] No unprocessed requests were found.
|12:08:33| [INFO] No unprocessed requests were found.
|12:08:33| [INFO] No unprocessed requests were found.
|12:08:33| [INFO] No unprocessed requests were found.
|12:08:33| [INFO] No unprocessed requests were found.
|12:08:33| [INFO] No unprocessed requests were found.
|12:08:33| [INFO] No unprocessed requests were found.
|12:08:33| [INFO] No unprocessed requests were found.
|12:08:33| [INFO] No unprocessed requests were found.
|12:08:33| [INFO] No unprocessed requests were found.
|12:08:33| [INFO] No unprocessed requests were found.
|12:08:33| [INFO] No unprocessed requests were found.
|12:08:34| [INFO] No unprocessed requests were found.
|12:08:34| [INFO] No unprocessed requests were found.
|12:08:35| [INFO] No unprocessed requests were found.
|12:08:35| [INFO] No unprocessed requests were found.
|12:08:35| [INFO] No unprocessed requests were found.
|12:08:35| [INFO] No unprocessed requests were found.
|12:08:35| [INFO] No unprocessed requests were found.
|12:08:36| [INFO] No unprocessed requests were found.
|12:08:36| [INFO] No unprocessed requests were found.
|12:08:36| [INFO] No unprocessed requests were found.
|12:08:36| [INFO] No unprocessed requests were found.
|12:08:37| [INFO] No unprocessed requests were found.
|12:08:37| [INFO] No unprocessed requests were found.
|12:08:38| [INFO] No unprocessed requests were found.
|12:08:38| [INFO] No unprocessed requests were found.
|12:08:39| [INFO] No unprocessed requests were found.
|12:08:39| [INFO] No unprocessed requests were found.
|12:08:39| [INFO] No unprocessed requests were found.
|12:08:39| [INFO] No unprocessed requests were found.
|12:08:39| [INFO] No unprocessed requests were found.
|12:08:40| [INFO] No unprocessed requests were found.
|12:08:40| [INFO] No unprocessed requests were found.
|12:08:41| [INFO] No unprocessed requests were found.
|12:08:42| [INFO] No unprocessed requests were found.
|12:08:42| [INFO] No unprocessed requests were found.
|12:08:42| [INFO] No unprocessed requests were found.
|12:08:43| [INFO] No unprocessed requests were found.
|12:08:43| [INFO] No unprocessed requests were found.
|12:08:43| [INFO] No unprocessed requests were found.
|12:08:43| [INFO] No unprocessed requests were found.
|12:08:44| [INFO] No unprocessed requests were found.
|12:08:44| [INFO] No unprocessed requests were found.
|12:08:44| [INFO] No unprocessed requests were found.
|12:08:44| [INFO] No unprocessed requests were found.
|12:08:44| [INFO] No unprocessed requests were found.
|12:08:44| [INFO] No unprocessed requests were found.
|12:08:44| [INFO] No unprocessed requests were found.
|12:08:45| [INFO] No unprocessed requests were found.
|12:08:45| [INFO] No unprocessed requests were found.
|12:08:45| [INFO] No unprocessed requests were found.
|12:08:46| [INFO] No unprocessed requests were found.
|12:08:46| [INFO] No unprocessed requests were found.
|12:08:46| [INFO] No unprocessed requests were found.
|12:08:46| [INFO] No unprocessed requests were found.
|12:08:46| [INFO] No unprocessed requests were found.
|12:08:46| [INFO] No unprocessed requests were found.
|12:08:47| [INFO] No unprocessed requests were found.
|12:08:47| [INFO] No unprocessed requests were found.
|12:08:47| [INFO] No unprocessed requests were found.
|12:08:48| [INFO] No unprocessed requests were found.
|12:08:48| [INFO] No unprocessed requests were found.
|12:08:48| [INFO] No unprocessed requests were found.
|12:08:48| [INFO] No unprocessed requests were found.
|12:08:49| [INFO] No unprocessed requests were found.
|12:08:49| [INFO] No unprocessed requests were found.
|12:08:49| [INFO] No unprocessed requests were found.
|12:08:49| [INFO] No unprocessed requests were found.
|12:08:50| [INFO] No unprocessed requests were found.
|12:08:50| [INFO] No unprocessed requests were found.
|12:08:50| [INFO] No unprocessed requests were found.
|12:08:50| [INFO] No unprocessed requests were found.
|12:08:50| [INFO] No unprocessed requests were found.
|12:08:50| [INFO] No unprocessed requests were found.
|12:08:51| [INFO] No unprocessed requests were found.
|12:08:51| [INFO] No unprocessed requests were found.
|12:08:51| [INFO] No unprocessed requests were found.
|12:08:51| [INFO] No unprocessed requests were found.
|12:08:52| [INFO] No unprocessed requests were found.
|12:08:52| [INFO] No unprocessed requests were found.
|12:08:52| [INFO] No unprocessed requests were found.
|12:08:52| [INFO] No unprocessed requests were found.
|12:08:52| [INFO] No unprocessed requests were found.
|12:08:52| [INFO] No unprocessed requests were found.
|12:08:52| [INFO] No unprocessed requests were found.
|12:08:53| [INFO] No unprocessed requests were found.
|12:08:53| [INFO] No unprocessed requests were found.
|12:08:53| [INFO] No unprocessed requests were found.
|12:08:53| [INFO] No unprocessed requests were found.
|12:08:54| [INFO] No unprocessed requests were found.
|12:08:54| [INFO] No unprocessed requests were found.
|12:08:54| [INFO] No unprocessed requests were found.
|12:08:54| [INFO] No unprocessed requests were found.
|12:08:54| [INFO] No unprocessed requests were found.
|12:08:54| [INFO] No unprocessed requests were found.
|12:08:55| [INFO] No unprocessed requests were found.
|12:08:55| [INFO] No unprocessed requests were found.
|12:08:55| [INFO] No unprocessed requests were found.
|12:08:55| [INFO] No unprocessed requests were found.
|12:08:56| [INFO] No unprocessed requests were found.
|12:08:57| [INFO] No unprocessed requests were found.
|12:08:57| [INFO] No unprocessed requests were found.
|12:08:57| [INFO] No unprocessed requests were found.
|12:08:57| [INFO] No unprocessed requests were found.
|12:08:57| [INFO] No unprocessed requests were found.
|12:08:58| [INFO] No unprocessed requests were found.
|12:08:58| [INFO] No unprocessed requests were found.
|12:08:58| [INFO] No unprocessed requests were found.
|12:08:58| [INFO] No unprocessed requests were found.
|12:08:59| [INFO] No unprocessed requests were found.
|12:08:59| [INFO] No unprocessed requests were found.
|12:08:59| [INFO] No unprocessed requests were found.
|12:08:59| [INFO] No unprocessed requests were found.
|12:08:59| [INFO] No unprocessed requests were found.
|12:09:00| [INFO] No unprocessed requests were found.
|12:09:00| [INFO] No unprocessed requests were found.
|12:09:00| [INFO] No unprocessed requests were found.
|12:09:01| [INFO] No unprocessed requests were found.
|12:09:02| [INFO] No unprocessed requests were found.
|12:09:02| [INFO] No unprocessed requests were found.
|12:09:03| [INFO] No unprocessed requests were found.
|12:09:03| [INFO] No unprocessed requests were found.
|12:09:04| [INFO] No unprocessed requests were found.
|12:09:04| [INFO] No unprocessed requests were found.
|12:09:05| [INFO] No unprocessed requests were found.
|12:09:05| [INFO] No unprocessed requests were found.
|12:09:05| [INFO] No unprocessed requests were found.
|12:09:05| [INFO] No unprocessed requests were found.
|12:09:05| [INFO] No unprocessed requests were found.
|12:09:06| [INFO] No unprocessed requests were found.
|12:09:06| [INFO] No unprocessed requests were found.
|12:09:06| [INFO] No unprocessed requests were found.
|12:09:06| [INFO] No unprocessed requests were found.
|12:09:06| [INFO] No unprocessed requests were found.
|12:09:07| [INFO] No unprocessed requests were found.
|12:09:07| [INFO] Found 1 request that has not yet been processed.
|12:09:08| [INFO] Time taken to respond: 187
|12:09:08| [INFO] No unprocessed requests were found.
|12:09:09| [INFO] No unprocessed requests were found.
|12:09:10| [INFO] No unprocessed requests were found.
|12:09:10| [INFO] No unprocessed requests were found.
|12:09:10| [INFO] No unprocessed requests were found.
|12:09:11| [INFO] No unprocessed requests were found.
|12:09:11| [INFO] No unprocessed requests were found.
|12:09:11| [INFO] No unprocessed requests were found.
|12:09:11| [INFO] No unprocessed requests were found.
|12:09:11| [INFO] No unprocessed requests were found.
|12:09:11| [INFO] No unprocessed requests were found.
|12:09:12| [INFO] No unprocessed requests were found.
|12:09:12| [INFO] No unprocessed requests were found.
|12:09:12| [INFO] No unprocessed requests were found.
|12:09:12| [INFO] No unprocessed requests were found.
|12:09:12| [INFO] No unprocessed requests were found.
|12:09:12| [INFO] No unprocessed requests were found.
|12:09:13| [INFO] No unprocessed requests were found.
|12:09:13| [INFO] No unprocessed requests were found.
|12:09:13| [INFO] No unprocessed requests were found.
|12:09:13| [INFO] No unprocessed requests were found.
|12:09:14| [INFO] No unprocessed requests were found.
|12:09:14| [INFO] No unprocessed requests were found.
|12:09:14| [INFO] No unprocessed requests were found.
|12:09:14| [INFO] No unprocessed requests were found.
|12:09:14| [INFO] No unprocessed requests were found.
|12:09:14| [INFO] No unprocessed requests were found.
|12:09:14| [INFO] No unprocessed requests were found.
|12:09:14| [INFO] No unprocessed requests were found.
|12:09:14| [INFO] No unprocessed requests were found.
|12:09:14| [INFO] No unprocessed requests were found.
|12:09:14| [INFO] No unprocessed requests were found.
|12:09:14| [INFO] No unprocessed requests were found.
|12:09:14| [INFO] No unprocessed requests were found.
|12:09:14| [INFO] No unprocessed requests were found.
|12:09:14| [INFO] No unprocessed requests were found.
|12:09:14| [INFO] No unprocessed requests were found.
|12:09:14| [INFO] No unprocessed requests were found.
|12:09:14| [INFO] No unprocessed requests were found.
|12:09:14| [INFO] No unprocessed requests were found.
|12:09:14| [INFO] No unprocessed requests were found.
|12:09:14| [INFO] No unprocessed requests were found.
|12:09:14| [INFO] No unprocessed requests were found.
|12:09:14| [INFO] No unprocessed requests were found.
|12:09:14| [INFO] No unprocessed requests were found.
|12:09:14| [INFO] No unprocessed requests were found.
|12:09:14| [INFO] No unprocessed requests were found.
|12:09:14| [INFO] No unprocessed requests were found.
|12:09:14| [INFO] No unprocessed requests were found.
|12:09:14| [INFO] No unprocessed requests were found.
|12:09:14| [INFO] No unprocessed requests were found.
|12:09:14| [INFO] No unprocessed requests were found.
|12:09:15| [INFO] No unprocessed requests were found.
|12:09:15| [INFO] No unprocessed requests were found.
|12:09:15| [INFO] No unprocessed requests were found.
|12:09:15| [INFO] No unprocessed requests were found.
|12:09:15| [INFO] No unprocessed requests were found.
|12:09:16| [INFO] No unprocessed requests were found.
|12:09:16| [INFO] No unprocessed requests were found.
|12:09:16| [INFO] No unprocessed requests were found.
|12:09:16| [INFO] No unprocessed requests were found.
|12:09:17| [INFO] Found 1 request that has not yet been processed.
|12:09:18| [INFO] No unprocessed requests were found.
|12:09:18| [INFO] No unprocessed requests were found.
|12:09:19| [INFO] No unprocessed requests were found.
|12:09:19| [INFO] No unprocessed requests were found.
|12:09:19| [INFO] No unprocessed requests were found.
|12:09:19| [INFO] No unprocessed requests were found.
|12:09:20| [INFO] No unprocessed requests were found.
|12:09:20| [INFO] No unprocessed requests were found.
|12:09:21| [INFO] No unprocessed requests were found.
|12:09:21| [INFO] No unprocessed requests were found.
|12:09:21| [INFO] No unprocessed requests were found.
|12:09:21| [INFO] No unprocessed requests were found.
|12:09:21| [INFO] No unprocessed requests were found.
|12:09:21| [INFO] No unprocessed requests were found.
|12:09:22| [INFO] No unprocessed requests were found.
|12:09:22| [INFO] No unprocessed requests were found.
|12:09:22| [INFO] No unprocessed requests were found.
|12:09:22| [INFO] No unprocessed requests were found.
|12:09:23| [INFO] No unprocessed requests were found.
|12:09:23| [INFO] No unprocessed requests were found.
|12:09:23| [INFO] No unprocessed requests were found.
|12:09:23| [INFO] No unprocessed requests were found.
|12:09:23| [INFO] No unprocessed requests were found.
|12:09:23| [INFO] No unprocessed requests were found.
|12:09:23| [INFO] No unprocessed requests were found.
|12:09:23| [INFO] No unprocessed requests were found.
|12:09:23| [INFO] No unprocessed requests were found.
|12:09:23| [INFO] No unprocessed requests were found.
|12:09:23| [INFO] No unprocessed requests were found.
|12:09:23| [INFO] No unprocessed requests were found.
|12:09:23| [INFO] No unprocessed requests were found.
|12:09:23| [INFO] No unprocessed requests were found.
|12:09:24| [INFO] No unprocessed requests were found.
|12:09:24| [INFO] No unprocessed requests were found.
|12:09:24| [INFO] No unprocessed requests were found.
|12:09:24| [INFO] No unprocessed requests were found.
|12:09:24| [INFO] No unprocessed requests were found.
|12:09:24| [INFO] No unprocessed requests were found.
|12:09:24| [INFO] No unprocessed requests were found.
|12:09:24| [INFO] No unprocessed requests were found.
|12:09:24| [INFO] No unprocessed requests were found.
|12:09:25| [INFO] No unprocessed requests were found.
|12:09:25| [INFO] No unprocessed requests were found.
|12:09:25| [INFO] No unprocessed requests were found.
|12:09:25| [INFO] No unprocessed requests were found.
|12:09:26| [INFO] No unprocessed requests were found.
|12:09:26| [INFO] No unprocessed requests were found.
|12:09:26| [INFO] No unprocessed requests were found.
|12:09:26| [INFO] No unprocessed requests were found.
|12:09:27| [INFO] No unprocessed requests were found.
|12:09:27| [INFO] No unprocessed requests were found.
|12:09:27| [INFO] No unprocessed requests were found.
|12:09:28| [INFO] No unprocessed requests were found.
|12:09:28| [INFO] No unprocessed requests were found.
|12:09:28| [INFO] No unprocessed requests were found.
|12:09:28| [INFO] No unprocessed requests were found.
|12:09:28| [INFO] No unprocessed requests were found.
|12:09:29| [INFO] No unprocessed requests were found.
|12:09:29| [INFO] Found 1 request that has not yet been processed.
|12:09:30| [INFO] No unprocessed requests were found.
|12:09:31| [INFO] No unprocessed requests were found.
|12:09:31| [INFO] No unprocessed requests were found.
|12:09:31| [INFO] No unprocessed requests were found.
|12:09:31| [INFO] No unprocessed requests were found.
|12:09:31| [INFO] No unprocessed requests were found.
|12:09:31| [INFO] No unprocessed requests were found.
|12:09:31| [INFO] No unprocessed requests were found.
|12:09:32| [INFO] No unprocessed requests were found.
|12:09:32| [INFO] No unprocessed requests were found.
|12:09:32| [INFO] No unprocessed requests were found.
|12:09:32| [INFO] No unprocessed requests were found.
|12:09:33| [INFO] No unprocessed requests were found.
|12:09:33| [INFO] No unprocessed requests were found.
|12:09:33| [INFO] No unprocessed requests were found.
|12:09:33| [INFO] No unprocessed requests were found.
|12:09:33| [INFO] No unprocessed requests were found.
|12:09:33| [INFO] No unprocessed requests were found.
|12:09:33| [INFO] No unprocessed requests were found.
|12:09:34| [INFO] No unprocessed requests were found.
|12:09:34| [INFO] No unprocessed requests were found.
|12:09:34| [INFO] No unprocessed requests were found.
|12:09:34| [INFO] No unprocessed requests were found.
|12:09:35| [INFO] No unprocessed requests were found.
|12:09:35| [INFO] Found 1 request that has not yet been processed.
|12:09:36| [INFO] Time taken to respond: 203
|12:09:36| [INFO] No unprocessed requests were found.
|12:09:38| [INFO] No unprocessed requests were found.
|12:09:38| [INFO] No unprocessed requests were found.
|12:09:38| [INFO] No unprocessed requests were found.
|12:09:38| [INFO] No unprocessed requests were found.
|12:09:38| [INFO] No unprocessed requests were found.
|12:09:38| [INFO] No unprocessed requests were found.
|12:09:38| [INFO] No unprocessed requests were found.
|12:09:38| [INFO] No unprocessed requests were found.
|12:09:38| [INFO] No unprocessed requests were found.
|12:09:39| [INFO] No unprocessed requests were found.
|12:09:39| [INFO] No unprocessed requests were found.
|12:09:39| [INFO] No unprocessed requests were found.
|12:09:40| [INFO] No unprocessed requests were found.
|12:09:40| [INFO] No unprocessed requests were found.
|12:09:40| [INFO] No unprocessed requests were found.
|12:09:41| [INFO] No unprocessed requests were found.
|12:09:41| [INFO] No unprocessed requests were found.
|12:09:41| [INFO] No unprocessed requests were found.
|12:09:41| [INFO] No unprocessed requests were found.
|12:09:41| [INFO] No unprocessed requests were found.
|12:09:41| [INFO] No unprocessed requests were found.
|12:09:42| [INFO] No unprocessed requests were found.
|12:09:42| [INFO] No unprocessed requests were found.
|12:09:42| [INFO] No unprocessed requests were found.
|12:09:42| [INFO] No unprocessed requests were found.
|12:09:42| [INFO] No unprocessed requests were found.
|12:09:43| [INFO] No unprocessed requests were found.
|12:09:43| [INFO] No unprocessed requests were found.
|12:09:43| [INFO] No unprocessed requests were found.
|12:09:43| [INFO] No unprocessed requests were found.
|12:09:43| [INFO] No unprocessed requests were found.
|12:09:43| [INFO] No unprocessed requests were found.
|12:09:43| [INFO] No unprocessed requests were found.
|12:09:44| [INFO] No unprocessed requests were found.
|12:09:44| [INFO] No unprocessed requests were found.
|12:09:45| [INFO] No unprocessed requests were found.
|12:09:45| [INFO] No unprocessed requests were found.
|12:09:45| [INFO] No unprocessed requests were found.
|12:09:45| [INFO] No unprocessed requests were found.
|12:09:45| [INFO] No unprocessed requests were found.
|12:09:45| [INFO] No unprocessed requests were found.
|12:09:46| [INFO] No unprocessed requests were found.
|12:09:46| [INFO] No unprocessed requests were found.
|12:09:46| [INFO] No unprocessed requests were found.
|12:09:47| [INFO] No unprocessed requests were found.
|12:09:47| [INFO] Found 1 request that has not yet been processed.
|12:09:48| [INFO] No unprocessed requests were found.
|12:09:48| [INFO] No unprocessed requests were found.
|12:09:49| [INFO] No unprocessed requests were found.
|12:09:49| [INFO] No unprocessed requests were found.
|12:09:49| [INFO] No unprocessed requests were found.
|12:09:49| [INFO] No unprocessed requests were found.
|12:09:50| [INFO] No unprocessed requests were found.
|12:09:50| [INFO] No unprocessed requests were found.
|12:09:50| [INFO] No unprocessed requests were found.
|12:09:50| [INFO] No unprocessed requests were found.
|12:09:50| [INFO] No unprocessed requests were found.
|12:09:50| [INFO] No unprocessed requests were found.
|12:09:51| [INFO] No unprocessed requests were found.
|12:09:51| [INFO] No unprocessed requests were found.
|12:09:51| [INFO] No unprocessed requests were found.
|12:09:52| [INFO] No unprocessed requests were found.
|12:09:52| [INFO] No unprocessed requests were found.
|12:09:52| [INFO] No unprocessed requests were found.
|12:09:52| [INFO] No unprocessed requests were found.
|12:09:52| [INFO] No unprocessed requests were found.
|12:09:52| [INFO] No unprocessed requests were found.
|12:09:52| [INFO] No unprocessed requests were found.
|12:09:52| [INFO] No unprocessed requests were found.
|12:09:52| [INFO] No unprocessed requests were found.
|12:09:52| [INFO] No unprocessed requests were found.
|12:09:52| [INFO] No unprocessed requests were found.
|12:09:52| [INFO] No unprocessed requests were found.
|12:09:52| [INFO] No unprocessed requests were found.
|12:09:52| [INFO] No unprocessed requests were found.
|12:09:52| [INFO] No unprocessed requests were found.
|12:09:52| [INFO] No unprocessed requests were found.
|12:09:52| [INFO] No unprocessed requests were found.
|12:09:52| [INFO] No unprocessed requests were found.
|12:09:52| [INFO] No unprocessed requests were found.
|12:09:52| [INFO] No unprocessed requests were found.
|12:09:52| [INFO] No unprocessed requests were found.
|12:09:52| [INFO] No unprocessed requests were found.
|12:09:52| [INFO] No unprocessed requests were found.
|12:09:52| [INFO] No unprocessed requests were found.
|12:09:52| [INFO] No unprocessed requests were found.
|12:09:52| [INFO] No unprocessed requests were found.
|12:09:52| [INFO] No unprocessed requests were found.
|12:09:52| [INFO] No unprocessed requests were found.
|12:09:52| [INFO] No unprocessed requests were found.
|12:09:52| [INFO] No unprocessed requests were found.
|12:09:52| [INFO] No unprocessed requests were found.
|12:09:53| [INFO] No unprocessed requests were found.
|12:09:53| [INFO] No unprocessed requests were found.
|12:09:53| [INFO] No unprocessed requests were found.
|12:09:53| [INFO] No unprocessed requests were found.
|12:09:53| [INFO] No unprocessed requests were found.
|12:09:53| [INFO] No unprocessed requests were found.
|12:09:53| [INFO] No unprocessed requests were found.
|12:09:54| [INFO] No unprocessed requests were found.
|12:09:54| [INFO] No unprocessed requests were found.
|12:09:54| [INFO] No unprocessed requests were found.
|12:09:55| [INFO] No unprocessed requests were found.
|12:09:55| [INFO] No unprocessed requests were found.
|12:09:55| [INFO] No unprocessed requests were found.
|12:09:55| [INFO] No unprocessed requests were found.
|12:09:55| [INFO] No unprocessed requests were found.
|12:09:55| [INFO] No unprocessed requests were found.
|12:09:56| [INFO] No unprocessed requests were found.
|12:09:56| [INFO] No unprocessed requests were found.
|12:09:57| [INFO] No unprocessed requests were found.
|12:09:57| [INFO] No unprocessed requests were found.
|12:09:57| [INFO] No unprocessed requests were found.
|12:09:57| [INFO] No unprocessed requests were found.
|12:09:57| [INFO] No unprocessed requests were found.
|12:09:57| [INFO] No unprocessed requests were found.
|12:09:58| [INFO] No unprocessed requests were found.
|12:09:58| [INFO] No unprocessed requests were found.
|12:09:58| [INFO] No unprocessed requests were found.
|12:09:58| [INFO] No unprocessed requests were found.
|12:09:58| [INFO] No unprocessed requests were found.
|12:09:59| [INFO] No unprocessed requests were found.
|12:09:59| [INFO] No unprocessed requests were found.
|12:09:59| [INFO] No unprocessed requests were found.
|12:09:59| [INFO] No unprocessed requests were found.
|12:09:59| [INFO] No unprocessed requests were found.
|12:09:59| [INFO] No unprocessed requests were found.
|12:09:59| [INFO] No unprocessed requests were found.
|12:09:59| [INFO] No unprocessed requests were found.
|12:09:59| [INFO] No unprocessed requests were found.
|12:09:59| [INFO] No unprocessed requests were found.
|12:09:59| [INFO] No unprocessed requests were found.
|12:09:59| [INFO] No unprocessed requests were found.
|12:09:59| [INFO] No unprocessed requests were found.
|12:09:59| [INFO] No unprocessed requests were found.
|12:09:59| [INFO] No unprocessed requests were found.
|12:10:00| [INFO] No unprocessed requests were found.
|12:10:00| [INFO] Found 1 request that has not yet been processed.
|12:10:00| [WARNING] Did not find valid noun for the request stored at "E:/ISU/Compsci12ISUServer_Data/pseudo_requests\Request.txt", deleting request and skipping to the next one.
|12:10:01| [INFO] No unprocessed requests were found.
|12:10:01| [INFO] No unprocessed requests were found.
|12:10:01| [INFO] No unprocessed requests were found.
|12:10:01| [INFO] No unprocessed requests were found.
|12:10:02| [INFO] No unprocessed requests were found.
|12:10:02| [INFO] No unprocessed requests were found.
|12:10:02| [INFO] No unprocessed requests were found.
|12:10:02| [INFO] No unprocessed requests were found.
|12:10:02| [INFO] No unprocessed requests were found.
|12:10:02| [INFO] No unprocessed requests were found.
|12:10:03| [INFO] No unprocessed requests were found.
|12:10:03| [INFO] No unprocessed requests were found.
|12:10:03| [INFO] No unprocessed requests were found.
|12:10:04| [INFO] No unprocessed requests were found.
|12:10:10| [INFO] No unprocessed requests were found.
|12:10:10| [INFO] No unprocessed requests were found.
|12:10:10| [INFO] No unprocessed requests were found.
|12:10:11| [INFO] No unprocessed requests were found.
|12:10:11| [INFO] No unprocessed requests were found.
|12:10:11| [INFO] No unprocessed requests were found.
|12:10:11| [INFO] No unprocessed requests were found.
|12:10:12| [INFO] No unprocessed requests were found.
|12:10:12| [INFO] No unprocessed requests were found.
|12:10:12| [INFO] No unprocessed requests were found.
|12:10:12| [INFO] No unprocessed requests were found.
|12:10:13| [INFO] No unprocessed requests were found.
|12:10:13| [INFO] No unprocessed requests were found.
|12:10:13| [INFO] No unprocessed requests were found.
|12:10:13| [INFO] No unprocessed requests were found.
|12:10:14| [INFO] No unprocessed requests were found.
|12:10:14| [INFO] No unprocessed requests were found.
|12:10:14| [INFO] No unprocessed requests were found.
|12:10:14| [INFO] No unprocessed requests were found.
|12:10:14| [INFO] No unprocessed requests were found.
|12:10:15| [INFO] No unprocessed requests were found.
|12:10:15| [INFO] No unprocessed requests were found.
|12:10:15| [INFO] No unprocessed requests were found.
|12:10:15| [INFO] No unprocessed requests were found.
|12:10:16| [INFO] No unprocessed requests were found.
|12:10:16| [INFO] No unprocessed requests were found.
|12:10:16| [INFO] No unprocessed requests were found.
|12:10:16| [INFO] No unprocessed requests were found.
|12:10:16| [INFO] No unprocessed requests were found.
|12:10:16| [INFO] No unprocessed requests were found.
|12:10:16| [INFO] No unprocessed requests were found.
|12:10:17| [INFO] No unprocessed requests were found.
|12:10:17| [INFO] No unprocessed requests were found.
|12:10:17| [INFO] No unprocessed requests were found.
|12:10:17| [INFO] No unprocessed requests were found.
|12:10:17| [INFO] No unprocessed requests were found.
|12:10:17| [INFO] No unprocessed requests were found.
|12:10:18| [INFO] No unprocessed requests were found.
|12:10:18| [INFO] No unprocessed requests were found.
|12:10:18| [INFO] No unprocessed requests were found.
|12:10:18| [INFO] No unprocessed requests were found.
|12:10:18| [INFO] No unprocessed requests were found.
|12:10:19| [INFO] No unprocessed requests were found.
|12:10:19| [INFO] No unprocessed requests were found.
|12:10:19| [INFO] No unprocessed requests were found.
|12:10:19| [INFO] No unprocessed requests were found.
|12:10:20| [INFO] No unprocessed requests were found.
|12:10:20| [INFO] No unprocessed requests were found.
|12:10:20| [INFO] No unprocessed requests were found.
|12:10:20| [INFO] No unprocessed requests were found.
|12:10:20| [INFO] No unprocessed requests were found.
|12:10:20| [INFO] No unprocessed requests were found.
|12:10:21| [INFO] No unprocessed requests were found.
|12:10:21| [INFO] No unprocessed requests were found.
|12:10:21| [INFO] No unprocessed requests were found.
|12:10:21| [INFO] No unprocessed requests were found.
|12:10:22| [INFO] No unprocessed requests were found.
|12:10:22| [INFO] No unprocessed requests were found.
|12:10:22| [INFO] No unprocessed requests were found.
|12:10:22| [INFO] No unprocessed requests were found.
|12:10:22| [INFO] No unprocessed requests were found.
|12:10:22| [INFO] No unprocessed requests were found.
|12:10:23| [INFO] No unprocessed requests were found.
|12:10:23| [INFO] No unprocessed requests were found.
|12:10:23| [INFO] No unprocessed requests were found.
|12:10:24| [INFO] No unprocessed requests were found.
|12:10:24| [INFO] No unprocessed requests were found.
|12:10:24| [INFO] No unprocessed requests were found.
|12:10:25| [INFO] No unprocessed requests were found.
|12:10:26| [INFO] No unprocessed requests were found.
|12:10:26| [INFO] No unprocessed requests were found.
|12:10:26| [INFO] No unprocessed requests were found.
|12:10:26| [INFO] No unprocessed requests were found.
|12:10:27| [INFO] No unprocessed requests were found.
|12:10:27| [INFO] No unprocessed requests were found.
|12:10:27| [INFO] No unprocessed requests were found.
|12:10:27| [INFO] No unprocessed requests were found.
|12:10:28| [INFO] No unprocessed requests were found.
|12:10:28| [INFO] No unprocessed requests were found.
|12:10:28| [INFO] No unprocessed requests were found.
|12:10:28| [INFO] No unprocessed requests were found.
|12:10:28| [INFO] No unprocessed requests were found.
|12:10:28| [INFO] No unprocessed requests were found.
|12:10:29| [INFO] No unprocessed requests were found.
|12:10:29| [INFO] No unprocessed requests were found.
|12:10:29| [INFO] No unprocessed requests were found.
|12:10:29| [INFO] No unprocessed requests were found.
|12:10:29| [INFO] No unprocessed requests were found.
|12:10:30| [INFO] No unprocessed requests were found.
|12:10:30| [INFO] No unprocessed requests were found.
|12:10:30| [INFO] No unprocessed requests were found.
|12:10:30| [INFO] No unprocessed requests were found.
|12:10:31| [INFO] No unprocessed requests were found.
|12:10:31| [INFO] No unprocessed requests were found.
|12:10:31| [INFO] No unprocessed requests were found.
|12:10:31| [INFO] No unprocessed requests were found.
|12:10:31| [INFO] No unprocessed requests were found.
|12:10:31| [INFO] No unprocessed requests were found.
|12:10:32| [INFO] No unprocessed requests were found.
|12:10:32| [INFO] No unprocessed requests were found.
|12:10:32| [INFO] No unprocessed requests were found.
|12:10:32| [INFO] No unprocessed requests were found.
|12:10:33| [INFO] No unprocessed requests were found.
|12:10:33| [INFO] No unprocessed requests were found.
|12:10:33| [INFO] No unprocessed requests were found.
|12:10:33| [INFO] No unprocessed requests were found.
