|11:52:51| [INFO] Logging initialized!
|11:52:51| [INFO] Current date: 2016-01-20
|11:52:51| [INFO] This is an automatically generated log file from the Computer Science 12U ISU Server made by Andrew and Tianli.
|11:52:51| [INFO] Server starting up!
|11:52:51| [INFO] The file path specified for the first argument is valid.
|11:52:51| [INFO] Found clubs directory in E:/ISU/Compsci12ISUServer_Data directory.
|11:52:51| [INFO] Found posts directory in E:/ISU/Compsci12ISUServer_Data directory.
|11:52:51| [INFO] Found users directory in E:/ISU/Compsci12ISUServer_Data directory.
|11:52:51| [INFO] Found pseudo requests directory in E:/ISU/Compsci12ISUServer_Data directory.
|11:52:51| [INFO] Found admins directory in E:/ISU/Compsci12ISUServer_Data directory.
|11:52:51| [INFO] No unprocessed requests were found.
|11:52:52| [INFO] No unprocessed requests were found.
|11:52:52| [INFO] No unprocessed requests were found.
|11:52:52| [INFO] No unprocessed requests were found.
|11:52:52| [INFO] No unprocessed requests were found.
|11:52:52| [INFO] No unprocessed requests were found.
|11:52:52| [INFO] No unprocessed requests were found.
|11:52:53| [INFO] No unprocessed requests were found.
|11:52:53| [INFO] No unprocessed requests were found.
|11:52:53| [INFO] No unprocessed requests were found.
|11:52:53| [INFO] No unprocessed requests were found.
|11:52:54| [INFO] No unprocessed requests were found.
|11:52:54| [INFO] No unprocessed requests were found.
|11:52:54| [INFO] No unprocessed requests were found.
|11:52:54| [INFO] No unprocessed requests were found.
|11:52:54| [INFO] No unprocessed requests were found.
|11:52:54| [INFO] No unprocessed requests were found.
|11:52:55| [INFO] No unprocessed requests were found.
|11:52:55| [INFO] No unprocessed requests were found.
|11:52:55| [INFO] No unprocessed requests were found.
|11:52:55| [INFO] No unprocessed requests were found.
|11:52:56| [INFO] No unprocessed requests were found.
|11:52:56| [INFO] No unprocessed requests were found.
|11:52:56| [INFO] No unprocessed requests were found.
|11:52:56| [INFO] No unprocessed requests were found.
|11:52:56| [INFO] No unprocessed requests were found.
|11:52:56| [INFO] No unprocessed requests were found.
|11:52:56| [INFO] No unprocessed requests were found.
|11:52:57| [INFO] No unprocessed requests were found.
|11:52:57| [INFO] No unprocessed requests were found.
|11:52:57| [INFO] No unprocessed requests were found.
|11:52:57| [INFO] No unprocessed requests were found.
|11:52:57| [INFO] No unprocessed requests were found.
|11:52:58| [INFO] No unprocessed requests were found.
|11:52:58| [INFO] No unprocessed requests were found.
|11:52:58| [INFO] No unprocessed requests were found.
|11:52:58| [INFO] No unprocessed requests were found.
|11:52:58| [INFO] No unprocessed requests were found.
|11:52:58| [INFO] No unprocessed requests were found.
|11:52:59| [INFO] No unprocessed requests were found.
|11:52:59| [INFO] No unprocessed requests were found.
|11:52:59| [INFO] No unprocessed requests were found.
|11:52:59| [INFO] No unprocessed requests were found.
|11:53:00| [INFO] No unprocessed requests were found.
|11:53:00| [INFO] No unprocessed requests were found.
|11:53:00| [INFO] No unprocessed requests were found.
|11:53:00| [INFO] No unprocessed requests were found.
|11:53:00| [INFO] No unprocessed requests were found.
|11:53:00| [INFO] No unprocessed requests were found.
|11:53:01| [INFO] No unprocessed requests were found.
|11:53:01| [INFO] No unprocessed requests were found.
|11:53:01| [INFO] No unprocessed requests were found.
|11:53:01| [INFO] No unprocessed requests were found.
|11:53:02| [INFO] No unprocessed requests were found.
|11:53:02| [INFO] No unprocessed requests were found.
|11:53:02| [INFO] No unprocessed requests were found.
|11:53:02| [INFO] No unprocessed requests were found.
|11:53:02| [INFO] No unprocessed requests were found.
|11:53:02| [INFO] No unprocessed requests were found.
|11:53:03| [INFO] No unprocessed requests were found.
|11:53:03| [INFO] No unprocessed requests were found.
|11:53:04| [INFO] No unprocessed requests were found.
|11:53:04| [INFO] No unprocessed requests were found.
|11:53:04| [INFO] No unprocessed requests were found.
|11:53:05| [INFO] No unprocessed requests were found.
|11:53:05| [INFO] No unprocessed requests were found.
|11:53:05| [INFO] No unprocessed requests were found.
|11:53:05| [INFO] No unprocessed requests were found.
|11:53:05| [INFO] No unprocessed requests were found.
|11:53:05| [INFO] No unprocessed requests were found.
|11:53:06| [INFO] No unprocessed requests were found.
|11:53:06| [INFO] Found 1 request that has not yet been processed.
|11:53:07| [INFO] Time taken to respond: 1031
|11:53:07| [INFO] No unprocessed requests were found.
|11:53:08| [INFO] No unprocessed requests were found.
|11:53:08| [INFO] No unprocessed requests were found.
|11:53:08| [INFO] No unprocessed requests were found.
|11:53:08| [INFO] No unprocessed requests were found.
|11:53:08| [INFO] No unprocessed requests were found.
|11:53:09| [INFO] No unprocessed requests were found.
|11:53:09| [INFO] No unprocessed requests were found.
|11:53:09| [INFO] No unprocessed requests were found.
|11:53:09| [INFO] No unprocessed requests were found.
|11:53:09| [INFO] No unprocessed requests were found.
|11:53:09| [INFO] No unprocessed requests were found.
|11:53:10| [INFO] No unprocessed requests were found.
|11:53:10| [INFO] No unprocessed requests were found.
|11:53:10| [INFO] No unprocessed requests were found.
|11:53:10| [INFO] No unprocessed requests were found.
|11:53:11| [INFO] No unprocessed requests were found.
|11:53:11| [INFO] No unprocessed requests were found.
|11:53:11| [INFO] No unprocessed requests were found.
|11:53:11| [INFO] No unprocessed requests were found.
|11:53:11| [INFO] No unprocessed requests were found.
|11:53:11| [INFO] No unprocessed requests were found.
|11:53:11| [INFO] No unprocessed requests were found.
|11:53:12| [INFO] No unprocessed requests were found.
|11:53:12| [INFO] No unprocessed requests were found.
|11:53:12| [INFO] No unprocessed requests were found.
|11:53:12| [INFO] No unprocessed requests were found.
|11:53:13| [INFO] No unprocessed requests were found.
|11:53:13| [INFO] No unprocessed requests were found.
|11:53:13| [INFO] No unprocessed requests were found.
|11:53:13| [INFO] No unprocessed requests were found.
|11:53:13| [INFO] No unprocessed requests were found.
|11:53:13| [INFO] No unprocessed requests were found.
|11:53:14| [INFO] No unprocessed requests were found.
|11:53:14| [INFO] No unprocessed requests were found.
|11:53:14| [INFO] No unprocessed requests were found.
|11:53:14| [INFO] No unprocessed requests were found.
|11:53:14| [INFO] No unprocessed requests were found.
|11:53:14| [INFO] No unprocessed requests were found.
|11:53:15| [INFO] No unprocessed requests were found.
|11:53:15| [INFO] No unprocessed requests were found.
|11:53:15| [INFO] No unprocessed requests were found.
|11:53:15| [INFO] No unprocessed requests were found.
|11:53:15| [INFO] No unprocessed requests were found.
|11:53:16| [INFO] No unprocessed requests were found.
|11:53:16| [INFO] No unprocessed requests were found.
|11:53:16| [INFO] No unprocessed requests were found.
|11:53:16| [INFO] No unprocessed requests were found.
|11:53:16| [INFO] No unprocessed requests were found.
|11:53:16| [INFO] No unprocessed requests were found.
|11:53:17| [INFO] No unprocessed requests were found.
|11:53:17| [INFO] No unprocessed requests were found.
|11:53:18| [INFO] No unprocessed requests were found.
|11:53:18| [INFO] No unprocessed requests were found.
|11:53:19| [INFO] No unprocessed requests were found.
|11:53:19| [INFO] No unprocessed requests were found.
|11:53:19| [INFO] No unprocessed requests were found.
|11:53:19| [INFO] No unprocessed requests were found.
|11:53:19| [INFO] No unprocessed requests were found.
|11:53:19| [INFO] No unprocessed requests were found.
|11:53:20| [INFO] No unprocessed requests were found.
|11:53:20| [INFO] No unprocessed requests were found.
|11:53:21| [INFO] No unprocessed requests were found.
|11:53:21| [INFO] No unprocessed requests were found.
|11:53:21| [INFO] No unprocessed requests were found.
|11:53:22| [INFO] No unprocessed requests were found.
|11:53:22| [INFO] No unprocessed requests were found.
|11:53:22| [INFO] No unprocessed requests were found.
|11:53:23| [INFO] No unprocessed requests were found.
|11:53:23| [INFO] No unprocessed requests were found.
|11:53:23| [INFO] No unprocessed requests were found.
|11:53:23| [INFO] No unprocessed requests were found.
|11:53:23| [INFO] No unprocessed requests were found.
|11:53:23| [INFO] No unprocessed requests were found.
|11:53:24| [INFO] No unprocessed requests were found.
|11:53:24| [INFO] No unprocessed requests were found.
|11:53:24| [INFO] No unprocessed requests were found.
|11:53:24| [INFO] No unprocessed requests were found.
|11:53:25| [INFO] No unprocessed requests were found.
|11:53:25| [INFO] No unprocessed requests were found.
|11:53:25| [INFO] No unprocessed requests were found.
|11:53:25| [INFO] No unprocessed requests were found.
|11:53:25| [INFO] No unprocessed requests were found.
|11:53:25| [INFO] No unprocessed requests were found.
|11:53:26| [INFO] No unprocessed requests were found.
|11:53:26| [INFO] No unprocessed requests were found.
|11:53:26| [INFO] No unprocessed requests were found.
|11:53:26| [INFO] No unprocessed requests were found.
|11:53:26| [INFO] No unprocessed requests were found.
|11:53:26| [INFO] No unprocessed requests were found.
|11:53:26| [INFO] No unprocessed requests were found.
|11:53:27| [INFO] No unprocessed requests were found.
|11:53:27| [INFO] No unprocessed requests were found.
|11:53:27| [INFO] No unprocessed requests were found.
|11:53:27| [INFO] No unprocessed requests were found.
|11:53:28| [INFO] No unprocessed requests were found.
|11:53:28| [INFO] No unprocessed requests were found.
|11:53:28| [INFO] No unprocessed requests were found.
|11:53:28| [INFO] No unprocessed requests were found.
|11:53:28| [INFO] No unprocessed requests were found.
|11:53:28| [INFO] No unprocessed requests were found.
|11:53:29| [INFO] No unprocessed requests were found.
|11:53:29| [INFO] No unprocessed requests were found.
|11:53:29| [INFO] No unprocessed requests were found.
|11:53:29| [INFO] No unprocessed requests were found.
|11:53:30| [INFO] No unprocessed requests were found.
|11:53:30| [INFO] No unprocessed requests were found.
|11:53:30| [INFO] No unprocessed requests were found.
|11:53:30| [INFO] No unprocessed requests were found.
|11:53:30| [INFO] No unprocessed requests were found.
|11:53:30| [INFO] No unprocessed requests were found.
|11:53:31| [INFO] No unprocessed requests were found.
|11:53:31| [INFO] No unprocessed requests were found.
|11:53:31| [INFO] No unprocessed requests were found.
|11:53:31| [INFO] No unprocessed requests were found.
|11:53:31| [INFO] No unprocessed requests were found.
|11:53:32| [INFO] No unprocessed requests were found.
|11:53:32| [INFO] No unprocessed requests were found.
|11:53:32| [INFO] No unprocessed requests were found.
|11:53:32| [INFO] No unprocessed requests were found.
|11:53:32| [INFO] No unprocessed requests were found.
|11:53:33| [INFO] No unprocessed requests were found.
|11:53:33| [INFO] No unprocessed requests were found.
|11:53:33| [INFO] No unprocessed requests were found.
|11:53:33| [INFO] No unprocessed requests were found.
|11:53:34| [INFO] No unprocessed requests were found.
|11:53:34| [INFO] No unprocessed requests were found.
|11:53:34| [INFO] No unprocessed requests were found.
|11:53:34| [INFO] No unprocessed requests were found.
|11:53:34| [INFO] No unprocessed requests were found.
|11:53:34| [INFO] No unprocessed requests were found.
|11:53:34| [INFO] No unprocessed requests were found.
|11:53:35| [INFO] No unprocessed requests were found.
|11:53:35| [INFO] No unprocessed requests were found.
|11:53:35| [INFO] No unprocessed requests were found.
|11:53:35| [INFO] No unprocessed requests were found.
|11:53:35| [INFO] No unprocessed requests were found.
|11:53:35| [INFO] No unprocessed requests were found.
|11:53:35| [INFO] No unprocessed requests were found.
|11:53:35| [INFO] No unprocessed requests were found.
|11:53:35| [INFO] No unprocessed requests were found.
|11:53:35| [INFO] No unprocessed requests were found.
|11:53:35| [INFO] No unprocessed requests were found.
|11:53:35| [INFO] No unprocessed requests were found.
|11:53:35| [INFO] No unprocessed requests were found.
|11:53:35| [INFO] No unprocessed requests were found.
|11:53:35| [INFO] No unprocessed requests were found.
|11:53:35| [INFO] No unprocessed requests were found.
|11:53:35| [INFO] No unprocessed requests were found.
|11:53:35| [INFO] No unprocessed requests were found.
|11:53:35| [INFO] No unprocessed requests were found.
|11:53:35| [INFO] No unprocessed requests were found.
|11:53:35| [INFO] No unprocessed requests were found.
|11:53:36| [INFO] No unprocessed requests were found.
|11:53:36| [INFO] No unprocessed requests were found.
|11:53:36| [INFO] No unprocessed requests were found.
|11:53:36| [INFO] No unprocessed requests were found.
|11:53:37| [INFO] No unprocessed requests were found.
|11:53:37| [INFO] No unprocessed requests were found.
|11:53:37| [INFO] No unprocessed requests were found.
|11:53:37| [INFO] No unprocessed requests were found.
|11:53:37| [INFO] No unprocessed requests were found.
|11:53:38| [INFO] No unprocessed requests were found.
|11:53:38| [INFO] No unprocessed requests were found.
|11:53:38| [INFO] No unprocessed requests were found.
|11:53:38| [INFO] No unprocessed requests were found.
|11:53:38| [INFO] No unprocessed requests were found.
|11:53:39| [INFO] No unprocessed requests were found.
|11:53:39| [INFO] No unprocessed requests were found.
|11:53:39| [INFO] No unprocessed requests were found.
|11:53:39| [INFO] No unprocessed requests were found.
|11:53:39| [INFO] No unprocessed requests were found.
|11:53:40| [INFO] No unprocessed requests were found.
|11:53:40| [INFO] No unprocessed requests were found.
|11:53:40| [INFO] No unprocessed requests were found.
|11:53:40| [INFO] No unprocessed requests were found.
|11:53:40| [INFO] No unprocessed requests were found.
|11:53:41| [INFO] No unprocessed requests were found.
|11:53:41| [INFO] No unprocessed requests were found.
|11:53:41| [INFO] No unprocessed requests were found.
|11:53:41| [INFO] No unprocessed requests were found.
|11:53:41| [INFO] No unprocessed requests were found.
|11:53:41| [INFO] No unprocessed requests were found.
|11:53:41| [INFO] No unprocessed requests were found.
|11:53:42| [INFO] No unprocessed requests were found.
|11:53:42| [INFO] No unprocessed requests were found.
|11:53:42| [INFO] No unprocessed requests were found.
|11:53:43| [INFO] No unprocessed requests were found.
|11:53:43| [INFO] No unprocessed requests were found.
|11:53:43| [INFO] No unprocessed requests were found.
|11:53:43| [INFO] No unprocessed requests were found.
|11:53:43| [INFO] No unprocessed requests were found.
|11:53:43| [INFO] No unprocessed requests were found.
|11:53:44| [INFO] No unprocessed requests were found.
|11:53:44| [INFO] No unprocessed requests were found.
|11:53:44| [INFO] No unprocessed requests were found.
|11:53:44| [INFO] No unprocessed requests were found.
|11:53:45| [INFO] No unprocessed requests were found.
|11:53:45| [INFO] No unprocessed requests were found.
|11:53:45| [INFO] No unprocessed requests were found.
|11:53:45| [INFO] No unprocessed requests were found.
|11:53:45| [INFO] No unprocessed requests were found.
|11:53:45| [INFO] No unprocessed requests were found.
|11:53:46| [INFO] No unprocessed requests were found.
|11:53:46| [INFO] No unprocessed requests were found.
|11:53:46| [INFO] No unprocessed requests were found.
|11:53:46| [INFO] No unprocessed requests were found.
|11:53:47| [INFO] No unprocessed requests were found.
|11:53:47| [INFO] No unprocessed requests were found.
|11:53:47| [INFO] No unprocessed requests were found.
|11:53:47| [INFO] No unprocessed requests were found.
|11:53:47| [INFO] No unprocessed requests were found.
|11:53:47| [INFO] No unprocessed requests were found.
|11:53:48| [INFO] No unprocessed requests were found.
|11:53:48| [INFO] No unprocessed requests were found.
|11:53:48| [INFO] No unprocessed requests were found.
|11:53:48| [INFO] No unprocessed requests were found.
|11:53:49| [INFO] No unprocessed requests were found.
|11:53:49| [INFO] No unprocessed requests were found.
|11:53:49| [INFO] No unprocessed requests were found.
|11:53:49| [INFO] No unprocessed requests were found.
|11:53:50| [INFO] No unprocessed requests were found.
|11:53:50| [INFO] No unprocessed requests were found.
|11:53:50| [INFO] No unprocessed requests were found.
|11:53:50| [INFO] No unprocessed requests were found.
|11:53:51| [INFO] No unprocessed requests were found.
|11:53:51| [INFO] No unprocessed requests were found.
|11:53:51| [INFO] No unprocessed requests were found.
|11:53:51| [INFO] No unprocessed requests were found.
|11:53:51| [INFO] No unprocessed requests were found.
|11:53:52| [INFO] No unprocessed requests were found.
|11:53:52| [INFO] No unprocessed requests were found.
|11:53:52| [INFO] No unprocessed requests were found.
|11:53:52| [INFO] No unprocessed requests were found.
|11:53:52| [INFO] No unprocessed requests were found.
|11:53:52| [INFO] No unprocessed requests were found.
|11:53:52| [INFO] No unprocessed requests were found.
|11:53:53| [INFO] No unprocessed requests were found.
|11:53:53| [INFO] No unprocessed requests were found.
|11:53:53| [INFO] No unprocessed requests were found.
|11:53:53| [INFO] No unprocessed requests were found.
|11:53:53| [INFO] No unprocessed requests were found.
|11:53:53| [INFO] No unprocessed requests were found.
|11:53:54| [INFO] No unprocessed requests were found.
|11:53:54| [INFO] No unprocessed requests were found.
|11:53:54| [INFO] No unprocessed requests were found.
|11:53:54| [INFO] No unprocessed requests were found.
|11:53:54| [INFO] No unprocessed requests were found.
|11:53:54| [INFO] No unprocessed requests were found.
|11:53:55| [INFO] No unprocessed requests were found.
|11:53:55| [INFO] No unprocessed requests were found.
|11:53:55| [INFO] No unprocessed requests were found.
|11:53:55| [INFO] No unprocessed requests were found.
|11:53:56| [INFO] No unprocessed requests were found.
|11:53:56| [INFO] No unprocessed requests were found.
|11:53:56| [INFO] No unprocessed requests were found.
|11:53:56| [INFO] No unprocessed requests were found.
|11:53:56| [INFO] No unprocessed requests were found.
|11:53:57| [INFO] No unprocessed requests were found.
|11:53:57| [INFO] No unprocessed requests were found.
|11:53:57| [INFO] No unprocessed requests were found.
|11:53:57| [INFO] No unprocessed requests were found.
|11:53:58| [INFO] No unprocessed requests were found.
|11:53:58| [INFO] No unprocessed requests were found.
|11:53:58| [INFO] No unprocessed requests were found.
|11:53:58| [INFO] No unprocessed requests were found.
|11:53:58| [INFO] No unprocessed requests were found.
|11:53:58| [INFO] No unprocessed requests were found.
|11:53:59| [INFO] No unprocessed requests were found.
|11:53:59| [INFO] No unprocessed requests were found.
|11:53:59| [INFO] No unprocessed requests were found.
|11:53:59| [INFO] No unprocessed requests were found.
|11:54:00| [INFO] No unprocessed requests were found.
|11:54:00| [INFO] No unprocessed requests were found.
|11:54:00| [INFO] No unprocessed requests were found.
|11:54:00| [INFO] No unprocessed requests were found.
|11:54:00| [INFO] No unprocessed requests were found.
|11:54:00| [INFO] No unprocessed requests were found.
|11:54:01| [INFO] No unprocessed requests were found.
|11:54:01| [INFO] No unprocessed requests were found.
|11:54:01| [INFO] No unprocessed requests were found.
|11:54:01| [INFO] No unprocessed requests were found.
|11:54:01| [INFO] No unprocessed requests were found.
|11:54:01| [INFO] No unprocessed requests were found.
|11:54:01| [INFO] Found 1 request that has not yet been processed.
|11:54:01| [SEVERE] System.IO.IOException: The file 'E:/ISU/Compsci12ISUClient/ISU/bin/Debug/posts/01-21-2016_03.14.25.txt' already exists.
   at System.IO.__Error.WinIOError(Int32 errorCode, String maybeFullPath)
   at System.IO.File.InternalCopy(String sourceFileName, String destFileName, Boolean overwrite, Boolean checkHost)
   at System.IO.File.Copy(String sourceFileName, String destFileName)
   at Compsci12ISUServer.AndrewModel.RespondWithListOfPosts(String target, Int32 quantifier) in E:\ISU\Compsci12ISUServer\Compsci12ISUServer\AndrewModel.cs:line 486
|11:54:01| [INFO] No unprocessed requests were found.
|11:54:01| [INFO] No unprocessed requests were found.
|11:54:01| [INFO] No unprocessed requests were found.
|11:54:01| [INFO] No unprocessed requests were found.
|11:54:01| [INFO] No unprocessed requests were found.
|11:54:01| [INFO] No unprocessed requests were found.
|11:54:01| [INFO] No unprocessed requests were found.
|11:54:01| [INFO] No unprocessed requests were found.
|11:54:01| [INFO] No unprocessed requests were found.
|11:54:01| [INFO] No unprocessed requests were found.
|11:54:01| [INFO] No unprocessed requests were found.
|11:54:01| [INFO] No unprocessed requests were found.
|11:54:01| [INFO] No unprocessed requests were found.
|11:54:01| [INFO] No unprocessed requests were found.
|11:54:01| [INFO] No unprocessed requests were found.
|11:54:01| [INFO] No unprocessed requests were found.
|11:54:01| [INFO] No unprocessed requests were found.
|11:54:01| [INFO] No unprocessed requests were found.
|11:54:01| [INFO] No unprocessed requests were found.
|11:54:01| [INFO] No unprocessed requests were found.
|11:54:01| [INFO] No unprocessed requests were found.
|11:54:01| [INFO] No unprocessed requests were found.
|11:54:01| [INFO] No unprocessed requests were found.
|11:54:01| [INFO] No unprocessed requests were found.
|11:54:01| [INFO] No unprocessed requests were found.
|11:54:01| [INFO] No unprocessed requests were found.
|11:54:02| [INFO] No unprocessed requests were found.
|11:54:03| [INFO] No unprocessed requests were found.
|11:54:03| [INFO] No unprocessed requests were found.
|11:54:03| [INFO] No unprocessed requests were found.
|11:54:03| [INFO] No unprocessed requests were found.
|11:54:03| [INFO] No unprocessed requests were found.
|11:54:03| [INFO] No unprocessed requests were found.
|11:54:04| [INFO] No unprocessed requests were found.
|11:54:04| [INFO] No unprocessed requests were found.
|11:54:04| [INFO] No unprocessed requests were found.
|11:54:04| [INFO] No unprocessed requests were found.
|11:54:05| [INFO] No unprocessed requests were found.
|11:54:05| [INFO] No unprocessed requests were found.
|11:54:05| [INFO] No unprocessed requests were found.
|11:54:05| [INFO] No unprocessed requests were found.
|11:54:05| [INFO] No unprocessed requests were found.
|11:54:05| [INFO] No unprocessed requests were found.
|11:54:06| [INFO] No unprocessed requests were found.
|11:54:06| [INFO] No unprocessed requests were found.
|11:54:06| [INFO] No unprocessed requests were found.
|11:54:06| [INFO] No unprocessed requests were found.
|11:54:07| [INFO] No unprocessed requests were found.
|11:54:07| [INFO] No unprocessed requests were found.
|11:54:07| [INFO] No unprocessed requests were found.
|11:54:07| [INFO] No unprocessed requests were found.
|11:54:07| [INFO] No unprocessed requests were found.
|11:54:07| [INFO] No unprocessed requests were found.
|11:54:08| [INFO] No unprocessed requests were found.
|11:54:08| [INFO] No unprocessed requests were found.
|11:54:08| [INFO] No unprocessed requests were found.
|11:54:08| [INFO] No unprocessed requests were found.
|11:54:09| [INFO] No unprocessed requests were found.
|11:54:09| [INFO] No unprocessed requests were found.
|11:54:09| [INFO] No unprocessed requests were found.
|11:54:09| [INFO] No unprocessed requests were found.
|11:54:09| [INFO] No unprocessed requests were found.
|11:54:09| [INFO] No unprocessed requests were found.
|11:54:09| [INFO] No unprocessed requests were found.
|11:54:10| [INFO] No unprocessed requests were found.
|11:54:10| [INFO] No unprocessed requests were found.
|11:54:10| [INFO] No unprocessed requests were found.
|11:54:10| [INFO] No unprocessed requests were found.
|11:54:10| [INFO] No unprocessed requests were found.
|11:54:10| [INFO] No unprocessed requests were found.
|11:54:10| [INFO] No unprocessed requests were found.
|11:54:10| [INFO] No unprocessed requests were found.
|11:54:10| [INFO] No unprocessed requests were found.
|11:54:10| [INFO] No unprocessed requests were found.
|11:54:10| [INFO] No unprocessed requests were found.
|11:54:10| [INFO] No unprocessed requests were found.
|11:54:10| [INFO] No unprocessed requests were found.
|11:54:10| [INFO] No unprocessed requests were found.
|11:54:10| [INFO] No unprocessed requests were found.
|11:54:10| [INFO] No unprocessed requests were found.
|11:54:10| [INFO] No unprocessed requests were found.
|11:54:10| [INFO] No unprocessed requests were found.
|11:54:11| [INFO] No unprocessed requests were found.
|11:54:11| [INFO] No unprocessed requests were found.
|11:54:11| [INFO] No unprocessed requests were found.
|11:54:12| [INFO] No unprocessed requests were found.
|11:54:12| [INFO] No unprocessed requests were found.
|11:54:12| [INFO] No unprocessed requests were found.
|11:54:12| [INFO] No unprocessed requests were found.
|11:54:12| [INFO] No unprocessed requests were found.
|11:54:12| [INFO] No unprocessed requests were found.
|11:54:13| [INFO] No unprocessed requests were found.
|11:54:13| [INFO] No unprocessed requests were found.
|11:54:13| [INFO] No unprocessed requests were found.
|11:54:13| [INFO] No unprocessed requests were found.
|11:54:14| [INFO] No unprocessed requests were found.
|11:54:14| [INFO] No unprocessed requests were found.
|11:54:14| [INFO] No unprocessed requests were found.
|11:54:14| [INFO] No unprocessed requests were found.
|11:54:14| [INFO] No unprocessed requests were found.
|11:54:14| [INFO] No unprocessed requests were found.
|11:54:15| [INFO] No unprocessed requests were found.
|11:54:15| [INFO] No unprocessed requests were found.
|11:54:16| [INFO] No unprocessed requests were found.
|11:54:16| [INFO] No unprocessed requests were found.
|11:54:16| [INFO] No unprocessed requests were found.
|11:54:16| [INFO] No unprocessed requests were found.
|11:54:16| [INFO] No unprocessed requests were found.
|11:54:17| [INFO] No unprocessed requests were found.
|11:54:17| [INFO] No unprocessed requests were found.
|11:54:17| [INFO] No unprocessed requests were found.
|11:54:17| [INFO] No unprocessed requests were found.
|11:54:18| [INFO] No unprocessed requests were found.
|11:54:18| [INFO] No unprocessed requests were found.
|11:54:18| [INFO] No unprocessed requests were found.
|11:54:18| [INFO] No unprocessed requests were found.
|11:54:19| [INFO] No unprocessed requests were found.
|11:54:19| [INFO] No unprocessed requests were found.
|11:54:19| [INFO] No unprocessed requests were found.
|11:54:19| [INFO] No unprocessed requests were found.
|11:54:19| [INFO] No unprocessed requests were found.
|11:54:19| [INFO] No unprocessed requests were found.
|11:54:20| [INFO] No unprocessed requests were found.
|11:54:20| [INFO] No unprocessed requests were found.
|11:54:20| [INFO] No unprocessed requests were found.
|11:54:20| [INFO] No unprocessed requests were found.
|11:54:21| [INFO] No unprocessed requests were found.
|11:54:21| [INFO] No unprocessed requests were found.
|11:54:21| [INFO] No unprocessed requests were found.
|11:54:21| [INFO] No unprocessed requests were found.
|11:54:21| [INFO] No unprocessed requests were found.
|11:54:21| [INFO] No unprocessed requests were found.
|11:54:21| [INFO] No unprocessed requests were found.
|11:54:22| [INFO] No unprocessed requests were found.
|11:54:22| [INFO] No unprocessed requests were found.
|11:54:22| [INFO] No unprocessed requests were found.
|11:54:23| [INFO] No unprocessed requests were found.
|11:54:23| [INFO] No unprocessed requests were found.
|11:54:23| [INFO] No unprocessed requests were found.
|11:54:23| [INFO] No unprocessed requests were found.
|11:54:23| [INFO] No unprocessed requests were found.
|11:54:23| [INFO] No unprocessed requests were found.
|11:54:24| [INFO] Found 1 request that has not yet been processed.
|11:54:24| [INFO] Time taken to respond: 265
|11:54:24| [INFO] No unprocessed requests were found.
|11:54:24| [INFO] No unprocessed requests were found.
|11:54:25| [INFO] No unprocessed requests were found.
|11:54:25| [INFO] No unprocessed requests were found.
|11:54:25| [INFO] No unprocessed requests were found.
|11:54:25| [INFO] No unprocessed requests were found.
|11:54:25| [INFO] No unprocessed requests were found.
|11:54:25| [INFO] No unprocessed requests were found.
|11:54:26| [INFO] No unprocessed requests were found.
|11:54:26| [INFO] No unprocessed requests were found.
|11:54:26| [INFO] No unprocessed requests were found.
|11:54:26| [INFO] No unprocessed requests were found.
|11:54:26| [INFO] No unprocessed requests were found.
|11:54:26| [INFO] No unprocessed requests were found.
|11:54:27| [INFO] No unprocessed requests were found.
|11:54:27| [INFO] No unprocessed requests were found.
|11:54:27| [INFO] No unprocessed requests were found.
|11:54:27| [INFO] No unprocessed requests were found.
|11:54:27| [INFO] No unprocessed requests were found.
|11:54:27| [INFO] No unprocessed requests were found.
|11:54:28| [INFO] No unprocessed requests were found.
|11:54:28| [INFO] No unprocessed requests were found.
|11:54:28| [INFO] No unprocessed requests were found.
|11:54:28| [INFO] No unprocessed requests were found.
|11:54:28| [INFO] No unprocessed requests were found.
|11:54:28| [INFO] No unprocessed requests were found.
|11:54:29| [INFO] No unprocessed requests were found.
|11:54:29| [INFO] No unprocessed requests were found.
|11:54:29| [INFO] No unprocessed requests were found.
|11:54:29| [INFO] No unprocessed requests were found.
|11:54:29| [INFO] No unprocessed requests were found.
|11:54:29| [INFO] No unprocessed requests were found.
|11:54:30| [INFO] No unprocessed requests were found.
|11:54:30| [INFO] No unprocessed requests were found.
|11:54:30| [INFO] No unprocessed requests were found.
|11:54:30| [INFO] No unprocessed requests were found.
|11:54:30| [INFO] No unprocessed requests were found.
|11:54:30| [INFO] No unprocessed requests were found.
|11:54:31| [INFO] No unprocessed requests were found.
|11:54:32| [INFO] No unprocessed requests were found.
|11:54:32| [INFO] No unprocessed requests were found.
|11:54:32| [INFO] No unprocessed requests were found.
|11:54:32| [INFO] No unprocessed requests were found.
|11:54:33| [INFO] No unprocessed requests were found.
|11:54:33| [INFO] No unprocessed requests were found.
|11:54:33| [INFO] No unprocessed requests were found.
|11:54:33| [INFO] No unprocessed requests were found.
|11:54:34| [INFO] No unprocessed requests were found.
|11:54:34| [INFO] No unprocessed requests were found.
|11:54:34| [INFO] No unprocessed requests were found.
|11:54:34| [INFO] No unprocessed requests were found.
|11:54:34| [INFO] No unprocessed requests were found.
|11:54:34| [INFO] No unprocessed requests were found.
|11:54:35| [INFO] No unprocessed requests were found.
|11:54:35| [INFO] No unprocessed requests were found.
|11:54:35| [INFO] No unprocessed requests were found.
|11:54:35| [INFO] No unprocessed requests were found.
|11:54:35| [INFO] No unprocessed requests were found.
|11:54:35| [INFO] No unprocessed requests were found.
|11:54:35| [INFO] No unprocessed requests were found.
|11:54:35| [INFO] No unprocessed requests were found.
|11:54:36| [INFO] No unprocessed requests were found.
|11:54:37| [INFO] No unprocessed requests were found.
|11:54:37| [INFO] No unprocessed requests were found.
|11:54:37| [INFO] No unprocessed requests were found.
|11:54:37| [INFO] No unprocessed requests were found.
|11:54:37| [INFO] No unprocessed requests were found.
|11:54:37| [INFO] No unprocessed requests were found.
|11:54:38| [INFO] No unprocessed requests were found.
|11:54:38| [INFO] No unprocessed requests were found.
|11:54:38| [INFO] No unprocessed requests were found.
|11:54:39| [INFO] No unprocessed requests were found.
|11:54:39| [INFO] No unprocessed requests were found.
|11:54:39| [INFO] No unprocessed requests were found.
|11:54:39| [INFO] No unprocessed requests were found.
|11:54:39| [INFO] No unprocessed requests were found.
|11:54:39| [INFO] No unprocessed requests were found.
|11:54:40| [INFO] No unprocessed requests were found.
|11:54:40| [INFO] No unprocessed requests were found.
|11:54:40| [INFO] No unprocessed requests were found.
|11:54:40| [INFO] No unprocessed requests were found.
|11:54:41| [INFO] No unprocessed requests were found.
|11:54:41| [INFO] No unprocessed requests were found.
|11:54:41| [INFO] No unprocessed requests were found.
|11:54:41| [INFO] No unprocessed requests were found.
|11:54:41| [INFO] No unprocessed requests were found.
|11:54:41| [INFO] No unprocessed requests were found.
|11:54:42| [INFO] No unprocessed requests were found.
|11:54:42| [INFO] No unprocessed requests were found.
|11:54:42| [INFO] No unprocessed requests were found.
|11:54:42| [INFO] No unprocessed requests were found.
|11:54:43| [INFO] No unprocessed requests were found.
|11:54:43| [INFO] No unprocessed requests were found.
|11:54:43| [INFO] No unprocessed requests were found.
|11:54:43| [INFO] No unprocessed requests were found.
|11:54:44| [INFO] No unprocessed requests were found.
|11:54:44| [INFO] No unprocessed requests were found.
|11:54:44| [INFO] No unprocessed requests were found.
|11:54:44| [INFO] No unprocessed requests were found.
|11:54:44| [INFO] No unprocessed requests were found.
|11:54:44| [INFO] No unprocessed requests were found.
|11:54:45| [INFO] No unprocessed requests were found.
|11:54:45| [INFO] No unprocessed requests were found.
|11:54:45| [INFO] No unprocessed requests were found.
|11:54:45| [INFO] No unprocessed requests were found.
|11:54:46| [INFO] No unprocessed requests were found.
|11:54:46| [INFO] No unprocessed requests were found.
|11:54:46| [INFO] No unprocessed requests were found.
|11:54:46| [INFO] No unprocessed requests were found.
|11:54:46| [INFO] No unprocessed requests were found.
|11:54:46| [INFO] No unprocessed requests were found.
|11:54:46| [INFO] No unprocessed requests were found.
|11:54:46| [INFO] No unprocessed requests were found.
|11:54:46| [INFO] No unprocessed requests were found.
|11:54:46| [INFO] No unprocessed requests were found.
|11:54:46| [INFO] No unprocessed requests were found.
|11:54:46| [INFO] No unprocessed requests were found.
|11:54:46| [INFO] No unprocessed requests were found.
|11:54:46| [INFO] No unprocessed requests were found.
|11:54:47| [INFO] No unprocessed requests were found.
|11:54:47| [INFO] No unprocessed requests were found.
|11:54:47| [INFO] No unprocessed requests were found.
|11:54:47| [INFO] No unprocessed requests were found.
|11:54:47| [INFO] No unprocessed requests were found.
|11:54:47| [INFO] No unprocessed requests were found.
|11:54:47| [INFO] No unprocessed requests were found.
|11:54:47| [INFO] No unprocessed requests were found.
|11:54:47| [INFO] No unprocessed requests were found.
|11:54:47| [INFO] No unprocessed requests were found.
|11:54:47| [INFO] No unprocessed requests were found.
|11:54:47| [INFO] No unprocessed requests were found.
|11:54:47| [INFO] No unprocessed requests were found.
|11:54:47| [INFO] No unprocessed requests were found.
|11:54:47| [INFO] No unprocessed requests were found.
|11:54:47| [INFO] No unprocessed requests were found.
|11:54:47| [INFO] No unprocessed requests were found.
|11:54:47| [INFO] No unprocessed requests were found.
|11:54:47| [INFO] No unprocessed requests were found.
|11:54:47| [INFO] No unprocessed requests were found.
|11:54:47| [INFO] No unprocessed requests were found.
|11:54:48| [INFO] No unprocessed requests were found.
|11:54:48| [INFO] No unprocessed requests were found.
|11:54:48| [INFO] No unprocessed requests were found.
|11:54:48| [INFO] No unprocessed requests were found.
|11:54:49| [INFO] No unprocessed requests were found.
|11:54:49| [INFO] No unprocessed requests were found.
|11:54:49| [INFO] No unprocessed requests were found.
|11:54:49| [INFO] No unprocessed requests were found.
|11:54:50| [INFO] No unprocessed requests were found.
|11:54:50| [INFO] No unprocessed requests were found.
|11:54:50| [INFO] No unprocessed requests were found.
|11:54:50| [INFO] No unprocessed requests were found.
|11:54:51| [INFO] No unprocessed requests were found.
|11:54:51| [INFO] No unprocessed requests were found.
|11:54:51| [INFO] No unprocessed requests were found.
|11:54:51| [INFO] No unprocessed requests were found.
|11:54:51| [INFO] No unprocessed requests were found.
|11:54:51| [INFO] No unprocessed requests were found.
|11:54:52| [INFO] No unprocessed requests were found.
|11:54:52| [INFO] No unprocessed requests were found.
|11:54:53| [INFO] No unprocessed requests were found.
|11:54:53| [INFO] No unprocessed requests were found.
|11:54:53| [INFO] No unprocessed requests were found.
|11:54:53| [INFO] No unprocessed requests were found.
|11:54:53| [INFO] No unprocessed requests were found.
|11:54:54| [INFO] No unprocessed requests were found.
|11:54:54| [INFO] No unprocessed requests were found.
|11:54:54| [INFO] No unprocessed requests were found.
|11:54:54| [INFO] No unprocessed requests were found.
|11:54:54| [INFO] No unprocessed requests were found.
|11:54:55| [INFO] No unprocessed requests were found.
|11:54:55| [INFO] No unprocessed requests were found.
|11:54:55| [INFO] No unprocessed requests were found.
|11:54:55| [INFO] No unprocessed requests were found.
|11:54:55| [INFO] No unprocessed requests were found.
|11:54:56| [INFO] No unprocessed requests were found.
|11:54:56| [INFO] No unprocessed requests were found.
|11:54:56| [INFO] No unprocessed requests were found.
|11:54:56| [INFO] No unprocessed requests were found.
|11:54:56| [INFO] No unprocessed requests were found.
|11:54:57| [INFO] No unprocessed requests were found.
|11:54:57| [INFO] No unprocessed requests were found.
|11:54:57| [INFO] No unprocessed requests were found.
|11:54:57| [INFO] No unprocessed requests were found.
|11:54:58| [INFO] No unprocessed requests were found.
|11:54:58| [INFO] No unprocessed requests were found.
|11:54:58| [INFO] No unprocessed requests were found.
|11:54:58| [INFO] No unprocessed requests were found.
|11:54:58| [INFO] No unprocessed requests were found.
|11:54:58| [INFO] No unprocessed requests were found.
|11:54:59| [INFO] No unprocessed requests were found.
|11:54:59| [INFO] No unprocessed requests were found.
|11:54:59| [INFO] No unprocessed requests were found.
|11:54:59| [INFO] No unprocessed requests were found.
|11:55:00| [INFO] No unprocessed requests were found.
|11:55:00| [INFO] Found 1 request that has not yet been processed.
