|12:02:42| [INFO] Logging initialized!
|12:02:42| [INFO] Current date: 2016-01-21
|12:02:42| [INFO] This is an automatically generated log file from the Computer Science 12U ISU Server made by Andrew and Tianli.
|12:02:42| [INFO] Server starting up!
|12:02:42| [INFO] The file path specified for the first argument is valid.
|12:02:43| [INFO] Found clubs directory in E:/ISU/Compsci12ISUServer_Data directory.
|12:02:43| [INFO] Found posts directory in E:/ISU/Compsci12ISUServer_Data directory.
|12:02:43| [INFO] Found users directory in E:/ISU/Compsci12ISUServer_Data directory.
|12:02:43| [INFO] Found pseudo requests directory in E:/ISU/Compsci12ISUServer_Data directory.
|12:02:43| [INFO] Found admins directory in E:/ISU/Compsci12ISUServer_Data directory.
|12:02:43| [INFO] No unprocessed requests were found.
|12:02:44| [INFO] No unprocessed requests were found.
|12:02:44| [INFO] No unprocessed requests were found.
|12:02:44| [INFO] No unprocessed requests were found.
|12:02:44| [INFO] No unprocessed requests were found.
|12:02:45| [INFO] No unprocessed requests were found.
|12:02:45| [INFO] No unprocessed requests were found.
|12:02:45| [INFO] No unprocessed requests were found.
|12:02:45| [INFO] No unprocessed requests were found.
|12:02:45| [INFO] No unprocessed requests were found.
|12:02:45| [INFO] No unprocessed requests were found.
|12:02:46| [INFO] No unprocessed requests were found.
|12:02:46| [INFO] No unprocessed requests were found.
|12:02:46| [INFO] No unprocessed requests were found.
|12:02:47| [INFO] No unprocessed requests were found.
|12:02:47| [INFO] No unprocessed requests were found.
|12:02:47| [INFO] No unprocessed requests were found.
|12:02:47| [INFO] No unprocessed requests were found.
|12:02:47| [INFO] No unprocessed requests were found.
|12:02:47| [INFO] No unprocessed requests were found.
|12:02:48| [INFO] No unprocessed requests were found.
|12:02:48| [INFO] No unprocessed requests were found.
|12:02:48| [INFO] No unprocessed requests were found.
|12:02:48| [INFO] No unprocessed requests were found.
|12:02:49| [INFO] No unprocessed requests were found.
|12:02:49| [INFO] No unprocessed requests were found.
|12:02:49| [INFO] No unprocessed requests were found.
|12:02:49| [INFO] No unprocessed requests were found.
|12:02:49| [INFO] No unprocessed requests were found.
|12:02:49| [INFO] No unprocessed requests were found.
|12:02:49| [INFO] No unprocessed requests were found.
|12:02:50| [INFO] No unprocessed requests were found.
|12:02:50| [INFO] No unprocessed requests were found.
|12:02:50| [INFO] No unprocessed requests were found.
|12:02:50| [INFO] No unprocessed requests were found.
|12:02:50| [INFO] No unprocessed requests were found.
|12:02:50| [INFO] No unprocessed requests were found.
|12:02:51| [INFO] No unprocessed requests were found.
|12:02:51| [INFO] No unprocessed requests were found.
|12:02:51| [INFO] No unprocessed requests were found.
|12:02:51| [INFO] No unprocessed requests were found.
|12:02:51| [INFO] No unprocessed requests were found.
|12:02:51| [INFO] No unprocessed requests were found.
|12:02:52| [INFO] No unprocessed requests were found.
|12:02:52| [INFO] No unprocessed requests were found.
|12:02:52| [INFO] No unprocessed requests were found.
|12:02:53| [INFO] No unprocessed requests were found.
|12:02:53| [INFO] No unprocessed requests were found.
|12:02:53| [INFO] No unprocessed requests were found.
|12:02:53| [INFO] No unprocessed requests were found.
|12:02:53| [INFO] No unprocessed requests were found.
|12:02:53| [INFO] No unprocessed requests were found.
|12:02:54| [INFO] No unprocessed requests were found.
|12:02:54| [INFO] No unprocessed requests were found.
|12:02:54| [INFO] No unprocessed requests were found.
|12:02:55| [INFO] No unprocessed requests were found.
|12:02:55| [INFO] No unprocessed requests were found.
|12:02:55| [INFO] No unprocessed requests were found.
|12:02:55| [INFO] No unprocessed requests were found.
|12:02:55| [INFO] No unprocessed requests were found.
|12:02:55| [INFO] No unprocessed requests were found.
|12:02:56| [INFO] No unprocessed requests were found.
|12:02:56| [INFO] No unprocessed requests were found.
|12:02:56| [INFO] No unprocessed requests were found.
|12:02:56| [INFO] No unprocessed requests were found.
|12:02:57| [INFO] No unprocessed requests were found.
|12:02:57| [INFO] No unprocessed requests were found.
|12:02:58| [INFO] No unprocessed requests were found.
|12:02:58| [INFO] No unprocessed requests were found.
|12:02:58| [INFO] No unprocessed requests were found.
|12:02:58| [INFO] No unprocessed requests were found.
|12:02:58| [INFO] Found 1 request that has not yet been processed.
|12:03:00| [INFO] Time taken to respond: 1391
|12:03:00| [INFO] No unprocessed requests were found.
|12:03:00| [INFO] No unprocessed requests were found.
|12:03:01| [INFO] No unprocessed requests were found.
|12:03:01| [INFO] No unprocessed requests were found.
|12:03:01| [INFO] No unprocessed requests were found.
|12:03:01| [INFO] No unprocessed requests were found.
|12:03:01| [INFO] No unprocessed requests were found.
|12:03:02| [INFO] No unprocessed requests were found.
|12:03:02| [INFO] No unprocessed requests were found.
|12:03:02| [INFO] No unprocessed requests were found.
|12:03:02| [INFO] No unprocessed requests were found.
|12:03:03| [INFO] No unprocessed requests were found.
|12:03:03| [INFO] No unprocessed requests were found.
|12:03:03| [INFO] No unprocessed requests were found.
|12:03:03| [INFO] No unprocessed requests were found.
|12:03:03| [INFO] No unprocessed requests were found.
|12:03:03| [INFO] No unprocessed requests were found.
|12:03:04| [INFO] No unprocessed requests were found.
|12:03:04| [INFO] No unprocessed requests were found.
|12:03:04| [INFO] No unprocessed requests were found.
|12:03:04| [INFO] No unprocessed requests were found.
|12:03:05| [INFO] No unprocessed requests were found.
|12:03:05| [INFO] No unprocessed requests were found.
|12:03:05| [INFO] No unprocessed requests were found.
|12:03:05| [INFO] No unprocessed requests were found.
|12:03:05| [INFO] No unprocessed requests were found.
|12:03:06| [INFO] No unprocessed requests were found.
|12:03:06| [INFO] No unprocessed requests were found.
|12:03:06| [INFO] No unprocessed requests were found.
|12:03:06| [INFO] No unprocessed requests were found.
|12:03:07| [INFO] No unprocessed requests were found.
|12:03:07| [INFO] No unprocessed requests were found.
|12:03:07| [INFO] No unprocessed requests were found.
|12:03:07| [INFO] No unprocessed requests were found.
|12:03:07| [INFO] No unprocessed requests were found.
|12:03:07| [INFO] No unprocessed requests were found.
|12:03:07| [INFO] No unprocessed requests were found.
|12:03:08| [INFO] No unprocessed requests were found.
|12:03:08| [INFO] No unprocessed requests were found.
|12:03:08| [INFO] No unprocessed requests were found.
|12:03:08| [INFO] No unprocessed requests were found.
|12:03:09| [INFO] No unprocessed requests were found.
|12:03:09| [INFO] No unprocessed requests were found.
|12:03:09| [INFO] No unprocessed requests were found.
|12:03:09| [INFO] No unprocessed requests were found.
|12:03:09| [INFO] No unprocessed requests were found.
|12:03:09| [INFO] No unprocessed requests were found.
|12:03:09| [INFO] No unprocessed requests were found.
|12:03:10| [INFO] No unprocessed requests were found.
|12:03:10| [INFO] No unprocessed requests were found.
|12:03:10| [INFO] No unprocessed requests were found.
|12:03:11| [INFO] No unprocessed requests were found.
|12:03:11| [INFO] No unprocessed requests were found.
|12:03:11| [INFO] No unprocessed requests were found.
|12:03:11| [INFO] No unprocessed requests were found.
|12:03:11| [INFO] No unprocessed requests were found.
|12:03:11| [INFO] No unprocessed requests were found.
|12:03:12| [INFO] No unprocessed requests were found.
|12:03:12| [INFO] No unprocessed requests were found.
|12:03:12| [INFO] No unprocessed requests were found.
|12:03:12| [INFO] No unprocessed requests were found.
|12:03:13| [INFO] No unprocessed requests were found.
|12:03:13| [INFO] No unprocessed requests were found.
|12:03:14| [INFO] No unprocessed requests were found.
|12:03:14| [INFO] No unprocessed requests were found.
|12:03:14| [INFO] No unprocessed requests were found.
|12:03:14| [INFO] No unprocessed requests were found.
|12:03:14| [INFO] No unprocessed requests were found.
|12:03:14| [INFO] No unprocessed requests were found.
|12:03:15| [INFO] No unprocessed requests were found.
|12:03:15| [INFO] No unprocessed requests were found.
|12:03:15| [INFO] No unprocessed requests were found.
|12:03:15| [INFO] No unprocessed requests were found.
|12:03:16| [INFO] No unprocessed requests were found.
|12:03:16| [INFO] No unprocessed requests were found.
|12:03:16| [INFO] No unprocessed requests were found.
|12:03:16| [INFO] No unprocessed requests were found.
|12:03:16| [INFO] No unprocessed requests were found.
|12:03:16| [INFO] No unprocessed requests were found.
|12:03:17| [INFO] No unprocessed requests were found.
|12:03:17| [INFO] No unprocessed requests were found.
|12:03:17| [INFO] No unprocessed requests were found.
|12:03:17| [INFO] No unprocessed requests were found.
|12:03:18| [INFO] No unprocessed requests were found.
|12:03:18| [INFO] No unprocessed requests were found.
|12:03:18| [INFO] No unprocessed requests were found.
|12:03:18| [INFO] No unprocessed requests were found.
|12:03:18| [INFO] No unprocessed requests were found.
|12:03:18| [INFO] No unprocessed requests were found.
|12:03:18| [INFO] No unprocessed requests were found.
|12:03:18| [INFO] No unprocessed requests were found.
|12:03:18| [INFO] No unprocessed requests were found.
|12:03:18| [INFO] No unprocessed requests were found.
|12:03:18| [INFO] No unprocessed requests were found.
|12:03:18| [INFO] No unprocessed requests were found.
|12:03:18| [INFO] No unprocessed requests were found.
|12:03:18| [INFO] No unprocessed requests were found.
|12:03:18| [INFO] No unprocessed requests were found.
|12:03:18| [INFO] No unprocessed requests were found.
|12:03:19| [INFO] No unprocessed requests were found.
|12:03:19| [INFO] No unprocessed requests were found.
|12:03:19| [INFO] No unprocessed requests were found.
|12:03:19| [INFO] No unprocessed requests were found.
|12:03:19| [INFO] No unprocessed requests were found.
|12:03:19| [INFO] No unprocessed requests were found.
|12:03:19| [INFO] No unprocessed requests were found.
|12:03:19| [INFO] No unprocessed requests were found.
|12:03:20| [INFO] No unprocessed requests were found.
|12:03:20| [INFO] No unprocessed requests were found.
|12:03:20| [INFO] No unprocessed requests were found.
|12:03:20| [INFO] No unprocessed requests were found.
|12:03:20| [INFO] No unprocessed requests were found.
|12:03:21| [INFO] No unprocessed requests were found.
|12:03:21| [INFO] No unprocessed requests were found.
|12:03:21| [INFO] No unprocessed requests were found.
|12:03:21| [INFO] No unprocessed requests were found.
|12:03:21| [INFO] No unprocessed requests were found.
|12:03:21| [INFO] No unprocessed requests were found.
|12:03:22| [INFO] No unprocessed requests were found.
|12:03:22| [INFO] No unprocessed requests were found.
|12:03:22| [INFO] No unprocessed requests were found.
|12:03:23| [INFO] No unprocessed requests were found.
|12:03:23| [INFO] No unprocessed requests were found.
|12:03:23| [INFO] No unprocessed requests were found.
|12:03:24| [INFO] No unprocessed requests were found.
|12:03:24| [INFO] No unprocessed requests were found.
|12:03:24| [INFO] No unprocessed requests were found.
|12:03:24| [INFO] No unprocessed requests were found.
|12:03:24| [INFO] No unprocessed requests were found.
|12:03:24| [INFO] No unprocessed requests were found.
|12:03:25| [INFO] No unprocessed requests were found.
|12:03:25| [INFO] No unprocessed requests were found.
|12:03:25| [INFO] No unprocessed requests were found.
|12:03:25| [INFO] No unprocessed requests were found.
|12:03:26| [INFO] No unprocessed requests were found.
|12:03:26| [INFO] No unprocessed requests were found.
|12:03:27| [INFO] No unprocessed requests were found.
|12:03:27| [INFO] No unprocessed requests were found.
|12:03:28| [INFO] No unprocessed requests were found.
|12:03:28| [INFO] No unprocessed requests were found.
|12:03:28| [INFO] No unprocessed requests were found.
|12:03:28| [INFO] No unprocessed requests were found.
|12:03:29| [INFO] No unprocessed requests were found.
|12:03:29| [INFO] No unprocessed requests were found.
|12:03:30| [INFO] No unprocessed requests were found.
|12:03:30| [INFO] No unprocessed requests were found.
|12:03:30| [INFO] No unprocessed requests were found.
|12:03:30| [INFO] No unprocessed requests were found.
|12:03:30| [INFO] No unprocessed requests were found.
|12:03:31| [INFO] No unprocessed requests were found.
|12:03:31| [INFO] No unprocessed requests were found.
|12:03:31| [INFO] No unprocessed requests were found.
|12:03:32| [INFO] No unprocessed requests were found.
|12:03:32| [INFO] No unprocessed requests were found.
|12:03:32| [INFO] No unprocessed requests were found.
|12:03:32| [INFO] No unprocessed requests were found.
|12:03:32| [INFO] No unprocessed requests were found.
|12:03:33| [INFO] No unprocessed requests were found.
|12:03:33| [INFO] No unprocessed requests were found.
|12:03:33| [INFO] No unprocessed requests were found.
|12:03:33| [INFO] Found 1 request that has not yet been processed.
