|11:57:34| [INFO] Logging initialized!
|11:57:34| [INFO] Current date: 2016-01-20
|11:57:34| [INFO] This is an automatically generated log file from the Computer Science 12U ISU Server made by Andrew and Tianli.
|11:57:34| [INFO] Server starting up!
|11:57:34| [INFO] The file path specified for the first argument is valid.
|11:57:35| [INFO] Found clubs directory in E:/ISU/Compsci12ISUServer_Data directory.
|11:57:35| [INFO] Found posts directory in E:/ISU/Compsci12ISUServer_Data directory.
|11:57:35| [INFO] Found users directory in E:/ISU/Compsci12ISUServer_Data directory.
|11:57:35| [INFO] Found pseudo requests directory in E:/ISU/Compsci12ISUServer_Data directory.
|11:57:35| [INFO] Found admins directory in E:/ISU/Compsci12ISUServer_Data directory.
|11:57:35| [INFO] Found 1 request that has not yet been processed.
|11:57:36| [INFO] Time taken to respond: 375
|11:57:36| [INFO] No unprocessed requests were found.
|11:57:37| [INFO] No unprocessed requests were found.
|11:57:37| [INFO] No unprocessed requests were found.
|11:57:37| [INFO] No unprocessed requests were found.
|11:57:37| [INFO] No unprocessed requests were found.
|11:57:37| [INFO] No unprocessed requests were found.
|11:57:37| [INFO] No unprocessed requests were found.
|11:57:38| [INFO] No unprocessed requests were found.
|11:57:38| [INFO] No unprocessed requests were found.
|11:57:38| [INFO] No unprocessed requests were found.
|11:57:38| [INFO] No unprocessed requests were found.
|11:57:38| [INFO] No unprocessed requests were found.
|11:57:38| [INFO] No unprocessed requests were found.
|11:57:39| [INFO] No unprocessed requests were found.
|11:57:39| [INFO] No unprocessed requests were found.
|11:57:39| [INFO] No unprocessed requests were found.
|11:57:39| [INFO] No unprocessed requests were found.
|11:57:40| [INFO] No unprocessed requests were found.
|11:57:40| [INFO] No unprocessed requests were found.
|11:57:40| [INFO] No unprocessed requests were found.
|11:57:40| [INFO] No unprocessed requests were found.
|11:57:40| [INFO] No unprocessed requests were found.
