|11:22:14| [INFO] Logging initialized!
|11:22:14| [INFO] Current date: 2016-01-20
|11:22:14| [INFO] This is an automatically generated log file from the Computer Science 12U ISU Server made by Andrew and Tianli.
|11:22:14| [INFO] Server starting up!
|11:22:14| [INFO] The file path specified for the first argument is valid.
|11:22:14| [INFO] Found clubs directory in E:/ISU/Compsci12ISUServer_Data directory.
|11:22:15| [INFO] Found posts directory in E:/ISU/Compsci12ISUServer_Data directory.
|11:22:15| [INFO] Found users directory in E:/ISU/Compsci12ISUServer_Data directory.
|11:22:15| [INFO] Found pseudo requests directory in E:/ISU/Compsci12ISUServer_Data directory.
|11:22:15| [INFO] Found admins directory in E:/ISU/Compsci12ISUServer_Data directory.
|11:22:15| [INFO] Found 1 request that has not yet been processed.
|11:22:16| [INFO] Time taken to respond: 969
|11:22:16| [INFO] No unprocessed requests were found.
|11:22:17| [INFO] No unprocessed requests were found.
|11:22:17| [INFO] No unprocessed requests were found.
|11:22:17| [INFO] No unprocessed requests were found.
|11:22:17| [INFO] No unprocessed requests were found.
|11:22:17| [INFO] No unprocessed requests were found.
|11:22:17| [INFO] No unprocessed requests were found.
|11:22:18| [INFO] No unprocessed requests were found.
|11:22:18| [INFO] No unprocessed requests were found.
|11:22:18| [INFO] No unprocessed requests were found.
|11:22:18| [INFO] No unprocessed requests were found.
|11:22:18| [INFO] No unprocessed requests were found.
|11:22:19| [INFO] No unprocessed requests were found.
|11:22:19| [INFO] No unprocessed requests were found.
|11:22:19| [INFO] No unprocessed requests were found.
|11:22:19| [INFO] No unprocessed requests were found.
|11:22:19| [INFO] No unprocessed requests were found.
|11:22:19| [INFO] No unprocessed requests were found.
|11:22:19| [INFO] No unprocessed requests were found.
|11:22:19| [INFO] No unprocessed requests were found.
|11:22:19| [INFO] No unprocessed requests were found.
|11:22:20| [INFO] No unprocessed requests were found.
|11:22:20| [INFO] No unprocessed requests were found.
|11:22:20| [INFO] No unprocessed requests were found.
|11:22:20| [INFO] No unprocessed requests were found.
|11:22:20| [INFO] No unprocessed requests were found.
|11:22:20| [INFO] No unprocessed requests were found.
|11:22:20| [INFO] No unprocessed requests were found.
|11:22:20| [INFO] No unprocessed requests were found.
|11:22:20| [INFO] No unprocessed requests were found.
|11:22:20| [INFO] No unprocessed requests were found.
|11:22:20| [INFO] No unprocessed requests were found.
|11:22:20| [INFO] No unprocessed requests were found.
|11:22:20| [INFO] No unprocessed requests were found.
|11:22:20| [INFO] No unprocessed requests were found.
|11:22:20| [INFO] No unprocessed requests were found.
|11:22:20| [INFO] No unprocessed requests were found.
|11:22:20| [INFO] No unprocessed requests were found.
|11:22:20| [INFO] No unprocessed requests were found.
|11:22:20| [INFO] No unprocessed requests were found.
|11:22:20| [INFO] No unprocessed requests were found.
|11:22:20| [INFO] No unprocessed requests were found.
|11:22:20| [INFO] No unprocessed requests were found.
|11:22:20| [INFO] No unprocessed requests were found.
|11:22:20| [INFO] No unprocessed requests were found.
|11:22:20| [INFO] No unprocessed requests were found.
|11:22:20| [INFO] No unprocessed requests were found.
|11:22:20| [INFO] No unprocessed requests were found.
|11:22:20| [INFO] No unprocessed requests were found.
|11:22:20| [INFO] No unprocessed requests were found.
|11:22:20| [INFO] No unprocessed requests were found.
|11:22:21| [INFO] No unprocessed requests were found.
|11:22:21| [INFO] Found 1 request that has not yet been processed.
|11:22:22| [SEVERE] System.IO.IOException: The file 'E:/ISU/Compsci12ISUClient/ISU/bin/Debug/posts/01-21-2016_03.14.25.txt' already exists.
   at System.IO.__Error.WinIOError(Int32 errorCode, String maybeFullPath)
   at System.IO.File.InternalCopy(String sourceFileName, String destFileName, Boolean overwrite, Boolean checkHost)
   at System.IO.File.Copy(String sourceFileName, String destFileName)
   at Compsci12ISUServer.AndrewModel.RespondWithListOfPosts(String target, Int32 quantifier) in E:\ISU\Compsci12ISUServer\Compsci12ISUServer\AndrewModel.cs:line 482
|11:22:22| [INFO] No unprocessed requests were found.
|11:22:23| [INFO] No unprocessed requests were found.
|11:22:23| [INFO] No unprocessed requests were found.
|11:22:23| [INFO] No unprocessed requests were found.
|11:22:23| [INFO] No unprocessed requests were found.
|11:22:23| [INFO] No unprocessed requests were found.
|11:22:23| [INFO] No unprocessed requests were found.
|11:22:23| [INFO] No unprocessed requests were found.
|11:22:24| [INFO] No unprocessed requests were found.
|11:22:24| [INFO] No unprocessed requests were found.
|11:22:25| [INFO] No unprocessed requests were found.
|11:22:25| [INFO] No unprocessed requests were found.
|11:22:25| [INFO] No unprocessed requests were found.
|11:22:25| [INFO] No unprocessed requests were found.
|11:22:25| [INFO] No unprocessed requests were found.
|11:22:25| [INFO] No unprocessed requests were found.
|11:22:26| [INFO] No unprocessed requests were found.
|11:22:26| [INFO] No unprocessed requests were found.
|11:22:26| [INFO] No unprocessed requests were found.
|11:22:26| [INFO] No unprocessed requests were found.
|11:22:26| [INFO] No unprocessed requests were found.
|11:22:26| [INFO] No unprocessed requests were found.
|11:22:27| [INFO] No unprocessed requests were found.
|11:22:27| [INFO] No unprocessed requests were found.
|11:22:27| [INFO] No unprocessed requests were found.
|11:22:27| [INFO] No unprocessed requests were found.
|11:22:27| [INFO] No unprocessed requests were found.
|11:22:27| [INFO] No unprocessed requests were found.
|11:22:27| [INFO] No unprocessed requests were found.
|11:22:27| [INFO] No unprocessed requests were found.
|11:22:27| [INFO] No unprocessed requests were found.
|11:22:27| [INFO] No unprocessed requests were found.
|11:22:27| [INFO] No unprocessed requests were found.
|11:22:27| [INFO] No unprocessed requests were found.
|11:22:27| [INFO] No unprocessed requests were found.
|11:22:27| [INFO] No unprocessed requests were found.
|11:22:27| [INFO] No unprocessed requests were found.
|11:22:27| [INFO] No unprocessed requests were found.
|11:22:27| [INFO] No unprocessed requests were found.
|11:22:27| [INFO] No unprocessed requests were found.
|11:22:27| [INFO] No unprocessed requests were found.
|11:22:27| [INFO] No unprocessed requests were found.
|11:22:27| [INFO] No unprocessed requests were found.
|11:22:27| [INFO] No unprocessed requests were found.
|11:22:27| [INFO] No unprocessed requests were found.
|11:22:27| [INFO] No unprocessed requests were found.
|11:22:27| [INFO] No unprocessed requests were found.
|11:22:27| [INFO] No unprocessed requests were found.
|11:22:27| [INFO] No unprocessed requests were found.
|11:22:27| [INFO] No unprocessed requests were found.
|11:22:27| [INFO] No unprocessed requests were found.
|11:22:27| [INFO] No unprocessed requests were found.
|11:22:28| [INFO] No unprocessed requests were found.
|11:22:28| [INFO] No unprocessed requests were found.
|11:22:28| [INFO] No unprocessed requests were found.
|11:22:28| [INFO] No unprocessed requests were found.
|11:22:28| [INFO] No unprocessed requests were found.
|11:22:29| [INFO] No unprocessed requests were found.
|11:22:29| [INFO] No unprocessed requests were found.
|11:22:29| [INFO] No unprocessed requests were found.
|11:22:29| [INFO] No unprocessed requests were found.
|11:22:30| [INFO] No unprocessed requests were found.
|11:22:30| [INFO] No unprocessed requests were found.
|11:22:30| [INFO] No unprocessed requests were found.
|11:22:30| [INFO] No unprocessed requests were found.
|11:22:30| [INFO] No unprocessed requests were found.
|11:22:30| [INFO] No unprocessed requests were found.
|11:22:31| [INFO] No unprocessed requests were found.
|11:22:31| [INFO] No unprocessed requests were found.
|11:22:31| [INFO] No unprocessed requests were found.
|11:22:31| [INFO] No unprocessed requests were found.
|11:22:31| [INFO] No unprocessed requests were found.
|11:22:32| [INFO] No unprocessed requests were found.
|11:22:32| [INFO] No unprocessed requests were found.
|11:22:32| [INFO] No unprocessed requests were found.
|11:22:32| [INFO] No unprocessed requests were found.
|11:22:32| [INFO] No unprocessed requests were found.
|11:22:32| [INFO] No unprocessed requests were found.
|11:22:33| [INFO] No unprocessed requests were found.
|11:22:33| [INFO] No unprocessed requests were found.
