|11:57:55| [INFO] Logging initialized!
|11:57:55| [INFO] Current date: 2016-01-20
|11:57:55| [INFO] This is an automatically generated log file from the Computer Science 12U ISU Server made by Andrew and Tianli.
|11:57:55| [INFO] Server starting up!
|11:57:55| [INFO] The file path specified for the first argument is valid.
|11:57:56| [INFO] Found clubs directory in E:/ISU/Compsci12ISUServer_Data directory.
|11:57:56| [INFO] Found posts directory in E:/ISU/Compsci12ISUServer_Data directory.
|11:57:56| [INFO] Found users directory in E:/ISU/Compsci12ISUServer_Data directory.
|11:57:56| [INFO] Found pseudo requests directory in E:/ISU/Compsci12ISUServer_Data directory.
|11:57:56| [INFO] Found admins directory in E:/ISU/Compsci12ISUServer_Data directory.
|11:57:56| [INFO] No unprocessed requests were found.
|11:57:56| [INFO] No unprocessed requests were found.
|11:57:56| [INFO] No unprocessed requests were found.
|11:57:57| [INFO] No unprocessed requests were found.
|11:57:57| [INFO] No unprocessed requests were found.
|11:57:57| [INFO] No unprocessed requests were found.
|11:57:57| [INFO] No unprocessed requests were found.
|11:57:58| [INFO] No unprocessed requests were found.
|11:57:58| [INFO] No unprocessed requests were found.
|11:57:58| [INFO] No unprocessed requests were found.
|11:57:58| [INFO] No unprocessed requests were found.
|11:57:58| [INFO] No unprocessed requests were found.
|11:57:58| [INFO] No unprocessed requests were found.
|11:57:59| [INFO] No unprocessed requests were found.
|11:57:59| [INFO] No unprocessed requests were found.
|11:57:59| [INFO] No unprocessed requests were found.
|11:57:59| [INFO] No unprocessed requests were found.
|11:58:00| [INFO] No unprocessed requests were found.
|11:58:00| [INFO] No unprocessed requests were found.
|11:58:00| [INFO] No unprocessed requests were found.
|11:58:00| [INFO] No unprocessed requests were found.
|11:58:00| [INFO] No unprocessed requests were found.
|11:58:00| [INFO] No unprocessed requests were found.
|11:58:01| [INFO] No unprocessed requests were found.
|11:58:01| [INFO] No unprocessed requests were found.
|11:58:01| [INFO] No unprocessed requests were found.
|11:58:01| [INFO] No unprocessed requests were found.
|11:58:02| [INFO] No unprocessed requests were found.
|11:58:02| [INFO] No unprocessed requests were found.
|11:58:02| [INFO] No unprocessed requests were found.
|11:58:02| [INFO] No unprocessed requests were found.
|11:58:02| [INFO] No unprocessed requests were found.
|11:58:02| [INFO] No unprocessed requests were found.
|11:58:02| [INFO] No unprocessed requests were found.
|11:58:02| [INFO] No unprocessed requests were found.
|11:58:02| [INFO] No unprocessed requests were found.
|11:58:02| [INFO] No unprocessed requests were found.
|11:58:02| [INFO] No unprocessed requests were found.
|11:58:02| [INFO] No unprocessed requests were found.
|11:58:02| [INFO] No unprocessed requests were found.
|11:58:02| [INFO] No unprocessed requests were found.
|11:58:03| [INFO] No unprocessed requests were found.
|11:58:03| [INFO] No unprocessed requests were found.
|11:58:03| [INFO] No unprocessed requests were found.
|11:58:03| [INFO] No unprocessed requests were found.
|11:58:03| [INFO] No unprocessed requests were found.
|11:58:03| [INFO] No unprocessed requests were found.
|11:58:03| [INFO] No unprocessed requests were found.
|11:58:03| [INFO] No unprocessed requests were found.
|11:58:03| [INFO] No unprocessed requests were found.
|11:58:03| [INFO] No unprocessed requests were found.
|11:58:03| [INFO] No unprocessed requests were found.
|11:58:03| [INFO] No unprocessed requests were found.
|11:58:04| [INFO] No unprocessed requests were found.
|11:58:04| [INFO] No unprocessed requests were found.
|11:58:04| [INFO] No unprocessed requests were found.
|11:58:05| [INFO] No unprocessed requests were found.
|11:58:05| [INFO] No unprocessed requests were found.
|11:58:05| [INFO] No unprocessed requests were found.
|11:58:05| [INFO] No unprocessed requests were found.
|11:58:05| [INFO] No unprocessed requests were found.
|11:58:05| [INFO] No unprocessed requests were found.
|11:58:06| [INFO] No unprocessed requests were found.
|11:58:06| [INFO] No unprocessed requests were found.
|11:58:07| [INFO] No unprocessed requests were found.
|11:58:07| [INFO] No unprocessed requests were found.
|11:58:07| [INFO] No unprocessed requests were found.
|11:58:07| [INFO] No unprocessed requests were found.
|11:58:07| [INFO] No unprocessed requests were found.
|11:58:07| [INFO] No unprocessed requests were found.
|11:58:08| [INFO] No unprocessed requests were found.
|11:58:08| [INFO] No unprocessed requests were found.
|11:58:08| [INFO] No unprocessed requests were found.
|11:58:08| [INFO] No unprocessed requests were found.
|11:58:09| [INFO] No unprocessed requests were found.
|11:58:09| [INFO] No unprocessed requests were found.
|11:58:09| [INFO] No unprocessed requests were found.
|11:58:09| [INFO] No unprocessed requests were found.
|11:58:09| [INFO] No unprocessed requests were found.
|11:58:09| [INFO] No unprocessed requests were found.
|11:58:10| [INFO] No unprocessed requests were found.
|11:58:10| [INFO] No unprocessed requests were found.
|11:58:10| [INFO] No unprocessed requests were found.
|11:58:10| [INFO] No unprocessed requests were found.
|11:58:10| [INFO] No unprocessed requests were found.
|11:58:11| [INFO] No unprocessed requests were found.
|11:58:11| [INFO] No unprocessed requests were found.
|11:58:11| [INFO] No unprocessed requests were found.
|11:58:11| [INFO] No unprocessed requests were found.
|11:58:11| [INFO] No unprocessed requests were found.
|11:58:11| [INFO] No unprocessed requests were found.
|11:58:12| [INFO] No unprocessed requests were found.
|11:58:12| [INFO] No unprocessed requests were found.
|11:58:12| [INFO] No unprocessed requests were found.
|11:58:12| [INFO] No unprocessed requests were found.
|11:58:13| [INFO] No unprocessed requests were found.
|11:58:13| [INFO] No unprocessed requests were found.
|11:58:13| [INFO] No unprocessed requests were found.
|11:58:13| [INFO] No unprocessed requests were found.
|11:58:13| [INFO] No unprocessed requests were found.
|11:58:13| [INFO] No unprocessed requests were found.
|11:58:14| [INFO] Found 1 request that has not yet been processed.
|11:58:15| [INFO] Time taken to respond: 641
|11:58:15| [INFO] No unprocessed requests were found.
|11:58:16| [INFO] No unprocessed requests were found.
|11:58:16| [INFO] No unprocessed requests were found.
|11:58:16| [INFO] No unprocessed requests were found.
|11:58:16| [INFO] No unprocessed requests were found.
|11:58:16| [INFO] No unprocessed requests were found.
|11:58:16| [INFO] No unprocessed requests were found.
|11:58:17| [INFO] No unprocessed requests were found.
|11:58:17| [INFO] No unprocessed requests were found.
|11:58:17| [INFO] No unprocessed requests were found.
|11:58:17| [INFO] No unprocessed requests were found.
|11:58:17| [INFO] No unprocessed requests were found.
|11:58:18| [INFO] No unprocessed requests were found.
|11:58:18| [INFO] No unprocessed requests were found.
|11:58:18| [INFO] No unprocessed requests were found.
|11:58:18| [INFO] No unprocessed requests were found.
|11:58:18| [INFO] No unprocessed requests were found.
|11:58:19| [INFO] No unprocessed requests were found.
|11:58:19| [INFO] No unprocessed requests were found.
|11:58:19| [INFO] No unprocessed requests were found.
|11:58:19| [INFO] No unprocessed requests were found.
|11:58:20| [INFO] No unprocessed requests were found.
|11:58:20| [INFO] No unprocessed requests were found.
|11:58:20| [INFO] No unprocessed requests were found.
|11:58:20| [INFO] No unprocessed requests were found.
|11:58:20| [INFO] No unprocessed requests were found.
|11:58:20| [INFO] No unprocessed requests were found.
|11:58:21| [INFO] No unprocessed requests were found.
|11:58:21| [INFO] No unprocessed requests were found.
|11:58:21| [INFO] No unprocessed requests were found.
|11:58:21| [INFO] No unprocessed requests were found.
|11:58:21| [INFO] No unprocessed requests were found.
|11:58:21| [INFO] No unprocessed requests were found.
|11:58:21| [INFO] No unprocessed requests were found.
|11:58:21| [INFO] No unprocessed requests were found.
|11:58:22| [INFO] No unprocessed requests were found.
|11:58:22| [INFO] No unprocessed requests were found.
|11:58:22| [INFO] No unprocessed requests were found.
|11:58:22| [INFO] No unprocessed requests were found.
|11:58:23| [INFO] No unprocessed requests were found.
|11:58:23| [INFO] No unprocessed requests were found.
|11:58:23| [INFO] No unprocessed requests were found.
|11:58:23| [INFO] No unprocessed requests were found.
|11:58:23| [INFO] No unprocessed requests were found.
|11:58:23| [INFO] No unprocessed requests were found.
|11:58:24| [INFO] No unprocessed requests were found.
|11:58:24| [INFO] No unprocessed requests were found.
|11:58:24| [INFO] No unprocessed requests were found.
|11:58:24| [INFO] No unprocessed requests were found.
|11:58:25| [INFO] No unprocessed requests were found.
|11:58:25| [INFO] No unprocessed requests were found.
|11:58:25| [INFO] No unprocessed requests were found.
|11:58:25| [INFO] No unprocessed requests were found.
|11:58:25| [INFO] No unprocessed requests were found.
|11:58:25| [INFO] No unprocessed requests were found.
|11:58:26| [INFO] No unprocessed requests were found.
|11:58:26| [INFO] No unprocessed requests were found.
|11:58:26| [INFO] No unprocessed requests were found.
|11:58:26| [INFO] No unprocessed requests were found.
|11:58:27| [INFO] No unprocessed requests were found.
|11:58:27| [INFO] No unprocessed requests were found.
|11:58:27| [INFO] No unprocessed requests were found.
|11:58:27| [INFO] No unprocessed requests were found.
|11:58:27| [INFO] No unprocessed requests were found.
|11:58:27| [INFO] No unprocessed requests were found.
|11:58:28| [INFO] No unprocessed requests were found.
|11:58:28| [INFO] No unprocessed requests were found.
|11:58:28| [INFO] No unprocessed requests were found.
|11:58:28| [INFO] No unprocessed requests were found.
|11:58:29| [INFO] No unprocessed requests were found.
|11:58:29| [INFO] No unprocessed requests were found.
|11:58:29| [INFO] No unprocessed requests were found.
|11:58:29| [INFO] No unprocessed requests were found.
|11:58:29| [INFO] No unprocessed requests were found.
|11:58:29| [INFO] No unprocessed requests were found.
|11:58:29| [INFO] No unprocessed requests were found.
|11:58:29| [INFO] No unprocessed requests were found.
|11:58:29| [INFO] No unprocessed requests were found.
|11:58:29| [INFO] No unprocessed requests were found.
|11:58:29| [INFO] No unprocessed requests were found.
|11:58:29| [INFO] No unprocessed requests were found.
|11:58:30| [INFO] No unprocessed requests were found.
|11:58:30| [INFO] No unprocessed requests were found.
|11:58:30| [INFO] No unprocessed requests were found.
|11:58:30| [INFO] No unprocessed requests were found.
|11:58:30| [INFO] No unprocessed requests were found.
|11:58:30| [INFO] No unprocessed requests were found.
|11:58:30| [INFO] No unprocessed requests were found.
|11:58:30| [INFO] No unprocessed requests were found.
|11:58:30| [INFO] No unprocessed requests were found.
|11:58:30| [INFO] No unprocessed requests were found.
|11:58:30| [INFO] No unprocessed requests were found.
|11:58:30| [INFO] No unprocessed requests were found.
|11:58:30| [INFO] No unprocessed requests were found.
|11:58:30| [INFO] No unprocessed requests were found.
|11:58:31| [INFO] No unprocessed requests were found.
|11:58:31| [INFO] No unprocessed requests were found.
|11:58:31| [INFO] Found 1 request that has not yet been processed.
|11:58:32| [SEVERE] System.IO.IOException: The file 'E:/ISU/Compsci12ISUClient/ISU/bin/Debug/posts/01-21-2016_03.14.25.txt' already exists.
   at System.IO.__Error.WinIOError(Int32 errorCode, String maybeFullPath)
   at System.IO.File.InternalCopy(String sourceFileName, String destFileName, Boolean overwrite, Boolean checkHost)
   at System.IO.File.Copy(String sourceFileName, String destFileName)
   at Compsci12ISUServer.AndrewModel.RespondWithListOfPosts(String target, Int32 quantifier) in E:\ISU\Compsci12ISUServer\Compsci12ISUServer\AndrewModel.cs:line 486
|11:58:32| [INFO] No unprocessed requests were found.
|11:58:33| [INFO] No unprocessed requests were found.
|11:58:33| [INFO] No unprocessed requests were found.
|11:58:33| [INFO] No unprocessed requests were found.
|11:58:33| [INFO] No unprocessed requests were found.
|11:58:34| [INFO] No unprocessed requests were found.
|11:58:34| [INFO] No unprocessed requests were found.
|11:58:34| [INFO] No unprocessed requests were found.
|11:58:34| [INFO] No unprocessed requests were found.
|11:58:34| [INFO] No unprocessed requests were found.
|11:58:34| [INFO] No unprocessed requests were found.
|11:58:35| [INFO] No unprocessed requests were found.
|11:58:35| [INFO] No unprocessed requests were found.
|11:58:35| [INFO] No unprocessed requests were found.
|11:58:35| [INFO] No unprocessed requests were found.
|11:58:36| [INFO] No unprocessed requests were found.
|11:58:36| [INFO] No unprocessed requests were found.
|11:58:36| [INFO] No unprocessed requests were found.
|11:58:36| [INFO] No unprocessed requests were found.
|11:58:36| [INFO] No unprocessed requests were found.
|11:58:36| [INFO] No unprocessed requests were found.
|11:58:37| [INFO] No unprocessed requests were found.
|11:58:37| [INFO] No unprocessed requests were found.
|11:58:37| [INFO] No unprocessed requests were found.
|11:58:37| [INFO] No unprocessed requests were found.
|11:58:37| [INFO] No unprocessed requests were found.
|11:58:38| [INFO] No unprocessed requests were found.
|11:59:04| [INFO] No unprocessed requests were found.
|11:59:05| [INFO] No unprocessed requests were found.
|11:59:05| [INFO] No unprocessed requests were found.
|11:59:05| [INFO] No unprocessed requests were found.
|11:59:05| [INFO] No unprocessed requests were found.
|11:59:05| [INFO] No unprocessed requests were found.
|11:59:05| [INFO] No unprocessed requests were found.
