|11:12:45| [INFO] Logging initialized!
|11:12:45| [INFO] Current date: 2016-01-20
|11:12:45| [INFO] This is an automatically generated log file from the Computer Science 12U ISU Server made by Andrew and Tianli.
|11:12:45| [INFO] Server starting up!
|11:12:45| [INFO] The file path specified for the first argument is valid.
|11:12:46| [INFO] Found clubs directory in E:/ISU/Compsci12ISUServer_Data directory.
|11:12:46| [INFO] Found posts directory in E:/ISU/Compsci12ISUServer_Data directory.
|11:12:46| [INFO] Found users directory in E:/ISU/Compsci12ISUServer_Data directory.
|11:12:46| [INFO] Found pseudo requests directory in E:/ISU/Compsci12ISUServer_Data directory.
|11:12:46| [INFO] Found admins directory in E:/ISU/Compsci12ISUServer_Data directory.
|11:12:47| [INFO] Found 1 request that has not yet been processed.
|11:12:47| [INFO] Time taken to respond: 656
|11:12:47| [INFO] No unprocessed requests were found.
|11:12:48| [INFO] No unprocessed requests were found.
|11:12:49| [INFO] No unprocessed requests were found.
|11:12:49| [INFO] No unprocessed requests were found.
|11:12:49| [INFO] No unprocessed requests were found.
|11:12:50| [INFO] No unprocessed requests were found.
|11:12:50| [INFO] No unprocessed requests were found.
|11:12:50| [INFO] No unprocessed requests were found.
|11:12:50| [INFO] No unprocessed requests were found.
|11:12:51| [INFO] No unprocessed requests were found.
|11:12:51| [INFO] No unprocessed requests were found.
|11:12:51| [INFO] No unprocessed requests were found.
|11:12:51| [INFO] No unprocessed requests were found.
|11:12:52| [INFO] No unprocessed requests were found.
|11:12:52| [INFO] No unprocessed requests were found.
|11:12:52| [INFO] No unprocessed requests were found.
|11:12:52| [INFO] No unprocessed requests were found.
|11:12:52| [INFO] No unprocessed requests were found.
|11:12:53| [INFO] No unprocessed requests were found.
|11:12:53| [INFO] No unprocessed requests were found.
|11:12:53| [INFO] No unprocessed requests were found.
|11:12:53| [INFO] No unprocessed requests were found.
|11:12:54| [INFO] No unprocessed requests were found.
|11:12:54| [INFO] No unprocessed requests were found.
|11:12:54| [INFO] No unprocessed requests were found.
|11:12:54| [INFO] No unprocessed requests were found.
|11:12:54| [INFO] No unprocessed requests were found.
|11:12:54| [INFO] No unprocessed requests were found.
|11:12:55| [INFO] No unprocessed requests were found.
|11:12:55| [INFO] No unprocessed requests were found.
|11:12:56| [INFO] No unprocessed requests were found.
|11:12:56| [INFO] No unprocessed requests were found.
|11:12:56| [INFO] No unprocessed requests were found.
|11:12:56| [INFO] No unprocessed requests were found.
|11:12:57| [INFO] No unprocessed requests were found.
|11:12:57| [INFO] No unprocessed requests were found.
|11:12:57| [INFO] No unprocessed requests were found.
|11:12:57| [INFO] No unprocessed requests were found.
|11:12:58| [INFO] No unprocessed requests were found.
|11:12:58| [INFO] No unprocessed requests were found.
|11:12:58| [INFO] No unprocessed requests were found.
|11:12:58| [INFO] No unprocessed requests were found.
|11:12:59| [INFO] No unprocessed requests were found.
|11:12:59| [INFO] No unprocessed requests were found.
|11:12:59| [INFO] No unprocessed requests were found.
|11:12:59| [INFO] No unprocessed requests were found.
|11:13:00| [INFO] No unprocessed requests were found.
|11:13:00| [INFO] No unprocessed requests were found.
|11:13:00| [INFO] No unprocessed requests were found.
|11:13:00| [INFO] No unprocessed requests were found.
|11:13:00| [INFO] No unprocessed requests were found.
|11:13:00| [INFO] No unprocessed requests were found.
|11:13:01| [INFO] No unprocessed requests were found.
|11:13:01| [INFO] No unprocessed requests were found.
|11:13:01| [INFO] No unprocessed requests were found.
|11:13:02| [INFO] No unprocessed requests were found.
|11:13:02| [INFO] No unprocessed requests were found.
|11:13:02| [INFO] No unprocessed requests were found.
|11:13:02| [INFO] No unprocessed requests were found.
|11:13:02| [INFO] No unprocessed requests were found.
|11:13:03| [INFO] No unprocessed requests were found.
|11:13:03| [INFO] No unprocessed requests were found.
|11:13:03| [INFO] No unprocessed requests were found.
|11:13:03| [INFO] No unprocessed requests were found.
|11:13:03| [INFO] No unprocessed requests were found.
|11:13:04| [INFO] No unprocessed requests were found.
|11:13:04| [INFO] No unprocessed requests were found.
|11:13:04| [INFO] No unprocessed requests were found.
|11:13:04| [INFO] No unprocessed requests were found.
|11:13:04| [INFO] No unprocessed requests were found.
|11:13:04| [INFO] No unprocessed requests were found.
|11:13:05| [INFO] No unprocessed requests were found.
|11:13:05| [INFO] No unprocessed requests were found.
|11:13:05| [INFO] No unprocessed requests were found.
|11:13:05| [INFO] No unprocessed requests were found.
|11:13:05| [INFO] No unprocessed requests were found.
|11:13:05| [INFO] No unprocessed requests were found.
|11:13:05| [INFO] No unprocessed requests were found.
|11:13:05| [INFO] No unprocessed requests were found.
|11:13:05| [INFO] No unprocessed requests were found.
|11:13:05| [INFO] No unprocessed requests were found.
|11:13:06| [INFO] No unprocessed requests were found.
|11:13:06| [INFO] No unprocessed requests were found.
|11:13:06| [INFO] No unprocessed requests were found.
|11:13:06| [INFO] No unprocessed requests were found.
|11:13:06| [INFO] No unprocessed requests were found.
|11:13:07| [INFO] No unprocessed requests were found.
|11:13:07| [INFO] No unprocessed requests were found.
|11:13:07| [INFO] No unprocessed requests were found.
|11:13:07| [INFO] No unprocessed requests were found.
|11:13:07| [INFO] No unprocessed requests were found.
|11:13:07| [INFO] No unprocessed requests were found.
|11:13:07| [INFO] No unprocessed requests were found.
|11:13:07| [INFO] No unprocessed requests were found.
|11:13:07| [INFO] No unprocessed requests were found.
|11:13:07| [INFO] No unprocessed requests were found.
|11:13:08| [INFO] No unprocessed requests were found.
|11:13:08| [INFO] No unprocessed requests were found.
|11:13:08| [INFO] No unprocessed requests were found.
|11:13:08| [INFO] No unprocessed requests were found.
|11:13:08| [INFO] No unprocessed requests were found.
|11:13:08| [INFO] No unprocessed requests were found.
|11:13:08| [INFO] No unprocessed requests were found.
|11:13:08| [INFO] No unprocessed requests were found.
|11:13:08| [INFO] No unprocessed requests were found.
|11:13:08| [INFO] No unprocessed requests were found.
|11:13:08| [INFO] No unprocessed requests were found.
|11:13:09| [INFO] No unprocessed requests were found.
|11:13:09| [INFO] No unprocessed requests were found.
|11:13:09| [INFO] No unprocessed requests were found.
|11:13:09| [INFO] No unprocessed requests were found.
|11:13:09| [INFO] No unprocessed requests were found.
|11:13:09| [INFO] No unprocessed requests were found.
|11:13:09| [INFO] No unprocessed requests were found.
|11:13:09| [INFO] No unprocessed requests were found.
|11:13:10| [INFO] No unprocessed requests were found.
|11:13:10| [INFO] No unprocessed requests were found.
|11:13:10| [INFO] No unprocessed requests were found.
|11:13:10| [INFO] No unprocessed requests were found.
|11:13:10| [INFO] No unprocessed requests were found.
|11:13:10| [INFO] No unprocessed requests were found.
|11:13:10| [INFO] No unprocessed requests were found.
|11:13:10| [INFO] No unprocessed requests were found.
|11:13:11| [INFO] No unprocessed requests were found.
|11:13:11| [INFO] No unprocessed requests were found.
|11:13:11| [INFO] No unprocessed requests were found.
|11:13:11| [INFO] No unprocessed requests were found.
|11:13:11| [INFO] No unprocessed requests were found.
|11:13:12| [INFO] No unprocessed requests were found.
|11:13:12| [INFO] No unprocessed requests were found.
|11:13:12| [INFO] No unprocessed requests were found.
|11:13:12| [INFO] No unprocessed requests were found.
|11:13:12| [INFO] No unprocessed requests were found.
|11:13:12| [INFO] No unprocessed requests were found.
|11:13:12| [INFO] No unprocessed requests were found.
|11:13:13| [INFO] No unprocessed requests were found.
|11:13:13| [INFO] No unprocessed requests were found.
|11:13:13| [INFO] No unprocessed requests were found.
|11:13:13| [INFO] No unprocessed requests were found.
|11:13:13| [INFO] No unprocessed requests were found.
|11:13:13| [INFO] No unprocessed requests were found.
|11:13:14| [INFO] No unprocessed requests were found.
|11:13:14| [INFO] No unprocessed requests were found.
|11:13:14| [INFO] No unprocessed requests were found.
|11:13:15| [INFO] No unprocessed requests were found.
|11:13:15| [INFO] No unprocessed requests were found.
|11:13:15| [INFO] No unprocessed requests were found.
|11:13:16| [INFO] No unprocessed requests were found.
|11:13:16| [INFO] No unprocessed requests were found.
|11:13:16| [INFO] No unprocessed requests were found.
|11:13:17| [INFO] No unprocessed requests were found.
|11:13:17| [INFO] No unprocessed requests were found.
|11:13:17| [INFO] No unprocessed requests were found.
|11:13:18| [INFO] No unprocessed requests were found.
|11:13:18| [INFO] No unprocessed requests were found.
|11:13:18| [INFO] No unprocessed requests were found.
|11:13:19| [INFO] No unprocessed requests were found.
|11:13:19| [INFO] No unprocessed requests were found.
|11:13:19| [INFO] No unprocessed requests were found.
|11:13:19| [INFO] No unprocessed requests were found.
|11:13:20| [INFO] No unprocessed requests were found.
|11:13:20| [INFO] No unprocessed requests were found.
|11:13:20| [INFO] No unprocessed requests were found.
|11:13:21| [INFO] No unprocessed requests were found.
|11:13:21| [INFO] No unprocessed requests were found.
|11:13:21| [INFO] No unprocessed requests were found.
|11:13:22| [INFO] No unprocessed requests were found.
|11:13:22| [INFO] No unprocessed requests were found.
|11:13:22| [INFO] No unprocessed requests were found.
|11:13:22| [INFO] No unprocessed requests were found.
|11:13:23| [INFO] No unprocessed requests were found.
|11:13:23| [INFO] No unprocessed requests were found.
|11:13:23| [INFO] No unprocessed requests were found.
|11:13:23| [INFO] No unprocessed requests were found.
|11:13:23| [INFO] No unprocessed requests were found.
|11:13:24| [INFO] No unprocessed requests were found.
|11:13:25| [INFO] No unprocessed requests were found.
|11:13:25| [INFO] No unprocessed requests were found.
|11:13:26| [INFO] No unprocessed requests were found.
|11:13:26| [INFO] No unprocessed requests were found.
|11:13:26| [INFO] No unprocessed requests were found.
|11:13:26| [INFO] No unprocessed requests were found.
|11:13:26| [INFO] No unprocessed requests were found.
|11:13:27| [INFO] No unprocessed requests were found.
|11:13:27| [INFO] No unprocessed requests were found.
|11:13:27| [INFO] No unprocessed requests were found.
|11:13:27| [INFO] No unprocessed requests were found.
|11:13:28| [INFO] No unprocessed requests were found.
|11:13:28| [INFO] No unprocessed requests were found.
|11:13:28| [INFO] No unprocessed requests were found.
|11:13:28| [INFO] No unprocessed requests were found.
|11:13:28| [INFO] No unprocessed requests were found.
|11:13:29| [INFO] No unprocessed requests were found.
|11:13:29| [INFO] No unprocessed requests were found.
|11:13:29| [INFO] No unprocessed requests were found.
|11:13:30| [INFO] No unprocessed requests were found.
|11:13:30| [INFO] No unprocessed requests were found.
|11:13:30| [INFO] No unprocessed requests were found.
|11:13:30| [INFO] No unprocessed requests were found.
|11:13:30| [INFO] No unprocessed requests were found.
|11:13:30| [INFO] No unprocessed requests were found.
|11:13:31| [INFO] No unprocessed requests were found.
|11:13:31| [INFO] No unprocessed requests were found.
|11:13:31| [INFO] No unprocessed requests were found.
|11:13:32| [INFO] No unprocessed requests were found.
|11:13:32| [INFO] No unprocessed requests were found.
|11:13:32| [INFO] No unprocessed requests were found.
|11:13:32| [INFO] No unprocessed requests were found.
|11:13:32| [INFO] No unprocessed requests were found.
|11:13:33| [INFO] No unprocessed requests were found.
|11:13:33| [INFO] Found 1 request that has not yet been processed.
|11:13:33| [INFO] Time taken to respond: 250
|11:13:33| [INFO] No unprocessed requests were found.
|11:13:33| [INFO] No unprocessed requests were found.
|11:13:34| [INFO] No unprocessed requests were found.
|11:13:34| [INFO] No unprocessed requests were found.
|11:13:34| [INFO] No unprocessed requests were found.
|11:13:35| [INFO] No unprocessed requests were found.
|11:13:35| [INFO] No unprocessed requests were found.
|11:13:35| [INFO] No unprocessed requests were found.
|11:13:35| [INFO] No unprocessed requests were found.
|11:13:36| [INFO] No unprocessed requests were found.
|11:13:36| [INFO] No unprocessed requests were found.
|11:13:36| [INFO] No unprocessed requests were found.
|11:13:37| [INFO] No unprocessed requests were found.
|11:13:37| [INFO] No unprocessed requests were found.
|11:13:37| [INFO] No unprocessed requests were found.
|11:13:37| [INFO] No unprocessed requests were found.
|11:13:38| [INFO] No unprocessed requests were found.
|11:13:38| [INFO] No unprocessed requests were found.
|11:13:38| [INFO] No unprocessed requests were found.
|11:13:38| [INFO] No unprocessed requests were found.
|11:13:39| [INFO] No unprocessed requests were found.
|11:13:39| [INFO] No unprocessed requests were found.
|11:13:39| [INFO] No unprocessed requests were found.
|11:13:39| [INFO] No unprocessed requests were found.
|11:13:40| [INFO] No unprocessed requests were found.
|11:13:40| [INFO] No unprocessed requests were found.
|11:13:40| [INFO] No unprocessed requests were found.
|11:13:40| [INFO] No unprocessed requests were found.
|11:13:40| [INFO] No unprocessed requests were found.
|11:13:40| [INFO] No unprocessed requests were found.
|11:13:41| [INFO] No unprocessed requests were found.
|11:13:41| [INFO] No unprocessed requests were found.
|11:13:41| [INFO] No unprocessed requests were found.
|11:13:41| [INFO] No unprocessed requests were found.
|11:13:41| [INFO] No unprocessed requests were found.
|11:13:41| [INFO] No unprocessed requests were found.
|11:13:41| [INFO] No unprocessed requests were found.
|11:13:41| [INFO] No unprocessed requests were found.
|11:13:41| [INFO] No unprocessed requests were found.
|11:13:41| [INFO] No unprocessed requests were found.
|11:13:41| [INFO] No unprocessed requests were found.
|11:13:41| [INFO] No unprocessed requests were found.
|11:13:42| [INFO] No unprocessed requests were found.
|11:13:42| [INFO] No unprocessed requests were found.
|11:13:42| [INFO] No unprocessed requests were found.
|11:13:42| [INFO] No unprocessed requests were found.
|11:13:43| [INFO] No unprocessed requests were found.
|11:13:43| [INFO] No unprocessed requests were found.
|11:13:43| [INFO] No unprocessed requests were found.
|11:13:43| [INFO] No unprocessed requests were found.
|11:13:43| [INFO] No unprocessed requests were found.
|11:13:44| [INFO] No unprocessed requests were found.
|11:13:44| [INFO] No unprocessed requests were found.
|11:13:45| [INFO] No unprocessed requests were found.
|11:13:45| [INFO] No unprocessed requests were found.
|11:13:45| [INFO] No unprocessed requests were found.
|11:13:45| [INFO] No unprocessed requests were found.
|11:13:45| [INFO] No unprocessed requests were found.
|11:13:45| [INFO] No unprocessed requests were found.
|11:13:46| [INFO] No unprocessed requests were found.
|11:13:46| [INFO] No unprocessed requests were found.
|11:13:47| [INFO] No unprocessed requests were found.
|11:13:47| [INFO] No unprocessed requests were found.
|11:13:47| [INFO] No unprocessed requests were found.
|11:13:47| [INFO] No unprocessed requests were found.
|11:13:48| [INFO] No unprocessed requests were found.
|11:13:48| [INFO] No unprocessed requests were found.
|11:13:48| [INFO] No unprocessed requests were found.
|11:13:48| [INFO] No unprocessed requests were found.
|11:13:48| [INFO] No unprocessed requests were found.
|11:13:48| [INFO] No unprocessed requests were found.
|11:13:48| [INFO] No unprocessed requests were found.
|11:13:48| [INFO] No unprocessed requests were found.
|11:13:49| [INFO] No unprocessed requests were found.
|11:13:49| [INFO] No unprocessed requests were found.
|11:13:49| [INFO] No unprocessed requests were found.
|11:13:49| [INFO] No unprocessed requests were found.
|11:13:49| [INFO] No unprocessed requests were found.
|11:13:49| [INFO] No unprocessed requests were found.
|11:13:49| [INFO] No unprocessed requests were found.
|11:13:49| [INFO] No unprocessed requests were found.
|11:13:49| [INFO] No unprocessed requests were found.
|11:13:49| [INFO] No unprocessed requests were found.
|11:13:49| [INFO] No unprocessed requests were found.
|11:13:49| [INFO] No unprocessed requests were found.
|11:13:49| [INFO] No unprocessed requests were found.
|11:13:49| [INFO] No unprocessed requests were found.
|11:13:49| [INFO] No unprocessed requests were found.
|11:13:49| [INFO] No unprocessed requests were found.
|11:13:49| [INFO] No unprocessed requests were found.
|11:13:49| [INFO] No unprocessed requests were found.
|11:13:49| [INFO] No unprocessed requests were found.
|11:13:49| [INFO] No unprocessed requests were found.
|11:13:49| [INFO] No unprocessed requests were found.
|11:13:49| [INFO] No unprocessed requests were found.
|11:13:49| [INFO] No unprocessed requests were found.
|11:13:49| [INFO] No unprocessed requests were found.
|11:13:49| [INFO] No unprocessed requests were found.
|11:13:49| [INFO] No unprocessed requests were found.
|11:13:49| [INFO] No unprocessed requests were found.
|11:13:49| [INFO] No unprocessed requests were found.
|11:13:50| [INFO] No unprocessed requests were found.
|11:13:50| [INFO] No unprocessed requests were found.
|11:13:51| [INFO] No unprocessed requests were found.
|11:13:51| [INFO] No unprocessed requests were found.
|11:13:52| [INFO] No unprocessed requests were found.
|11:13:52| [INFO] No unprocessed requests were found.
|11:13:52| [INFO] No unprocessed requests were found.
|11:13:53| [INFO] No unprocessed requests were found.
|11:13:53| [INFO] No unprocessed requests were found.
|11:13:53| [INFO] No unprocessed requests were found.
|11:13:53| [INFO] No unprocessed requests were found.
|11:13:54| [INFO] No unprocessed requests were found.
|11:13:54| [INFO] No unprocessed requests were found.
|11:13:55| [INFO] No unprocessed requests were found.
|11:13:55| [INFO] No unprocessed requests were found.
|11:13:55| [INFO] No unprocessed requests were found.
|11:13:55| [INFO] No unprocessed requests were found.
|11:13:56| [INFO] No unprocessed requests were found.
|11:13:56| [INFO] No unprocessed requests were found.
|11:13:56| [INFO] No unprocessed requests were found.
|11:13:57| [INFO] No unprocessed requests were found.
|11:13:57| [INFO] No unprocessed requests were found.
|11:13:57| [INFO] No unprocessed requests were found.
|11:13:57| [INFO] No unprocessed requests were found.
|11:13:57| [INFO] No unprocessed requests were found.
|11:13:57| [INFO] No unprocessed requests were found.
|11:13:57| [INFO] No unprocessed requests were found.
|11:13:58| [INFO] No unprocessed requests were found.
|11:13:58| [INFO] No unprocessed requests were found.
|11:13:58| [INFO] No unprocessed requests were found.
|11:13:58| [INFO] No unprocessed requests were found.
|11:13:58| [INFO] No unprocessed requests were found.
|11:13:58| [INFO] No unprocessed requests were found.
|11:13:58| [INFO] No unprocessed requests were found.
|11:13:58| [INFO] No unprocessed requests were found.
|11:13:58| [INFO] No unprocessed requests were found.
|11:13:58| [INFO] No unprocessed requests were found.
|11:13:58| [INFO] No unprocessed requests were found.
|11:13:58| [INFO] No unprocessed requests were found.
|11:13:58| [INFO] No unprocessed requests were found.
|11:13:58| [INFO] No unprocessed requests were found.
|11:13:59| [INFO] No unprocessed requests were found.
|11:13:59| [INFO] No unprocessed requests were found.
|11:14:00| [INFO] No unprocessed requests were found.
|11:14:00| [INFO] No unprocessed requests were found.
|11:14:00| [INFO] No unprocessed requests were found.
|11:14:01| [INFO] No unprocessed requests were found.
|11:14:01| [INFO] No unprocessed requests were found.
|11:14:01| [INFO] No unprocessed requests were found.
|11:14:02| [INFO] Found 1 request that has not yet been processed.
|11:14:03| [INFO] Time taken to respond: 359
|11:14:04| [INFO] No unprocessed requests were found.
|11:14:04| [INFO] No unprocessed requests were found.
|11:14:05| [INFO] No unprocessed requests were found.
|11:14:05| [INFO] No unprocessed requests were found.
|11:14:05| [INFO] No unprocessed requests were found.
|11:14:05| [INFO] No unprocessed requests were found.
|11:14:06| [INFO] No unprocessed requests were found.
|11:14:06| [INFO] No unprocessed requests were found.
|11:14:06| [INFO] No unprocessed requests were found.
|11:14:07| [INFO] No unprocessed requests were found.
|11:14:07| [INFO] No unprocessed requests were found.
|11:14:07| [INFO] No unprocessed requests were found.
|11:14:07| [INFO] No unprocessed requests were found.
|11:14:08| [INFO] No unprocessed requests were found.
|11:14:08| [INFO] No unprocessed requests were found.
|11:14:08| [INFO] No unprocessed requests were found.
|11:14:09| [INFO] No unprocessed requests were found.
|11:14:09| [INFO] No unprocessed requests were found.
|11:14:09| [INFO] No unprocessed requests were found.
|11:14:10| [INFO] Found 1 request that has not yet been processed.
|11:14:10| [INFO] Time taken to respond: 422
|11:14:11| [INFO] No unprocessed requests were found.
|11:14:12| [INFO] No unprocessed requests were found.
|11:14:12| [INFO] No unprocessed requests were found.
|11:14:12| [INFO] No unprocessed requests were found.
|11:14:12| [INFO] No unprocessed requests were found.
|11:14:13| [INFO] No unprocessed requests were found.
|11:14:13| [INFO] No unprocessed requests were found.
|11:14:13| [INFO] No unprocessed requests were found.
|11:14:14| [INFO] No unprocessed requests were found.
|11:14:14| [INFO] No unprocessed requests were found.
|11:14:14| [INFO] No unprocessed requests were found.
|11:14:14| [INFO] No unprocessed requests were found.
|11:14:14| [INFO] No unprocessed requests were found.
|11:14:14| [INFO] No unprocessed requests were found.
|11:14:15| [INFO] No unprocessed requests were found.
|11:14:15| [INFO] No unprocessed requests were found.
|11:14:15| [INFO] No unprocessed requests were found.
|11:14:15| [INFO] No unprocessed requests were found.
|11:14:16| [INFO] No unprocessed requests were found.
|11:14:16| [INFO] No unprocessed requests were found.
|11:14:16| [INFO] No unprocessed requests were found.
|11:14:16| [INFO] No unprocessed requests were found.
|11:14:16| [INFO] No unprocessed requests were found.
|11:14:16| [INFO] No unprocessed requests were found.
|11:14:16| [INFO] No unprocessed requests were found.
|11:14:17| [INFO] No unprocessed requests were found.
|11:14:17| [INFO] No unprocessed requests were found.
|11:14:17| [INFO] No unprocessed requests were found.
|11:14:17| [INFO] No unprocessed requests were found.
|11:14:17| [INFO] No unprocessed requests were found.
|11:14:18| [INFO] No unprocessed requests were found.
|11:14:18| [INFO] No unprocessed requests were found.
|11:14:18| [INFO] No unprocessed requests were found.
|11:14:18| [INFO] No unprocessed requests were found.
|11:14:18| [INFO] No unprocessed requests were found.
|11:14:19| [INFO] No unprocessed requests were found.
|11:14:19| [INFO] No unprocessed requests were found.
|11:14:19| [INFO] No unprocessed requests were found.
|11:14:20| [INFO] No unprocessed requests were found.
|11:14:20| [INFO] No unprocessed requests were found.
|11:14:21| [INFO] No unprocessed requests were found.
|11:14:21| [INFO] No unprocessed requests were found.
|11:14:21| [INFO] No unprocessed requests were found.
|11:14:21| [INFO] No unprocessed requests were found.
|11:14:21| [INFO] No unprocessed requests were found.
|11:14:22| [INFO] No unprocessed requests were found.
|11:14:23| [INFO] No unprocessed requests were found.
|11:14:23| [INFO] No unprocessed requests were found.
|11:14:23| [INFO] No unprocessed requests were found.
|11:14:23| [INFO] No unprocessed requests were found.
|11:14:23| [INFO] No unprocessed requests were found.
|11:14:23| [INFO] No unprocessed requests were found.
|11:14:24| [INFO] No unprocessed requests were found.
|11:14:24| [INFO] No unprocessed requests were found.
|11:14:24| [INFO] No unprocessed requests were found.
|11:14:25| [INFO] No unprocessed requests were found.
|11:14:25| [INFO] No unprocessed requests were found.
|11:14:25| [INFO] No unprocessed requests were found.
|11:14:25| [INFO] No unprocessed requests were found.
|11:14:25| [INFO] No unprocessed requests were found.
|11:14:25| [INFO] No unprocessed requests were found.
|11:14:26| [INFO] No unprocessed requests were found.
|11:14:26| [INFO] No unprocessed requests were found.
|11:14:26| [INFO] No unprocessed requests were found.
|11:14:26| [INFO] No unprocessed requests were found.
|11:14:27| [INFO] No unprocessed requests were found.
|11:14:27| [INFO] No unprocessed requests were found.
|11:14:27| [INFO] No unprocessed requests were found.
|11:14:27| [INFO] No unprocessed requests were found.
|11:14:28| [INFO] No unprocessed requests were found.
|11:14:28| [INFO] No unprocessed requests were found.
|11:14:29| [INFO] No unprocessed requests were found.
|11:14:29| [INFO] No unprocessed requests were found.
|11:14:29| [INFO] No unprocessed requests were found.
|11:14:30| [INFO] No unprocessed requests were found.
|11:14:30| [INFO] No unprocessed requests were found.
|11:14:30| [INFO] No unprocessed requests were found.
|11:14:30| [INFO] No unprocessed requests were found.
|11:14:31| [INFO] No unprocessed requests were found.
|11:14:31| [INFO] No unprocessed requests were found.
|11:14:31| [INFO] No unprocessed requests were found.
|11:14:31| [INFO] No unprocessed requests were found.
|11:14:31| [INFO] No unprocessed requests were found.
|11:14:31| [INFO] No unprocessed requests were found.
|11:14:32| [INFO] No unprocessed requests were found.
|11:14:32| [INFO] No unprocessed requests were found.
|11:14:33| [INFO] No unprocessed requests were found.
|11:14:33| [INFO] No unprocessed requests were found.
|11:14:33| [INFO] No unprocessed requests were found.
|11:14:34| [INFO] No unprocessed requests were found.
|11:14:34| [INFO] No unprocessed requests were found.
|11:14:34| [INFO] No unprocessed requests were found.
|11:14:34| [INFO] No unprocessed requests were found.
|11:14:34| [INFO] No unprocessed requests were found.
|11:14:34| [INFO] No unprocessed requests were found.
|11:14:35| [INFO] No unprocessed requests were found.
|11:14:35| [INFO] No unprocessed requests were found.
|11:14:35| [INFO] No unprocessed requests were found.
|11:14:36| [INFO] No unprocessed requests were found.
|11:14:36| [INFO] No unprocessed requests were found.
|11:14:36| [INFO] No unprocessed requests were found.
|11:14:36| [INFO] No unprocessed requests were found.
|11:14:37| [INFO] No unprocessed requests were found.
|11:14:37| [INFO] No unprocessed requests were found.
|11:14:37| [INFO] No unprocessed requests were found.
|11:14:37| [INFO] No unprocessed requests were found.
|11:14:38| [INFO] No unprocessed requests were found.
|11:14:38| [INFO] No unprocessed requests were found.
|11:14:38| [INFO] No unprocessed requests were found.
|11:14:38| [INFO] No unprocessed requests were found.
|11:14:39| [INFO] No unprocessed requests were found.
|11:14:39| [INFO] No unprocessed requests were found.
|11:14:40| [INFO] No unprocessed requests were found.
|11:14:40| [INFO] No unprocessed requests were found.
|11:14:40| [INFO] No unprocessed requests were found.
|11:14:40| [INFO] No unprocessed requests were found.
|11:14:40| [INFO] No unprocessed requests were found.
|11:14:41| [INFO] No unprocessed requests were found.
|11:14:41| [INFO] No unprocessed requests were found.
|11:14:41| [INFO] No unprocessed requests were found.
|11:14:41| [INFO] No unprocessed requests were found.
|11:14:42| [INFO] No unprocessed requests were found.
|11:14:42| [INFO] No unprocessed requests were found.
|11:14:42| [INFO] No unprocessed requests were found.
|11:14:42| [INFO] No unprocessed requests were found.
|11:14:42| [INFO] No unprocessed requests were found.
|11:14:42| [INFO] No unprocessed requests were found.
|11:14:42| [INFO] No unprocessed requests were found.
|11:14:42| [INFO] No unprocessed requests were found.
|11:14:42| [INFO] No unprocessed requests were found.
|11:14:42| [INFO] No unprocessed requests were found.
|11:14:42| [INFO] No unprocessed requests were found.
|11:14:42| [INFO] No unprocessed requests were found.
|11:14:42| [INFO] No unprocessed requests were found.
|11:14:43| [INFO] No unprocessed requests were found.
|11:14:43| [INFO] No unprocessed requests were found.
|11:14:43| [INFO] No unprocessed requests were found.
|11:14:43| [INFO] No unprocessed requests were found.
|11:14:43| [INFO] No unprocessed requests were found.
|11:14:43| [INFO] No unprocessed requests were found.
|11:14:43| [INFO] No unprocessed requests were found.
|11:14:43| [INFO] No unprocessed requests were found.
|11:14:43| [INFO] No unprocessed requests were found.
|11:14:43| [INFO] No unprocessed requests were found.
|11:14:43| [INFO] No unprocessed requests were found.
|11:14:43| [INFO] No unprocessed requests were found.
|11:14:43| [INFO] No unprocessed requests were found.
|11:14:43| [INFO] No unprocessed requests were found.
|11:14:43| [INFO] No unprocessed requests were found.
|11:14:44| [INFO] No unprocessed requests were found.
|11:14:44| [INFO] No unprocessed requests were found.
|11:14:44| [INFO] No unprocessed requests were found.
|11:14:45| [INFO] No unprocessed requests were found.
|11:14:45| [INFO] No unprocessed requests were found.
|11:14:45| [INFO] No unprocessed requests were found.
|11:14:45| [INFO] No unprocessed requests were found.
|11:14:46| [INFO] No unprocessed requests were found.
|11:14:46| [INFO] No unprocessed requests were found.
|11:14:48| [INFO] No unprocessed requests were found.
|11:14:48| [INFO] No unprocessed requests were found.
|11:14:49| [INFO] No unprocessed requests were found.
|11:14:49| [INFO] No unprocessed requests were found.
|11:14:50| [INFO] No unprocessed requests were found.
|11:14:50| [INFO] No unprocessed requests were found.
|11:14:50| [INFO] No unprocessed requests were found.
|11:14:51| [INFO] No unprocessed requests were found.
|11:14:51| [INFO] No unprocessed requests were found.
|11:14:52| [INFO] No unprocessed requests were found.
|11:14:52| [INFO] No unprocessed requests were found.
|11:14:52| [INFO] No unprocessed requests were found.
|11:14:52| [INFO] No unprocessed requests were found.
|11:14:52| [INFO] No unprocessed requests were found.
|11:14:52| [INFO] No unprocessed requests were found.
|11:14:52| [INFO] No unprocessed requests were found.
|11:14:53| [INFO] No unprocessed requests were found.
|11:14:53| [INFO] No unprocessed requests were found.
|11:14:53| [INFO] No unprocessed requests were found.
|11:14:53| [INFO] No unprocessed requests were found.
|11:14:53| [INFO] No unprocessed requests were found.
|11:14:53| [INFO] No unprocessed requests were found.
|11:14:53| [INFO] No unprocessed requests were found.
|11:14:53| [INFO] No unprocessed requests were found.
|11:14:53| [INFO] No unprocessed requests were found.
|11:14:53| [INFO] No unprocessed requests were found.
|11:14:53| [INFO] No unprocessed requests were found.
|11:14:53| [INFO] No unprocessed requests were found.
|11:14:53| [INFO] No unprocessed requests were found.
|11:14:53| [INFO] No unprocessed requests were found.
|11:14:53| [INFO] No unprocessed requests were found.
|11:14:53| [INFO] No unprocessed requests were found.
|11:14:53| [INFO] No unprocessed requests were found.
|11:14:53| [INFO] No unprocessed requests were found.
|11:14:53| [INFO] No unprocessed requests were found.
|11:14:53| [INFO] No unprocessed requests were found.
|11:14:53| [INFO] No unprocessed requests were found.
|11:14:54| [INFO] No unprocessed requests were found.
|11:14:54| [INFO] No unprocessed requests were found.
|11:14:55| [INFO] No unprocessed requests were found.
|11:14:55| [INFO] No unprocessed requests were found.
|11:14:55| [INFO] No unprocessed requests were found.
|11:14:56| [INFO] No unprocessed requests were found.
|11:14:56| [INFO] No unprocessed requests were found.
|11:14:56| [INFO] No unprocessed requests were found.
|11:14:57| [INFO] No unprocessed requests were found.
|11:14:57| [INFO] No unprocessed requests were found.
|11:14:57| [INFO] No unprocessed requests were found.
|11:14:57| [INFO] No unprocessed requests were found.
|11:14:58| [INFO] No unprocessed requests were found.
|11:14:58| [INFO] No unprocessed requests were found.
|11:14:59| [INFO] No unprocessed requests were found.
|11:14:59| [INFO] No unprocessed requests were found.
|11:14:59| [INFO] No unprocessed requests were found.
|11:14:59| [INFO] No unprocessed requests were found.
|11:14:59| [INFO] No unprocessed requests were found.
|11:14:59| [INFO] No unprocessed requests were found.
|11:14:59| [INFO] No unprocessed requests were found.
|11:15:00| [INFO] No unprocessed requests were found.
|11:15:00| [INFO] No unprocessed requests were found.
|11:15:00| [INFO] No unprocessed requests were found.
|11:15:01| [INFO] No unprocessed requests were found.
|11:15:01| [INFO] No unprocessed requests were found.
|11:15:01| [INFO] No unprocessed requests were found.
|11:15:01| [INFO] No unprocessed requests were found.
|11:15:01| [INFO] No unprocessed requests were found.
|11:15:01| [INFO] No unprocessed requests were found.
|11:15:02| [INFO] No unprocessed requests were found.
|11:15:02| [INFO] No unprocessed requests were found.
|11:15:03| [INFO] No unprocessed requests were found.
|11:15:03| [INFO] No unprocessed requests were found.
|11:15:03| [INFO] No unprocessed requests were found.
|11:15:04| [INFO] No unprocessed requests were found.
|11:15:04| [INFO] No unprocessed requests were found.
|11:15:04| [INFO] No unprocessed requests were found.
|11:15:04| [INFO] No unprocessed requests were found.
|11:15:04| [INFO] No unprocessed requests were found.
|11:15:05| [INFO] No unprocessed requests were found.
|11:15:05| [INFO] No unprocessed requests were found.
|11:15:05| [INFO] No unprocessed requests were found.
|11:15:06| [INFO] No unprocessed requests were found.
|11:15:06| [INFO] No unprocessed requests were found.
|11:15:06| [INFO] No unprocessed requests were found.
|11:15:06| [INFO] No unprocessed requests were found.
|11:15:07| [INFO] No unprocessed requests were found.
|11:15:07| [INFO] No unprocessed requests were found.
|11:15:07| [INFO] No unprocessed requests were found.
|11:15:08| [INFO] No unprocessed requests were found.
|11:15:08| [INFO] No unprocessed requests were found.
|11:15:08| [INFO] No unprocessed requests were found.
|11:15:08| [INFO] No unprocessed requests were found.
|11:15:08| [INFO] No unprocessed requests were found.
|11:15:09| [INFO] No unprocessed requests were found.
|11:15:09| [INFO] No unprocessed requests were found.
|11:15:09| [INFO] No unprocessed requests were found.
|11:15:10| [INFO] No unprocessed requests were found.
|11:15:10| [INFO] No unprocessed requests were found.
|11:15:10| [INFO] No unprocessed requests were found.
|11:15:10| [INFO] No unprocessed requests were found.
|11:15:10| [INFO] No unprocessed requests were found.
|11:15:10| [INFO] No unprocessed requests were found.
|11:15:11| [INFO] No unprocessed requests were found.
|11:15:11| [INFO] No unprocessed requests were found.
|11:15:11| [INFO] No unprocessed requests were found.
|11:15:12| [INFO] No unprocessed requests were found.
|11:15:12| [INFO] No unprocessed requests were found.
|11:15:12| [INFO] No unprocessed requests were found.
|11:15:12| [INFO] No unprocessed requests were found.
|11:15:13| [INFO] No unprocessed requests were found.
|11:15:13| [INFO] No unprocessed requests were found.
|11:15:14| [INFO] No unprocessed requests were found.
|11:15:14| [INFO] No unprocessed requests were found.
|11:15:14| [INFO] No unprocessed requests were found.
|11:15:15| [INFO] No unprocessed requests were found.
|11:15:16| [INFO] No unprocessed requests were found.
|11:15:16| [INFO] No unprocessed requests were found.
|11:15:16| [INFO] No unprocessed requests were found.
|11:15:16| [INFO] No unprocessed requests were found.
|11:15:17| [INFO] No unprocessed requests were found.
|11:15:18| [INFO] No unprocessed requests were found.
|11:15:18| [INFO] No unprocessed requests were found.
|11:15:18| [INFO] No unprocessed requests were found.
|11:15:18| [INFO] No unprocessed requests were found.
|11:15:18| [INFO] No unprocessed requests were found.
|11:15:18| [INFO] No unprocessed requests were found.
|11:15:19| [INFO] No unprocessed requests were found.
|11:15:19| [INFO] No unprocessed requests were found.
|11:15:19| [INFO] No unprocessed requests were found.
|11:15:20| [INFO] No unprocessed requests were found.
|11:15:20| [INFO] No unprocessed requests were found.
|11:15:20| [INFO] No unprocessed requests were found.
|11:15:20| [INFO] No unprocessed requests were found.
|11:15:20| [INFO] No unprocessed requests were found.
|11:15:20| [INFO] No unprocessed requests were found.
|11:15:20| [INFO] No unprocessed requests were found.
|11:15:20| [INFO] No unprocessed requests were found.
|11:15:20| [INFO] No unprocessed requests were found.
|11:15:20| [INFO] No unprocessed requests were found.
|11:15:20| [INFO] No unprocessed requests were found.
|11:15:21| [INFO] No unprocessed requests were found.
|11:15:21| [INFO] No unprocessed requests were found.
|11:15:21| [INFO] No unprocessed requests were found.
|11:15:21| [INFO] No unprocessed requests were found.
|11:15:21| [INFO] No unprocessed requests were found.
|11:15:22| [INFO] No unprocessed requests were found.
|11:15:22| [INFO] No unprocessed requests were found.
|11:15:22| [INFO] No unprocessed requests were found.
|11:15:23| [INFO] No unprocessed requests were found.
|11:15:23| [INFO] No unprocessed requests were found.
|11:15:24| [INFO] No unprocessed requests were found.
|11:15:24| [INFO] No unprocessed requests were found.
