|10:13:40| [INFO] Logging initialized!
|10:13:40| [INFO] Current date: 2016-01-20
|10:13:40| [INFO] This is an automatically generated log file from the Computer Science 12U ISU Server made by Andrew and Tianli.
|10:13:40| [INFO] Server starting up!
|10:13:40| [SEVERE] There was no file path specified to retrieve server data from.
|10:13:40| [WARNING] Server did not start properly, quitting...
|10:13:40| [INFO] Found clubs directory in E:/ISU/Compsci12ISUServer_Data directory.
|10:13:40| [INFO] Found posts directory in E:/ISU/Compsci12ISUServer_Data directory.
|10:13:40| [INFO] Found users directory in E:/ISU/Compsci12ISUServer_Data directory.
|10:13:40| [INFO] Found pseudo requests directory in E:/ISU/Compsci12ISUServer_Data directory.
|10:13:40| [INFO] Found admins directory in E:/ISU/Compsci12ISUServer_Data directory.
|10:13:40| [INFO] Found 1 request that has not yet been processed.
|10:13:41| [INFO] Time taken to respond: 1094
|10:13:41| [INFO] Time taken: 1250
|10:13:41| [INFO] No unprocessed requests were found.
|10:13:42| [INFO] No unprocessed requests were found.
|10:13:42| [INFO] No unprocessed requests were found.
|10:13:42| [INFO] No unprocessed requests were found.
|10:13:42| [INFO] No unprocessed requests were found.
|10:13:43| [INFO] No unprocessed requests were found.
|10:13:43| [INFO] No unprocessed requests were found.
|10:13:43| [INFO] No unprocessed requests were found.
|10:13:43| [INFO] No unprocessed requests were found.
|10:13:43| [INFO] No unprocessed requests were found.
|10:13:43| [INFO] No unprocessed requests were found.
|10:13:43| [INFO] No unprocessed requests were found.
|10:13:43| [INFO] No unprocessed requests were found.
|10:13:43| [INFO] No unprocessed requests were found.
|10:13:43| [INFO] No unprocessed requests were found.
|10:13:43| [INFO] No unprocessed requests were found.
|10:13:44| [INFO] No unprocessed requests were found.
|10:13:44| [INFO] No unprocessed requests were found.
|10:13:44| [INFO] No unprocessed requests were found.
|10:13:44| [INFO] No unprocessed requests were found.
|10:13:44| [INFO] No unprocessed requests were found.
|10:13:44| [INFO] No unprocessed requests were found.
|10:13:45| [INFO] No unprocessed requests were found.
|10:13:45| [INFO] No unprocessed requests were found.
|10:13:45| [INFO] No unprocessed requests were found.
|10:13:45| [INFO] No unprocessed requests were found.
|10:13:45| [INFO] No unprocessed requests were found.
|10:13:45| [INFO] No unprocessed requests were found.
|10:13:45| [INFO] No unprocessed requests were found.
|10:13:45| [INFO] No unprocessed requests were found.
|10:13:45| [INFO] No unprocessed requests were found.
|10:13:45| [INFO] No unprocessed requests were found.
|10:13:45| [INFO] No unprocessed requests were found.
|10:13:45| [INFO] No unprocessed requests were found.
|10:13:46| [INFO] No unprocessed requests were found.
|10:13:46| [INFO] No unprocessed requests were found.
|10:13:46| [INFO] No unprocessed requests were found.
|10:13:46| [INFO] No unprocessed requests were found.
|10:13:46| [INFO] No unprocessed requests were found.
|10:13:46| [INFO] No unprocessed requests were found.
|10:13:46| [INFO] No unprocessed requests were found.
|10:13:47| [INFO] No unprocessed requests were found.
|10:13:47| [INFO] No unprocessed requests were found.
|10:13:47| [INFO] No unprocessed requests were found.
|10:13:47| [INFO] No unprocessed requests were found.
|10:13:47| [INFO] No unprocessed requests were found.
|10:13:47| [INFO] No unprocessed requests were found.
|10:13:47| [INFO] No unprocessed requests were found.
|10:13:47| [INFO] No unprocessed requests were found.
|10:13:47| [INFO] No unprocessed requests were found.
|10:13:47| [INFO] No unprocessed requests were found.
|10:13:47| [INFO] No unprocessed requests were found.
|10:13:48| [INFO] No unprocessed requests were found.
|10:13:48| [INFO] No unprocessed requests were found.
|10:13:48| [INFO] No unprocessed requests were found.
|10:13:48| [INFO] No unprocessed requests were found.
|10:13:48| [INFO] No unprocessed requests were found.
|10:13:48| [INFO] No unprocessed requests were found.
|10:13:49| [INFO] No unprocessed requests were found.
|10:13:49| [INFO] Found 1 request that has not yet been processed.
|10:13:50| [INFO] Time taken to respond: 406
|10:13:50| [INFO] Time taken: 1109
|10:13:51| [INFO] No unprocessed requests were found.
|10:13:52| [INFO] No unprocessed requests were found.
|10:13:52| [INFO] No unprocessed requests were found.
|10:13:52| [INFO] No unprocessed requests were found.
|10:13:52| [INFO] No unprocessed requests were found.
|10:13:53| [INFO] No unprocessed requests were found.
|10:13:53| [INFO] No unprocessed requests were found.
|10:13:53| [INFO] No unprocessed requests were found.
|10:13:53| [INFO] No unprocessed requests were found.
|10:13:53| [INFO] No unprocessed requests were found.
|10:13:53| [INFO] No unprocessed requests were found.
|10:13:54| [INFO] No unprocessed requests were found.
|10:13:54| [INFO] No unprocessed requests were found.
|10:13:54| [INFO] No unprocessed requests were found.
|10:13:54| [INFO] No unprocessed requests were found.
|10:13:55| [INFO] No unprocessed requests were found.
|10:13:55| [INFO] No unprocessed requests were found.
|10:13:55| [INFO] No unprocessed requests were found.
|10:13:55| [INFO] No unprocessed requests were found.
|10:13:55| [INFO] No unprocessed requests were found.
|10:13:55| [INFO] No unprocessed requests were found.
|10:13:56| [INFO] No unprocessed requests were found.
|10:13:56| [INFO] No unprocessed requests were found.
|10:13:56| [INFO] No unprocessed requests were found.
|10:13:56| [INFO] No unprocessed requests were found.
|10:13:57| [INFO] No unprocessed requests were found.
|10:13:57| [INFO] No unprocessed requests were found.
|10:13:57| [INFO] No unprocessed requests were found.
|10:13:57| [INFO] No unprocessed requests were found.
|10:13:57| [INFO] No unprocessed requests were found.
|10:13:57| [INFO] No unprocessed requests were found.
|10:13:57| [INFO] No unprocessed requests were found.
|10:13:58| [INFO] No unprocessed requests were found.
|10:13:58| [INFO] No unprocessed requests were found.
|10:13:58| [INFO] No unprocessed requests were found.
|10:13:59| [INFO] No unprocessed requests were found.
|10:13:59| [INFO] No unprocessed requests were found.
|10:13:59| [INFO] No unprocessed requests were found.
|10:13:59| [INFO] No unprocessed requests were found.
|10:13:59| [INFO] No unprocessed requests were found.
|10:13:59| [INFO] No unprocessed requests were found.
|10:14:00| [INFO] No unprocessed requests were found.
|10:14:00| [INFO] No unprocessed requests were found.
|10:14:00| [INFO] No unprocessed requests were found.
|10:14:00| [INFO] No unprocessed requests were found.
|10:14:00| [INFO] No unprocessed requests were found.
|10:14:01| [INFO] No unprocessed requests were found.
|10:14:01| [INFO] No unprocessed requests were found.
|10:14:01| [INFO] No unprocessed requests were found.
|10:14:01| [INFO] No unprocessed requests were found.
|10:14:01| [INFO] No unprocessed requests were found.
|10:14:01| [INFO] No unprocessed requests were found.
|10:14:02| [INFO] No unprocessed requests were found.
|10:14:02| [INFO] No unprocessed requests were found.
|10:14:02| [INFO] No unprocessed requests were found.
|10:14:02| [INFO] No unprocessed requests were found.
|10:14:03| [INFO] No unprocessed requests were found.
|10:14:03| [INFO] Found 1 request that has not yet been processed.
|10:14:04| [INFO] No unprocessed requests were found.
|10:14:04| [INFO] No unprocessed requests were found.
|10:14:05| [INFO] No unprocessed requests were found.
|10:14:05| [INFO] No unprocessed requests were found.
|10:14:05| [INFO] No unprocessed requests were found.
|10:14:05| [INFO] No unprocessed requests were found.
|10:14:06| [INFO] No unprocessed requests were found.
|10:14:06| [INFO] No unprocessed requests were found.
|10:14:06| [INFO] No unprocessed requests were found.
|10:14:06| [INFO] No unprocessed requests were found.
|10:14:06| [INFO] No unprocessed requests were found.
|10:14:07| [INFO] No unprocessed requests were found.
|10:14:07| [INFO] No unprocessed requests were found.
|10:14:08| [INFO] No unprocessed requests were found.
|10:14:08| [INFO] No unprocessed requests were found.
|10:14:08| [INFO] No unprocessed requests were found.
|10:14:08| [INFO] No unprocessed requests were found.
|10:14:08| [INFO] No unprocessed requests were found.
|10:14:08| [INFO] No unprocessed requests were found.
|10:14:09| [INFO] No unprocessed requests were found.
|10:14:09| [INFO] No unprocessed requests were found.
|10:14:09| [INFO] No unprocessed requests were found.
|10:14:09| [INFO] No unprocessed requests were found.
|10:14:10| [INFO] No unprocessed requests were found.
|10:14:10| [INFO] No unprocessed requests were found.
|10:14:10| [INFO] No unprocessed requests were found.
|10:14:10| [INFO] No unprocessed requests were found.
|10:14:10| [INFO] No unprocessed requests were found.
|10:14:10| [INFO] No unprocessed requests were found.
|10:14:11| [INFO] No unprocessed requests were found.
|10:14:11| [INFO] No unprocessed requests were found.
|10:14:11| [INFO] No unprocessed requests were found.
|10:14:11| [INFO] No unprocessed requests were found.
|10:14:12| [INFO] No unprocessed requests were found.
|10:14:12| [INFO] No unprocessed requests were found.
|10:14:12| [INFO] No unprocessed requests were found.
|10:14:12| [INFO] No unprocessed requests were found.
|10:14:12| [INFO] No unprocessed requests were found.
|10:14:12| [INFO] No unprocessed requests were found.
|10:14:13| [INFO] No unprocessed requests were found.
|10:14:13| [INFO] No unprocessed requests were found.
|10:14:13| [INFO] No unprocessed requests were found.
|10:14:13| [INFO] No unprocessed requests were found.
|10:14:13| [INFO] No unprocessed requests were found.
|10:14:14| [INFO] No unprocessed requests were found.
|10:14:14| [INFO] No unprocessed requests were found.
|10:14:14| [INFO] No unprocessed requests were found.
|10:14:14| [INFO] No unprocessed requests were found.
|10:14:14| [INFO] No unprocessed requests were found.
|10:14:15| [INFO] No unprocessed requests were found.
|10:14:15| [INFO] No unprocessed requests were found.
|10:14:15| [INFO] No unprocessed requests were found.
|10:14:15| [INFO] No unprocessed requests were found.
|10:14:16| [INFO] No unprocessed requests were found.
|10:14:16| [INFO] No unprocessed requests were found.
|10:14:16| [INFO] No unprocessed requests were found.
|10:14:16| [INFO] No unprocessed requests were found.
|10:14:16| [INFO] No unprocessed requests were found.
|10:14:16| [INFO] No unprocessed requests were found.
|10:14:16| [INFO] No unprocessed requests were found.
|10:14:17| [INFO] No unprocessed requests were found.
|10:14:17| [INFO] No unprocessed requests were found.
|10:14:17| [INFO] No unprocessed requests were found.
|10:14:17| [INFO] No unprocessed requests were found.
|10:14:18| [INFO] No unprocessed requests were found.
|10:14:18| [INFO] No unprocessed requests were found.
|10:14:18| [INFO] No unprocessed requests were found.
|10:14:18| [INFO] No unprocessed requests were found.
|10:14:18| [INFO] No unprocessed requests were found.
|10:14:18| [INFO] No unprocessed requests were found.
|10:14:18| [INFO] No unprocessed requests were found.
|10:14:19| [INFO] No unprocessed requests were found.
|10:14:19| [INFO] No unprocessed requests were found.
|10:14:19| [INFO] No unprocessed requests were found.
|10:14:19| [INFO] No unprocessed requests were found.
|10:14:20| [INFO] No unprocessed requests were found.
|10:14:20| [INFO] No unprocessed requests were found.
|10:14:20| [INFO] No unprocessed requests were found.
|10:14:20| [INFO] No unprocessed requests were found.
|10:14:20| [INFO] No unprocessed requests were found.
|10:14:20| [INFO] No unprocessed requests were found.
|10:14:20| [INFO] No unprocessed requests were found.
|10:14:20| [INFO] No unprocessed requests were found.
|10:14:20| [INFO] No unprocessed requests were found.
|10:14:20| [INFO] No unprocessed requests were found.
|10:14:20| [INFO] No unprocessed requests were found.
|10:14:20| [INFO] No unprocessed requests were found.
|10:14:20| [INFO] No unprocessed requests were found.
|10:14:20| [INFO] No unprocessed requests were found.
|10:14:20| [INFO] No unprocessed requests were found.
|10:14:20| [INFO] No unprocessed requests were found.
|10:14:20| [INFO] No unprocessed requests were found.
|10:14:20| [INFO] No unprocessed requests were found.
|10:14:20| [INFO] No unprocessed requests were found.
|10:14:20| [INFO] No unprocessed requests were found.
|10:14:20| [INFO] No unprocessed requests were found.
|10:14:21| [INFO] No unprocessed requests were found.
|10:14:21| [INFO] No unprocessed requests were found.
|10:14:21| [INFO] No unprocessed requests were found.
|10:14:21| [INFO] No unprocessed requests were found.
|10:14:21| [INFO] No unprocessed requests were found.
|10:14:21| [INFO] No unprocessed requests were found.
|10:14:21| [INFO] No unprocessed requests were found.
|10:14:21| [INFO] No unprocessed requests were found.
|10:14:21| [INFO] No unprocessed requests were found.
|10:14:21| [INFO] No unprocessed requests were found.
|10:14:21| [INFO] No unprocessed requests were found.
|10:14:21| [INFO] No unprocessed requests were found.
|10:14:21| [INFO] No unprocessed requests were found.
|10:14:21| [INFO] No unprocessed requests were found.
|10:14:21| [INFO] No unprocessed requests were found.
|10:14:21| [INFO] No unprocessed requests were found.
|10:14:21| [INFO] No unprocessed requests were found.
|10:14:21| [INFO] No unprocessed requests were found.
|10:14:21| [INFO] No unprocessed requests were found.
|10:14:21| [INFO] No unprocessed requests were found.
|10:14:21| [INFO] No unprocessed requests were found.
|10:14:22| [INFO] No unprocessed requests were found.
|10:14:22| [INFO] No unprocessed requests were found.
|10:14:22| [INFO] No unprocessed requests were found.
|10:14:22| [INFO] No unprocessed requests were found.
|10:14:23| [INFO] No unprocessed requests were found.
|10:14:23| [INFO] No unprocessed requests were found.
|10:14:23| [INFO] No unprocessed requests were found.
|10:14:23| [INFO] No unprocessed requests were found.
|10:14:23| [INFO] No unprocessed requests were found.
|10:14:24| [INFO] No unprocessed requests were found.
|10:14:24| [INFO] Found 1 request that has not yet been processed.
|10:14:25| [INFO] No unprocessed requests were found.
|10:14:25| [INFO] No unprocessed requests were found.
|10:14:26| [INFO] No unprocessed requests were found.
|10:14:26| [INFO] No unprocessed requests were found.
|10:14:26| [INFO] No unprocessed requests were found.
|10:14:27| [INFO] No unprocessed requests were found.
|10:14:27| [INFO] No unprocessed requests were found.
|10:14:27| [INFO] No unprocessed requests were found.
|10:14:28| [INFO] No unprocessed requests were found.
|10:14:28| [INFO] No unprocessed requests were found.
|10:14:28| [INFO] No unprocessed requests were found.
|10:14:28| [INFO] No unprocessed requests were found.
|10:14:28| [INFO] No unprocessed requests were found.
|10:14:29| [INFO] No unprocessed requests were found.
|10:14:29| [INFO] Found 1 request that has not yet been processed.
|10:14:30| [INFO] Time taken to respond: 406
|10:14:30| [INFO] Time taken: 437
|10:14:31| [INFO] No unprocessed requests were found.
|10:14:32| [INFO] No unprocessed requests were found.
|10:14:32| [INFO] No unprocessed requests were found.
|10:14:33| [INFO] No unprocessed requests were found.
|10:14:33| [INFO] No unprocessed requests were found.
|10:14:33| [INFO] No unprocessed requests were found.
|10:14:33| [INFO] No unprocessed requests were found.
|10:14:33| [INFO] No unprocessed requests were found.
|10:14:33| [INFO] No unprocessed requests were found.
|10:14:33| [INFO] No unprocessed requests were found.
|10:14:33| [INFO] No unprocessed requests were found.
|10:14:33| [INFO] No unprocessed requests were found.
|10:14:33| [INFO] No unprocessed requests were found.
|10:14:34| [INFO] No unprocessed requests were found.
|10:14:34| [INFO] No unprocessed requests were found.
|10:14:34| [INFO] No unprocessed requests were found.
|10:14:34| [INFO] No unprocessed requests were found.
|10:14:35| [INFO] No unprocessed requests were found.
|10:14:35| [INFO] No unprocessed requests were found.
|10:14:35| [INFO] No unprocessed requests were found.
|10:14:35| [INFO] No unprocessed requests were found.
|10:14:36| [INFO] No unprocessed requests were found.
|10:14:36| [INFO] No unprocessed requests were found.
|10:14:36| [INFO] No unprocessed requests were found.
|10:14:36| [INFO] No unprocessed requests were found.
|10:14:36| [INFO] No unprocessed requests were found.
|10:14:36| [INFO] No unprocessed requests were found.
|10:14:36| [INFO] No unprocessed requests were found.
|10:14:37| [INFO] No unprocessed requests were found.
|10:14:37| [INFO] No unprocessed requests were found.
|10:14:37| [INFO] No unprocessed requests were found.
|10:14:37| [INFO] No unprocessed requests were found.
|10:14:37| [INFO] No unprocessed requests were found.
|10:14:38| [INFO] No unprocessed requests were found.
|10:14:38| [INFO] No unprocessed requests were found.
|10:14:38| [INFO] No unprocessed requests were found.
|10:14:38| [INFO] No unprocessed requests were found.
|10:14:38| [INFO] No unprocessed requests were found.
|10:14:38| [INFO] No unprocessed requests were found.
|10:14:39| [INFO] No unprocessed requests were found.
|10:14:39| [INFO] No unprocessed requests were found.
|10:14:39| [INFO] No unprocessed requests were found.
|10:14:39| [INFO] Found 1 request that has not yet been processed.
|10:14:41| [INFO] Time taken to respond: 1110
|10:14:41| [INFO] Time taken: 1125
|10:14:41| [INFO] No unprocessed requests were found.
|10:14:42| [INFO] No unprocessed requests were found.
|10:14:42| [INFO] No unprocessed requests were found.
|10:14:42| [INFO] No unprocessed requests were found.
|10:14:42| [INFO] No unprocessed requests were found.
|10:14:43| [INFO] No unprocessed requests were found.
|10:14:43| [INFO] No unprocessed requests were found.
|10:14:43| [INFO] No unprocessed requests were found.
|10:14:43| [INFO] No unprocessed requests were found.
|10:14:43| [INFO] No unprocessed requests were found.
|10:14:43| [INFO] No unprocessed requests were found.
|10:14:44| [INFO] No unprocessed requests were found.
|10:14:44| [INFO] No unprocessed requests were found.
|10:14:44| [INFO] No unprocessed requests were found.
|10:14:44| [INFO] No unprocessed requests were found.
|10:14:45| [INFO] No unprocessed requests were found.
|10:14:45| [INFO] No unprocessed requests were found.
|10:14:45| [INFO] No unprocessed requests were found.
|10:14:45| [INFO] No unprocessed requests were found.
|10:14:45| [INFO] No unprocessed requests were found.
|10:14:45| [INFO] No unprocessed requests were found.
|10:14:45| [INFO] No unprocessed requests were found.
|10:14:46| [INFO] No unprocessed requests were found.
|10:14:46| [INFO] No unprocessed requests were found.
|10:14:46| [INFO] No unprocessed requests were found.
|10:14:46| [INFO] No unprocessed requests were found.
|10:14:47| [INFO] No unprocessed requests were found.
|10:14:47| [INFO] No unprocessed requests were found.
|10:14:47| [INFO] No unprocessed requests were found.
|10:14:47| [INFO] No unprocessed requests were found.
|10:14:47| [INFO] No unprocessed requests were found.
|10:14:47| [INFO] No unprocessed requests were found.
|10:14:48| [INFO] No unprocessed requests were found.
|10:14:48| [INFO] No unprocessed requests were found.
|10:14:56| [INFO] No unprocessed requests were found.
|10:14:56| [INFO] No unprocessed requests were found.
|10:14:56| [INFO] No unprocessed requests were found.
|10:14:56| [INFO] No unprocessed requests were found.
|10:14:56| [INFO] No unprocessed requests were found.
|10:14:57| [INFO] No unprocessed requests were found.
|10:14:57| [INFO] No unprocessed requests were found.
|10:14:57| [INFO] No unprocessed requests were found.
|10:14:57| [INFO] No unprocessed requests were found.
