|09:45:44| [INFO] Logging initialized!
|09:45:44| [INFO] Current date: 2016-01-20
|09:45:44| [INFO] This is an automatically generated log file from the Computer Science 12U ISU Server made by Andrew and Tianli.
|09:45:44| [INFO] Server starting up!
|09:45:44| [SEVERE] There was no file path specified to retrieve server data from.
|09:45:44| [WARNING] Server did not start properly, quitting...
|09:45:44| [INFO] Found clubs directory in E:/ISU/Compsci12ISUServer_Data directory.
|09:45:44| [INFO] Found posts directory in E:/ISU/Compsci12ISUServer_Data directory.
|09:45:44| [INFO] Found users directory in E:/ISU/Compsci12ISUServer_Data directory.
|09:45:44| [INFO] Found pseudo requests directory in E:/ISU/Compsci12ISUServer_Data directory.
|09:45:44| [INFO] Found admins directory in E:/ISU/Compsci12ISUServer_Data directory.
|09:45:44| [INFO] No unprocessed requests were found.
|09:45:44| [INFO] No unprocessed requests were found.
|09:45:44| [INFO] No unprocessed requests were found.
|09:45:44| [INFO] No unprocessed requests were found.
|09:45:44| [INFO] No unprocessed requests were found.
|09:45:44| [INFO] No unprocessed requests were found.
|09:45:44| [INFO] No unprocessed requests were found.
|09:45:44| [INFO] No unprocessed requests were found.
|09:45:44| [INFO] No unprocessed requests were found.
|09:45:44| [INFO] No unprocessed requests were found.
|09:45:44| [INFO] No unprocessed requests were found.
|09:45:45| [INFO] No unprocessed requests were found.
|09:45:45| [INFO] No unprocessed requests were found.
|09:45:45| [INFO] No unprocessed requests were found.
|09:45:45| [INFO] No unprocessed requests were found.
|09:45:45| [INFO] No unprocessed requests were found.
|09:45:45| [INFO] No unprocessed requests were found.
|09:45:45| [INFO] No unprocessed requests were found.
|09:45:45| [INFO] No unprocessed requests were found.
|09:45:45| [INFO] No unprocessed requests were found.
|09:45:45| [INFO] No unprocessed requests were found.
|09:45:45| [INFO] No unprocessed requests were found.
|09:45:45| [INFO] No unprocessed requests were found.
|09:45:45| [INFO] No unprocessed requests were found.
|09:45:45| [INFO] No unprocessed requests were found.
|09:45:45| [INFO] No unprocessed requests were found.
|09:45:45| [INFO] No unprocessed requests were found.
|09:45:45| [INFO] No unprocessed requests were found.
|09:45:45| [INFO] No unprocessed requests were found.
|09:45:45| [INFO] No unprocessed requests were found.
|09:45:45| [INFO] No unprocessed requests were found.
|09:45:45| [INFO] No unprocessed requests were found.
|09:45:45| [INFO] No unprocessed requests were found.
|09:45:45| [INFO] No unprocessed requests were found.
|09:45:45| [INFO] No unprocessed requests were found.
|09:45:45| [INFO] No unprocessed requests were found.
|09:45:45| [INFO] No unprocessed requests were found.
|09:45:45| [INFO] No unprocessed requests were found.
|09:45:45| [INFO] No unprocessed requests were found.
|09:45:45| [INFO] No unprocessed requests were found.
|09:45:45| [INFO] No unprocessed requests were found.
|09:45:46| [INFO] No unprocessed requests were found.
|09:45:46| [INFO] No unprocessed requests were found.
|09:45:46| [INFO] No unprocessed requests were found.
|09:45:46| [INFO] No unprocessed requests were found.
|09:45:46| [INFO] No unprocessed requests were found.
|09:45:46| [INFO] No unprocessed requests were found.
|09:45:47| [INFO] No unprocessed requests were found.
|09:45:47| [INFO] No unprocessed requests were found.
|09:45:47| [INFO] No unprocessed requests were found.
|09:45:47| [INFO] No unprocessed requests were found.
|09:45:48| [INFO] No unprocessed requests were found.
|09:45:48| [INFO] No unprocessed requests were found.
|09:45:49| [INFO] No unprocessed requests were found.
|09:45:49| [INFO] No unprocessed requests were found.
|09:45:49| [INFO] No unprocessed requests were found.
|09:45:49| [INFO] No unprocessed requests were found.
|09:45:49| [INFO] No unprocessed requests were found.
|09:45:49| [INFO] No unprocessed requests were found.
|09:45:50| [INFO] No unprocessed requests were found.
|09:45:51| [INFO] No unprocessed requests were found.
|09:45:51| [INFO] No unprocessed requests were found.
|09:45:51| [INFO] No unprocessed requests were found.
|09:45:52| [INFO] No unprocessed requests were found.
|09:45:52| [INFO] No unprocessed requests were found.
|09:45:52| [INFO] No unprocessed requests were found.
|09:45:53| [INFO] Found 1 request that has not yet been processed.
