|10:11:58| [INFO] Logging initialized!
|10:11:58| [INFO] Current date: 2016-01-20
|10:11:58| [INFO] This is an automatically generated log file from the Computer Science 12U ISU Server made by Andrew and Tianli.
|10:11:58| [INFO] Server starting up!
|10:11:58| [SEVERE] There was no file path specified to retrieve server data from.
|10:11:58| [WARNING] Server did not start properly, quitting...
|10:11:58| [INFO] Found clubs directory in E:/ISU/Compsci12ISUServer_Data directory.
|10:11:58| [INFO] Found posts directory in E:/ISU/Compsci12ISUServer_Data directory.
|10:11:58| [INFO] Found users directory in E:/ISU/Compsci12ISUServer_Data directory.
|10:11:58| [INFO] Found pseudo requests directory in E:/ISU/Compsci12ISUServer_Data directory.
|10:11:58| [INFO] Found admins directory in E:/ISU/Compsci12ISUServer_Data directory.
|10:11:58| [INFO] No unprocessed requests were found.
|10:11:58| [INFO] No unprocessed requests were found.
|10:11:58| [INFO] No unprocessed requests were found.
|10:11:58| [INFO] No unprocessed requests were found.
|10:11:58| [INFO] No unprocessed requests were found.
|10:11:58| [INFO] No unprocessed requests were found.
|10:11:58| [INFO] No unprocessed requests were found.
|10:11:58| [INFO] No unprocessed requests were found.
|10:11:58| [INFO] No unprocessed requests were found.
|10:11:58| [INFO] No unprocessed requests were found.
|10:11:58| [INFO] No unprocessed requests were found.
|10:11:58| [INFO] No unprocessed requests were found.
|10:11:58| [INFO] No unprocessed requests were found.
|10:11:58| [INFO] No unprocessed requests were found.
|10:11:58| [INFO] No unprocessed requests were found.
|10:11:58| [INFO] No unprocessed requests were found.
|10:11:58| [INFO] No unprocessed requests were found.
|10:11:59| [INFO] No unprocessed requests were found.
|10:11:59| [INFO] No unprocessed requests were found.
|10:11:59| [INFO] No unprocessed requests were found.
|10:11:59| [INFO] No unprocessed requests were found.
|10:11:59| [INFO] No unprocessed requests were found.
|10:11:59| [INFO] No unprocessed requests were found.
|10:11:59| [INFO] No unprocessed requests were found.
|10:11:59| [INFO] No unprocessed requests were found.
|10:11:59| [INFO] No unprocessed requests were found.
|10:11:59| [INFO] No unprocessed requests were found.
|10:11:59| [INFO] No unprocessed requests were found.
|10:11:59| [INFO] No unprocessed requests were found.
|10:11:59| [INFO] No unprocessed requests were found.
|10:12:00| [INFO] No unprocessed requests were found.
|10:12:00| [INFO] No unprocessed requests were found.
|10:12:00| [INFO] No unprocessed requests were found.
|10:12:00| [INFO] No unprocessed requests were found.
|10:12:00| [INFO] No unprocessed requests were found.
|10:12:01| [INFO] No unprocessed requests were found.
|10:12:01| [INFO] No unprocessed requests were found.
|10:12:01| [INFO] No unprocessed requests were found.
|10:12:01| [INFO] No unprocessed requests were found.
|10:12:02| [INFO] No unprocessed requests were found.
|10:12:02| [INFO] No unprocessed requests were found.
|10:12:02| [INFO] No unprocessed requests were found.
|10:12:02| [INFO] No unprocessed requests were found.
|10:12:02| [INFO] No unprocessed requests were found.
|10:12:02| [INFO] No unprocessed requests were found.
|10:12:02| [INFO] No unprocessed requests were found.
|10:12:03| [INFO] No unprocessed requests were found.
|10:12:03| [INFO] No unprocessed requests were found.
|10:12:03| [INFO] No unprocessed requests were found.
|10:12:04| [INFO] No unprocessed requests were found.
|10:12:04| [INFO] No unprocessed requests were found.
|10:12:04| [INFO] No unprocessed requests were found.
|10:12:04| [INFO] Found 1 request that has not yet been processed.
|10:12:04| [INFO] Time taken to respond: 500
|10:12:04| [INFO] Time taken: 515
|10:12:05| [INFO] No unprocessed requests were found.
|10:12:06| [INFO] No unprocessed requests were found.
|10:12:06| [INFO] No unprocessed requests were found.
|10:12:06| [INFO] No unprocessed requests were found.
|10:12:06| [INFO] No unprocessed requests were found.
|10:12:06| [INFO] No unprocessed requests were found.
|10:12:07| [INFO] No unprocessed requests were found.
|10:12:07| [INFO] No unprocessed requests were found.
|10:12:07| [INFO] No unprocessed requests were found.
|10:12:08| [INFO] No unprocessed requests were found.
|10:12:08| [INFO] No unprocessed requests were found.
|10:12:08| [INFO] No unprocessed requests were found.
|10:12:08| [INFO] No unprocessed requests were found.
|10:12:09| [INFO] No unprocessed requests were found.
|10:12:09| [INFO] No unprocessed requests were found.
|10:12:09| [INFO] No unprocessed requests were found.
|10:12:09| [INFO] No unprocessed requests were found.
|10:12:09| [INFO] No unprocessed requests were found.
|10:12:09| [INFO] No unprocessed requests were found.
|10:12:10| [INFO] No unprocessed requests were found.
|10:12:10| [INFO] No unprocessed requests were found.
|10:12:10| [INFO] No unprocessed requests were found.
|10:12:10| [INFO] No unprocessed requests were found.
|10:12:11| [INFO] No unprocessed requests were found.
|10:12:11| [INFO] No unprocessed requests were found.
|10:12:11| [INFO] No unprocessed requests were found.
|10:12:11| [INFO] No unprocessed requests were found.
|10:12:11| [INFO] No unprocessed requests were found.
|10:12:11| [INFO] No unprocessed requests were found.
|10:12:11| [INFO] No unprocessed requests were found.
|10:12:12| [INFO] No unprocessed requests were found.
|10:12:12| [INFO] No unprocessed requests were found.
|10:12:12| [INFO] No unprocessed requests were found.
|10:12:12| [INFO] No unprocessed requests were found.
|10:12:13| [INFO] No unprocessed requests were found.
|10:12:13| [INFO] No unprocessed requests were found.
|10:12:13| [INFO] No unprocessed requests were found.
|10:12:13| [INFO] No unprocessed requests were found.
|10:12:13| [INFO] No unprocessed requests were found.
|10:12:13| [INFO] No unprocessed requests were found.
|10:12:14| [INFO] No unprocessed requests were found.
|10:12:14| [INFO] No unprocessed requests were found.
|10:12:14| [INFO] No unprocessed requests were found.
|10:12:14| [INFO] No unprocessed requests were found.
|10:12:15| [INFO] No unprocessed requests were found.
|10:12:15| [INFO] No unprocessed requests were found.
|10:12:15| [INFO] No unprocessed requests were found.
|10:12:15| [INFO] No unprocessed requests were found.
|10:12:15| [INFO] No unprocessed requests were found.
|10:12:15| [INFO] No unprocessed requests were found.
|10:12:16| [INFO] No unprocessed requests were found.
|10:12:16| [INFO] No unprocessed requests were found.
|10:12:16| [INFO] No unprocessed requests were found.
|10:12:16| [INFO] No unprocessed requests were found.
|10:12:17| [INFO] No unprocessed requests were found.
|10:12:17| [INFO] Found 1 request that has not yet been processed.
|10:12:17| [SEVERE] System.IO.IOException: The file 'E:/ISU/Compsci12ISUClient/ISU/bin/Debug/posts/01-14-2016_12.39.12.txt' already exists.
   at System.IO.__Error.WinIOError(Int32 errorCode, String maybeFullPath)
   at System.IO.File.InternalCopy(String sourceFileName, String destFileName, Boolean overwrite, Boolean checkHost)
   at System.IO.File.Copy(String sourceFileName, String destFileName)
   at Compsci12ISUServer.AndrewModel.RespondWithListOfPosts(String target, Int32 quantifier) in E:\ISU\Compsci12ISUServer\Compsci12ISUServer\AndrewModel.cs:line 484
|10:12:17| [INFO] Time taken: 219
|10:12:17| [INFO] No unprocessed requests were found.
|10:12:17| [INFO] No unprocessed requests were found.
|10:12:17| [INFO] No unprocessed requests were found.
|10:12:17| [INFO] No unprocessed requests were found.
|10:12:19| [INFO] No unprocessed requests were found.
|10:12:19| [INFO] No unprocessed requests were found.
|10:12:19| [INFO] No unprocessed requests were found.
|10:12:19| [INFO] No unprocessed requests were found.
|10:12:19| [INFO] No unprocessed requests were found.
|10:12:29| [INFO] No unprocessed requests were found.
|10:12:29| [INFO] No unprocessed requests were found.
|10:12:29| [INFO] No unprocessed requests were found.
|10:12:30| [INFO] No unprocessed requests were found.
|10:12:43| [INFO] No unprocessed requests were found.
|10:12:43| [INFO] No unprocessed requests were found.
|10:12:43| [INFO] No unprocessed requests were found.
|10:12:44| [INFO] No unprocessed requests were found.
|10:12:44| [INFO] No unprocessed requests were found.
|10:12:44| [INFO] No unprocessed requests were found.
|10:12:44| [INFO] No unprocessed requests were found.
|10:12:44| [INFO] No unprocessed requests were found.
|10:12:44| [INFO] No unprocessed requests were found.
|10:12:44| [INFO] No unprocessed requests were found.
|10:12:45| [INFO] No unprocessed requests were found.
|10:12:45| [INFO] No unprocessed requests were found.
|10:12:45| [INFO] No unprocessed requests were found.
|10:12:45| [INFO] No unprocessed requests were found.
|10:12:46| [INFO] No unprocessed requests were found.
|10:12:46| [INFO] No unprocessed requests were found.
|10:12:46| [INFO] No unprocessed requests were found.
|10:12:46| [INFO] No unprocessed requests were found.
