|09:37:53| [INFO] Logging initialized!
|09:37:53| [INFO] Current date: 2016-01-20
|09:37:53| [INFO] This is an automatically generated log file from the Computer Science 12U ISU Server made by Andrew and Tianli.
|09:37:53| [INFO] Server starting up!
|09:37:53| [SEVERE] There was no file path specified to retrieve server data from.
|09:37:53| [WARNING] Server did not start properly, quitting...
|09:37:53| [INFO] Found clubs directory in E:/ISU/Compsci12ISUServer_Data directory.
|09:37:53| [INFO] Found posts directory in E:/ISU/Compsci12ISUServer_Data directory.
|09:37:53| [INFO] Found users directory in E:/ISU/Compsci12ISUServer_Data directory.
|09:37:53| [INFO] Found pseudo requests directory in E:/ISU/Compsci12ISUServer_Data directory.
|09:37:53| [INFO] Found admins directory in E:/ISU/Compsci12ISUServer_Data directory.
|09:37:53| [INFO] Found 1 request that has not yet been processed.
|09:37:53| [INFO] No unprocessed requests were found.
|09:37:54| [INFO] No unprocessed requests were found.
|09:37:54| [INFO] No unprocessed requests were found.
|09:37:55| [INFO] No unprocessed requests were found.
|09:37:55| [INFO] No unprocessed requests were found.
|09:37:55| [INFO] No unprocessed requests were found.
|09:37:55| [INFO] No unprocessed requests were found.
|09:37:55| [INFO] No unprocessed requests were found.
|09:37:55| [INFO] No unprocessed requests were found.
|09:37:56| [INFO] No unprocessed requests were found.
|09:37:56| [INFO] No unprocessed requests were found.
|09:37:56| [INFO] No unprocessed requests were found.
|09:37:56| [INFO] No unprocessed requests were found.
|09:37:57| [INFO] No unprocessed requests were found.
|09:37:57| [INFO] No unprocessed requests were found.
|09:37:57| [INFO] No unprocessed requests were found.
|09:37:57| [INFO] No unprocessed requests were found.
|09:37:57| [INFO] No unprocessed requests were found.
|09:37:57| [INFO] No unprocessed requests were found.
|09:37:58| [INFO] No unprocessed requests were found.
|09:37:58| [INFO] No unprocessed requests were found.
|09:37:58| [INFO] No unprocessed requests were found.
|09:37:58| [INFO] No unprocessed requests were found.
|09:37:59| [INFO] No unprocessed requests were found.
|09:37:59| [INFO] No unprocessed requests were found.
|09:37:59| [INFO] No unprocessed requests were found.
|09:37:59| [INFO] No unprocessed requests were found.
|09:37:59| [INFO] No unprocessed requests were found.
|09:37:59| [INFO] No unprocessed requests were found.
|09:37:59| [INFO] No unprocessed requests were found.
|09:37:59| [INFO] No unprocessed requests were found.
|09:38:00| [INFO] No unprocessed requests were found.
|09:38:00| [INFO] No unprocessed requests were found.
|09:38:00| [INFO] No unprocessed requests were found.
|09:38:00| [INFO] No unprocessed requests were found.
|09:38:01| [INFO] No unprocessed requests were found.
|09:38:01| [INFO] No unprocessed requests were found.
|09:38:01| [INFO] No unprocessed requests were found.
|09:38:01| [INFO] No unprocessed requests were found.
|09:38:01| [INFO] No unprocessed requests were found.
|09:38:01| [INFO] No unprocessed requests were found.
|09:38:01| [INFO] No unprocessed requests were found.
|09:38:02| [INFO] No unprocessed requests were found.
|09:38:02| [INFO] No unprocessed requests were found.
|09:38:02| [INFO] No unprocessed requests were found.
|09:38:02| [INFO] No unprocessed requests were found.
|09:38:02| [INFO] No unprocessed requests were found.
|09:38:03| [INFO] No unprocessed requests were found.
|09:38:03| [INFO] No unprocessed requests were found.
|09:38:03| [INFO] No unprocessed requests were found.
|09:38:03| [INFO] No unprocessed requests were found.
|09:38:03| [INFO] No unprocessed requests were found.
|09:38:03| [INFO] No unprocessed requests were found.
|09:38:04| [INFO] No unprocessed requests were found.
|09:38:04| [INFO] No unprocessed requests were found.
|09:38:04| [INFO] No unprocessed requests were found.
|09:38:05| [INFO] No unprocessed requests were found.
|09:38:05| [INFO] No unprocessed requests were found.
|09:38:05| [INFO] No unprocessed requests were found.
|09:38:05| [INFO] No unprocessed requests were found.
|09:38:06| [INFO] No unprocessed requests were found.
|09:38:06| [INFO] No unprocessed requests were found.
|09:38:06| [INFO] No unprocessed requests were found.
|09:38:06| [INFO] No unprocessed requests were found.
|09:38:07| [INFO] No unprocessed requests were found.
|09:38:07| [INFO] No unprocessed requests were found.
|09:38:07| [INFO] No unprocessed requests were found.
|09:38:07| [INFO] No unprocessed requests were found.
|09:38:07| [INFO] No unprocessed requests were found.
|09:38:07| [INFO] No unprocessed requests were found.
|09:38:07| [INFO] No unprocessed requests were found.
|09:38:08| [INFO] No unprocessed requests were found.
|09:38:08| [INFO] No unprocessed requests were found.
|09:38:08| [INFO] No unprocessed requests were found.
|09:38:09| [INFO] No unprocessed requests were found.
|09:38:09| [INFO] No unprocessed requests were found.
|09:38:09| [INFO] No unprocessed requests were found.
|09:38:09| [INFO] No unprocessed requests were found.
|09:38:09| [INFO] No unprocessed requests were found.
|09:38:09| [INFO] No unprocessed requests were found.
|09:38:09| [INFO] No unprocessed requests were found.
|09:38:09| [INFO] No unprocessed requests were found.
|09:38:09| [INFO] No unprocessed requests were found.
|09:38:09| [INFO] No unprocessed requests were found.
|09:38:10| [INFO] No unprocessed requests were found.
|09:38:10| [INFO] No unprocessed requests were found.
|09:38:10| [INFO] No unprocessed requests were found.
|09:38:10| [INFO] No unprocessed requests were found.
|09:38:10| [INFO] No unprocessed requests were found.
|09:38:10| [INFO] No unprocessed requests were found.
|09:38:10| [INFO] No unprocessed requests were found.
|09:38:10| [INFO] No unprocessed requests were found.
|09:38:10| [INFO] No unprocessed requests were found.
|09:38:10| [INFO] No unprocessed requests were found.
|09:38:10| [INFO] No unprocessed requests were found.
|09:38:10| [INFO] No unprocessed requests were found.
|09:38:10| [INFO] No unprocessed requests were found.
|09:38:10| [INFO] No unprocessed requests were found.
|09:38:10| [INFO] No unprocessed requests were found.
|09:38:10| [INFO] No unprocessed requests were found.
|09:38:10| [INFO] No unprocessed requests were found.
|09:38:10| [INFO] No unprocessed requests were found.
|09:38:10| [INFO] No unprocessed requests were found.
|09:38:10| [INFO] No unprocessed requests were found.
|09:38:10| [INFO] No unprocessed requests were found.
|09:38:10| [INFO] No unprocessed requests were found.
|09:38:10| [INFO] No unprocessed requests were found.
|09:38:10| [INFO] No unprocessed requests were found.
|09:38:10| [INFO] No unprocessed requests were found.
|09:38:10| [INFO] No unprocessed requests were found.
|09:38:10| [INFO] No unprocessed requests were found.
|09:38:10| [INFO] No unprocessed requests were found.
|09:38:10| [INFO] No unprocessed requests were found.
|09:38:10| [INFO] No unprocessed requests were found.
|09:38:10| [INFO] No unprocessed requests were found.
|09:38:10| [INFO] No unprocessed requests were found.
|09:38:10| [INFO] No unprocessed requests were found.
|09:38:10| [INFO] No unprocessed requests were found.
|09:38:10| [INFO] No unprocessed requests were found.
|09:38:11| [INFO] No unprocessed requests were found.
|09:38:11| [INFO] No unprocessed requests were found.
|09:38:11| [INFO] No unprocessed requests were found.
|09:38:11| [INFO] No unprocessed requests were found.
|09:38:12| [INFO] No unprocessed requests were found.
|09:38:12| [INFO] No unprocessed requests were found.
|09:38:12| [INFO] No unprocessed requests were found.
|09:38:12| [INFO] No unprocessed requests were found.
|09:38:12| [INFO] Found 1 request that has not yet been processed.
|09:38:13| [INFO] No unprocessed requests were found.
|09:38:13| [INFO] No unprocessed requests were found.
|09:38:14| [INFO] No unprocessed requests were found.
|09:38:14| [INFO] No unprocessed requests were found.
|09:38:14| [INFO] No unprocessed requests were found.
|09:38:15| [INFO] No unprocessed requests were found.
|09:38:15| [INFO] No unprocessed requests were found.
|09:38:15| [INFO] No unprocessed requests were found.
|09:38:15| [INFO] No unprocessed requests were found.
|09:38:15| [INFO] No unprocessed requests were found.
|09:38:15| [INFO] No unprocessed requests were found.
|09:38:16| [INFO] No unprocessed requests were found.
|09:38:16| [INFO] No unprocessed requests were found.
|09:38:16| [INFO] No unprocessed requests were found.
|09:38:16| [INFO] No unprocessed requests were found.
|09:38:16| [INFO] No unprocessed requests were found.
|09:38:16| [INFO] No unprocessed requests were found.
|09:38:17| [INFO] No unprocessed requests were found.
|09:38:17| [INFO] No unprocessed requests were found.
|09:38:17| [INFO] No unprocessed requests were found.
|09:38:17| [INFO] No unprocessed requests were found.
|09:38:17| [INFO] No unprocessed requests were found.
|09:38:17| [INFO] No unprocessed requests were found.
|09:38:18| [INFO] No unprocessed requests were found.
|09:38:18| [INFO] No unprocessed requests were found.
|09:38:18| [INFO] No unprocessed requests were found.
|09:38:18| [INFO] No unprocessed requests were found.
|09:38:18| [INFO] No unprocessed requests were found.
|09:38:18| [INFO] No unprocessed requests were found.
|09:38:19| [INFO] No unprocessed requests were found.
|09:38:19| [INFO] No unprocessed requests were found.
|09:38:19| [INFO] No unprocessed requests were found.
|09:38:19| [INFO] No unprocessed requests were found.
|09:38:19| [INFO] No unprocessed requests were found.
|09:38:19| [INFO] No unprocessed requests were found.
|09:38:20| [INFO] No unprocessed requests were found.
|09:38:20| [INFO] No unprocessed requests were found.
|09:38:20| [INFO] No unprocessed requests were found.
|09:38:20| [INFO] No unprocessed requests were found.
|09:38:20| [INFO] No unprocessed requests were found.
|09:38:20| [INFO] No unprocessed requests were found.
|09:38:20| [INFO] No unprocessed requests were found.
|09:38:21| [INFO] No unprocessed requests were found.
|09:38:21| [INFO] No unprocessed requests were found.
|09:38:21| [INFO] No unprocessed requests were found.
|09:38:21| [INFO] No unprocessed requests were found.
|09:38:21| [INFO] No unprocessed requests were found.
|09:38:21| [INFO] No unprocessed requests were found.
|09:38:22| [INFO] No unprocessed requests were found.
|09:38:22| [INFO] No unprocessed requests were found.
|09:38:22| [INFO] No unprocessed requests were found.
|09:38:22| [INFO] No unprocessed requests were found.
|09:38:22| [INFO] No unprocessed requests were found.
|09:38:22| [INFO] No unprocessed requests were found.
|09:38:23| [INFO] No unprocessed requests were found.
|09:38:23| [INFO] No unprocessed requests were found.
|09:38:23| [INFO] No unprocessed requests were found.
|09:38:23| [INFO] No unprocessed requests were found.
|09:38:23| [INFO] No unprocessed requests were found.
|09:38:23| [INFO] No unprocessed requests were found.
|09:38:24| [INFO] No unprocessed requests were found.
|09:38:24| [INFO] No unprocessed requests were found.
|09:38:24| [INFO] No unprocessed requests were found.
|09:38:24| [INFO] No unprocessed requests were found.
|09:38:24| [INFO] No unprocessed requests were found.
|09:38:24| [INFO] No unprocessed requests were found.
|09:38:25| [INFO] No unprocessed requests were found.
|09:38:25| [INFO] No unprocessed requests were found.
|09:38:25| [INFO] No unprocessed requests were found.
|09:38:25| [INFO] No unprocessed requests were found.
|09:38:25| [INFO] No unprocessed requests were found.
|09:38:26| [INFO] Found 1 request that has not yet been processed.
|09:38:27| [INFO] No unprocessed requests were found.
|09:38:28| [INFO] No unprocessed requests were found.
|09:38:28| [INFO] No unprocessed requests were found.
|09:38:28| [INFO] No unprocessed requests were found.
|09:38:28| [INFO] No unprocessed requests were found.
|09:38:28| [INFO] No unprocessed requests were found.
|09:38:28| [INFO] No unprocessed requests were found.
|09:38:29| [INFO] No unprocessed requests were found.
|09:38:29| [INFO] No unprocessed requests were found.
|09:38:30| [INFO] No unprocessed requests were found.
|09:38:30| [INFO] No unprocessed requests were found.
|09:38:30| [INFO] No unprocessed requests were found.
|09:38:30| [INFO] No unprocessed requests were found.
|09:38:30| [INFO] No unprocessed requests were found.
|09:38:30| [INFO] No unprocessed requests were found.
|09:38:31| [INFO] No unprocessed requests were found.
|09:38:31| [INFO] No unprocessed requests were found.
|09:38:31| [INFO] No unprocessed requests were found.
|09:38:31| [INFO] No unprocessed requests were found.
|09:38:32| [INFO] No unprocessed requests were found.
|09:38:32| [INFO] No unprocessed requests were found.
|09:38:32| [INFO] No unprocessed requests were found.
|09:38:32| [INFO] No unprocessed requests were found.
|09:38:32| [INFO] No unprocessed requests were found.
|09:38:32| [INFO] No unprocessed requests were found.
|09:38:33| [INFO] No unprocessed requests were found.
|09:38:33| [INFO] Found 1 request that has not yet been processed.
|09:38:33| [INFO] No unprocessed requests were found.
|09:38:33| [INFO] No unprocessed requests were found.
|09:38:33| [INFO] No unprocessed requests were found.
|09:38:33| [INFO] No unprocessed requests were found.
|09:38:33| [INFO] No unprocessed requests were found.
|09:38:33| [INFO] No unprocessed requests were found.
|09:38:34| [INFO] No unprocessed requests were found.
|09:38:34| [INFO] No unprocessed requests were found.
|09:38:35| [INFO] No unprocessed requests were found.
|09:38:35| [INFO] No unprocessed requests were found.
|09:38:35| [INFO] No unprocessed requests were found.
|09:38:35| [INFO] No unprocessed requests were found.
|09:38:35| [INFO] No unprocessed requests were found.
|09:38:35| [INFO] No unprocessed requests were found.
|09:38:36| [INFO] No unprocessed requests were found.
|09:38:36| [INFO] No unprocessed requests were found.
|09:38:36| [INFO] No unprocessed requests were found.
|09:38:37| [INFO] No unprocessed requests were found.
|09:38:37| [INFO] No unprocessed requests were found.
|09:38:37| [INFO] No unprocessed requests were found.
|09:38:37| [INFO] No unprocessed requests were found.
|09:38:37| [INFO] No unprocessed requests were found.
|09:38:37| [INFO] No unprocessed requests were found.
|09:38:37| [INFO] No unprocessed requests were found.
|09:38:38| [INFO] No unprocessed requests were found.
|09:38:38| [INFO] No unprocessed requests were found.
|09:38:38| [INFO] No unprocessed requests were found.
|09:38:38| [INFO] No unprocessed requests were found.
|09:38:38| [INFO] No unprocessed requests were found.
|09:38:38| [INFO] No unprocessed requests were found.
|09:38:38| [INFO] No unprocessed requests were found.
|09:38:38| [INFO] No unprocessed requests were found.
|09:38:38| [INFO] No unprocessed requests were found.
|09:38:38| [INFO] No unprocessed requests were found.
|09:38:38| [INFO] No unprocessed requests were found.
|09:38:38| [INFO] No unprocessed requests were found.
|09:38:38| [INFO] No unprocessed requests were found.
|09:38:38| [INFO] No unprocessed requests were found.
|09:38:38| [INFO] No unprocessed requests were found.
|09:38:38| [INFO] No unprocessed requests were found.
|09:38:38| [INFO] No unprocessed requests were found.
|09:38:38| [INFO] No unprocessed requests were found.
|09:38:38| [INFO] Found 1 request that has not yet been processed.
|09:38:38| [INFO] No unprocessed requests were found.
|09:38:39| [INFO] No unprocessed requests were found.
|09:38:39| [INFO] No unprocessed requests were found.
|09:38:39| [INFO] No unprocessed requests were found.
|09:38:40| [INFO] No unprocessed requests were found.
|09:38:40| [INFO] No unprocessed requests were found.
|09:38:40| [INFO] No unprocessed requests were found.
|09:38:40| [INFO] No unprocessed requests were found.
|09:38:40| [INFO] No unprocessed requests were found.
|09:38:41| [INFO] No unprocessed requests were found.
|09:38:41| [INFO] No unprocessed requests were found.
|09:38:42| [INFO] No unprocessed requests were found.
|09:38:42| [INFO] No unprocessed requests were found.
|09:38:42| [INFO] No unprocessed requests were found.
|09:38:42| [INFO] Found 1 request that has not yet been processed.
|09:38:43| [INFO] No unprocessed requests were found.
|09:38:43| [INFO] No unprocessed requests were found.
|09:38:43| [INFO] No unprocessed requests were found.
|09:38:44| [INFO] No unprocessed requests were found.
|09:38:44| [INFO] No unprocessed requests were found.
|09:38:44| [INFO] No unprocessed requests were found.
|09:38:44| [INFO] No unprocessed requests were found.
|09:38:45| [INFO] No unprocessed requests were found.
|09:38:45| [INFO] No unprocessed requests were found.
|09:38:45| [INFO] No unprocessed requests were found.
|09:38:45| [INFO] No unprocessed requests were found.
|09:38:45| [INFO] No unprocessed requests were found.
|09:38:45| [INFO] No unprocessed requests were found.
|09:38:46| [INFO] No unprocessed requests were found.
|09:38:46| [INFO] No unprocessed requests were found.
|09:38:46| [INFO] Found 1 request that has not yet been processed.
|09:38:47| [INFO] No unprocessed requests were found.
|09:38:47| [INFO] No unprocessed requests were found.
|09:38:47| [INFO] No unprocessed requests were found.
|09:38:47| [INFO] No unprocessed requests were found.
|09:38:48| [INFO] No unprocessed requests were found.
|09:38:48| [INFO] No unprocessed requests were found.
|09:38:48| [INFO] No unprocessed requests were found.
|09:38:48| [INFO] No unprocessed requests were found.
|09:38:48| [INFO] No unprocessed requests were found.
|09:38:48| [INFO] No unprocessed requests were found.
|09:38:48| [INFO] No unprocessed requests were found.
|09:38:48| [INFO] No unprocessed requests were found.
|09:38:48| [INFO] No unprocessed requests were found.
|09:38:48| [INFO] No unprocessed requests were found.
|09:38:48| [INFO] No unprocessed requests were found.
|09:38:48| [INFO] No unprocessed requests were found.
|09:38:48| [INFO] No unprocessed requests were found.
|09:38:48| [INFO] No unprocessed requests were found.
|09:38:48| [INFO] No unprocessed requests were found.
|09:38:48| [INFO] No unprocessed requests were found.
|09:38:48| [INFO] No unprocessed requests were found.
|09:38:48| [INFO] No unprocessed requests were found.
|09:38:48| [INFO] No unprocessed requests were found.
|09:38:48| [INFO] No unprocessed requests were found.
|09:38:48| [INFO] No unprocessed requests were found.
|09:38:48| [INFO] No unprocessed requests were found.
|09:38:48| [INFO] No unprocessed requests were found.
|09:38:48| [INFO] No unprocessed requests were found.
|09:38:48| [INFO] No unprocessed requests were found.
|09:38:48| [INFO] No unprocessed requests were found.
|09:38:48| [INFO] No unprocessed requests were found.
|09:38:48| [INFO] No unprocessed requests were found.
|09:38:48| [INFO] No unprocessed requests were found.
|09:38:48| [INFO] No unprocessed requests were found.
|09:38:48| [INFO] No unprocessed requests were found.
|09:38:48| [INFO] No unprocessed requests were found.
|09:38:48| [INFO] No unprocessed requests were found.
|09:38:48| [INFO] No unprocessed requests were found.
|09:38:48| [INFO] No unprocessed requests were found.
|09:38:48| [INFO] No unprocessed requests were found.
|09:38:48| [INFO] No unprocessed requests were found.
|09:38:48| [INFO] No unprocessed requests were found.
|09:38:48| [INFO] No unprocessed requests were found.
|09:38:48| [INFO] No unprocessed requests were found.
|09:38:48| [INFO] No unprocessed requests were found.
|09:38:49| [INFO] No unprocessed requests were found.
|09:38:49| [INFO] No unprocessed requests were found.
|09:38:49| [INFO] No unprocessed requests were found.
|09:38:49| [INFO] No unprocessed requests were found.
|09:38:49| [INFO] No unprocessed requests were found.
|09:38:49| [INFO] No unprocessed requests were found.
|09:38:49| [INFO] No unprocessed requests were found.
|09:38:49| [INFO] No unprocessed requests were found.
|09:38:49| [INFO] No unprocessed requests were found.
|09:38:49| [INFO] No unprocessed requests were found.
|09:38:49| [INFO] No unprocessed requests were found.
|09:38:49| [INFO] No unprocessed requests were found.
|09:38:50| [INFO] No unprocessed requests were found.
|09:38:50| [INFO] No unprocessed requests were found.
|09:38:50| [INFO] No unprocessed requests were found.
|09:38:50| [INFO] No unprocessed requests were found.
|09:38:50| [INFO] No unprocessed requests were found.
|09:38:50| [INFO] No unprocessed requests were found.
|09:38:51| [INFO] No unprocessed requests were found.
|09:38:51| [INFO] No unprocessed requests were found.
|09:38:51| [INFO] No unprocessed requests were found.
|09:38:51| [INFO] No unprocessed requests were found.
|09:38:51| [INFO] No unprocessed requests were found.
|09:38:51| [INFO] No unprocessed requests were found.
|09:38:52| [INFO] No unprocessed requests were found.
|09:38:52| [INFO] No unprocessed requests were found.
|09:38:52| [INFO] No unprocessed requests were found.
|09:38:52| [INFO] No unprocessed requests were found.
|09:38:52| [INFO] No unprocessed requests were found.
|09:38:52| [INFO] No unprocessed requests were found.
|09:38:53| [INFO] No unprocessed requests were found.
|09:38:53| [INFO] No unprocessed requests were found.
|09:38:53| [INFO] No unprocessed requests were found.
|09:38:53| [INFO] No unprocessed requests were found.
|09:38:53| [INFO] No unprocessed requests were found.
|09:38:53| [INFO] No unprocessed requests were found.
|09:38:54| [INFO] No unprocessed requests were found.
|09:38:54| [INFO] No unprocessed requests were found.
|09:38:54| [INFO] No unprocessed requests were found.
|09:38:54| [INFO] No unprocessed requests were found.
|09:38:54| [INFO] No unprocessed requests were found.
|09:38:54| [INFO] No unprocessed requests were found.
|09:38:54| [INFO] No unprocessed requests were found.
|09:38:55| [INFO] No unprocessed requests were found.
|09:38:55| [INFO] No unprocessed requests were found.
|09:38:55| [INFO] No unprocessed requests were found.
|09:38:55| [INFO] No unprocessed requests were found.
|09:38:55| [INFO] No unprocessed requests were found.
|09:38:55| [INFO] No unprocessed requests were found.
|09:38:56| [INFO] No unprocessed requests were found.
|09:38:56| [INFO] No unprocessed requests were found.
|09:38:56| [INFO] No unprocessed requests were found.
|09:38:56| [INFO] No unprocessed requests were found.
|09:38:56| [INFO] No unprocessed requests were found.
