|10:09:09| [INFO] Found clubs directory in E:/ISU/Compsci12ISUServer_Data directory.
|10:09:09| [INFO] Found posts directory in E:/ISU/Compsci12ISUServer_Data directory.
|10:09:09| [INFO] Found users directory in E:/ISU/Compsci12ISUServer_Data directory.
|10:09:09| [INFO] Found pseudo requests directory in E:/ISU/Compsci12ISUServer_Data directory.
|10:09:09| [INFO] Found admins directory in E:/ISU/Compsci12ISUServer_Data directory.
|10:09:09| [INFO] No unprocessed requests were found.
|10:09:09| [INFO] No unprocessed requests were found.
|10:09:09| [INFO] No unprocessed requests were found.
|10:09:09| [INFO] No unprocessed requests were found.
|10:09:09| [INFO] No unprocessed requests were found.
|10:09:09| [INFO] No unprocessed requests were found.
|10:09:09| [INFO] No unprocessed requests were found.
|10:09:09| [INFO] No unprocessed requests were found.
|10:09:09| [INFO] No unprocessed requests were found.
|10:09:09| [INFO] No unprocessed requests were found.
|10:09:09| [INFO] No unprocessed requests were found.
|10:09:09| [INFO] No unprocessed requests were found.
|10:09:09| [INFO] No unprocessed requests were found.
|10:09:09| [INFO] No unprocessed requests were found.
|10:09:09| [INFO] No unprocessed requests were found.
|10:09:09| [INFO] No unprocessed requests were found.
|10:09:09| [INFO] No unprocessed requests were found.
|10:09:09| [INFO] No unprocessed requests were found.
|10:09:09| [INFO] No unprocessed requests were found.
|10:09:09| [INFO] No unprocessed requests were found.
|10:09:09| [INFO] No unprocessed requests were found.
|10:09:09| [INFO] No unprocessed requests were found.
|10:09:09| [INFO] No unprocessed requests were found.
|10:09:09| [INFO] No unprocessed requests were found.
|10:09:09| [INFO] No unprocessed requests were found.
|10:09:09| [INFO] No unprocessed requests were found.
|10:09:09| [INFO] No unprocessed requests were found.
|10:09:09| [INFO] No unprocessed requests were found.
|10:09:09| [INFO] No unprocessed requests were found.
|10:09:09| [INFO] No unprocessed requests were found.
|10:09:09| [INFO] No unprocessed requests were found.
|10:09:10| [INFO] No unprocessed requests were found.
|10:09:10| [INFO] No unprocessed requests were found.
|10:09:10| [INFO] No unprocessed requests were found.
|10:09:13| [INFO] No unprocessed requests were found.
|10:09:13| [INFO] No unprocessed requests were found.
|10:09:13| [INFO] No unprocessed requests were found.
|10:09:13| [INFO] No unprocessed requests were found.
|10:09:13| [INFO] No unprocessed requests were found.
|10:09:13| [INFO] No unprocessed requests were found.
|10:09:13| [INFO] No unprocessed requests were found.
|10:09:13| [INFO] No unprocessed requests were found.
|10:09:13| [INFO] No unprocessed requests were found.
|10:09:13| [INFO] No unprocessed requests were found.
|10:09:13| [INFO] No unprocessed requests were found.
|10:09:13| [INFO] No unprocessed requests were found.
|10:09:13| [INFO] No unprocessed requests were found.
|10:09:13| [INFO] No unprocessed requests were found.
|10:09:13| [INFO] No unprocessed requests were found.
|10:09:13| [INFO] No unprocessed requests were found.
|10:09:13| [INFO] No unprocessed requests were found.
|10:09:13| [INFO] No unprocessed requests were found.
|10:09:13| [INFO] No unprocessed requests were found.
|10:09:13| [INFO] No unprocessed requests were found.
|10:09:13| [INFO] No unprocessed requests were found.
|10:09:13| [INFO] No unprocessed requests were found.
|10:09:13| [INFO] No unprocessed requests were found.
|10:09:13| [INFO] No unprocessed requests were found.
|10:09:13| [INFO] No unprocessed requests were found.
|10:09:13| [INFO] No unprocessed requests were found.
|10:09:14| [INFO] No unprocessed requests were found.
|10:09:14| [INFO] No unprocessed requests were found.
|10:09:14| [INFO] No unprocessed requests were found.
|10:09:14| [INFO] No unprocessed requests were found.
|10:09:15| [INFO] No unprocessed requests were found.
|10:09:15| [INFO] No unprocessed requests were found.
|10:09:15| [INFO] No unprocessed requests were found.
|10:09:15| [INFO] No unprocessed requests were found.
|10:09:16| [INFO] No unprocessed requests were found.
|10:09:16| [INFO] No unprocessed requests were found.
|10:09:16| [INFO] No unprocessed requests were found.
|10:09:17| [INFO] No unprocessed requests were found.
|10:09:17| [INFO] No unprocessed requests were found.
|10:09:17| [INFO] No unprocessed requests were found.
|10:09:17| [INFO] No unprocessed requests were found.
|10:09:18| [INFO] No unprocessed requests were found.
|10:09:18| [INFO] No unprocessed requests were found.
|10:09:18| [INFO] No unprocessed requests were found.
|10:09:19| [INFO] No unprocessed requests were found.
|10:09:19| [INFO] No unprocessed requests were found.
|10:09:19| [INFO] No unprocessed requests were found.
|10:09:19| [INFO] No unprocessed requests were found.
|10:09:20| [INFO] No unprocessed requests were found.
|10:09:20| [INFO] No unprocessed requests were found.
|10:09:20| [INFO] No unprocessed requests were found.
|10:09:20| [INFO] No unprocessed requests were found.
|10:09:20| [INFO] No unprocessed requests were found.
|10:09:21| [INFO] No unprocessed requests were found.
|10:09:21| [INFO] No unprocessed requests were found.
|10:09:21| [INFO] Found 1 request that has not yet been processed.
|10:09:22| [INFO] Time taken: 765
|10:09:23| [INFO] No unprocessed requests were found.
|10:09:23| [INFO] No unprocessed requests were found.
|10:09:23| [INFO] No unprocessed requests were found.
|10:09:24| [INFO] No unprocessed requests were found.
|10:09:24| [INFO] No unprocessed requests were found.
|10:09:24| [INFO] No unprocessed requests were found.
|10:09:24| [INFO] No unprocessed requests were found.
|10:09:24| [INFO] No unprocessed requests were found.
|10:09:24| [INFO] No unprocessed requests were found.
|10:09:24| [INFO] No unprocessed requests were found.
|10:09:24| [INFO] No unprocessed requests were found.
|10:09:24| [INFO] No unprocessed requests were found.
|10:09:24| [INFO] No unprocessed requests were found.
|10:09:24| [INFO] No unprocessed requests were found.
|10:09:24| [INFO] No unprocessed requests were found.
|10:09:24| [INFO] No unprocessed requests were found.
|10:09:24| [INFO] No unprocessed requests were found.
|10:09:24| [INFO] No unprocessed requests were found.
|10:09:24| [INFO] No unprocessed requests were found.
|10:09:24| [INFO] No unprocessed requests were found.
|10:09:24| [INFO] No unprocessed requests were found.
|10:09:24| [INFO] No unprocessed requests were found.
|10:09:24| [INFO] No unprocessed requests were found.
|10:09:24| [INFO] No unprocessed requests were found.
|10:09:24| [INFO] No unprocessed requests were found.
|10:09:24| [INFO] No unprocessed requests were found.
|10:09:24| [INFO] No unprocessed requests were found.
|10:09:24| [INFO] No unprocessed requests were found.
|10:09:24| [INFO] No unprocessed requests were found.
|10:09:24| [INFO] No unprocessed requests were found.
|10:09:24| [INFO] No unprocessed requests were found.
|10:09:24| [INFO] No unprocessed requests were found.
|10:09:24| [INFO] No unprocessed requests were found.
|10:09:24| [INFO] No unprocessed requests were found.
|10:09:24| [INFO] No unprocessed requests were found.
|10:09:24| [INFO] No unprocessed requests were found.
|10:09:24| [INFO] No unprocessed requests were found.
|10:09:24| [INFO] No unprocessed requests were found.
|10:09:24| [INFO] No unprocessed requests were found.
|10:09:25| [INFO] No unprocessed requests were found.
|10:09:25| [INFO] No unprocessed requests were found.
|10:09:25| [INFO] No unprocessed requests were found.
|10:09:25| [INFO] No unprocessed requests were found.
|10:09:26| [INFO] No unprocessed requests were found.
|10:09:26| [INFO] No unprocessed requests were found.
|10:09:26| [INFO] No unprocessed requests were found.
|10:09:26| [INFO] No unprocessed requests were found.
|10:09:26| [INFO] No unprocessed requests were found.
|10:09:26| [INFO] No unprocessed requests were found.
|10:09:27| [INFO] No unprocessed requests were found.
|10:09:27| [INFO] No unprocessed requests were found.
|10:09:28| [INFO] No unprocessed requests were found.
|10:09:28| [INFO] No unprocessed requests were found.
|10:09:28| [INFO] No unprocessed requests were found.
|10:09:28| [INFO] No unprocessed requests were found.
|10:09:28| [INFO] No unprocessed requests were found.
|10:09:28| [INFO] No unprocessed requests were found.
|10:09:29| [INFO] No unprocessed requests were found.
|10:09:29| [INFO] No unprocessed requests were found.
|10:09:29| [INFO] No unprocessed requests were found.
|10:09:29| [INFO] No unprocessed requests were found.
|10:09:29| [INFO] No unprocessed requests were found.
|10:09:30| [INFO] No unprocessed requests were found.
|10:09:30| [INFO] No unprocessed requests were found.
|10:09:30| [INFO] No unprocessed requests were found.
|10:09:30| [INFO] No unprocessed requests were found.
|10:09:30| [INFO] No unprocessed requests were found.
|10:09:30| [INFO] No unprocessed requests were found.
|10:09:30| [INFO] No unprocessed requests were found.
|10:09:31| [INFO] No unprocessed requests were found.
|10:09:31| [INFO] No unprocessed requests were found.
|10:09:31| [INFO] No unprocessed requests were found.
|10:09:31| [INFO] No unprocessed requests were found.
|10:09:32| [INFO] No unprocessed requests were found.
|10:09:32| [INFO] No unprocessed requests were found.
|10:09:32| [INFO] No unprocessed requests were found.
|10:09:32| [INFO] No unprocessed requests were found.
|10:09:32| [INFO] No unprocessed requests were found.
|10:09:32| [INFO] No unprocessed requests were found.
|10:09:32| [INFO] No unprocessed requests were found.
|10:09:33| [INFO] No unprocessed requests were found.
|10:09:33| [INFO] No unprocessed requests were found.
|10:09:33| [INFO] No unprocessed requests were found.
|10:09:34| [INFO] No unprocessed requests were found.
|10:09:34| [INFO] No unprocessed requests were found.
|10:09:34| [INFO] No unprocessed requests were found.
|10:09:34| [INFO] No unprocessed requests were found.
|10:09:34| [INFO] No unprocessed requests were found.
|10:09:34| [INFO] No unprocessed requests were found.
|10:09:34| [INFO] No unprocessed requests were found.
|10:09:34| [INFO] No unprocessed requests were found.
|10:09:34| [INFO] No unprocessed requests were found.
|10:09:34| [INFO] No unprocessed requests were found.
|10:09:34| [INFO] No unprocessed requests were found.
|10:09:34| [INFO] No unprocessed requests were found.
|10:09:34| [INFO] No unprocessed requests were found.
|10:09:34| [INFO] No unprocessed requests were found.
|10:09:34| [INFO] No unprocessed requests were found.
|10:09:34| [INFO] No unprocessed requests were found.
|10:09:34| [INFO] No unprocessed requests were found.
|10:09:34| [INFO] No unprocessed requests were found.
|10:09:34| [INFO] No unprocessed requests were found.
|10:09:34| [INFO] No unprocessed requests were found.
|10:09:34| [INFO] No unprocessed requests were found.
|10:09:34| [INFO] No unprocessed requests were found.
|10:09:34| [INFO] No unprocessed requests were found.
|10:09:34| [INFO] No unprocessed requests were found.
|10:09:34| [INFO] No unprocessed requests were found.
|10:09:34| [INFO] No unprocessed requests were found.
|10:09:34| [INFO] No unprocessed requests were found.
|10:09:34| [INFO] No unprocessed requests were found.
|10:09:34| [INFO] No unprocessed requests were found.
|10:09:34| [INFO] No unprocessed requests were found.
|10:09:34| [INFO] No unprocessed requests were found.
|10:09:34| [INFO] No unprocessed requests were found.
|10:09:34| [INFO] No unprocessed requests were found.
|10:09:34| [INFO] No unprocessed requests were found.
|10:09:34| [INFO] No unprocessed requests were found.
|10:09:35| [INFO] No unprocessed requests were found.
|10:09:35| [INFO] No unprocessed requests were found.
|10:09:35| [INFO] No unprocessed requests were found.
|10:09:35| [INFO] No unprocessed requests were found.
|10:09:35| [INFO] No unprocessed requests were found.
|10:09:35| [INFO] No unprocessed requests were found.
|10:09:35| [INFO] No unprocessed requests were found.
|10:09:35| [INFO] No unprocessed requests were found.
|10:09:35| [INFO] No unprocessed requests were found.
|10:09:35| [INFO] No unprocessed requests were found.
|10:09:35| [INFO] No unprocessed requests were found.
|10:09:35| [INFO] No unprocessed requests were found.
|10:09:35| [INFO] No unprocessed requests were found.
|10:09:35| [INFO] No unprocessed requests were found.
|10:09:35| [INFO] No unprocessed requests were found.
|10:09:35| [INFO] No unprocessed requests were found.
|10:09:35| [INFO] No unprocessed requests were found.
|10:09:35| [INFO] No unprocessed requests were found.
|10:09:36| [INFO] No unprocessed requests were found.
|10:09:36| [INFO] No unprocessed requests were found.
|10:09:36| [INFO] No unprocessed requests were found.
|10:09:36| [INFO] No unprocessed requests were found.
|10:09:36| [INFO] No unprocessed requests were found.
|10:09:36| [INFO] No unprocessed requests were found.
|10:09:37| [INFO] No unprocessed requests were found.
|10:09:37| [INFO] No unprocessed requests were found.
|10:09:37| [INFO] No unprocessed requests were found.
|10:09:37| [INFO] No unprocessed requests were found.
|10:09:38| [INFO] No unprocessed requests were found.
|10:09:38| [INFO] No unprocessed requests were found.
|10:09:38| [INFO] No unprocessed requests were found.
|10:09:38| [INFO] No unprocessed requests were found.
|10:09:38| [INFO] No unprocessed requests were found.
|10:09:38| [INFO] No unprocessed requests were found.
|10:09:39| [INFO] No unprocessed requests were found.
|10:09:39| [INFO] No unprocessed requests were found.
|10:09:39| [INFO] No unprocessed requests were found.
|10:09:39| [INFO] No unprocessed requests were found.
|10:09:40| [INFO] No unprocessed requests were found.
|10:09:40| [INFO] No unprocessed requests were found.
|10:09:40| [INFO] No unprocessed requests were found.
|10:09:40| [INFO] No unprocessed requests were found.
|10:09:40| [INFO] No unprocessed requests were found.
|10:09:40| [INFO] No unprocessed requests were found.
|10:09:40| [INFO] No unprocessed requests were found.
|10:09:41| [INFO] No unprocessed requests were found.
|10:09:41| [INFO] No unprocessed requests were found.
|10:09:41| [INFO] No unprocessed requests were found.
|10:09:41| [INFO] No unprocessed requests were found.
|10:09:42| [INFO] No unprocessed requests were found.
|10:09:42| [INFO] No unprocessed requests were found.
|10:09:42| [INFO] No unprocessed requests were found.
|10:09:42| [INFO] No unprocessed requests were found.
|10:09:42| [INFO] No unprocessed requests were found.
|10:09:42| [INFO] No unprocessed requests were found.
|10:09:42| [INFO] No unprocessed requests were found.
|10:09:42| [INFO] No unprocessed requests were found.
|10:09:42| [INFO] No unprocessed requests were found.
|10:09:42| [INFO] No unprocessed requests were found.
|10:09:42| [INFO] No unprocessed requests were found.
|10:09:42| [INFO] No unprocessed requests were found.
|10:09:42| [INFO] No unprocessed requests were found.
|10:09:42| [INFO] No unprocessed requests were found.
|10:09:42| [INFO] No unprocessed requests were found.
|10:09:42| [INFO] No unprocessed requests were found.
|10:09:42| [INFO] No unprocessed requests were found.
|10:09:42| [INFO] No unprocessed requests were found.
|10:09:42| [INFO] No unprocessed requests were found.
|10:09:42| [INFO] No unprocessed requests were found.
|10:09:42| [INFO] No unprocessed requests were found.
|10:09:42| [INFO] No unprocessed requests were found.
|10:09:42| [INFO] No unprocessed requests were found.
|10:09:42| [INFO] No unprocessed requests were found.
|10:09:42| [INFO] No unprocessed requests were found.
|10:09:42| [INFO] No unprocessed requests were found.
|10:09:42| [INFO] No unprocessed requests were found.
|10:09:42| [INFO] No unprocessed requests were found.
|10:09:42| [INFO] No unprocessed requests were found.
|10:09:42| [INFO] No unprocessed requests were found.
|10:09:42| [INFO] No unprocessed requests were found.
|10:09:42| [INFO] No unprocessed requests were found.
|10:09:42| [INFO] No unprocessed requests were found.
|10:09:42| [INFO] No unprocessed requests were found.
|10:09:42| [INFO] No unprocessed requests were found.
|10:09:43| [INFO] No unprocessed requests were found.
|10:09:43| [INFO] No unprocessed requests were found.
|10:09:43| [INFO] No unprocessed requests were found.
|10:09:43| [INFO] No unprocessed requests were found.
|10:09:43| [INFO] No unprocessed requests were found.
|10:09:43| [INFO] No unprocessed requests were found.
|10:09:43| [INFO] No unprocessed requests were found.
|10:09:43| [INFO] No unprocessed requests were found.
|10:09:43| [INFO] No unprocessed requests were found.
|10:09:43| [INFO] No unprocessed requests were found.
|10:09:43| [INFO] No unprocessed requests were found.
|10:09:43| [INFO] No unprocessed requests were found.
|10:09:43| [INFO] No unprocessed requests were found.
|10:09:43| [INFO] No unprocessed requests were found.
|10:09:43| [INFO] No unprocessed requests were found.
|10:09:43| [INFO] No unprocessed requests were found.
|10:09:43| [INFO] No unprocessed requests were found.
|10:09:43| [INFO] No unprocessed requests were found.
|10:09:43| [INFO] No unprocessed requests were found.
|10:09:44| [INFO] No unprocessed requests were found.
|10:09:44| [INFO] No unprocessed requests were found.
|10:09:44| [INFO] No unprocessed requests were found.
|10:09:44| [INFO] No unprocessed requests were found.
|10:09:44| [INFO] No unprocessed requests were found.
|10:09:45| [INFO] No unprocessed requests were found.
|10:09:45| [INFO] No unprocessed requests were found.
|10:09:45| [INFO] No unprocessed requests were found.
|10:09:45| [INFO] No unprocessed requests were found.
|10:09:45| [INFO] No unprocessed requests were found.
|10:09:45| [INFO] No unprocessed requests were found.
|10:09:46| [INFO] No unprocessed requests were found.
|10:09:46| [INFO] No unprocessed requests were found.
|10:09:46| [INFO] No unprocessed requests were found.
|10:09:47| [INFO] No unprocessed requests were found.
|10:09:47| [INFO] No unprocessed requests were found.
|10:09:47| [INFO] No unprocessed requests were found.
|10:09:47| [INFO] No unprocessed requests were found.
|10:09:47| [INFO] No unprocessed requests were found.
|10:09:47| [INFO] Found 1 request that has not yet been processed.
|10:09:48| [SEVERE] System.IO.IOException: The file 'E:/ISU/Compsci12ISUClient/ISU/bin/Debug/posts/01-21-2016_02.38.27.txt' already exists.
   at System.IO.__Error.WinIOError(Int32 errorCode, String maybeFullPath)
   at System.IO.File.InternalCopy(String sourceFileName, String destFileName, Boolean overwrite, Boolean checkHost)
   at System.IO.File.Copy(String sourceFileName, String destFileName)
   at Compsci12ISUServer.AndrewModel.RespondWithListOfPosts(String target, Int32 quantifier) in E:\ISU\Compsci12ISUServer\Compsci12ISUServer\AndrewModel.cs:line 483
|10:09:48| [INFO] Time taken: 500
|10:09:48| [INFO] No unprocessed requests were found.
|10:09:49| [INFO] No unprocessed requests were found.
|10:09:50| [INFO] No unprocessed requests were found.
|10:09:50| [INFO] No unprocessed requests were found.
|10:09:50| [INFO] No unprocessed requests were found.
|10:09:50| [INFO] No unprocessed requests were found.
|10:09:50| [INFO] No unprocessed requests were found.
|10:09:50| [INFO] No unprocessed requests were found.
|10:09:51| [INFO] No unprocessed requests were found.
|10:09:51| [INFO] No unprocessed requests were found.
|10:09:51| [INFO] No unprocessed requests were found.
|10:09:51| [INFO] No unprocessed requests were found.
|10:09:52| [INFO] No unprocessed requests were found.
|10:09:52| [INFO] No unprocessed requests were found.
|10:09:52| [INFO] No unprocessed requests were found.
|10:09:52| [INFO] No unprocessed requests were found.
|10:09:52| [INFO] No unprocessed requests were found.
|10:09:52| [INFO] No unprocessed requests were found.
|10:09:52| [INFO] No unprocessed requests were found.
|10:09:53| [INFO] No unprocessed requests were found.
|10:09:53| [INFO] No unprocessed requests were found.
|10:09:53| [INFO] No unprocessed requests were found.
|10:09:53| [INFO] No unprocessed requests were found.
|10:09:53| [INFO] No unprocessed requests were found.
|10:09:54| [INFO] No unprocessed requests were found.
|10:09:54| [INFO] No unprocessed requests were found.
|10:09:54| [INFO] No unprocessed requests were found.
|10:09:55| [INFO] No unprocessed requests were found.
|10:09:55| [INFO] No unprocessed requests were found.
|10:09:55| [INFO] No unprocessed requests were found.
|10:09:55| [INFO] No unprocessed requests were found.
|10:09:56| [INFO] No unprocessed requests were found.
|10:09:56| [INFO] No unprocessed requests were found.
|10:09:56| [INFO] No unprocessed requests were found.
|10:09:56| [INFO] No unprocessed requests were found.
|10:09:56| [INFO] No unprocessed requests were found.
|10:09:56| [INFO] No unprocessed requests were found.
|10:09:57| [INFO] No unprocessed requests were found.
|10:09:57| [INFO] No unprocessed requests were found.
|10:09:57| [INFO] No unprocessed requests were found.
|10:09:57| [INFO] No unprocessed requests were found.
|10:09:57| [INFO] No unprocessed requests were found.
|10:09:57| [INFO] No unprocessed requests were found.
|10:09:58| [INFO] No unprocessed requests were found.
|10:09:58| [INFO] No unprocessed requests were found.
|10:09:58| [INFO] No unprocessed requests were found.
|10:09:58| [INFO] No unprocessed requests were found.
|10:09:59| [INFO] No unprocessed requests were found.
|10:09:59| [INFO] No unprocessed requests were found.
|10:09:59| [INFO] No unprocessed requests were found.
|10:09:59| [INFO] No unprocessed requests were found.
|10:09:59| [INFO] No unprocessed requests were found.
|10:09:59| [INFO] No unprocessed requests were found.
|10:09:59| [INFO] No unprocessed requests were found.
|10:09:59| [INFO] No unprocessed requests were found.
|10:10:00| [INFO] No unprocessed requests were found.
|10:10:00| [INFO] No unprocessed requests were found.
|10:10:00| [INFO] No unprocessed requests were found.
|10:10:00| [INFO] No unprocessed requests were found.
|10:10:00| [INFO] No unprocessed requests were found.
|10:10:01| [INFO] No unprocessed requests were found.
|10:10:01| [INFO] No unprocessed requests were found.
|10:10:01| [INFO] No unprocessed requests were found.
|10:10:01| [INFO] No unprocessed requests were found.
|10:10:01| [INFO] No unprocessed requests were found.
|10:10:01| [INFO] No unprocessed requests were found.
|10:10:01| [INFO] No unprocessed requests were found.
|10:10:01| [INFO] No unprocessed requests were found.
|10:10:01| [INFO] No unprocessed requests were found.
|10:10:01| [INFO] No unprocessed requests were found.
|10:10:01| [INFO] No unprocessed requests were found.
|10:10:01| [INFO] No unprocessed requests were found.
|10:10:01| [INFO] No unprocessed requests were found.
|10:10:01| [INFO] No unprocessed requests were found.
|10:10:01| [INFO] No unprocessed requests were found.
|10:10:01| [INFO] No unprocessed requests were found.
|10:10:01| [INFO] No unprocessed requests were found.
|10:10:01| [INFO] No unprocessed requests were found.
|10:10:01| [INFO] No unprocessed requests were found.
|10:10:01| [INFO] No unprocessed requests were found.
|10:10:01| [INFO] No unprocessed requests were found.
|10:10:01| [INFO] No unprocessed requests were found.
|10:10:01| [INFO] No unprocessed requests were found.
|10:10:01| [INFO] No unprocessed requests were found.
|10:10:01| [INFO] No unprocessed requests were found.
|10:10:01| [INFO] No unprocessed requests were found.
|10:10:01| [INFO] No unprocessed requests were found.
|10:10:01| [INFO] No unprocessed requests were found.
|10:10:01| [INFO] No unprocessed requests were found.
|10:10:02| [INFO] No unprocessed requests were found.
|10:10:02| [INFO] No unprocessed requests were found.
|10:10:02| [INFO] No unprocessed requests were found.
|10:10:02| [INFO] No unprocessed requests were found.
|10:10:02| [INFO] No unprocessed requests were found.
|10:10:02| [INFO] No unprocessed requests were found.
|10:10:02| [INFO] No unprocessed requests were found.
|10:10:03| [INFO] No unprocessed requests were found.
|10:10:03| [INFO] No unprocessed requests were found.
|10:10:03| [INFO] No unprocessed requests were found.
|10:10:03| [INFO] No unprocessed requests were found.
|10:10:04| [INFO] No unprocessed requests were found.
|10:10:04| [INFO] No unprocessed requests were found.
|10:10:04| [INFO] No unprocessed requests were found.
|10:10:04| [INFO] No unprocessed requests were found.
