|10:04:08| [INFO] Logging initialized!
|10:04:08| [INFO] Current date: 2016-01-20
|10:04:08| [INFO] This is an automatically generated log file from the Computer Science 12U ISU Server made by Andrew and Tianli.
|10:04:08| [INFO] Server starting up!
|10:04:08| [SEVERE] There was no file path specified to retrieve server data from.
|10:04:08| [WARNING] Server did not start properly, quitting...
|10:04:08| [INFO] Found clubs directory in E:/ISU/Compsci12ISUServer_Data directory.
|10:04:08| [INFO] Found posts directory in E:/ISU/Compsci12ISUServer_Data directory.
|10:04:08| [INFO] Found users directory in E:/ISU/Compsci12ISUServer_Data directory.
|10:04:08| [INFO] Found pseudo requests directory in E:/ISU/Compsci12ISUServer_Data directory.
|10:04:08| [INFO] Found admins directory in E:/ISU/Compsci12ISUServer_Data directory.
|10:04:08| [INFO] No unprocessed requests were found.
|10:04:08| [INFO] No unprocessed requests were found.
|10:04:08| [INFO] No unprocessed requests were found.
|10:04:08| [INFO] No unprocessed requests were found.
|10:04:08| [INFO] No unprocessed requests were found.
|10:04:08| [INFO] No unprocessed requests were found.
|10:04:08| [INFO] No unprocessed requests were found.
|10:04:08| [INFO] No unprocessed requests were found.
|10:04:08| [INFO] No unprocessed requests were found.
|10:04:08| [INFO] No unprocessed requests were found.
|10:04:08| [INFO] No unprocessed requests were found.
|10:04:08| [INFO] No unprocessed requests were found.
|10:04:08| [INFO] No unprocessed requests were found.
|10:04:08| [INFO] No unprocessed requests were found.
|10:04:08| [INFO] No unprocessed requests were found.
|10:04:08| [INFO] No unprocessed requests were found.
|10:04:08| [INFO] No unprocessed requests were found.
|10:04:08| [INFO] No unprocessed requests were found.
|10:04:08| [INFO] No unprocessed requests were found.
|10:04:08| [INFO] No unprocessed requests were found.
|10:04:08| [INFO] No unprocessed requests were found.
|10:04:08| [INFO] No unprocessed requests were found.
|10:04:08| [INFO] No unprocessed requests were found.
|10:04:09| [INFO] No unprocessed requests were found.
|10:04:09| [INFO] No unprocessed requests were found.
|10:04:09| [INFO] No unprocessed requests were found.
|10:04:09| [INFO] No unprocessed requests were found.
|10:04:09| [INFO] No unprocessed requests were found.
|10:04:09| [INFO] No unprocessed requests were found.
|10:04:09| [INFO] No unprocessed requests were found.
|10:04:09| [INFO] No unprocessed requests were found.
|10:04:09| [INFO] No unprocessed requests were found.
|10:04:09| [INFO] No unprocessed requests were found.
|10:04:09| [INFO] No unprocessed requests were found.
|10:04:09| [INFO] No unprocessed requests were found.
|10:04:09| [INFO] No unprocessed requests were found.
|10:04:09| [INFO] No unprocessed requests were found.
|10:04:09| [INFO] No unprocessed requests were found.
|10:04:09| [INFO] No unprocessed requests were found.
|10:04:09| [INFO] No unprocessed requests were found.
|10:04:09| [INFO] No unprocessed requests were found.
|10:04:10| [INFO] No unprocessed requests were found.
|10:04:10| [INFO] No unprocessed requests were found.
|10:04:10| [INFO] No unprocessed requests were found.
|10:04:10| [INFO] No unprocessed requests were found.
|10:04:10| [INFO] No unprocessed requests were found.
|10:04:10| [INFO] No unprocessed requests were found.
|10:04:10| [INFO] No unprocessed requests were found.
|10:04:11| [INFO] No unprocessed requests were found.
|10:04:11| [INFO] No unprocessed requests were found.
|10:04:11| [INFO] No unprocessed requests were found.
|10:04:11| [INFO] No unprocessed requests were found.
|10:04:11| [INFO] No unprocessed requests were found.
|10:04:11| [INFO] No unprocessed requests were found.
|10:04:11| [INFO] No unprocessed requests were found.
|10:04:11| [INFO] No unprocessed requests were found.
|10:04:11| [INFO] No unprocessed requests were found.
|10:04:11| [INFO] No unprocessed requests were found.
|10:04:11| [INFO] No unprocessed requests were found.
|10:04:11| [INFO] Found 1 request that has not yet been processed.
|10:04:13| [WARNING] Counter: 0 | Quantity: 10
|10:04:13| [WARNING] Counter: 1 | Quantity: 10
|10:04:13| [WARNING] Counter: 2 | Quantity: 10
|10:04:13| [WARNING] Counter: 3 | Quantity: 10
|10:04:13| [WARNING] Counter: 4 | Quantity: 10
|10:04:13| [WARNING] Counter: 5 | Quantity: 10
|10:04:13| [WARNING] Counter: 6 | Quantity: 10
|10:04:13| [WARNING] Counter: 7 | Quantity: 10
|10:04:13| [WARNING] Counter: 8 | Quantity: 10
|10:04:13| [WARNING] Counter: 9 | Quantity: 10
|10:04:13| [INFO] No unprocessed requests were found.
|10:04:14| [INFO] No unprocessed requests were found.
|10:04:15| [INFO] No unprocessed requests were found.
|10:04:15| [INFO] No unprocessed requests were found.
|10:04:15| [INFO] No unprocessed requests were found.
|10:04:15| [INFO] No unprocessed requests were found.
|10:04:15| [INFO] No unprocessed requests were found.
|10:04:15| [INFO] No unprocessed requests were found.
|10:04:16| [INFO] No unprocessed requests were found.
|10:04:16| [INFO] No unprocessed requests were found.
|10:04:16| [INFO] No unprocessed requests were found.
|10:04:16| [INFO] No unprocessed requests were found.
|10:04:16| [INFO] No unprocessed requests were found.
|10:04:16| [INFO] No unprocessed requests were found.
|10:04:16| [INFO] No unprocessed requests were found.
|10:04:17| [INFO] No unprocessed requests were found.
|10:04:17| [INFO] No unprocessed requests were found.
|10:04:17| [INFO] No unprocessed requests were found.
|10:04:17| [INFO] No unprocessed requests were found.
|10:04:17| [INFO] No unprocessed requests were found.
|10:04:18| [INFO] No unprocessed requests were found.
|10:04:18| [INFO] No unprocessed requests were found.
|10:04:18| [INFO] No unprocessed requests were found.
|10:04:18| [INFO] No unprocessed requests were found.
|10:04:18| [INFO] No unprocessed requests were found.
|10:04:18| [INFO] No unprocessed requests were found.
|10:04:19| [INFO] No unprocessed requests were found.
|10:04:19| [INFO] No unprocessed requests were found.
|10:04:19| [INFO] No unprocessed requests were found.
|10:04:19| [INFO] No unprocessed requests were found.
|10:04:20| [INFO] No unprocessed requests were found.
|10:04:20| [INFO] No unprocessed requests were found.
|10:04:20| [INFO] No unprocessed requests were found.
|10:04:20| [INFO] No unprocessed requests were found.
|10:04:20| [INFO] No unprocessed requests were found.
|10:04:21| [INFO] No unprocessed requests were found.
|10:04:21| [INFO] Found 1 request that has not yet been processed.
|10:04:22| [INFO] No unprocessed requests were found.
|10:04:22| [INFO] No unprocessed requests were found.
|10:04:23| [INFO] No unprocessed requests were found.
|10:04:23| [INFO] No unprocessed requests were found.
|10:04:23| [INFO] No unprocessed requests were found.
|10:04:23| [INFO] No unprocessed requests were found.
|10:04:24| [INFO] No unprocessed requests were found.
|10:04:24| [INFO] No unprocessed requests were found.
|10:04:24| [INFO] No unprocessed requests were found.
|10:04:24| [INFO] No unprocessed requests were found.
|10:04:24| [INFO] No unprocessed requests were found.
|10:04:25| [INFO] No unprocessed requests were found.
|10:04:25| [INFO] No unprocessed requests were found.
|10:04:25| [INFO] No unprocessed requests were found.
|10:04:25| [INFO] No unprocessed requests were found.
|10:04:26| [INFO] No unprocessed requests were found.
|10:04:26| [INFO] No unprocessed requests were found.
|10:04:26| [INFO] No unprocessed requests were found.
|10:04:26| [INFO] No unprocessed requests were found.
|10:04:26| [INFO] No unprocessed requests were found.
|10:04:26| [INFO] No unprocessed requests were found.
|10:04:27| [INFO] No unprocessed requests were found.
|10:04:27| [INFO] No unprocessed requests were found.
|10:04:27| [INFO] No unprocessed requests were found.
|10:04:27| [INFO] No unprocessed requests were found.
|10:04:28| [INFO] No unprocessed requests were found.
|10:04:28| [INFO] No unprocessed requests were found.
|10:04:28| [INFO] No unprocessed requests were found.
|10:04:28| [INFO] No unprocessed requests were found.
|10:04:28| [INFO] No unprocessed requests were found.
|10:04:28| [INFO] No unprocessed requests were found.
|10:04:29| [INFO] No unprocessed requests were found.
|10:04:29| [INFO] No unprocessed requests were found.
|10:04:29| [INFO] No unprocessed requests were found.
|10:04:29| [INFO] No unprocessed requests were found.
|10:04:29| [INFO] No unprocessed requests were found.
|10:04:29| [INFO] No unprocessed requests were found.
|10:04:30| [INFO] No unprocessed requests were found.
|10:04:30| [INFO] No unprocessed requests were found.
|10:04:30| [INFO] No unprocessed requests were found.
|10:04:30| [INFO] No unprocessed requests were found.
|10:04:31| [INFO] No unprocessed requests were found.
|10:04:31| [INFO] No unprocessed requests were found.
|10:04:31| [INFO] No unprocessed requests were found.
|10:04:31| [INFO] No unprocessed requests were found.
|10:04:31| [INFO] No unprocessed requests were found.
|10:04:32| [INFO] No unprocessed requests were found.
|10:04:32| [INFO] No unprocessed requests were found.
|10:04:32| [INFO] No unprocessed requests were found.
|10:04:32| [INFO] No unprocessed requests were found.
|10:04:32| [INFO] No unprocessed requests were found.
|10:04:33| [INFO] No unprocessed requests were found.
|10:04:33| [INFO] No unprocessed requests were found.
|10:04:33| [INFO] No unprocessed requests were found.
|10:04:33| [INFO] No unprocessed requests were found.
|10:04:33| [INFO] No unprocessed requests were found.
|10:04:33| [INFO] No unprocessed requests were found.
|10:04:34| [INFO] No unprocessed requests were found.
|10:04:34| [INFO] No unprocessed requests were found.
|10:04:34| [INFO] No unprocessed requests were found.
|10:04:34| [INFO] No unprocessed requests were found.
|10:04:34| [INFO] No unprocessed requests were found.
|10:04:35| [INFO] No unprocessed requests were found.
|10:04:35| [INFO] No unprocessed requests were found.
|10:04:35| [INFO] No unprocessed requests were found.
|10:04:35| [INFO] No unprocessed requests were found.
|10:04:35| [INFO] No unprocessed requests were found.
|10:04:35| [INFO] No unprocessed requests were found.
|10:04:35| [INFO] No unprocessed requests were found.
|10:04:35| [INFO] No unprocessed requests were found.
|10:04:35| [INFO] No unprocessed requests were found.
|10:04:35| [INFO] No unprocessed requests were found.
|10:04:35| [INFO] No unprocessed requests were found.
|10:04:35| [INFO] No unprocessed requests were found.
|10:04:35| [INFO] No unprocessed requests were found.
|10:04:35| [INFO] No unprocessed requests were found.
|10:04:35| [INFO] No unprocessed requests were found.
|10:04:36| [INFO] No unprocessed requests were found.
|10:04:36| [INFO] No unprocessed requests were found.
|10:04:36| [INFO] No unprocessed requests were found.
|10:04:36| [INFO] No unprocessed requests were found.
|10:04:36| [INFO] No unprocessed requests were found.
|10:04:36| [INFO] No unprocessed requests were found.
|10:04:36| [INFO] No unprocessed requests were found.
|10:04:36| [INFO] No unprocessed requests were found.
|10:04:36| [INFO] No unprocessed requests were found.
|10:04:36| [INFO] No unprocessed requests were found.
|10:04:36| [INFO] No unprocessed requests were found.
|10:04:36| [INFO] No unprocessed requests were found.
|10:04:36| [INFO] No unprocessed requests were found.
|10:04:36| [INFO] No unprocessed requests were found.
|10:04:36| [INFO] No unprocessed requests were found.
|10:04:36| [INFO] No unprocessed requests were found.
|10:04:36| [INFO] No unprocessed requests were found.
|10:04:36| [INFO] No unprocessed requests were found.
|10:04:36| [INFO] No unprocessed requests were found.
|10:04:36| [INFO] No unprocessed requests were found.
|10:04:36| [INFO] No unprocessed requests were found.
|10:04:36| [INFO] No unprocessed requests were found.
|10:04:36| [INFO] No unprocessed requests were found.
|10:04:36| [INFO] No unprocessed requests were found.
|10:04:36| [INFO] No unprocessed requests were found.
|10:04:36| [INFO] No unprocessed requests were found.
|10:04:36| [INFO] No unprocessed requests were found.
|10:04:36| [INFO] No unprocessed requests were found.
|10:04:36| [INFO] No unprocessed requests were found.
|10:04:36| [INFO] No unprocessed requests were found.
|10:04:36| [INFO] No unprocessed requests were found.
|10:04:36| [INFO] No unprocessed requests were found.
|10:04:36| [INFO] No unprocessed requests were found.
|10:04:36| [INFO] No unprocessed requests were found.
|10:04:36| [INFO] No unprocessed requests were found.
|10:04:36| [INFO] No unprocessed requests were found.
|10:04:36| [INFO] No unprocessed requests were found.
|10:04:36| [INFO] No unprocessed requests were found.
|10:04:36| [INFO] No unprocessed requests were found.
|10:04:37| [INFO] No unprocessed requests were found.
|10:04:37| [INFO] No unprocessed requests were found.
|10:04:37| [INFO] No unprocessed requests were found.
|10:04:38| [INFO] No unprocessed requests were found.
|10:04:38| [INFO] No unprocessed requests were found.
|10:04:38| [INFO] No unprocessed requests were found.
|10:04:39| [INFO] No unprocessed requests were found.
|10:04:39| [INFO] No unprocessed requests were found.
|10:04:39| [INFO] No unprocessed requests were found.
|10:04:39| [INFO] No unprocessed requests were found.
|10:04:39| [INFO] No unprocessed requests were found.
|10:04:39| [INFO] No unprocessed requests were found.
|10:04:40| [INFO] No unprocessed requests were found.
|10:04:40| [INFO] No unprocessed requests were found.
|10:04:40| [INFO] No unprocessed requests were found.
|10:04:40| [INFO] No unprocessed requests were found.
|10:04:41| [INFO] No unprocessed requests were found.
|10:04:41| [INFO] No unprocessed requests were found.
|10:04:41| [INFO] No unprocessed requests were found.
|10:04:41| [INFO] No unprocessed requests were found.
|10:04:41| [INFO] No unprocessed requests were found.
|10:04:41| [INFO] No unprocessed requests were found.
|10:04:41| [INFO] No unprocessed requests were found.
|10:04:42| [INFO] No unprocessed requests were found.
|10:04:42| [INFO] No unprocessed requests were found.
|10:04:42| [INFO] No unprocessed requests were found.
|10:04:43| [INFO] No unprocessed requests were found.
|10:04:43| [INFO] No unprocessed requests were found.
|10:04:43| [INFO] No unprocessed requests were found.
|10:04:43| [INFO] No unprocessed requests were found.
|10:04:43| [INFO] No unprocessed requests were found.
|10:04:43| [INFO] No unprocessed requests were found.
|10:04:43| [INFO] No unprocessed requests were found.
|10:04:43| [INFO] No unprocessed requests were found.
|10:04:43| [INFO] No unprocessed requests were found.
|10:04:43| [INFO] No unprocessed requests were found.
|10:04:43| [INFO] No unprocessed requests were found.
|10:04:43| [INFO] No unprocessed requests were found.
|10:04:43| [INFO] No unprocessed requests were found.
|10:04:43| [INFO] No unprocessed requests were found.
|10:04:43| [INFO] No unprocessed requests were found.
|10:04:44| [INFO] No unprocessed requests were found.
|10:04:44| [INFO] No unprocessed requests were found.
|10:04:44| [INFO] No unprocessed requests were found.
|10:04:44| [INFO] No unprocessed requests were found.
|10:04:44| [INFO] No unprocessed requests were found.
|10:04:44| [INFO] No unprocessed requests were found.
|10:04:44| [INFO] No unprocessed requests were found.
|10:04:44| [INFO] No unprocessed requests were found.
|10:04:44| [INFO] No unprocessed requests were found.
|10:04:44| [INFO] No unprocessed requests were found.
|10:04:44| [INFO] No unprocessed requests were found.
|10:04:44| [INFO] No unprocessed requests were found.
|10:04:44| [INFO] No unprocessed requests were found.
|10:04:44| [INFO] No unprocessed requests were found.
|10:04:44| [INFO] No unprocessed requests were found.
|10:04:44| [INFO] No unprocessed requests were found.
|10:04:44| [INFO] No unprocessed requests were found.
|10:04:44| [INFO] No unprocessed requests were found.
|10:04:44| [INFO] No unprocessed requests were found.
|10:04:44| [INFO] No unprocessed requests were found.
|10:04:44| [INFO] No unprocessed requests were found.
|10:04:44| [INFO] No unprocessed requests were found.
|10:04:44| [INFO] No unprocessed requests were found.
|10:04:44| [INFO] No unprocessed requests were found.
|10:04:44| [INFO] No unprocessed requests were found.
|10:04:44| [INFO] No unprocessed requests were found.
|10:04:44| [INFO] No unprocessed requests were found.
|10:04:45| [INFO] No unprocessed requests were found.
|10:04:45| [INFO] No unprocessed requests were found.
|10:04:45| [INFO] No unprocessed requests were found.
|10:04:45| [INFO] No unprocessed requests were found.
|10:04:46| [INFO] No unprocessed requests were found.
|10:04:46| [INFO] No unprocessed requests were found.
|10:04:46| [INFO] No unprocessed requests were found.
|10:04:46| [INFO] No unprocessed requests were found.
|10:04:46| [INFO] No unprocessed requests were found.
|10:04:46| [INFO] No unprocessed requests were found.
|10:04:47| [INFO] No unprocessed requests were found.
|10:04:47| [INFO] No unprocessed requests were found.
|10:04:47| [INFO] No unprocessed requests were found.
|10:04:47| [INFO] No unprocessed requests were found.
|10:04:47| [INFO] No unprocessed requests were found.
|10:04:48| [INFO] No unprocessed requests were found.
|10:04:48| [INFO] No unprocessed requests were found.
|10:04:48| [INFO] No unprocessed requests were found.
|10:04:48| [INFO] No unprocessed requests were found.
|10:04:48| [INFO] No unprocessed requests were found.
|10:04:49| [INFO] No unprocessed requests were found.
|10:04:49| [INFO] No unprocessed requests were found.
|10:04:49| [INFO] No unprocessed requests were found.
|10:04:49| [INFO] No unprocessed requests were found.
|10:04:49| [INFO] No unprocessed requests were found.
|10:04:50| [INFO] No unprocessed requests were found.
|10:04:50| [INFO] No unprocessed requests were found.
|10:04:50| [INFO] No unprocessed requests were found.
|10:04:50| [INFO] No unprocessed requests were found.
|10:04:50| [INFO] No unprocessed requests were found.
|10:04:50| [INFO] No unprocessed requests were found.
|10:04:50| [INFO] No unprocessed requests were found.
|10:04:50| [INFO] No unprocessed requests were found.
|10:04:50| [INFO] No unprocessed requests were found.
|10:04:50| [INFO] No unprocessed requests were found.
|10:04:50| [INFO] No unprocessed requests were found.
|10:04:50| [INFO] No unprocessed requests were found.
|10:04:50| [INFO] No unprocessed requests were found.
|10:04:50| [INFO] No unprocessed requests were found.
|10:04:50| [INFO] No unprocessed requests were found.
|10:04:50| [INFO] No unprocessed requests were found.
|10:04:50| [INFO] No unprocessed requests were found.
|10:04:50| [INFO] No unprocessed requests were found.
|10:04:51| [INFO] No unprocessed requests were found.
|10:04:51| [INFO] No unprocessed requests were found.
|10:04:51| [INFO] No unprocessed requests were found.
|10:04:51| [INFO] No unprocessed requests were found.
|10:04:51| [INFO] No unprocessed requests were found.
|10:04:51| [INFO] No unprocessed requests were found.
|10:04:51| [INFO] No unprocessed requests were found.
|10:04:51| [INFO] No unprocessed requests were found.
|10:04:51| [INFO] No unprocessed requests were found.
|10:04:51| [INFO] No unprocessed requests were found.
|10:04:51| [INFO] No unprocessed requests were found.
|10:04:51| [INFO] No unprocessed requests were found.
|10:04:51| [INFO] No unprocessed requests were found.
|10:04:51| [INFO] No unprocessed requests were found.
|10:04:51| [INFO] No unprocessed requests were found.
|10:04:51| [INFO] No unprocessed requests were found.
|10:04:51| [INFO] No unprocessed requests were found.
|10:04:51| [INFO] No unprocessed requests were found.
|10:04:51| [INFO] No unprocessed requests were found.
|10:04:51| [INFO] No unprocessed requests were found.
|10:04:51| [INFO] No unprocessed requests were found.
|10:04:51| [INFO] No unprocessed requests were found.
|10:04:51| [INFO] No unprocessed requests were found.
|10:04:51| [INFO] No unprocessed requests were found.
|10:04:51| [INFO] No unprocessed requests were found.
|10:04:51| [INFO] No unprocessed requests were found.
|10:04:51| [INFO] No unprocessed requests were found.
|10:04:51| [INFO] No unprocessed requests were found.
|10:04:51| [INFO] No unprocessed requests were found.
|10:04:51| [INFO] No unprocessed requests were found.
|10:04:51| [INFO] No unprocessed requests were found.
|10:04:51| [INFO] No unprocessed requests were found.
|10:04:51| [INFO] No unprocessed requests were found.
|10:04:51| [INFO] No unprocessed requests were found.
|10:04:51| [INFO] No unprocessed requests were found.
|10:04:51| [INFO] No unprocessed requests were found.
|10:04:52| [INFO] No unprocessed requests were found.
|10:04:52| [INFO] No unprocessed requests were found.
|10:04:52| [INFO] No unprocessed requests were found.
|10:04:53| [INFO] No unprocessed requests were found.
|10:04:53| [INFO] No unprocessed requests were found.
|10:04:53| [INFO] No unprocessed requests were found.
|10:04:53| [INFO] No unprocessed requests were found.
|10:04:53| [INFO] No unprocessed requests were found.
|10:04:53| [INFO] No unprocessed requests were found.
|10:04:53| [INFO] No unprocessed requests were found.
|10:04:54| [INFO] No unprocessed requests were found.
|10:04:54| [INFO] No unprocessed requests were found.
|10:04:54| [INFO] No unprocessed requests were found.
|10:04:54| [INFO] No unprocessed requests were found.
|10:04:54| [INFO] No unprocessed requests were found.
|10:04:55| [INFO] No unprocessed requests were found.
|10:04:55| [INFO] No unprocessed requests were found.
|10:04:55| [INFO] No unprocessed requests were found.
|10:04:55| [INFO] No unprocessed requests were found.
|10:04:55| [INFO] No unprocessed requests were found.
|10:04:55| [INFO] No unprocessed requests were found.
|10:04:55| [INFO] No unprocessed requests were found.
|10:04:56| [INFO] No unprocessed requests were found.
|10:04:56| [INFO] No unprocessed requests were found.
|10:04:56| [INFO] No unprocessed requests were found.
|10:04:57| [INFO] No unprocessed requests were found.
|10:04:57| [INFO] No unprocessed requests were found.
|10:04:57| [INFO] No unprocessed requests were found.
|10:04:57| [INFO] No unprocessed requests were found.
|10:04:57| [INFO] No unprocessed requests were found.
|10:04:57| [INFO] No unprocessed requests were found.
|10:04:57| [INFO] No unprocessed requests were found.
|10:04:57| [INFO] No unprocessed requests were found.
|10:04:57| [INFO] No unprocessed requests were found.
|10:04:58| [INFO] No unprocessed requests were found.
|10:04:58| [INFO] No unprocessed requests were found.
|10:04:58| [INFO] No unprocessed requests were found.
|10:04:58| [INFO] No unprocessed requests were found.
|10:04:58| [INFO] No unprocessed requests were found.
|10:04:58| [INFO] No unprocessed requests were found.
|10:04:58| [INFO] No unprocessed requests were found.
|10:04:58| [INFO] No unprocessed requests were found.
|10:04:58| [INFO] No unprocessed requests were found.
|10:04:58| [INFO] No unprocessed requests were found.
|10:04:58| [INFO] No unprocessed requests were found.
|10:04:58| [INFO] No unprocessed requests were found.
|10:04:58| [INFO] No unprocessed requests were found.
|10:04:58| [INFO] No unprocessed requests were found.
|10:04:58| [INFO] No unprocessed requests were found.
|10:04:58| [INFO] No unprocessed requests were found.
|10:04:58| [INFO] No unprocessed requests were found.
|10:04:58| [INFO] No unprocessed requests were found.
|10:04:58| [INFO] No unprocessed requests were found.
|10:04:58| [INFO] No unprocessed requests were found.
|10:04:58| [INFO] No unprocessed requests were found.
|10:04:58| [INFO] No unprocessed requests were found.
|10:04:58| [INFO] No unprocessed requests were found.
|10:04:58| [INFO] No unprocessed requests were found.
|10:04:58| [INFO] No unprocessed requests were found.
|10:04:58| [INFO] No unprocessed requests were found.
|10:04:58| [INFO] No unprocessed requests were found.
|10:04:58| [INFO] No unprocessed requests were found.
|10:04:58| [INFO] No unprocessed requests were found.
|10:04:58| [INFO] No unprocessed requests were found.
|10:04:58| [INFO] No unprocessed requests were found.
|10:04:58| [INFO] No unprocessed requests were found.
|10:04:58| [INFO] No unprocessed requests were found.
|10:04:58| [INFO] No unprocessed requests were found.
|10:04:58| [INFO] No unprocessed requests were found.
|10:04:58| [INFO] No unprocessed requests were found.
|10:04:58| [INFO] No unprocessed requests were found.
|10:04:58| [INFO] No unprocessed requests were found.
|10:04:58| [INFO] No unprocessed requests were found.
|10:04:58| [INFO] No unprocessed requests were found.
|10:04:58| [INFO] No unprocessed requests were found.
|10:04:58| [INFO] No unprocessed requests were found.
|10:04:58| [INFO] No unprocessed requests were found.
|10:04:58| [INFO] No unprocessed requests were found.
|10:04:58| [INFO] No unprocessed requests were found.
|10:04:58| [INFO] No unprocessed requests were found.
|10:04:59| [INFO] No unprocessed requests were found.
|10:04:59| [INFO] No unprocessed requests were found.
|10:04:59| [INFO] No unprocessed requests were found.
|10:04:59| [INFO] No unprocessed requests were found.
|10:05:00| [INFO] No unprocessed requests were found.
|10:05:00| [INFO] No unprocessed requests were found.
|10:05:00| [INFO] No unprocessed requests were found.
|10:05:00| [INFO] No unprocessed requests were found.
|10:05:01| [INFO] No unprocessed requests were found.
|10:05:01| [INFO] No unprocessed requests were found.
|10:05:01| [INFO] No unprocessed requests were found.
|10:05:01| [INFO] No unprocessed requests were found.
|10:05:01| [INFO] No unprocessed requests were found.
|10:05:01| [INFO] No unprocessed requests were found.
|10:05:02| [INFO] No unprocessed requests were found.
|10:05:02| [INFO] No unprocessed requests were found.
|10:05:02| [INFO] No unprocessed requests were found.
|10:05:02| [INFO] No unprocessed requests were found.
|10:05:03| [INFO] No unprocessed requests were found.
|10:05:03| [INFO] No unprocessed requests were found.
|10:05:03| [INFO] No unprocessed requests were found.
|10:05:03| [INFO] No unprocessed requests were found.
|10:05:03| [INFO] No unprocessed requests were found.
|10:05:03| [INFO] No unprocessed requests were found.
|10:05:04| [INFO] No unprocessed requests were found.
|10:05:04| [INFO] No unprocessed requests were found.
|10:05:04| [INFO] No unprocessed requests were found.
|10:05:04| [INFO] No unprocessed requests were found.
|10:05:05| [INFO] No unprocessed requests were found.
|10:05:05| [INFO] No unprocessed requests were found.
|10:05:05| [INFO] No unprocessed requests were found.
|10:05:05| [INFO] No unprocessed requests were found.
|10:05:05| [INFO] No unprocessed requests were found.
|10:05:05| [INFO] No unprocessed requests were found.
|10:05:05| [INFO] No unprocessed requests were found.
|10:05:05| [INFO] No unprocessed requests were found.
|10:05:05| [INFO] No unprocessed requests were found.
|10:05:05| [INFO] No unprocessed requests were found.
|10:05:05| [INFO] No unprocessed requests were found.
|10:05:05| [INFO] No unprocessed requests were found.
|10:05:05| [INFO] No unprocessed requests were found.
|10:05:05| [INFO] No unprocessed requests were found.
|10:05:05| [INFO] No unprocessed requests were found.
|10:05:05| [INFO] No unprocessed requests were found.
|10:05:05| [INFO] No unprocessed requests were found.
|10:05:05| [INFO] No unprocessed requests were found.
|10:05:05| [INFO] No unprocessed requests were found.
|10:05:05| [INFO] No unprocessed requests were found.
|10:05:05| [INFO] No unprocessed requests were found.
|10:05:05| [INFO] No unprocessed requests were found.
|10:05:05| [INFO] No unprocessed requests were found.
|10:05:05| [INFO] No unprocessed requests were found.
|10:05:05| [INFO] No unprocessed requests were found.
|10:05:05| [INFO] No unprocessed requests were found.
|10:05:05| [INFO] No unprocessed requests were found.
|10:05:05| [INFO] No unprocessed requests were found.
|10:05:05| [INFO] No unprocessed requests were found.
|10:05:05| [INFO] No unprocessed requests were found.
|10:05:05| [INFO] No unprocessed requests were found.
|10:05:05| [INFO] No unprocessed requests were found.
|10:05:05| [INFO] No unprocessed requests were found.
|10:05:05| [INFO] No unprocessed requests were found.
|10:05:05| [INFO] No unprocessed requests were found.
|10:05:05| [INFO] No unprocessed requests were found.
|10:05:05| [INFO] No unprocessed requests were found.
|10:05:05| [INFO] No unprocessed requests were found.
|10:05:05| [INFO] No unprocessed requests were found.
|10:05:05| [INFO] No unprocessed requests were found.
|10:05:05| [INFO] No unprocessed requests were found.
|10:05:05| [INFO] No unprocessed requests were found.
|10:05:05| [INFO] No unprocessed requests were found.
|10:05:05| [INFO] No unprocessed requests were found.
|10:05:05| [INFO] No unprocessed requests were found.
|10:05:06| [INFO] No unprocessed requests were found.
|10:05:06| [INFO] No unprocessed requests were found.
|10:05:06| [INFO] No unprocessed requests were found.
|10:05:06| [INFO] No unprocessed requests were found.
|10:05:06| [INFO] No unprocessed requests were found.
|10:05:06| [INFO] No unprocessed requests were found.
|10:05:06| [INFO] No unprocessed requests were found.
|10:05:06| [INFO] No unprocessed requests were found.
|10:05:06| [INFO] No unprocessed requests were found.
|10:05:07| [INFO] No unprocessed requests were found.
|10:05:07| [INFO] No unprocessed requests were found.
|10:05:07| [INFO] No unprocessed requests were found.
|10:05:07| [INFO] No unprocessed requests were found.
|10:05:08| [INFO] No unprocessed requests were found.
|10:05:08| [INFO] No unprocessed requests were found.
|10:05:08| [INFO] No unprocessed requests were found.
|10:05:08| [INFO] No unprocessed requests were found.
|10:05:08| [INFO] No unprocessed requests were found.
|10:05:08| [INFO] No unprocessed requests were found.
|10:05:08| [INFO] No unprocessed requests were found.
|10:05:09| [INFO] No unprocessed requests were found.
|10:05:09| [INFO] No unprocessed requests were found.
|10:05:09| [INFO] No unprocessed requests were found.
|10:05:09| [INFO] No unprocessed requests were found.
|10:05:09| [INFO] No unprocessed requests were found.
|10:05:10| [INFO] No unprocessed requests were found.
|10:05:10| [INFO] No unprocessed requests were found.
|10:05:10| [INFO] No unprocessed requests were found.
|10:05:10| [INFO] No unprocessed requests were found.
|10:05:10| [INFO] No unprocessed requests were found.
|10:05:10| [INFO] No unprocessed requests were found.
|10:05:11| [INFO] No unprocessed requests were found.
|10:05:11| [INFO] No unprocessed requests were found.
|10:05:11| [INFO] No unprocessed requests were found.
|10:05:12| [INFO] No unprocessed requests were found.
|10:05:12| [INFO] No unprocessed requests were found.
|10:05:12| [INFO] No unprocessed requests were found.
|10:05:12| [INFO] No unprocessed requests were found.
|10:05:12| [INFO] No unprocessed requests were found.
|10:05:12| [INFO] No unprocessed requests were found.
|10:05:12| [INFO] No unprocessed requests were found.
|10:05:12| [INFO] No unprocessed requests were found.
|10:05:12| [INFO] No unprocessed requests were found.
|10:05:12| [INFO] No unprocessed requests were found.
|10:05:12| [INFO] No unprocessed requests were found.
|10:05:12| [INFO] No unprocessed requests were found.
|10:05:12| [INFO] No unprocessed requests were found.
|10:05:12| [INFO] No unprocessed requests were found.
|10:05:12| [INFO] No unprocessed requests were found.
|10:05:12| [INFO] No unprocessed requests were found.
|10:05:12| [INFO] No unprocessed requests were found.
|10:05:12| [INFO] No unprocessed requests were found.
|10:05:12| [INFO] No unprocessed requests were found.
|10:05:12| [INFO] No unprocessed requests were found.
|10:05:12| [INFO] No unprocessed requests were found.
|10:05:12| [INFO] No unprocessed requests were found.
|10:05:13| [INFO] No unprocessed requests were found.
|10:05:13| [INFO] No unprocessed requests were found.
|10:05:13| [INFO] No unprocessed requests were found.
|10:05:13| [INFO] No unprocessed requests were found.
|10:05:13| [INFO] No unprocessed requests were found.
|10:05:13| [INFO] No unprocessed requests were found.
|10:05:13| [INFO] No unprocessed requests were found.
|10:05:13| [INFO] No unprocessed requests were found.
|10:05:13| [INFO] No unprocessed requests were found.
|10:05:13| [INFO] No unprocessed requests were found.
|10:05:13| [INFO] No unprocessed requests were found.
|10:05:13| [INFO] No unprocessed requests were found.
|10:05:13| [INFO] No unprocessed requests were found.
|10:05:13| [INFO] No unprocessed requests were found.
|10:05:13| [INFO] No unprocessed requests were found.
|10:05:14| [INFO] No unprocessed requests were found.
|10:05:14| [INFO] No unprocessed requests were found.
|10:05:14| [INFO] No unprocessed requests were found.
|10:05:14| [INFO] No unprocessed requests were found.
|10:05:15| [INFO] No unprocessed requests were found.
|10:05:15| [INFO] No unprocessed requests were found.
|10:05:15| [INFO] No unprocessed requests were found.
|10:05:15| [INFO] No unprocessed requests were found.
|10:05:16| [INFO] No unprocessed requests were found.
|10:05:16| [INFO] No unprocessed requests were found.
|10:05:16| [INFO] No unprocessed requests were found.
|10:05:16| [INFO] No unprocessed requests were found.
|10:05:16| [INFO] No unprocessed requests were found.
|10:05:16| [INFO] No unprocessed requests were found.
|10:05:16| [INFO] No unprocessed requests were found.
|10:05:17| [INFO] No unprocessed requests were found.
|10:05:17| [INFO] No unprocessed requests were found.
|10:05:17| [INFO] No unprocessed requests were found.
|10:05:17| [INFO] No unprocessed requests were found.
|10:05:18| [INFO] No unprocessed requests were found.
|10:05:18| [INFO] No unprocessed requests were found.
|10:05:18| [INFO] No unprocessed requests were found.
|10:05:18| [INFO] No unprocessed requests were found.
|10:05:18| [INFO] No unprocessed requests were found.
|10:05:18| [INFO] No unprocessed requests were found.
|10:05:19| [INFO] No unprocessed requests were found.
|10:05:19| [INFO] No unprocessed requests were found.
|10:05:19| [INFO] No unprocessed requests were found.
|10:05:19| [INFO] No unprocessed requests were found.
|10:05:19| [INFO] No unprocessed requests were found.
|10:05:19| [INFO] No unprocessed requests were found.
|10:05:20| [INFO] No unprocessed requests were found.
|10:05:20| [INFO] No unprocessed requests were found.
|10:05:20| [INFO] No unprocessed requests were found.
|10:05:20| [INFO] No unprocessed requests were found.
|10:05:20| [INFO] No unprocessed requests were found.
|10:05:20| [INFO] No unprocessed requests were found.
|10:05:20| [INFO] No unprocessed requests were found.
|10:05:20| [INFO] No unprocessed requests were found.
|10:05:20| [INFO] No unprocessed requests were found.
|10:05:20| [INFO] No unprocessed requests were found.
|10:05:20| [INFO] No unprocessed requests were found.
|10:05:20| [INFO] No unprocessed requests were found.
|10:05:20| [INFO] No unprocessed requests were found.
|10:05:20| [INFO] No unprocessed requests were found.
|10:05:20| [INFO] No unprocessed requests were found.
|10:05:20| [INFO] No unprocessed requests were found.
|10:05:20| [INFO] No unprocessed requests were found.
|10:05:20| [INFO] No unprocessed requests were found.
|10:05:20| [INFO] No unprocessed requests were found.
|10:05:20| [INFO] No unprocessed requests were found.
|10:05:20| [INFO] No unprocessed requests were found.
|10:05:20| [INFO] No unprocessed requests were found.
|10:05:20| [INFO] No unprocessed requests were found.
|10:05:20| [INFO] No unprocessed requests were found.
|10:05:20| [INFO] No unprocessed requests were found.
|10:05:20| [INFO] No unprocessed requests were found.
|10:05:20| [INFO] No unprocessed requests were found.
|10:05:20| [INFO] No unprocessed requests were found.
|10:05:20| [INFO] No unprocessed requests were found.
|10:05:20| [INFO] No unprocessed requests were found.
|10:05:20| [INFO] No unprocessed requests were found.
|10:05:20| [INFO] No unprocessed requests were found.
|10:05:20| [INFO] No unprocessed requests were found.
|10:05:20| [INFO] No unprocessed requests were found.
|10:05:21| [INFO] No unprocessed requests were found.
|10:05:21| [INFO] No unprocessed requests were found.
|10:05:21| [INFO] No unprocessed requests were found.
|10:05:22| [INFO] No unprocessed requests were found.
|10:05:22| [INFO] No unprocessed requests were found.
|10:05:22| [INFO] No unprocessed requests were found.
|10:05:22| [INFO] No unprocessed requests were found.
|10:05:22| [INFO] No unprocessed requests were found.
|10:05:22| [INFO] No unprocessed requests were found.
|10:05:23| [INFO] No unprocessed requests were found.
|10:05:23| [INFO] No unprocessed requests were found.
|10:05:23| [INFO] No unprocessed requests were found.
|10:05:23| [INFO] No unprocessed requests were found.
|10:05:23| [INFO] No unprocessed requests were found.
|10:05:23| [INFO] No unprocessed requests were found.
|10:05:24| [INFO] No unprocessed requests were found.
|10:05:24| [INFO] No unprocessed requests were found.
|10:05:24| [INFO] No unprocessed requests were found.
|10:05:24| [INFO] No unprocessed requests were found.
|10:05:25| [INFO] No unprocessed requests were found.
|10:05:25| [INFO] No unprocessed requests were found.
|10:05:25| [INFO] No unprocessed requests were found.
|10:05:25| [INFO] No unprocessed requests were found.
|10:05:25| [INFO] No unprocessed requests were found.
|10:05:25| [INFO] No unprocessed requests were found.
|10:05:25| [INFO] No unprocessed requests were found.
|10:05:26| [INFO] No unprocessed requests were found.
|10:05:26| [INFO] No unprocessed requests were found.
|10:05:26| [INFO] No unprocessed requests were found.
|10:05:26| [INFO] No unprocessed requests were found.
|10:05:27| [INFO] Found 1 request that has not yet been processed.
|10:05:27| [INFO] No unprocessed requests were found.
|10:05:28| [INFO] No unprocessed requests were found.
|10:05:29| [INFO] No unprocessed requests were found.
|10:05:29| [INFO] No unprocessed requests were found.
|10:05:29| [INFO] No unprocessed requests were found.
|10:05:29| [INFO] No unprocessed requests were found.
|10:05:29| [INFO] No unprocessed requests were found.
|10:05:29| [INFO] No unprocessed requests were found.
|10:05:29| [INFO] No unprocessed requests were found.
|10:05:30| [INFO] No unprocessed requests were found.
|10:05:30| [INFO] No unprocessed requests were found.
|10:05:30| [INFO] No unprocessed requests were found.
|10:05:30| [INFO] No unprocessed requests were found.
|10:05:31| [INFO] No unprocessed requests were found.
|10:05:31| [INFO] No unprocessed requests were found.
|10:05:31| [INFO] No unprocessed requests were found.
|10:05:31| [INFO] No unprocessed requests were found.
|10:05:31| [INFO] No unprocessed requests were found.
|10:05:32| [INFO] No unprocessed requests were found.
|10:05:32| [INFO] No unprocessed requests were found.
|10:05:32| [INFO] No unprocessed requests were found.
|10:05:32| [INFO] No unprocessed requests were found.
|10:05:33| [INFO] No unprocessed requests were found.
|10:05:33| [INFO] No unprocessed requests were found.
|10:05:33| [INFO] No unprocessed requests were found.
|10:05:33| [INFO] No unprocessed requests were found.
|10:05:33| [INFO] No unprocessed requests were found.
|10:05:33| [INFO] No unprocessed requests were found.
|10:05:34| [INFO] No unprocessed requests were found.
|10:05:34| [INFO] No unprocessed requests were found.
|10:05:34| [INFO] No unprocessed requests were found.
|10:05:35| [INFO] No unprocessed requests were found.
|10:05:35| [INFO] No unprocessed requests were found.
|10:05:35| [INFO] No unprocessed requests were found.
|10:05:35| [INFO] No unprocessed requests were found.
|10:05:35| [INFO] No unprocessed requests were found.
|10:05:36| [INFO] No unprocessed requests were found.
|10:05:36| [INFO] No unprocessed requests were found.
|10:05:36| [INFO] No unprocessed requests were found.
|10:05:36| [INFO] Found 1 request that has not yet been processed.
|10:05:37| [WARNING] Counter: 0 | Quantity: 10
|10:05:37| [WARNING] Counter: 1 | Quantity: 10
|10:05:37| [WARNING] Counter: 2 | Quantity: 10
|10:05:37| [WARNING] Counter: 3 | Quantity: 10
|10:05:37| [WARNING] Counter: 4 | Quantity: 10
|10:05:37| [WARNING] Counter: 5 | Quantity: 10
|10:05:37| [WARNING] Counter: 6 | Quantity: 10
|10:05:37| [WARNING] Counter: 7 | Quantity: 10
|10:05:37| [WARNING] Counter: 8 | Quantity: 10
|10:05:37| [WARNING] Counter: 9 | Quantity: 10
|10:05:38| [INFO] No unprocessed requests were found.
|10:05:38| [INFO] No unprocessed requests were found.
|10:05:39| [INFO] No unprocessed requests were found.
|10:05:39| [INFO] No unprocessed requests were found.
|10:05:39| [INFO] No unprocessed requests were found.
|10:05:39| [INFO] No unprocessed requests were found.
|10:05:40| [INFO] No unprocessed requests were found.
|10:05:40| [INFO] No unprocessed requests were found.
|10:05:40| [INFO] No unprocessed requests were found.
|10:05:40| [INFO] No unprocessed requests were found.
|10:05:40| [INFO] No unprocessed requests were found.
|10:05:40| [INFO] No unprocessed requests were found.
|10:05:40| [INFO] No unprocessed requests were found.
|10:05:40| [INFO] No unprocessed requests were found.
|10:05:40| [INFO] No unprocessed requests were found.
|10:05:40| [INFO] No unprocessed requests were found.
|10:05:40| [INFO] No unprocessed requests were found.
|10:05:40| [INFO] No unprocessed requests were found.
|10:05:40| [INFO] No unprocessed requests were found.
|10:05:40| [INFO] No unprocessed requests were found.
|10:05:40| [INFO] No unprocessed requests were found.
|10:05:40| [INFO] No unprocessed requests were found.
|10:05:40| [INFO] No unprocessed requests were found.
|10:05:40| [INFO] No unprocessed requests were found.
|10:05:41| [INFO] No unprocessed requests were found.
|10:05:41| [INFO] No unprocessed requests were found.
|10:05:41| [INFO] No unprocessed requests were found.
|10:05:41| [INFO] No unprocessed requests were found.
|10:05:41| [INFO] No unprocessed requests were found.
|10:05:41| [INFO] No unprocessed requests were found.
|10:05:42| [INFO] No unprocessed requests were found.
|10:05:42| [INFO] No unprocessed requests were found.
|10:05:42| [INFO] No unprocessed requests were found.
|10:05:42| [INFO] No unprocessed requests were found.
|10:05:42| [INFO] No unprocessed requests were found.
|10:05:43| [INFO] No unprocessed requests were found.
|10:05:43| [INFO] No unprocessed requests were found.
|10:05:43| [INFO] No unprocessed requests were found.
|10:05:43| [INFO] No unprocessed requests were found.
|10:05:44| [INFO] No unprocessed requests were found.
|10:05:44| [INFO] No unprocessed requests were found.
|10:05:44| [INFO] No unprocessed requests were found.
|10:05:45| [INFO] No unprocessed requests were found.
|10:05:45| [INFO] No unprocessed requests were found.
|10:05:45| [INFO] No unprocessed requests were found.
|10:05:45| [INFO] No unprocessed requests were found.
|10:05:46| [INFO] No unprocessed requests were found.
|10:05:46| [INFO] No unprocessed requests were found.
|10:05:46| [INFO] No unprocessed requests were found.
|10:05:46| [INFO] No unprocessed requests were found.
|10:05:47| [INFO] No unprocessed requests were found.
|10:05:47| [INFO] No unprocessed requests were found.
|10:05:47| [INFO] No unprocessed requests were found.
|10:05:47| [INFO] No unprocessed requests were found.
|10:05:47| [INFO] No unprocessed requests were found.
|10:05:47| [INFO] No unprocessed requests were found.
|10:05:47| [INFO] No unprocessed requests were found.
|10:05:48| [INFO] No unprocessed requests were found.
|10:05:48| [INFO] No unprocessed requests were found.
|10:05:48| [INFO] No unprocessed requests were found.
|10:05:48| [INFO] No unprocessed requests were found.
|10:05:48| [INFO] No unprocessed requests were found.
|10:05:48| [INFO] No unprocessed requests were found.
|10:05:48| [INFO] No unprocessed requests were found.
|10:05:49| [INFO] No unprocessed requests were found.
|10:05:49| [INFO] No unprocessed requests were found.
|10:05:49| [INFO] No unprocessed requests were found.
|10:05:49| [INFO] No unprocessed requests were found.
|10:05:49| [INFO] No unprocessed requests were found.
|10:05:49| [INFO] No unprocessed requests were found.
|10:05:49| [INFO] No unprocessed requests were found.
|10:05:49| [INFO] No unprocessed requests were found.
|10:05:49| [INFO] No unprocessed requests were found.
|10:05:49| [INFO] No unprocessed requests were found.
|10:05:49| [INFO] No unprocessed requests were found.
|10:05:49| [INFO] No unprocessed requests were found.
|10:05:49| [INFO] No unprocessed requests were found.
|10:05:49| [INFO] No unprocessed requests were found.
|10:05:49| [INFO] No unprocessed requests were found.
|10:05:49| [INFO] No unprocessed requests were found.
|10:05:49| [INFO] No unprocessed requests were found.
|10:05:49| [INFO] No unprocessed requests were found.
|10:05:49| [INFO] No unprocessed requests were found.
|10:05:49| [INFO] No unprocessed requests were found.
|10:05:49| [INFO] No unprocessed requests were found.
|10:05:49| [INFO] No unprocessed requests were found.
|10:05:49| [INFO] No unprocessed requests were found.
|10:05:49| [INFO] No unprocessed requests were found.
|10:05:49| [INFO] No unprocessed requests were found.
|10:05:49| [INFO] No unprocessed requests were found.
|10:05:49| [INFO] No unprocessed requests were found.
|10:05:49| [INFO] No unprocessed requests were found.
|10:05:49| [INFO] No unprocessed requests were found.
|10:05:49| [INFO] No unprocessed requests were found.
|10:05:49| [INFO] No unprocessed requests were found.
|10:05:49| [INFO] No unprocessed requests were found.
|10:05:50| [INFO] No unprocessed requests were found.
|10:05:50| [INFO] No unprocessed requests were found.
|10:05:50| [INFO] No unprocessed requests were found.
|10:05:51| [INFO] No unprocessed requests were found.
|10:05:51| [INFO] No unprocessed requests were found.
|10:05:51| [INFO] No unprocessed requests were found.
|10:05:51| [INFO] No unprocessed requests were found.
|10:05:52| [INFO] No unprocessed requests were found.
|10:05:52| [INFO] No unprocessed requests were found.
|10:05:52| [INFO] No unprocessed requests were found.
|10:05:52| [INFO] No unprocessed requests were found.
|10:05:52| [INFO] No unprocessed requests were found.
|10:05:52| [INFO] No unprocessed requests were found.
|10:05:52| [INFO] No unprocessed requests were found.
|10:05:53| [INFO] No unprocessed requests were found.
|10:05:53| [INFO] No unprocessed requests were found.
|10:05:53| [INFO] No unprocessed requests were found.
|10:05:54| [INFO] No unprocessed requests were found.
|10:05:54| [INFO] No unprocessed requests were found.
|10:05:54| [INFO] No unprocessed requests were found.
|10:05:54| [INFO] No unprocessed requests were found.
|10:05:54| [INFO] No unprocessed requests were found.
|10:05:54| [INFO] No unprocessed requests were found.
|10:05:54| [INFO] No unprocessed requests were found.
|10:05:55| [INFO] No unprocessed requests were found.
|10:05:55| [INFO] No unprocessed requests were found.
|10:05:55| [INFO] No unprocessed requests were found.
|10:05:56| [INFO] No unprocessed requests were found.
|10:05:56| [INFO] No unprocessed requests were found.
|10:05:56| [INFO] No unprocessed requests were found.
|10:05:56| [INFO] Found 1 request that has not yet been processed.
|10:05:56| [WARNING] Counter: 0 | Quantity: 10
|10:05:56| [WARNING] Counter: 1 | Quantity: 10
|10:05:56| [WARNING] Counter: 2 | Quantity: 10
|10:05:56| [WARNING] Counter: 3 | Quantity: 10
|10:05:56| [WARNING] Counter: 4 | Quantity: 10
|10:05:56| [WARNING] Counter: 5 | Quantity: 10
|10:05:56| [WARNING] Counter: 6 | Quantity: 10
|10:05:56| [WARNING] Counter: 7 | Quantity: 10
|10:05:56| [WARNING] Counter: 8 | Quantity: 10
|10:05:56| [WARNING] Counter: 9 | Quantity: 10
|10:05:56| [SEVERE] System.IO.IOException: The file 'E:/ISU/Compsci12ISUClient/ISU/bin/Debug/posts/01-21-2016_03.05.27.txt' already exists.
   at System.IO.__Error.WinIOError(Int32 errorCode, String maybeFullPath)
   at System.IO.File.InternalCopy(String sourceFileName, String destFileName, Boolean overwrite, Boolean checkHost)
   at System.IO.File.Copy(String sourceFileName, String destFileName)
   at Compsci12ISUServer.AndrewModel.RespondWithListOfPosts(String target, Int32 quantifier) in E:\ISU\Compsci12ISUServer\Compsci12ISUServer\AndrewModel.cs:line 482
|10:05:56| [INFO] No unprocessed requests were found.
|10:05:56| [INFO] No unprocessed requests were found.
|10:05:56| [INFO] No unprocessed requests were found.
|10:05:56| [INFO] No unprocessed requests were found.
|10:05:56| [INFO] No unprocessed requests were found.
|10:05:57| [INFO] No unprocessed requests were found.
|10:05:57| [INFO] No unprocessed requests were found.
|10:05:57| [INFO] No unprocessed requests were found.
|10:05:57| [INFO] No unprocessed requests were found.
|10:05:58| [INFO] No unprocessed requests were found.
|10:05:58| [INFO] No unprocessed requests were found.
|10:05:58| [INFO] No unprocessed requests were found.
|10:05:58| [INFO] No unprocessed requests were found.
|10:05:59| [INFO] No unprocessed requests were found.
|10:05:59| [INFO] No unprocessed requests were found.
|10:05:59| [INFO] No unprocessed requests were found.
|10:05:59| [INFO] No unprocessed requests were found.
|10:05:59| [INFO] No unprocessed requests were found.
|10:05:59| [INFO] No unprocessed requests were found.
|10:06:00| [INFO] No unprocessed requests were found.
|10:06:00| [INFO] No unprocessed requests were found.
|10:06:00| [INFO] No unprocessed requests were found.
|10:06:01| [INFO] No unprocessed requests were found.
|10:06:01| [INFO] No unprocessed requests were found.
|10:06:01| [INFO] No unprocessed requests were found.
|10:06:01| [INFO] No unprocessed requests were found.
|10:06:01| [INFO] No unprocessed requests were found.
|10:06:01| [INFO] No unprocessed requests were found.
|10:06:01| [INFO] No unprocessed requests were found.
|10:06:02| [INFO] No unprocessed requests were found.
|10:06:02| [INFO] No unprocessed requests were found.
|10:06:02| [INFO] No unprocessed requests were found.
|10:06:02| [INFO] No unprocessed requests were found.
|10:06:03| [INFO] No unprocessed requests were found.
|10:06:03| [INFO] No unprocessed requests were found.
|10:06:03| [INFO] No unprocessed requests were found.
|10:06:03| [INFO] No unprocessed requests were found.
|10:06:03| [INFO] No unprocessed requests were found.
|10:06:04| [INFO] No unprocessed requests were found.
|10:06:04| [INFO] No unprocessed requests were found.
|10:06:04| [INFO] No unprocessed requests were found.
|10:06:04| [INFO] No unprocessed requests were found.
|10:06:05| [INFO] No unprocessed requests were found.
|10:06:05| [INFO] No unprocessed requests were found.
|10:06:05| [INFO] No unprocessed requests were found.
|10:06:05| [INFO] No unprocessed requests were found.
|10:06:05| [INFO] No unprocessed requests were found.
|10:06:06| [INFO] No unprocessed requests were found.
|10:06:06| [INFO] No unprocessed requests were found.
|10:06:06| [INFO] No unprocessed requests were found.
|10:06:06| [INFO] No unprocessed requests were found.
|10:06:07| [INFO] No unprocessed requests were found.
|10:06:07| [INFO] No unprocessed requests were found.
|10:06:07| [INFO] No unprocessed requests were found.
|10:06:07| [INFO] No unprocessed requests were found.
|10:06:07| [INFO] No unprocessed requests were found.
|10:06:07| [INFO] No unprocessed requests were found.
|10:06:07| [INFO] No unprocessed requests were found.
|10:06:07| [INFO] No unprocessed requests were found.
|10:06:07| [INFO] No unprocessed requests were found.
|10:06:07| [INFO] No unprocessed requests were found.
|10:06:07| [INFO] No unprocessed requests were found.
|10:06:07| [INFO] No unprocessed requests were found.
|10:06:07| [INFO] No unprocessed requests were found.
|10:06:07| [INFO] No unprocessed requests were found.
|10:06:07| [INFO] No unprocessed requests were found.
|10:06:07| [INFO] No unprocessed requests were found.
|10:06:07| [INFO] No unprocessed requests were found.
|10:06:07| [INFO] No unprocessed requests were found.
|10:06:07| [INFO] No unprocessed requests were found.
|10:06:07| [INFO] No unprocessed requests were found.
|10:06:07| [INFO] No unprocessed requests were found.
|10:06:07| [INFO] No unprocessed requests were found.
|10:06:07| [INFO] No unprocessed requests were found.
|10:06:07| [INFO] No unprocessed requests were found.
|10:06:07| [INFO] No unprocessed requests were found.
|10:06:07| [INFO] No unprocessed requests were found.
|10:06:07| [INFO] No unprocessed requests were found.
|10:06:07| [INFO] No unprocessed requests were found.
|10:06:07| [INFO] No unprocessed requests were found.
|10:06:07| [INFO] No unprocessed requests were found.
|10:06:07| [INFO] No unprocessed requests were found.
|10:06:08| [INFO] No unprocessed requests were found.
|10:06:08| [INFO] No unprocessed requests were found.
|10:06:08| [INFO] No unprocessed requests were found.
|10:06:08| [INFO] No unprocessed requests were found.
|10:06:08| [INFO] No unprocessed requests were found.
|10:06:08| [INFO] No unprocessed requests were found.
|10:06:08| [INFO] No unprocessed requests were found.
|10:06:08| [INFO] No unprocessed requests were found.
|10:06:09| [INFO] No unprocessed requests were found.
|10:06:09| [INFO] No unprocessed requests were found.
|10:06:09| [INFO] No unprocessed requests were found.
|10:06:09| [INFO] No unprocessed requests were found.
|10:06:10| [INFO] No unprocessed requests were found.
|10:06:10| [INFO] No unprocessed requests were found.
|10:06:10| [INFO] No unprocessed requests were found.
|10:06:10| [INFO] No unprocessed requests were found.
|10:06:10| [INFO] No unprocessed requests were found.
|10:06:10| [INFO] No unprocessed requests were found.
|10:06:11| [INFO] No unprocessed requests were found.
|10:06:11| [INFO] No unprocessed requests were found.
|10:06:11| [INFO] No unprocessed requests were found.
|10:06:11| [INFO] No unprocessed requests were found.
|10:06:12| [INFO] No unprocessed requests were found.
|10:06:12| [INFO] No unprocessed requests were found.
|10:06:12| [INFO] No unprocessed requests were found.
|10:06:12| [INFO] No unprocessed requests were found.
|10:06:12| [INFO] No unprocessed requests were found.
|10:06:12| [INFO] No unprocessed requests were found.
|10:06:13| [INFO] No unprocessed requests were found.
|10:06:13| [INFO] No unprocessed requests were found.
|10:06:13| [INFO] No unprocessed requests were found.
|10:06:13| [INFO] No unprocessed requests were found.
|10:06:13| [INFO] No unprocessed requests were found.
|10:06:13| [INFO] No unprocessed requests were found.
|10:06:14| [INFO] No unprocessed requests were found.
|10:06:14| [INFO] No unprocessed requests were found.
|10:06:14| [INFO] No unprocessed requests were found.
|10:06:14| [INFO] No unprocessed requests were found.
|10:06:14| [INFO] No unprocessed requests were found.
|10:06:14| [INFO] No unprocessed requests were found.
|10:06:14| [INFO] No unprocessed requests were found.
|10:06:14| [INFO] No unprocessed requests were found.
|10:06:14| [INFO] No unprocessed requests were found.
|10:06:14| [INFO] No unprocessed requests were found.
|10:06:14| [INFO] No unprocessed requests were found.
|10:06:14| [INFO] No unprocessed requests were found.
|10:06:14| [INFO] No unprocessed requests were found.
|10:06:14| [INFO] No unprocessed requests were found.
|10:06:14| [INFO] No unprocessed requests were found.
|10:06:14| [INFO] No unprocessed requests were found.
|10:06:14| [INFO] No unprocessed requests were found.
|10:06:14| [INFO] No unprocessed requests were found.
|10:06:14| [INFO] No unprocessed requests were found.
|10:06:14| [INFO] No unprocessed requests were found.
|10:06:14| [INFO] No unprocessed requests were found.
|10:06:14| [INFO] No unprocessed requests were found.
|10:06:14| [INFO] No unprocessed requests were found.
|10:06:14| [INFO] No unprocessed requests were found.
|10:06:14| [INFO] No unprocessed requests were found.
|10:06:14| [INFO] No unprocessed requests were found.
|10:06:14| [INFO] No unprocessed requests were found.
|10:06:14| [INFO] No unprocessed requests were found.
|10:06:14| [INFO] No unprocessed requests were found.
|10:06:14| [INFO] No unprocessed requests were found.
|10:06:14| [INFO] No unprocessed requests were found.
|10:06:14| [INFO] No unprocessed requests were found.
|10:06:14| [INFO] No unprocessed requests were found.
|10:06:15| [INFO] No unprocessed requests were found.
|10:06:15| [INFO] No unprocessed requests were found.
|10:06:15| [INFO] No unprocessed requests were found.
|10:06:15| [INFO] No unprocessed requests were found.
|10:06:16| [INFO] No unprocessed requests were found.
|10:06:16| [INFO] No unprocessed requests were found.
|10:06:16| [INFO] No unprocessed requests were found.
|10:06:16| [INFO] No unprocessed requests were found.
|10:06:17| [INFO] No unprocessed requests were found.
|10:06:17| [INFO] No unprocessed requests were found.
|10:06:17| [INFO] No unprocessed requests were found.
|10:06:17| [INFO] No unprocessed requests were found.
|10:06:17| [INFO] No unprocessed requests were found.
|10:06:17| [INFO] No unprocessed requests were found.
|10:06:17| [INFO] No unprocessed requests were found.
|10:06:18| [INFO] No unprocessed requests were found.
|10:06:18| [INFO] No unprocessed requests were found.
|10:06:18| [INFO] No unprocessed requests were found.
|10:06:18| [INFO] No unprocessed requests were found.
|10:06:19| [INFO] No unprocessed requests were found.
|10:06:19| [INFO] No unprocessed requests were found.
|10:06:19| [INFO] No unprocessed requests were found.
|10:06:19| [INFO] No unprocessed requests were found.
|10:06:19| [INFO] No unprocessed requests were found.
|10:06:19| [INFO] No unprocessed requests were found.
|10:06:19| [INFO] No unprocessed requests were found.
|10:06:20| [INFO] No unprocessed requests were found.
|10:06:20| [INFO] No unprocessed requests were found.
