|01:05:46| [INFO] Logging initialized!
|01:05:46| [INFO] Current date: 2016-01-20
|01:05:46| [INFO] This is an automatically generated log file from the Computer Science 12U ISU Server made by Andrew and Tianli.
|01:05:46| [INFO] Server starting up!
|01:05:46| [SEVERE] There was no file path specified to retrieve server data from.
|01:05:46| [WARNING] Server did not start properly, quitting...
|01:05:46| [INFO] Found clubs directory in E:/ISU/Compsci12ISUServer_Data directory.
|01:05:46| [INFO] Found posts directory in E:/ISU/Compsci12ISUServer_Data directory.
|01:05:46| [INFO] Found users directory in E:/ISU/Compsci12ISUServer_Data directory.
|01:05:46| [INFO] Found pseudo requests directory in E:/ISU/Compsci12ISUServer_Data directory.
|01:05:46| [INFO] Found admins directory in E:/ISU/Compsci12ISUServer_Data directory.
|01:05:46| [INFO] No unprocessed requests were found.
|01:05:47| [INFO] No unprocessed requests were found.
|01:05:47| [INFO] No unprocessed requests were found.
|01:05:48| [INFO] No unprocessed requests were found.
|01:05:48| [INFO] No unprocessed requests were found.
|01:05:49| [INFO] No unprocessed requests were found.
|01:05:49| [INFO] No unprocessed requests were found.
|01:05:50| [INFO] No unprocessed requests were found.
|01:05:50| [INFO] No unprocessed requests were found.
|01:05:50| [INFO] No unprocessed requests were found.
|01:05:51| [INFO] No unprocessed requests were found.
|01:05:52| [INFO] No unprocessed requests were found.
|01:05:52| [INFO] No unprocessed requests were found.
|01:05:52| [INFO] No unprocessed requests were found.
|01:05:53| [INFO] No unprocessed requests were found.
|01:05:53| [INFO] No unprocessed requests were found.
|01:05:54| [INFO] No unprocessed requests were found.
|01:05:54| [INFO] No unprocessed requests were found.
|01:05:55| [INFO] No unprocessed requests were found.
|01:05:55| [INFO] No unprocessed requests were found.
|01:05:56| [INFO] Found 1 request that has not yet been processed.
|01:05:57| [INFO] No unprocessed requests were found.
|01:05:57| [INFO] No unprocessed requests were found.
|01:05:58| [INFO] No unprocessed requests were found.
|01:05:58| [INFO] No unprocessed requests were found.
|01:05:59| [INFO] No unprocessed requests were found.
|01:05:59| [INFO] No unprocessed requests were found.
|01:06:00| [INFO] No unprocessed requests were found.
|01:06:00| [INFO] No unprocessed requests were found.
|01:06:00| [INFO] No unprocessed requests were found.
|01:06:01| [INFO] No unprocessed requests were found.
|01:06:01| [INFO] No unprocessed requests were found.
|01:06:02| [INFO] No unprocessed requests were found.
|01:06:02| [INFO] No unprocessed requests were found.
|01:06:02| [INFO] No unprocessed requests were found.
|01:06:02| [INFO] No unprocessed requests were found.
|01:06:03| [INFO] No unprocessed requests were found.
|01:06:04| [INFO] No unprocessed requests were found.
|01:06:04| [INFO] No unprocessed requests were found.
|01:06:04| [INFO] No unprocessed requests were found.
|01:06:04| [INFO] No unprocessed requests were found.
|01:06:05| [INFO] No unprocessed requests were found.
|01:06:05| [INFO] No unprocessed requests were found.
|01:06:06| [INFO] No unprocessed requests were found.
|01:06:06| [INFO] No unprocessed requests were found.
|01:06:07| [INFO] No unprocessed requests were found.
|01:06:07| [INFO] No unprocessed requests were found.
|01:06:07| [INFO] No unprocessed requests were found.
|01:06:08| [INFO] No unprocessed requests were found.
|01:06:09| [INFO] No unprocessed requests were found.
|01:06:09| [INFO] No unprocessed requests were found.
|01:06:09| [INFO] No unprocessed requests were found.
|01:06:10| [INFO] No unprocessed requests were found.
|01:06:10| [INFO] No unprocessed requests were found.
|01:06:11| [INFO] No unprocessed requests were found.
|01:06:11| [INFO] No unprocessed requests were found.
|01:06:12| [INFO] No unprocessed requests were found.
|01:06:12| [INFO] No unprocessed requests were found.
|01:06:12| [INFO] No unprocessed requests were found.
|01:06:13| [INFO] No unprocessed requests were found.
|01:06:14| [INFO] No unprocessed requests were found.
|01:06:14| [INFO] No unprocessed requests were found.
|01:06:14| [INFO] No unprocessed requests were found.
|01:06:15| [INFO] No unprocessed requests were found.
|01:06:15| [INFO] No unprocessed requests were found.
|01:06:15| [INFO] No unprocessed requests were found.
|01:06:15| [INFO] No unprocessed requests were found.
|01:06:16| [INFO] No unprocessed requests were found.
|01:06:16| [INFO] No unprocessed requests were found.
|01:06:17| [INFO] No unprocessed requests were found.
|01:06:17| [INFO] No unprocessed requests were found.
|01:06:17| [INFO] No unprocessed requests were found.
|01:06:18| [INFO] No unprocessed requests were found.
|01:06:18| [INFO] No unprocessed requests were found.
|01:06:19| [INFO] No unprocessed requests were found.
|01:06:19| [INFO] No unprocessed requests were found.
|01:06:19| [INFO] No unprocessed requests were found.
