|11:45:28| [INFO] Logging initialized!
|11:45:28| [INFO] Current date: 2016-01-20
|11:45:28| [INFO] This is an automatically generated log file from the Computer Science 12U ISU Server made by Andrew and Tianli.
|11:45:28| [INFO] Server starting up!
|11:45:29| [SEVERE] There was no file path specified to retrieve server data from.
|11:45:29| [WARNING] Server did not start properly, quitting...
|11:45:29| [INFO] Found clubs directory in E:/ISU/Compsci12ISUServer_Data directory.
|11:45:29| [INFO] Found posts directory in E:/ISU/Compsci12ISUServer_Data directory.
|11:45:29| [INFO] Found users directory in E:/ISU/Compsci12ISUServer_Data directory.
|11:45:29| [INFO] Found pseudo requests directory in E:/ISU/Compsci12ISUServer_Data directory.
|11:45:29| [INFO] Found admins directory in E:/ISU/Compsci12ISUServer_Data directory.
|11:45:29| [INFO] No unprocessed requests were found.
|11:45:29| [INFO] No unprocessed requests were found.
|11:45:29| [INFO] No unprocessed requests were found.
|11:45:29| [INFO] No unprocessed requests were found.
|11:45:29| [INFO] No unprocessed requests were found.
|11:45:29| [INFO] No unprocessed requests were found.
|11:45:29| [INFO] No unprocessed requests were found.
|11:45:29| [INFO] No unprocessed requests were found.
|11:45:29| [INFO] No unprocessed requests were found.
|11:45:29| [INFO] No unprocessed requests were found.
|11:45:29| [INFO] No unprocessed requests were found.
|11:45:29| [INFO] No unprocessed requests were found.
|11:45:29| [INFO] No unprocessed requests were found.
|11:45:29| [INFO] No unprocessed requests were found.
|11:45:29| [INFO] No unprocessed requests were found.
|11:45:29| [INFO] No unprocessed requests were found.
|11:45:29| [INFO] No unprocessed requests were found.
|11:45:29| [INFO] No unprocessed requests were found.
|11:45:29| [INFO] No unprocessed requests were found.
|11:45:29| [INFO] No unprocessed requests were found.
|11:45:29| [INFO] No unprocessed requests were found.
|11:45:29| [INFO] No unprocessed requests were found.
|11:45:29| [INFO] No unprocessed requests were found.
|11:45:29| [INFO] No unprocessed requests were found.
|11:45:29| [INFO] No unprocessed requests were found.
|11:45:29| [INFO] No unprocessed requests were found.
|11:45:29| [INFO] No unprocessed requests were found.
|11:45:29| [INFO] No unprocessed requests were found.
|11:45:29| [INFO] No unprocessed requests were found.
|11:45:29| [INFO] No unprocessed requests were found.
|11:45:29| [INFO] No unprocessed requests were found.
|11:45:29| [INFO] No unprocessed requests were found.
|11:45:29| [INFO] No unprocessed requests were found.
|11:45:29| [INFO] No unprocessed requests were found.
|11:45:29| [INFO] No unprocessed requests were found.
|11:45:29| [INFO] No unprocessed requests were found.
|11:45:29| [INFO] No unprocessed requests were found.
|11:45:29| [INFO] No unprocessed requests were found.
|11:45:29| [INFO] No unprocessed requests were found.
|11:45:30| [INFO] No unprocessed requests were found.
|11:45:30| [INFO] No unprocessed requests were found.
|11:45:30| [INFO] No unprocessed requests were found.
|11:45:31| [INFO] No unprocessed requests were found.
|11:45:31| [INFO] No unprocessed requests were found.
|11:45:31| [INFO] No unprocessed requests were found.
|11:45:32| [INFO] No unprocessed requests were found.
|11:45:32| [INFO] No unprocessed requests were found.
|11:45:32| [INFO] No unprocessed requests were found.
|11:45:33| [INFO] No unprocessed requests were found.
|11:45:34| [INFO] No unprocessed requests were found.
|11:45:34| [INFO] No unprocessed requests were found.
|11:45:34| [INFO] No unprocessed requests were found.
|11:45:34| [INFO] No unprocessed requests were found.
|11:45:34| [INFO] No unprocessed requests were found.
|11:45:34| [INFO] No unprocessed requests were found.
|11:45:35| [INFO] No unprocessed requests were found.
|11:45:35| [INFO] No unprocessed requests were found.
|11:45:35| [INFO] No unprocessed requests were found.
|11:45:36| [INFO] No unprocessed requests were found.
|11:45:36| [INFO] No unprocessed requests were found.
