|01:12:38| [INFO] Logging initialized!
|01:12:38| [INFO] Current date: 2016-01-20
|01:12:38| [INFO] This is an automatically generated log file from the Computer Science 12U ISU Server made by Andrew and Tianli.
|01:12:38| [INFO] Server starting up!
|01:12:38| [SEVERE] There was no file path specified to retrieve server data from.
|01:12:38| [WARNING] Server did not start properly, quitting...
|01:12:38| [INFO] Found clubs directory in E:/ISU/Compsci12ISUServer_Data directory.
|01:12:38| [INFO] Found posts directory in E:/ISU/Compsci12ISUServer_Data directory.
|01:12:38| [INFO] Found users directory in E:/ISU/Compsci12ISUServer_Data directory.
|01:12:38| [INFO] Found pseudo requests directory in E:/ISU/Compsci12ISUServer_Data directory.
|01:12:38| [INFO] Found admins directory in E:/ISU/Compsci12ISUServer_Data directory.
|01:12:38| [INFO] Found 1 request that has not yet been processed.
|01:12:39| [INFO] No unprocessed requests were found.
|01:12:39| [INFO] No unprocessed requests were found.
|01:12:40| [INFO] No unprocessed requests were found.
|01:12:40| [INFO] No unprocessed requests were found.
|01:12:40| [INFO] No unprocessed requests were found.
|01:12:41| [INFO] No unprocessed requests were found.
|01:12:42| [INFO] No unprocessed requests were found.
|01:12:42| [INFO] No unprocessed requests were found.
|01:12:42| [INFO] No unprocessed requests were found.
|01:12:43| [INFO] No unprocessed requests were found.
|01:12:43| [INFO] No unprocessed requests were found.
|01:12:44| [INFO] No unprocessed requests were found.
|01:12:44| [INFO] No unprocessed requests were found.
|01:12:45| [INFO] No unprocessed requests were found.
|01:12:45| [INFO] No unprocessed requests were found.
|01:12:45| [INFO] No unprocessed requests were found.
|01:12:45| [INFO] No unprocessed requests were found.
|01:12:46| [INFO] No unprocessed requests were found.
|01:12:46| [INFO] No unprocessed requests were found.
|01:12:46| [INFO] No unprocessed requests were found.
|01:12:47| [INFO] No unprocessed requests were found.
|01:12:47| [INFO] No unprocessed requests were found.
|01:12:48| [INFO] No unprocessed requests were found.
|01:12:48| [INFO] No unprocessed requests were found.
|01:12:48| [INFO] No unprocessed requests were found.
|01:12:49| [INFO] No unprocessed requests were found.
|01:12:49| [INFO] No unprocessed requests were found.
|01:12:49| [INFO] No unprocessed requests were found.
|01:12:50| [INFO] No unprocessed requests were found.
|01:12:50| [INFO] No unprocessed requests were found.
|01:12:51| [INFO] No unprocessed requests were found.
|01:12:51| [INFO] No unprocessed requests were found.
|01:12:52| [INFO] No unprocessed requests were found.
|01:12:52| [INFO] No unprocessed requests were found.
|01:12:52| [INFO] No unprocessed requests were found.
|01:12:53| [INFO] No unprocessed requests were found.
|01:12:54| [INFO] No unprocessed requests were found.
|01:12:54| [INFO] No unprocessed requests were found.
|01:12:54| [INFO] No unprocessed requests were found.
|01:12:54| [INFO] No unprocessed requests were found.
|01:12:55| [INFO] No unprocessed requests were found.
|01:12:55| [INFO] No unprocessed requests were found.
|01:12:56| [INFO] No unprocessed requests were found.
|01:12:56| [INFO] No unprocessed requests were found.
|01:12:56| [INFO] No unprocessed requests were found.
|01:12:57| [INFO] No unprocessed requests were found.
|01:12:57| [INFO] No unprocessed requests were found.
|01:12:58| [INFO] No unprocessed requests were found.
|01:12:58| [INFO] No unprocessed requests were found.
|01:12:59| [INFO] No unprocessed requests were found.
|01:12:59| [INFO] No unprocessed requests were found.
|01:13:00| [INFO] No unprocessed requests were found.
|01:13:00| [INFO] No unprocessed requests were found.
|01:13:00| [INFO] No unprocessed requests were found.
|01:13:00| [INFO] No unprocessed requests were found.
|01:13:01| [INFO] No unprocessed requests were found.
|01:13:02| [INFO] No unprocessed requests were found.
|01:13:02| [INFO] No unprocessed requests were found.
|01:13:02| [INFO] No unprocessed requests were found.
|01:13:03| [INFO] No unprocessed requests were found.
|01:13:04| [INFO] No unprocessed requests were found.
|01:13:04| [INFO] No unprocessed requests were found.
|01:13:04| [INFO] No unprocessed requests were found.
|01:13:05| [INFO] No unprocessed requests were found.
|01:13:05| [INFO] No unprocessed requests were found.
|01:13:05| [INFO] No unprocessed requests were found.
|01:13:06| [INFO] No unprocessed requests were found.
|01:13:07| [INFO] No unprocessed requests were found.
|01:13:07| [INFO] No unprocessed requests were found.
|01:13:07| [INFO] No unprocessed requests were found.
|01:13:08| [INFO] No unprocessed requests were found.
|01:13:08| [INFO] No unprocessed requests were found.
|01:13:09| [INFO] No unprocessed requests were found.
|01:13:09| [INFO] No unprocessed requests were found.
|01:13:10| [INFO] No unprocessed requests were found.
|01:13:10| [INFO] Found 1 request that has not yet been processed.
|01:13:11| [INFO] No unprocessed requests were found.
|01:13:11| [INFO] No unprocessed requests were found.
|01:13:12| [INFO] No unprocessed requests were found.
|01:13:12| [INFO] No unprocessed requests were found.
|01:13:12| [INFO] No unprocessed requests were found.
|01:13:13| [INFO] No unprocessed requests were found.
|01:13:13| [INFO] No unprocessed requests were found.
|01:13:13| [INFO] No unprocessed requests were found.
|01:13:13| [INFO] No unprocessed requests were found.
|01:13:13| [INFO] No unprocessed requests were found.
|01:13:14| [INFO] No unprocessed requests were found.
|01:13:14| [INFO] No unprocessed requests were found.
|01:13:15| [INFO] No unprocessed requests were found.
|01:13:15| [INFO] No unprocessed requests were found.
|01:13:16| [INFO] No unprocessed requests were found.
|01:13:16| [INFO] No unprocessed requests were found.
|01:13:17| [INFO] No unprocessed requests were found.
|01:13:17| [INFO] No unprocessed requests were found.
|01:13:17| [INFO] No unprocessed requests were found.
|01:13:18| [INFO] No unprocessed requests were found.
|01:13:18| [INFO] No unprocessed requests were found.
|01:13:19| [INFO] No unprocessed requests were found.
|01:13:19| [INFO] No unprocessed requests were found.
|01:13:20| [INFO] No unprocessed requests were found.
|01:13:20| [INFO] No unprocessed requests were found.
|01:13:21| [INFO] No unprocessed requests were found.
|01:13:21| [INFO] No unprocessed requests were found.
|01:13:22| [INFO] No unprocessed requests were found.
|01:13:22| [INFO] No unprocessed requests were found.
|01:13:23| [INFO] No unprocessed requests were found.
|01:13:23| [INFO] No unprocessed requests were found.
|01:13:24| [INFO] No unprocessed requests were found.
|01:13:24| [INFO] No unprocessed requests were found.
|01:13:25| [INFO] No unprocessed requests were found.
|01:13:25| [INFO] No unprocessed requests were found.
|01:13:25| [INFO] No unprocessed requests were found.
|01:13:26| [INFO] No unprocessed requests were found.
|01:13:27| [INFO] No unprocessed requests were found.
