|05:40:15| [INFO] Logging initialized!
|05:40:15| [INFO] Current date: 2016-01-20
|05:40:15| [INFO] This is an automatically generated log file from the Computer Science 12U ISU Server made by Andrew and Tianli.
|05:40:15| [INFO] Server starting up!
|05:40:15| [SEVERE] There was no file path specified to retrieve server data from.
|05:40:16| [WARNING] Server did not start properly, quitting...
|05:40:16| [INFO] Found clubs directory in E:/ISU/Compsci12ISUServer_Data directory.
|05:40:16| [INFO] Found posts directory in E:/ISU/Compsci12ISUServer_Data directory.
|05:40:16| [INFO] Found users directory in E:/ISU/Compsci12ISUServer_Data directory.
|05:40:16| [INFO] Found pseudo requests directory in E:/ISU/Compsci12ISUServer_Data directory.
|05:40:16| [INFO] Found admins directory in E:/ISU/Compsci12ISUServer_Data directory.
|05:40:16| [INFO] Found 1 request that has not yet been processed.
|05:40:17| [INFO] No unprocessed requests were found.
|05:40:17| [INFO] No unprocessed requests were found.
|05:40:17| [INFO] No unprocessed requests were found.
|05:40:18| [INFO] No unprocessed requests were found.
|05:40:18| [INFO] No unprocessed requests were found.
|05:40:19| [INFO] No unprocessed requests were found.
|05:40:19| [INFO] No unprocessed requests were found.
|05:40:19| [INFO] No unprocessed requests were found.
|05:40:20| [INFO] No unprocessed requests were found.
|05:40:20| [INFO] No unprocessed requests were found.
|05:40:21| [INFO] No unprocessed requests were found.
|05:40:21| [INFO] No unprocessed requests were found.
|05:40:21| [INFO] No unprocessed requests were found.
|05:40:22| [INFO] No unprocessed requests were found.
|05:40:22| [INFO] No unprocessed requests were found.
|05:40:23| [INFO] No unprocessed requests were found.
|05:40:23| [INFO] No unprocessed requests were found.
|05:40:23| [INFO] No unprocessed requests were found.
|05:40:23| [INFO] No unprocessed requests were found.
|05:40:24| [INFO] No unprocessed requests were found.
|05:40:24| [INFO] No unprocessed requests were found.
|05:40:25| [INFO] No unprocessed requests were found.
|05:40:25| [INFO] No unprocessed requests were found.
|05:40:25| [INFO] No unprocessed requests were found.
|05:40:27| [INFO] No unprocessed requests were found.
|05:40:27| [INFO] No unprocessed requests were found.
|05:40:27| [INFO] No unprocessed requests were found.
|05:40:28| [INFO] No unprocessed requests were found.
|05:40:28| [INFO] No unprocessed requests were found.
|05:40:29| [INFO] No unprocessed requests were found.
|05:40:29| [INFO] No unprocessed requests were found.
|05:40:30| [INFO] No unprocessed requests were found.
|05:40:30| [INFO] Found 1 request that has not yet been processed.
|05:40:32| [INFO] No unprocessed requests were found.
|05:40:33| [INFO] No unprocessed requests were found.
|05:40:33| [INFO] No unprocessed requests were found.
|05:40:33| [INFO] No unprocessed requests were found.
|05:40:34| [INFO] No unprocessed requests were found.
|05:40:34| [INFO] No unprocessed requests were found.
|05:40:35| [INFO] No unprocessed requests were found.
|05:40:35| [INFO] No unprocessed requests were found.
|05:40:35| [INFO] No unprocessed requests were found.
|05:40:36| [INFO] No unprocessed requests were found.
|05:40:36| [INFO] No unprocessed requests were found.
|05:40:37| [INFO] No unprocessed requests were found.
|05:40:37| [INFO] No unprocessed requests were found.
|05:40:37| [INFO] No unprocessed requests were found.
|05:40:38| [INFO] No unprocessed requests were found.
|05:40:39| [INFO] Found 1 request that has not yet been processed.
