|05:42:44| [INFO] Found clubs directory in E:/ISU/Compsci12ISUServer_Data directory.
|05:42:44| [INFO] Found posts directory in E:/ISU/Compsci12ISUServer_Data directory.
|05:42:44| [INFO] Found users directory in E:/ISU/Compsci12ISUServer_Data directory.
|05:42:44| [INFO] Found pseudo requests directory in E:/ISU/Compsci12ISUServer_Data directory.
|05:42:44| [INFO] Found admins directory in E:/ISU/Compsci12ISUServer_Data directory.
|05:42:44| [INFO] Found 1 request that has not yet been processed.
|05:42:44| [INFO] No unprocessed requests were found.
|05:42:45| [INFO] No unprocessed requests were found.
|05:42:45| [INFO] No unprocessed requests were found.
|05:42:46| [INFO] No unprocessed requests were found.
|05:42:46| [INFO] No unprocessed requests were found.
|05:42:46| [INFO] No unprocessed requests were found.
|05:42:46| [INFO] No unprocessed requests were found.
|05:42:46| [INFO] No unprocessed requests were found.
|05:42:46| [INFO] No unprocessed requests were found.
|05:42:47| [INFO] No unprocessed requests were found.
|05:42:47| [INFO] No unprocessed requests were found.
|05:42:47| [INFO] No unprocessed requests were found.
|05:42:47| [INFO] No unprocessed requests were found.
|05:42:48| [INFO] No unprocessed requests were found.
|05:42:48| [INFO] No unprocessed requests were found.
|05:42:48| [INFO] No unprocessed requests were found.
|05:42:48| [INFO] No unprocessed requests were found.
|05:42:49| [INFO] No unprocessed requests were found.
|05:42:49| [INFO] No unprocessed requests were found.
|05:42:49| [INFO] No unprocessed requests were found.
|05:42:49| [INFO] No unprocessed requests were found.
|05:42:49| [INFO] No unprocessed requests were found.
|05:42:49| [INFO] No unprocessed requests were found.
|05:42:50| [INFO] No unprocessed requests were found.
|05:42:50| [INFO] No unprocessed requests were found.
|05:42:50| [INFO] No unprocessed requests were found.
|05:42:50| [INFO] No unprocessed requests were found.
|05:42:50| [INFO] No unprocessed requests were found.
|05:42:50| [INFO] No unprocessed requests were found.
|05:42:50| [INFO] No unprocessed requests were found.
|05:42:51| [INFO] No unprocessed requests were found.
|05:42:51| [INFO] No unprocessed requests were found.
|05:42:51| [INFO] No unprocessed requests were found.
|05:42:52| [INFO] No unprocessed requests were found.
|05:42:52| [INFO] Found 1 request that has not yet been processed.
|05:42:52| [INFO] No unprocessed requests were found.
|05:42:52| [INFO] No unprocessed requests were found.
|05:42:54| [INFO] No unprocessed requests were found.
|05:42:54| [INFO] No unprocessed requests were found.
|05:42:54| [INFO] No unprocessed requests were found.
|05:42:54| [INFO] No unprocessed requests were found.
|05:42:54| [INFO] No unprocessed requests were found.
|05:42:54| [INFO] No unprocessed requests were found.
|05:42:54| [INFO] No unprocessed requests were found.
|05:42:55| [INFO] No unprocessed requests were found.
|05:42:55| [INFO] No unprocessed requests were found.
|05:42:55| [INFO] No unprocessed requests were found.
|05:42:55| [INFO] No unprocessed requests were found.
|05:42:56| [INFO] No unprocessed requests were found.
|05:42:56| [INFO] No unprocessed requests were found.
|05:42:56| [INFO] No unprocessed requests were found.
|05:42:56| [INFO] No unprocessed requests were found.
|05:42:56| [INFO] No unprocessed requests were found.
|05:42:56| [INFO] No unprocessed requests were found.
|05:42:56| [INFO] No unprocessed requests were found.
|05:42:56| [INFO] No unprocessed requests were found.
|05:42:57| [INFO] No unprocessed requests were found.
|05:42:57| [INFO] No unprocessed requests were found.
|05:42:57| [INFO] No unprocessed requests were found.
|05:42:57| [INFO] No unprocessed requests were found.
|05:42:58| [INFO] No unprocessed requests were found.
|05:42:58| [INFO] No unprocessed requests were found.
