|10:01:59| [INFO] Logging initialized!
|10:01:59| [INFO] Current date: 2016-01-20
|10:01:59| [INFO] This is an automatically generated log file from the Computer Science 12U ISU Server made by Andrew and Tianli.
|10:01:59| [INFO] Server starting up!
|10:01:59| [SEVERE] There was no file path specified to retrieve server data from.
|10:01:59| [WARNING] Server did not start properly, quitting...
|10:01:59| [INFO] Found clubs directory in E:/ISU/Compsci12ISUServer_Data directory.
|10:01:59| [INFO] Found posts directory in E:/ISU/Compsci12ISUServer_Data directory.
|10:01:59| [INFO] Found users directory in E:/ISU/Compsci12ISUServer_Data directory.
|10:01:59| [INFO] Found pseudo requests directory in E:/ISU/Compsci12ISUServer_Data directory.
|10:01:59| [INFO] Found admins directory in E:/ISU/Compsci12ISUServer_Data directory.
|10:01:59| [INFO] Found 1 request that has not yet been processed.
|10:02:02| [WARNING] Counter: 0 | Quantity: 10
|10:02:05| [WARNING] Counter: 1 | Quantity: 10
|10:02:07| [WARNING] Counter: 2 | Quantity: 10
|10:02:10| [WARNING] Counter: 3 | Quantity: 10
|10:02:15| [WARNING] Counter: 4 | Quantity: 10
|10:02:20| [WARNING] Counter: 5 | Quantity: 10
|10:02:22| [WARNING] Counter: 6 | Quantity: 10
|10:02:27| [WARNING] Counter: 7 | Quantity: 10
|10:02:29| [WARNING] Counter: 8 | Quantity: 10
|10:02:32| [WARNING] Counter: 9 | Quantity: 10
