|11:49:46| [INFO] Logging initialized!
|11:49:46| [INFO] Current date: 2016-01-20
|11:49:46| [INFO] This is an automatically generated log file from the Computer Science 12U ISU Server made by Andrew and Tianli.
|11:49:46| [INFO] Server starting up!
|11:49:46| [SEVERE] There was no file path specified to retrieve server data from.
|11:49:46| [WARNING] Server did not start properly, quitting...
|11:49:46| [INFO] Found clubs directory in E:/ISU/Compsci12ISUServer_Data directory.
|11:49:46| [INFO] Found posts directory in E:/ISU/Compsci12ISUServer_Data directory.
|11:49:46| [INFO] Found users directory in E:/ISU/Compsci12ISUServer_Data directory.
|11:49:46| [INFO] Found pseudo requests directory in E:/ISU/Compsci12ISUServer_Data directory.
|11:49:46| [INFO] Found admins directory in E:/ISU/Compsci12ISUServer_Data directory.
|11:49:46| [INFO] No unprocessed requests were found.
|11:49:46| [INFO] No unprocessed requests were found.
|11:49:47| [INFO] No unprocessed requests were found.
|11:49:47| [INFO] No unprocessed requests were found.
|11:49:47| [INFO] No unprocessed requests were found.
|11:49:47| [INFO] No unprocessed requests were found.
|11:49:48| [INFO] No unprocessed requests were found.
|11:49:48| [INFO] No unprocessed requests were found.
|11:49:48| [INFO] No unprocessed requests were found.
|11:49:48| [INFO] No unprocessed requests were found.
|11:49:48| [INFO] No unprocessed requests were found.
|11:49:48| [INFO] No unprocessed requests were found.
|11:49:49| [INFO] No unprocessed requests were found.
|11:49:49| [INFO] No unprocessed requests were found.
|11:49:49| [INFO] No unprocessed requests were found.
|11:49:49| [INFO] No unprocessed requests were found.
|11:49:50| [INFO] No unprocessed requests were found.
|11:49:50| [INFO] No unprocessed requests were found.
|11:49:50| [INFO] No unprocessed requests were found.
|11:49:50| [INFO] No unprocessed requests were found.
|11:49:51| [INFO] No unprocessed requests were found.
|11:49:51| [INFO] No unprocessed requests were found.
|11:49:52| [INFO] No unprocessed requests were found.
|11:49:52| [INFO] No unprocessed requests were found.
|11:49:52| [INFO] No unprocessed requests were found.
|11:49:52| [INFO] No unprocessed requests were found.
|11:49:52| [INFO] No unprocessed requests were found.
|11:49:52| [INFO] No unprocessed requests were found.
|11:49:53| [INFO] No unprocessed requests were found.
|11:49:53| [INFO] No unprocessed requests were found.
|11:49:53| [INFO] No unprocessed requests were found.
|11:49:53| [INFO] No unprocessed requests were found.
|11:49:54| [INFO] No unprocessed requests were found.
|11:49:54| [INFO] No unprocessed requests were found.
|11:49:55| [INFO] Found 1 request that has not yet been processed.
|11:49:55| [SEVERE] System.IO.IOException: The file 'E:/ISU/Compsci12ISUClient/ISU/bin/Debug/posts/01-21-2016_03.14.25.txt' already exists.
   at System.IO.__Error.WinIOError(Int32 errorCode, String maybeFullPath)
   at System.IO.File.InternalCopy(String sourceFileName, String destFileName, Boolean overwrite, Boolean checkHost)
   at System.IO.File.Copy(String sourceFileName, String destFileName)
   at Compsci12ISUServer.AndrewModel.RespondWithListOfPosts(String target, Int32 quantifier) in E:\ISU\Compsci12ISUServer\Compsci12ISUServer\AndrewModel.cs:line 486
|11:49:55| [INFO] No unprocessed requests were found.
|11:49:56| [INFO] No unprocessed requests were found.
|11:49:56| [INFO] No unprocessed requests were found.
|11:49:56| [INFO] No unprocessed requests were found.
|11:49:56| [INFO] No unprocessed requests were found.
|11:49:57| [INFO] No unprocessed requests were found.
|11:49:57| [INFO] No unprocessed requests were found.
|11:49:57| [INFO] No unprocessed requests were found.
|11:49:57| [INFO] No unprocessed requests were found.
|11:49:57| [INFO] No unprocessed requests were found.
|11:49:57| [INFO] No unprocessed requests were found.
|11:49:57| [INFO] No unprocessed requests were found.
|11:49:57| [INFO] No unprocessed requests were found.
|11:49:57| [INFO] No unprocessed requests were found.
|11:49:57| [INFO] No unprocessed requests were found.
|11:49:57| [INFO] No unprocessed requests were found.
|11:49:58| [INFO] No unprocessed requests were found.
|11:49:58| [INFO] No unprocessed requests were found.
|11:49:59| [INFO] No unprocessed requests were found.
|11:49:59| [INFO] No unprocessed requests were found.
|11:49:59| [INFO] No unprocessed requests were found.
|11:49:59| [INFO] No unprocessed requests were found.
|11:49:59| [INFO] No unprocessed requests were found.
|11:49:59| [INFO] No unprocessed requests were found.
|11:50:00| [INFO] No unprocessed requests were found.
|11:50:00| [INFO] No unprocessed requests were found.
|11:50:00| [INFO] No unprocessed requests were found.
|11:50:00| [INFO] No unprocessed requests were found.
|11:50:00| [INFO] No unprocessed requests were found.
|11:50:01| [INFO] No unprocessed requests were found.
|11:50:01| [INFO] No unprocessed requests were found.
|11:50:01| [INFO] No unprocessed requests were found.
|11:50:01| [INFO] No unprocessed requests were found.
|11:50:02| [INFO] No unprocessed requests were found.
|11:50:02| [INFO] No unprocessed requests were found.
|11:50:02| [INFO] No unprocessed requests were found.
|11:50:02| [INFO] No unprocessed requests were found.
|11:50:02| [INFO] No unprocessed requests were found.
|11:50:03| [INFO] No unprocessed requests were found.
|11:50:03| [INFO] No unprocessed requests were found.
|11:50:03| [INFO] No unprocessed requests were found.
|11:50:03| [INFO] No unprocessed requests were found.
|11:50:03| [INFO] No unprocessed requests were found.
|11:50:03| [INFO] No unprocessed requests were found.
|11:50:04| [INFO] No unprocessed requests were found.
|11:50:04| [INFO] No unprocessed requests were found.
|11:50:04| [INFO] No unprocessed requests were found.
|11:50:04| [INFO] No unprocessed requests were found.
|11:50:05| [INFO] No unprocessed requests were found.
|11:50:05| [INFO] No unprocessed requests were found.
|11:50:05| [INFO] No unprocessed requests were found.
|11:50:05| [INFO] No unprocessed requests were found.
|11:50:05| [INFO] No unprocessed requests were found.
|11:50:05| [INFO] No unprocessed requests were found.
|11:50:06| [INFO] No unprocessed requests were found.
|11:50:06| [INFO] No unprocessed requests were found.
|11:50:06| [INFO] No unprocessed requests were found.
|11:50:06| [INFO] No unprocessed requests were found.
|11:50:06| [INFO] No unprocessed requests were found.
|11:50:07| [INFO] No unprocessed requests were found.
|11:50:07| [INFO] No unprocessed requests were found.
|11:50:07| [INFO] No unprocessed requests were found.
|11:50:07| [INFO] No unprocessed requests were found.
|11:50:07| [INFO] No unprocessed requests were found.
|11:50:07| [INFO] No unprocessed requests were found.
|11:50:08| [INFO] No unprocessed requests were found.
|11:50:08| [INFO] No unprocessed requests were found.
|11:50:08| [INFO] No unprocessed requests were found.
|11:50:08| [INFO] No unprocessed requests were found.
|11:50:08| [INFO] No unprocessed requests were found.
|11:50:08| [INFO] No unprocessed requests were found.
|11:50:09| [INFO] No unprocessed requests were found.
|11:50:09| [INFO] No unprocessed requests were found.
|11:50:09| [INFO] No unprocessed requests were found.
|11:50:09| [INFO] No unprocessed requests were found.
|11:50:10| [INFO] No unprocessed requests were found.
|11:50:10| [INFO] No unprocessed requests were found.
|11:50:10| [INFO] No unprocessed requests were found.
|11:50:10| [INFO] No unprocessed requests were found.
|11:50:10| [INFO] No unprocessed requests were found.
|11:50:10| [INFO] No unprocessed requests were found.
|11:50:11| [INFO] No unprocessed requests were found.
|11:50:11| [INFO] No unprocessed requests were found.
|11:50:11| [INFO] No unprocessed requests were found.
|11:50:12| [INFO] No unprocessed requests were found.
|11:50:12| [INFO] No unprocessed requests were found.
|11:50:12| [INFO] No unprocessed requests were found.
|11:50:12| [INFO] No unprocessed requests were found.
|11:50:12| [INFO] No unprocessed requests were found.
|11:50:12| [INFO] No unprocessed requests were found.
|11:50:13| [INFO] No unprocessed requests were found.
|11:50:13| [INFO] No unprocessed requests were found.
|11:50:14| [INFO] No unprocessed requests were found.
|11:50:14| [INFO] No unprocessed requests were found.
|11:50:14| [INFO] No unprocessed requests were found.
|11:50:14| [INFO] No unprocessed requests were found.
|11:50:14| [INFO] No unprocessed requests were found.
|11:50:14| [INFO] No unprocessed requests were found.
|11:50:14| [INFO] No unprocessed requests were found.
|11:50:14| [INFO] No unprocessed requests were found.
|11:50:15| [INFO] No unprocessed requests were found.
|11:50:15| [INFO] No unprocessed requests were found.
|11:50:15| [INFO] No unprocessed requests were found.
|11:50:15| [INFO] No unprocessed requests were found.
|11:50:16| [INFO] No unprocessed requests were found.
|11:50:16| [INFO] No unprocessed requests were found.
|11:50:16| [INFO] No unprocessed requests were found.
|11:50:16| [INFO] No unprocessed requests were found.
|11:50:16| [INFO] No unprocessed requests were found.
|11:50:16| [INFO] No unprocessed requests were found.
|11:50:16| [INFO] No unprocessed requests were found.
|11:50:17| [INFO] No unprocessed requests were found.
|11:50:17| [INFO] No unprocessed requests were found.
|11:50:17| [INFO] No unprocessed requests were found.
|11:50:17| [INFO] No unprocessed requests were found.
|11:50:18| [INFO] No unprocessed requests were found.
|11:50:18| [INFO] No unprocessed requests were found.
|11:50:18| [INFO] No unprocessed requests were found.
|11:50:18| [INFO] No unprocessed requests were found.
|11:50:18| [INFO] No unprocessed requests were found.
|11:50:18| [INFO] No unprocessed requests were found.
|11:50:19| [INFO] No unprocessed requests were found.
|11:50:19| [INFO] No unprocessed requests were found.
|11:50:19| [INFO] No unprocessed requests were found.
|11:50:19| [INFO] No unprocessed requests were found.
|11:50:20| [INFO] No unprocessed requests were found.
|11:50:20| [INFO] No unprocessed requests were found.
|11:50:20| [INFO] No unprocessed requests were found.
|11:50:20| [INFO] No unprocessed requests were found.
|11:50:20| [INFO] No unprocessed requests were found.
|11:50:20| [INFO] No unprocessed requests were found.
|11:50:21| [INFO] No unprocessed requests were found.
|11:50:21| [INFO] No unprocessed requests were found.
|11:50:21| [INFO] No unprocessed requests were found.
|11:50:21| [INFO] No unprocessed requests were found.
|11:50:22| [INFO] No unprocessed requests were found.
|11:50:22| [INFO] No unprocessed requests were found.
|11:50:22| [INFO] No unprocessed requests were found.
|11:50:22| [INFO] No unprocessed requests were found.
|11:50:22| [INFO] No unprocessed requests were found.
|11:50:22| [INFO] No unprocessed requests were found.
|11:50:22| [INFO] No unprocessed requests were found.
|11:50:22| [INFO] No unprocessed requests were found.
|11:50:22| [INFO] No unprocessed requests were found.
|11:50:22| [INFO] No unprocessed requests were found.
|11:50:22| [INFO] No unprocessed requests were found.
|11:50:22| [INFO] No unprocessed requests were found.
|11:50:22| [INFO] No unprocessed requests were found.
|11:50:22| [INFO] No unprocessed requests were found.
|11:50:22| [INFO] No unprocessed requests were found.
|11:50:22| [INFO] No unprocessed requests were found.
|11:50:22| [INFO] No unprocessed requests were found.
|11:50:22| [INFO] No unprocessed requests were found.
|11:50:22| [INFO] No unprocessed requests were found.
|11:50:22| [INFO] No unprocessed requests were found.
|11:50:22| [INFO] No unprocessed requests were found.
|11:50:22| [INFO] No unprocessed requests were found.
|11:50:22| [INFO] No unprocessed requests were found.
|11:50:22| [INFO] No unprocessed requests were found.
|11:50:23| [INFO] No unprocessed requests were found.
|11:50:23| [INFO] No unprocessed requests were found.
|11:50:23| [INFO] No unprocessed requests were found.
|11:50:23| [INFO] No unprocessed requests were found.
|11:50:23| [INFO] No unprocessed requests were found.
|11:50:23| [INFO] No unprocessed requests were found.
|11:50:23| [INFO] No unprocessed requests were found.
|11:50:23| [INFO] No unprocessed requests were found.
|11:50:23| [INFO] No unprocessed requests were found.
|11:50:23| [INFO] No unprocessed requests were found.
|11:50:23| [INFO] No unprocessed requests were found.
|11:50:24| [INFO] No unprocessed requests were found.
|11:50:24| [INFO] No unprocessed requests were found.
|11:50:24| [INFO] No unprocessed requests were found.
|11:50:24| [INFO] No unprocessed requests were found.
|11:50:24| [INFO] No unprocessed requests were found.
|11:50:25| [INFO] No unprocessed requests were found.
|11:50:25| [INFO] No unprocessed requests were found.
|11:50:25| [INFO] No unprocessed requests were found.
|11:50:25| [INFO] No unprocessed requests were found.
|11:50:26| [INFO] No unprocessed requests were found.
|11:50:26| [INFO] No unprocessed requests were found.
|11:50:26| [INFO] No unprocessed requests were found.
|11:50:26| [INFO] No unprocessed requests were found.
|11:50:26| [INFO] No unprocessed requests were found.
|11:50:27| [INFO] No unprocessed requests were found.
|11:50:27| [INFO] No unprocessed requests were found.
|11:50:27| [INFO] No unprocessed requests were found.
|11:50:27| [INFO] No unprocessed requests were found.
|11:50:28| [INFO] No unprocessed requests were found.
|11:50:28| [INFO] No unprocessed requests were found.
|11:50:28| [INFO] No unprocessed requests were found.
|11:50:28| [INFO] No unprocessed requests were found.
|11:50:28| [INFO] No unprocessed requests were found.
|11:50:28| [INFO] No unprocessed requests were found.
|11:50:29| [INFO] No unprocessed requests were found.
|11:50:29| [INFO] No unprocessed requests were found.
|11:50:29| [INFO] No unprocessed requests were found.
|11:50:29| [INFO] No unprocessed requests were found.
|11:50:30| [INFO] No unprocessed requests were found.
|11:50:30| [INFO] No unprocessed requests were found.
|11:50:30| [INFO] No unprocessed requests were found.
|11:50:30| [INFO] No unprocessed requests were found.
|11:50:30| [INFO] No unprocessed requests were found.
|11:50:30| [INFO] No unprocessed requests were found.
|11:50:30| [INFO] No unprocessed requests were found.
|11:50:30| [INFO] No unprocessed requests were found.
|11:50:30| [INFO] No unprocessed requests were found.
|11:50:30| [INFO] No unprocessed requests were found.
|11:50:30| [INFO] No unprocessed requests were found.
|11:50:30| [INFO] No unprocessed requests were found.
|11:50:30| [INFO] No unprocessed requests were found.
|11:50:31| [INFO] No unprocessed requests were found.
|11:50:31| [INFO] No unprocessed requests were found.
|11:50:31| [INFO] No unprocessed requests were found.
|11:50:31| [INFO] No unprocessed requests were found.
|11:50:32| [INFO] No unprocessed requests were found.
|11:50:32| [INFO] No unprocessed requests were found.
|11:50:32| [INFO] No unprocessed requests were found.
|11:50:32| [INFO] No unprocessed requests were found.
|11:50:32| [INFO] No unprocessed requests were found.
|11:50:32| [INFO] No unprocessed requests were found.
|11:50:33| [INFO] No unprocessed requests were found.
|11:50:33| [INFO] No unprocessed requests were found.
|11:50:33| [INFO] No unprocessed requests were found.
|11:50:33| [INFO] No unprocessed requests were found.
|11:50:34| [INFO] No unprocessed requests were found.
|11:50:34| [INFO] No unprocessed requests were found.
|11:50:34| [INFO] No unprocessed requests were found.
|11:50:34| [INFO] No unprocessed requests were found.
|11:50:34| [INFO] No unprocessed requests were found.
|11:50:34| [INFO] No unprocessed requests were found.
|11:50:35| [INFO] No unprocessed requests were found.
|11:50:35| [INFO] No unprocessed requests were found.
|11:50:35| [INFO] No unprocessed requests were found.
|11:50:35| [INFO] No unprocessed requests were found.
|11:50:36| [INFO] No unprocessed requests were found.
|11:50:36| [INFO] No unprocessed requests were found.
|11:50:36| [INFO] No unprocessed requests were found.
|11:50:36| [INFO] No unprocessed requests were found.
|11:50:36| [INFO] No unprocessed requests were found.
|11:50:37| [INFO] No unprocessed requests were found.
|11:50:37| [INFO] No unprocessed requests were found.
|11:50:37| [INFO] No unprocessed requests were found.
|11:50:37| [INFO] No unprocessed requests were found.
|11:50:37| [INFO] No unprocessed requests were found.
|11:50:37| [INFO] No unprocessed requests were found.
|11:50:37| [INFO] No unprocessed requests were found.
|11:50:38| [INFO] No unprocessed requests were found.
|11:50:38| [INFO] No unprocessed requests were found.
|11:50:38| [INFO] No unprocessed requests were found.
|11:50:38| [INFO] No unprocessed requests were found.
|11:50:39| [INFO] No unprocessed requests were found.
|11:50:39| [INFO] No unprocessed requests were found.
|11:50:39| [INFO] No unprocessed requests were found.
|11:50:39| [INFO] No unprocessed requests were found.
|11:50:39| [INFO] No unprocessed requests were found.
|11:50:39| [INFO] No unprocessed requests were found.
|11:50:40| [INFO] No unprocessed requests were found.
|11:50:40| [INFO] No unprocessed requests were found.
|11:50:40| [INFO] No unprocessed requests were found.
|11:50:40| [INFO] No unprocessed requests were found.
|11:50:41| [INFO] No unprocessed requests were found.
|11:50:41| [INFO] No unprocessed requests were found.
|11:50:41| [INFO] No unprocessed requests were found.
|11:50:41| [INFO] No unprocessed requests were found.
|11:50:41| [INFO] No unprocessed requests were found.
|11:50:42| [INFO] No unprocessed requests were found.
|11:50:42| [INFO] No unprocessed requests were found.
|11:50:43| [INFO] No unprocessed requests were found.
|11:50:43| [INFO] No unprocessed requests were found.
|11:50:43| [INFO] No unprocessed requests were found.
|11:50:43| [INFO] No unprocessed requests were found.
|11:50:43| [INFO] No unprocessed requests were found.
|11:50:43| [INFO] No unprocessed requests were found.
|11:50:43| [INFO] No unprocessed requests were found.
|11:50:44| [INFO] No unprocessed requests were found.
|11:50:44| [INFO] No unprocessed requests were found.
|11:50:44| [INFO] No unprocessed requests were found.
|11:50:44| [INFO] No unprocessed requests were found.
|11:50:44| [INFO] No unprocessed requests were found.
|11:50:44| [INFO] No unprocessed requests were found.
|11:50:45| [INFO] No unprocessed requests were found.
|11:50:45| [INFO] No unprocessed requests were found.
|11:50:45| [INFO] No unprocessed requests were found.
|11:50:45| [INFO] No unprocessed requests were found.
|11:50:45| [INFO] No unprocessed requests were found.
|11:50:45| [INFO] No unprocessed requests were found.
|11:50:45| [INFO] No unprocessed requests were found.
|11:50:46| [INFO] No unprocessed requests were found.
|11:50:46| [INFO] No unprocessed requests were found.
|11:50:46| [INFO] No unprocessed requests were found.
|11:50:47| [INFO] No unprocessed requests were found.
|11:50:47| [INFO] No unprocessed requests were found.
|11:50:47| [INFO] No unprocessed requests were found.
|11:50:47| [INFO] No unprocessed requests were found.
|11:50:47| [INFO] No unprocessed requests were found.
|11:50:47| [INFO] No unprocessed requests were found.
|11:50:48| [INFO] No unprocessed requests were found.
|11:50:48| [INFO] No unprocessed requests were found.
|11:50:48| [INFO] No unprocessed requests were found.
|11:50:48| [INFO] No unprocessed requests were found.
|11:50:49| [INFO] No unprocessed requests were found.
|11:50:49| [INFO] No unprocessed requests were found.
|11:50:49| [INFO] No unprocessed requests were found.
|11:50:49| [INFO] No unprocessed requests were found.
|11:50:49| [INFO] No unprocessed requests were found.
|11:50:49| [INFO] No unprocessed requests were found.
|11:50:50| [INFO] No unprocessed requests were found.
|11:50:50| [INFO] No unprocessed requests were found.
|11:50:50| [INFO] No unprocessed requests were found.
|11:50:51| [INFO] No unprocessed requests were found.
|11:50:51| [INFO] No unprocessed requests were found.
|11:50:51| [INFO] No unprocessed requests were found.
|11:50:51| [INFO] No unprocessed requests were found.
|11:50:52| [INFO] No unprocessed requests were found.
|11:50:52| [INFO] No unprocessed requests were found.
|11:50:52| [INFO] No unprocessed requests were found.
|11:50:52| [INFO] No unprocessed requests were found.
|11:50:53| [INFO] No unprocessed requests were found.
|11:50:53| [INFO] No unprocessed requests were found.
|11:50:53| [INFO] No unprocessed requests were found.
|11:50:53| [INFO] No unprocessed requests were found.
|11:50:53| [INFO] No unprocessed requests were found.
|11:50:53| [INFO] No unprocessed requests were found.
|11:50:54| [INFO] No unprocessed requests were found.
|11:50:54| [INFO] No unprocessed requests were found.
|11:50:54| [INFO] No unprocessed requests were found.
|11:50:54| [INFO] No unprocessed requests were found.
|11:50:54| [INFO] No unprocessed requests were found.
|11:50:54| [INFO] No unprocessed requests were found.
|11:50:54| [INFO] No unprocessed requests were found.
|11:50:54| [INFO] No unprocessed requests were found.
|11:50:54| [INFO] No unprocessed requests were found.
|11:50:54| [INFO] No unprocessed requests were found.
|11:50:55| [INFO] No unprocessed requests were found.
|11:50:55| [INFO] No unprocessed requests were found.
|11:50:55| [INFO] No unprocessed requests were found.
|11:50:55| [INFO] No unprocessed requests were found.
|11:50:55| [INFO] No unprocessed requests were found.
|11:50:56| [INFO] No unprocessed requests were found.
|11:50:56| [INFO] No unprocessed requests were found.
|11:50:56| [INFO] No unprocessed requests were found.
|11:50:56| [INFO] No unprocessed requests were found.
|11:50:56| [INFO] No unprocessed requests were found.
|11:50:57| [INFO] No unprocessed requests were found.
|11:50:57| [INFO] No unprocessed requests were found.
|11:50:57| [INFO] No unprocessed requests were found.
|11:50:57| [INFO] No unprocessed requests were found.
|11:50:58| [INFO] No unprocessed requests were found.
|11:50:58| [INFO] No unprocessed requests were found.
|11:50:58| [INFO] No unprocessed requests were found.
|11:50:58| [INFO] No unprocessed requests were found.
|11:50:58| [INFO] No unprocessed requests were found.
|11:50:58| [INFO] No unprocessed requests were found.
|11:50:59| [INFO] No unprocessed requests were found.
|11:50:59| [INFO] No unprocessed requests were found.
|11:50:59| [INFO] No unprocessed requests were found.
|11:50:59| [INFO] No unprocessed requests were found.
|11:51:00| [INFO] No unprocessed requests were found.
|11:51:00| [INFO] No unprocessed requests were found.
|11:51:00| [INFO] No unprocessed requests were found.
|11:51:00| [INFO] No unprocessed requests were found.
|11:51:00| [INFO] No unprocessed requests were found.
|11:51:00| [INFO] No unprocessed requests were found.
|11:51:01| [INFO] No unprocessed requests were found.
|11:51:01| [INFO] No unprocessed requests were found.
|11:51:01| [INFO] No unprocessed requests were found.
|11:51:01| [INFO] No unprocessed requests were found.
|11:51:02| [INFO] No unprocessed requests were found.
|11:51:02| [INFO] No unprocessed requests were found.
|11:51:02| [INFO] No unprocessed requests were found.
|11:51:02| [INFO] No unprocessed requests were found.
|11:51:02| [INFO] No unprocessed requests were found.
|11:51:02| [INFO] No unprocessed requests were found.
|11:51:02| [INFO] No unprocessed requests were found.
|11:51:02| [INFO] No unprocessed requests were found.
|11:51:02| [INFO] No unprocessed requests were found.
|11:51:02| [INFO] No unprocessed requests were found.
|11:51:02| [INFO] No unprocessed requests were found.
|11:51:02| [INFO] No unprocessed requests were found.
|11:51:02| [INFO] No unprocessed requests were found.
|11:51:02| [INFO] No unprocessed requests were found.
|11:51:02| [INFO] No unprocessed requests were found.
|11:51:02| [INFO] No unprocessed requests were found.
|11:51:02| [INFO] No unprocessed requests were found.
|11:51:02| [INFO] No unprocessed requests were found.
|11:51:02| [INFO] No unprocessed requests were found.
|11:51:02| [INFO] No unprocessed requests were found.
|11:51:02| [INFO] No unprocessed requests were found.
|11:51:02| [INFO] No unprocessed requests were found.
|11:51:02| [INFO] No unprocessed requests were found.
|11:51:02| [INFO] No unprocessed requests were found.
|11:51:02| [INFO] No unprocessed requests were found.
|11:51:02| [INFO] No unprocessed requests were found.
|11:51:02| [INFO] No unprocessed requests were found.
|11:51:02| [INFO] No unprocessed requests were found.
|11:51:02| [INFO] No unprocessed requests were found.
|11:51:02| [INFO] No unprocessed requests were found.
|11:51:02| [INFO] No unprocessed requests were found.
|11:51:02| [INFO] No unprocessed requests were found.
|11:51:02| [INFO] No unprocessed requests were found.
|11:51:02| [INFO] No unprocessed requests were found.
|11:51:03| [INFO] No unprocessed requests were found.
|11:51:03| [INFO] No unprocessed requests were found.
|11:51:03| [INFO] No unprocessed requests were found.
|11:51:03| [INFO] No unprocessed requests were found.
|11:51:03| [INFO] No unprocessed requests were found.
|11:51:03| [INFO] No unprocessed requests were found.
|11:51:03| [INFO] No unprocessed requests were found.
|11:51:03| [INFO] No unprocessed requests were found.
|11:51:04| [INFO] No unprocessed requests were found.
|11:51:04| [INFO] No unprocessed requests were found.
|11:51:04| [INFO] No unprocessed requests were found.
|11:51:05| [INFO] No unprocessed requests were found.
|11:51:05| [INFO] No unprocessed requests were found.
|11:51:05| [INFO] No unprocessed requests were found.
|11:51:05| [INFO] No unprocessed requests were found.
|11:51:05| [INFO] No unprocessed requests were found.
|11:51:05| [INFO] No unprocessed requests were found.
|11:51:05| [INFO] No unprocessed requests were found.
|11:51:06| [INFO] No unprocessed requests were found.
|11:51:06| [INFO] No unprocessed requests were found.
|11:51:06| [INFO] No unprocessed requests were found.
|11:51:06| [INFO] No unprocessed requests were found.
|11:51:07| [INFO] No unprocessed requests were found.
|11:51:07| [INFO] No unprocessed requests were found.
|11:51:07| [INFO] No unprocessed requests were found.
|11:51:07| [INFO] No unprocessed requests were found.
|11:51:07| [INFO] No unprocessed requests were found.
|11:51:07| [INFO] No unprocessed requests were found.
|11:51:07| [INFO] No unprocessed requests were found.
|11:51:08| [INFO] No unprocessed requests were found.
|11:51:08| [INFO] No unprocessed requests were found.
|11:51:08| [INFO] No unprocessed requests were found.
|11:51:08| [INFO] No unprocessed requests were found.
|11:51:09| [INFO] No unprocessed requests were found.
|11:51:09| [INFO] No unprocessed requests were found.
|11:51:09| [INFO] No unprocessed requests were found.
|11:51:09| [INFO] No unprocessed requests were found.
|11:51:09| [INFO] No unprocessed requests were found.
|11:51:09| [INFO] No unprocessed requests were found.
|11:51:10| [INFO] No unprocessed requests were found.
|11:51:10| [INFO] No unprocessed requests were found.
|11:51:10| [INFO] No unprocessed requests were found.
|11:51:10| [INFO] No unprocessed requests were found.
|11:51:10| [INFO] No unprocessed requests were found.
|11:51:10| [INFO] No unprocessed requests were found.
|11:51:10| [INFO] No unprocessed requests were found.
|11:51:10| [INFO] No unprocessed requests were found.
|11:51:10| [INFO] No unprocessed requests were found.
|11:51:10| [INFO] No unprocessed requests were found.
|11:51:10| [INFO] No unprocessed requests were found.
|11:51:10| [INFO] No unprocessed requests were found.
|11:51:10| [INFO] No unprocessed requests were found.
|11:51:10| [INFO] No unprocessed requests were found.
|11:51:10| [INFO] No unprocessed requests were found.
|11:51:10| [INFO] No unprocessed requests were found.
|11:51:10| [INFO] No unprocessed requests were found.
|11:51:10| [INFO] No unprocessed requests were found.
|11:51:11| [INFO] No unprocessed requests were found.
|11:51:11| [INFO] No unprocessed requests were found.
|11:51:11| [INFO] No unprocessed requests were found.
|11:51:11| [INFO] No unprocessed requests were found.
|11:51:12| [INFO] No unprocessed requests were found.
|11:51:12| [INFO] No unprocessed requests were found.
|11:51:12| [INFO] No unprocessed requests were found.
|11:51:12| [INFO] No unprocessed requests were found.
|11:51:12| [INFO] No unprocessed requests were found.
|11:51:12| [INFO] No unprocessed requests were found.
|11:51:13| [INFO] No unprocessed requests were found.
|11:51:13| [INFO] No unprocessed requests were found.
|11:51:13| [INFO] No unprocessed requests were found.
|11:51:13| [INFO] No unprocessed requests were found.
|11:51:14| [INFO] No unprocessed requests were found.
|11:51:14| [INFO] No unprocessed requests were found.
|11:51:14| [INFO] No unprocessed requests were found.
|11:51:14| [INFO] No unprocessed requests were found.
|11:51:14| [INFO] No unprocessed requests were found.
|11:51:14| [INFO] No unprocessed requests were found.
|11:51:15| [INFO] No unprocessed requests were found.
|11:51:15| [INFO] No unprocessed requests were found.
|11:51:15| [INFO] No unprocessed requests were found.
|11:51:15| [INFO] No unprocessed requests were found.
|11:51:16| [INFO] No unprocessed requests were found.
|11:51:16| [INFO] No unprocessed requests were found.
|11:51:16| [INFO] No unprocessed requests were found.
|11:51:16| [INFO] No unprocessed requests were found.
|11:51:16| [INFO] No unprocessed requests were found.
|11:51:16| [INFO] No unprocessed requests were found.
|11:51:16| [INFO] No unprocessed requests were found.
|11:51:16| [INFO] No unprocessed requests were found.
|11:51:16| [INFO] No unprocessed requests were found.
|11:51:17| [INFO] No unprocessed requests were found.
|11:51:17| [INFO] No unprocessed requests were found.
|11:51:17| [INFO] No unprocessed requests were found.
|11:51:17| [INFO] No unprocessed requests were found.
|11:51:18| [INFO] No unprocessed requests were found.
|11:51:18| [INFO] No unprocessed requests were found.
|11:51:18| [INFO] No unprocessed requests were found.
|11:51:18| [INFO] No unprocessed requests were found.
|11:51:18| [INFO] No unprocessed requests were found.
|11:51:18| [INFO] No unprocessed requests were found.
|11:51:19| [INFO] No unprocessed requests were found.
|11:51:19| [INFO] No unprocessed requests were found.
|11:51:19| [INFO] No unprocessed requests were found.
|11:51:19| [INFO] No unprocessed requests were found.
|11:51:20| [INFO] No unprocessed requests were found.
|11:51:20| [INFO] No unprocessed requests were found.
|11:51:20| [INFO] No unprocessed requests were found.
|11:51:20| [INFO] No unprocessed requests were found.
|11:51:20| [INFO] No unprocessed requests were found.
|11:51:20| [INFO] No unprocessed requests were found.
|11:51:21| [INFO] No unprocessed requests were found.
|11:51:21| [INFO] No unprocessed requests were found.
|11:51:22| [INFO] No unprocessed requests were found.
|11:51:22| [INFO] No unprocessed requests were found.
|11:51:22| [INFO] No unprocessed requests were found.
|11:51:23| [INFO] No unprocessed requests were found.
|11:51:23| [INFO] No unprocessed requests were found.
|11:51:23| [INFO] No unprocessed requests were found.
|11:51:23| [INFO] No unprocessed requests were found.
|11:51:24| [INFO] No unprocessed requests were found.
|11:51:24| [INFO] No unprocessed requests were found.
|11:51:25| [INFO] No unprocessed requests were found.
|11:51:25| [INFO] No unprocessed requests were found.
|11:51:25| [INFO] No unprocessed requests were found.
|11:51:26| [INFO] No unprocessed requests were found.
|11:51:26| [INFO] No unprocessed requests were found.
|11:51:26| [INFO] No unprocessed requests were found.
|11:51:26| [INFO] No unprocessed requests were found.
|11:51:27| [INFO] No unprocessed requests were found.
|11:51:27| [INFO] No unprocessed requests were found.
|11:51:27| [INFO] No unprocessed requests were found.
|11:51:27| [INFO] No unprocessed requests were found.
|11:51:27| [INFO] No unprocessed requests were found.
|11:51:27| [INFO] No unprocessed requests were found.
|11:51:27| [INFO] No unprocessed requests were found.
|11:51:28| [INFO] No unprocessed requests were found.
|11:51:28| [INFO] No unprocessed requests were found.
|11:51:28| [INFO] No unprocessed requests were found.
|11:51:28| [INFO] No unprocessed requests were found.
|11:51:28| [INFO] No unprocessed requests were found.
|11:51:28| [INFO] No unprocessed requests were found.
|11:51:29| [INFO] No unprocessed requests were found.
|11:51:29| [INFO] No unprocessed requests were found.
|11:51:29| [INFO] No unprocessed requests were found.
|11:51:29| [INFO] No unprocessed requests were found.
|11:51:29| [INFO] No unprocessed requests were found.
|11:51:29| [INFO] No unprocessed requests were found.
|11:51:30| [INFO] No unprocessed requests were found.
|11:51:30| [INFO] No unprocessed requests were found.
|11:51:30| [INFO] No unprocessed requests were found.
|11:51:30| [INFO] No unprocessed requests were found.
|11:51:30| [INFO] No unprocessed requests were found.
|11:51:30| [INFO] No unprocessed requests were found.
|11:51:31| [INFO] No unprocessed requests were found.
|11:51:31| [INFO] No unprocessed requests were found.
|11:51:31| [INFO] No unprocessed requests were found.
|11:51:32| [INFO] No unprocessed requests were found.
|11:51:32| [INFO] No unprocessed requests were found.
|11:51:32| [INFO] No unprocessed requests were found.
|11:51:33| [INFO] No unprocessed requests were found.
|11:51:33| [INFO] No unprocessed requests were found.
|11:51:33| [INFO] No unprocessed requests were found.
|11:51:33| [INFO] No unprocessed requests were found.
|11:51:33| [INFO] No unprocessed requests were found.
|11:51:33| [INFO] No unprocessed requests were found.
|11:51:34| [INFO] No unprocessed requests were found.
|11:51:34| [INFO] No unprocessed requests were found.
|11:51:34| [INFO] No unprocessed requests were found.
|11:51:34| [INFO] No unprocessed requests were found.
|11:51:35| [INFO] No unprocessed requests were found.
|11:51:35| [INFO] No unprocessed requests were found.
|11:51:35| [INFO] No unprocessed requests were found.
|11:51:35| [INFO] No unprocessed requests were found.
|11:51:35| [INFO] No unprocessed requests were found.
|11:51:35| [INFO] No unprocessed requests were found.
|11:51:36| [INFO] No unprocessed requests were found.
|11:51:36| [INFO] No unprocessed requests were found.
|11:51:36| [INFO] No unprocessed requests were found.
|11:51:36| [INFO] No unprocessed requests were found.
|11:51:36| [INFO] No unprocessed requests were found.
|11:51:36| [INFO] No unprocessed requests were found.
|11:51:36| [INFO] No unprocessed requests were found.
|11:51:36| [INFO] No unprocessed requests were found.
|11:51:36| [INFO] No unprocessed requests were found.
|11:51:36| [INFO] No unprocessed requests were found.
|11:51:36| [INFO] No unprocessed requests were found.
|11:51:36| [INFO] No unprocessed requests were found.
|11:51:36| [INFO] No unprocessed requests were found.
|11:51:37| [INFO] No unprocessed requests were found.
|11:51:37| [INFO] No unprocessed requests were found.
|11:51:37| [INFO] No unprocessed requests were found.
|11:51:37| [INFO] No unprocessed requests were found.
|11:51:37| [INFO] No unprocessed requests were found.
|11:51:37| [INFO] No unprocessed requests were found.
|11:51:37| [INFO] No unprocessed requests were found.
|11:51:37| [INFO] No unprocessed requests were found.
|11:51:38| [INFO] No unprocessed requests were found.
|11:51:38| [INFO] No unprocessed requests were found.
|11:51:38| [INFO] No unprocessed requests were found.
|11:51:38| [INFO] No unprocessed requests were found.
|11:51:38| [INFO] No unprocessed requests were found.
|11:51:38| [INFO] No unprocessed requests were found.
|11:51:39| [INFO] No unprocessed requests were found.
|11:51:39| [INFO] No unprocessed requests were found.
|11:51:39| [INFO] No unprocessed requests were found.
|11:51:39| [INFO] No unprocessed requests were found.
|11:51:40| [INFO] No unprocessed requests were found.
|11:51:40| [INFO] No unprocessed requests were found.
|11:51:40| [INFO] No unprocessed requests were found.
|11:51:40| [INFO] No unprocessed requests were found.
|11:51:41| [INFO] No unprocessed requests were found.
|11:51:41| [INFO] No unprocessed requests were found.
|11:51:41| [INFO] No unprocessed requests were found.
|11:51:42| [INFO] No unprocessed requests were found.
|11:51:43| [INFO] No unprocessed requests were found.
|11:51:43| [INFO] No unprocessed requests were found.
|11:51:43| [INFO] No unprocessed requests were found.
|11:51:44| [INFO] No unprocessed requests were found.
|11:51:44| [INFO] No unprocessed requests were found.
|11:51:45| [INFO] No unprocessed requests were found.
|11:51:45| [INFO] No unprocessed requests were found.
|11:51:45| [INFO] No unprocessed requests were found.
|11:51:45| [INFO] No unprocessed requests were found.
|11:51:46| [INFO] No unprocessed requests were found.
|11:51:46| [INFO] No unprocessed requests were found.
|11:51:46| [INFO] No unprocessed requests were found.
|11:51:46| [INFO] No unprocessed requests were found.
|11:51:47| [INFO] No unprocessed requests were found.
|11:51:47| [INFO] No unprocessed requests were found.
|11:51:47| [INFO] No unprocessed requests were found.
|11:51:47| [INFO] No unprocessed requests were found.
|11:51:47| [INFO] No unprocessed requests were found.
|11:51:47| [INFO] No unprocessed requests were found.
|11:51:47| [INFO] No unprocessed requests were found.
|11:51:47| [INFO] Found 1 request that has not yet been processed.
|11:51:48| [SEVERE] System.IO.IOException: The file 'E:/ISU/Compsci12ISUClient/ISU/bin/Debug/posts/01-21-2016_03.14.25.txt' already exists.
   at System.IO.__Error.WinIOError(Int32 errorCode, String maybeFullPath)
   at System.IO.File.InternalCopy(String sourceFileName, String destFileName, Boolean overwrite, Boolean checkHost)
   at System.IO.File.Copy(String sourceFileName, String destFileName)
   at Compsci12ISUServer.AndrewModel.RespondWithListOfPosts(String target, Int32 quantifier) in E:\ISU\Compsci12ISUServer\Compsci12ISUServer\AndrewModel.cs:line 486
|11:51:48| [INFO] No unprocessed requests were found.
|11:51:48| [INFO] No unprocessed requests were found.
|11:51:48| [INFO] No unprocessed requests were found.
|11:51:48| [INFO] No unprocessed requests were found.
|11:51:48| [INFO] No unprocessed requests were found.
|11:51:48| [INFO] No unprocessed requests were found.
|11:51:48| [INFO] No unprocessed requests were found.
|11:51:48| [INFO] No unprocessed requests were found.
|11:51:48| [INFO] No unprocessed requests were found.
|11:51:48| [INFO] No unprocessed requests were found.
|11:51:48| [INFO] No unprocessed requests were found.
|11:51:48| [INFO] No unprocessed requests were found.
|11:51:48| [INFO] No unprocessed requests were found.
|11:51:48| [INFO] No unprocessed requests were found.
|11:51:48| [INFO] No unprocessed requests were found.
|11:51:48| [INFO] No unprocessed requests were found.
|11:51:48| [INFO] No unprocessed requests were found.
|11:51:48| [INFO] No unprocessed requests were found.
|11:51:48| [INFO] No unprocessed requests were found.
|11:51:48| [INFO] No unprocessed requests were found.
|11:51:48| [INFO] No unprocessed requests were found.
|11:51:49| [INFO] No unprocessed requests were found.
|11:51:49| [INFO] No unprocessed requests were found.
|11:51:50| [INFO] No unprocessed requests were found.
|11:51:50| [INFO] No unprocessed requests were found.
|11:51:50| [INFO] No unprocessed requests were found.
|11:51:50| [INFO] No unprocessed requests were found.
|11:51:50| [INFO] No unprocessed requests were found.
|11:51:50| [INFO] No unprocessed requests were found.
|11:51:51| [INFO] No unprocessed requests were found.
|11:51:51| [INFO] No unprocessed requests were found.
|11:51:51| [INFO] No unprocessed requests were found.
|11:51:51| [INFO] No unprocessed requests were found.
|11:51:52| [INFO] No unprocessed requests were found.
|11:51:52| [INFO] No unprocessed requests were found.
|11:51:52| [INFO] No unprocessed requests were found.
|11:51:52| [INFO] No unprocessed requests were found.
|11:51:52| [INFO] No unprocessed requests were found.
|11:51:52| [INFO] No unprocessed requests were found.
|11:51:53| [INFO] No unprocessed requests were found.
|11:51:53| [INFO] No unprocessed requests were found.
|11:51:53| [INFO] No unprocessed requests were found.
|11:51:53| [INFO] No unprocessed requests were found.
|11:51:54| [INFO] No unprocessed requests were found.
|11:51:54| [INFO] No unprocessed requests were found.
|11:51:54| [INFO] No unprocessed requests were found.
|11:51:54| [INFO] No unprocessed requests were found.
|11:51:54| [INFO] No unprocessed requests were found.
|11:51:54| [INFO] No unprocessed requests were found.
|11:51:55| [INFO] No unprocessed requests were found.
|11:51:55| [INFO] No unprocessed requests were found.
|11:51:55| [INFO] No unprocessed requests were found.
|11:51:55| [INFO] No unprocessed requests were found.
|11:51:55| [INFO] No unprocessed requests were found.
|11:51:55| [INFO] No unprocessed requests were found.
|11:51:56| [INFO] No unprocessed requests were found.
|11:51:56| [INFO] No unprocessed requests were found.
|11:51:56| [INFO] No unprocessed requests were found.
|11:51:56| [INFO] No unprocessed requests were found.
|11:51:56| [INFO] No unprocessed requests were found.
|11:51:56| [INFO] No unprocessed requests were found.
|11:51:57| [INFO] No unprocessed requests were found.
|11:51:57| [INFO] No unprocessed requests were found.
|11:51:57| [INFO] No unprocessed requests were found.
|11:51:57| [INFO] No unprocessed requests were found.
|11:51:58| [INFO] No unprocessed requests were found.
|11:51:58| [INFO] No unprocessed requests were found.
|11:51:58| [INFO] No unprocessed requests were found.
|11:51:58| [INFO] No unprocessed requests were found.
|11:51:58| [INFO] No unprocessed requests were found.
|11:51:58| [INFO] No unprocessed requests were found.
|11:51:59| [INFO] No unprocessed requests were found.
|11:51:59| [INFO] No unprocessed requests were found.
|11:51:59| [INFO] No unprocessed requests were found.
|11:51:59| [INFO] No unprocessed requests were found.
|11:51:59| [INFO] No unprocessed requests were found.
|11:51:59| [INFO] No unprocessed requests were found.
|11:52:00| [INFO] No unprocessed requests were found.
|11:52:00| [INFO] No unprocessed requests were found.
|11:52:00| [INFO] No unprocessed requests were found.
|11:52:00| [INFO] No unprocessed requests were found.
|11:52:01| [INFO] No unprocessed requests were found.
|11:52:01| [INFO] No unprocessed requests were found.
|11:52:01| [INFO] No unprocessed requests were found.
|11:52:01| [INFO] No unprocessed requests were found.
|11:52:01| [INFO] No unprocessed requests were found.
|11:52:01| [INFO] No unprocessed requests were found.
|11:52:01| [INFO] No unprocessed requests were found.
|11:52:01| [INFO] No unprocessed requests were found.
|11:52:01| [INFO] No unprocessed requests were found.
|11:52:02| [INFO] No unprocessed requests were found.
|11:52:02| [INFO] No unprocessed requests were found.
|11:52:02| [INFO] No unprocessed requests were found.
|11:52:02| [INFO] No unprocessed requests were found.
|11:52:03| [INFO] No unprocessed requests were found.
|11:52:03| [INFO] No unprocessed requests were found.
|11:52:03| [INFO] No unprocessed requests were found.
|11:52:03| [INFO] No unprocessed requests were found.
|11:52:03| [INFO] No unprocessed requests were found.
|11:52:03| [INFO] No unprocessed requests were found.
|11:52:04| [INFO] No unprocessed requests were found.
|11:52:04| [INFO] No unprocessed requests were found.
|11:52:04| [INFO] No unprocessed requests were found.
|11:52:04| [INFO] No unprocessed requests were found.
|11:52:05| [INFO] No unprocessed requests were found.
|11:52:05| [INFO] No unprocessed requests were found.
|11:52:05| [INFO] No unprocessed requests were found.
|11:52:05| [INFO] No unprocessed requests were found.
|11:52:05| [INFO] No unprocessed requests were found.
|11:52:05| [INFO] No unprocessed requests were found.
|11:52:06| [INFO] No unprocessed requests were found.
|11:52:06| [INFO] No unprocessed requests were found.
|11:52:06| [INFO] No unprocessed requests were found.
|11:52:06| [INFO] No unprocessed requests were found.
|11:52:07| [INFO] No unprocessed requests were found.
|11:52:07| [INFO] No unprocessed requests were found.
|11:52:07| [INFO] No unprocessed requests were found.
|11:52:08| [INFO] No unprocessed requests were found.
|11:52:14| [INFO] No unprocessed requests were found.
|11:52:14| [INFO] No unprocessed requests were found.
|11:52:14| [INFO] No unprocessed requests were found.
|11:52:15| [INFO] No unprocessed requests were found.
|11:52:15| [INFO] No unprocessed requests were found.
|11:52:15| [INFO] No unprocessed requests were found.
|11:52:15| [INFO] No unprocessed requests were found.
|11:52:16| [INFO] No unprocessed requests were found.
|11:52:16| [INFO] No unprocessed requests were found.
