|11:31:11| [INFO] Logging initialized!
|11:31:11| [INFO] Current date: 2016-01-20
|11:31:11| [INFO] This is an automatically generated log file from the Computer Science 12U ISU Server made by Andrew and Tianli.
|11:31:11| [INFO] Server starting up!
|11:31:11| [SEVERE] There was no file path specified to retrieve server data from.
|11:31:11| [WARNING] Server did not start properly, quitting...
|11:31:11| [INFO] Found clubs directory in E:/ISU/Compsci12ISUServer_Data directory.
|11:31:11| [INFO] Found posts directory in E:/ISU/Compsci12ISUServer_Data directory.
|11:31:11| [INFO] Found users directory in E:/ISU/Compsci12ISUServer_Data directory.
|11:31:11| [INFO] Found pseudo requests directory in E:/ISU/Compsci12ISUServer_Data directory.
|11:31:11| [INFO] Found admins directory in E:/ISU/Compsci12ISUServer_Data directory.
|11:31:11| [INFO] No unprocessed requests were found.
|11:31:11| [INFO] No unprocessed requests were found.
|11:31:11| [INFO] No unprocessed requests were found.
|11:31:11| [INFO] No unprocessed requests were found.
|11:31:11| [INFO] No unprocessed requests were found.
|11:31:11| [INFO] No unprocessed requests were found.
|11:31:12| [INFO] No unprocessed requests were found.
|11:31:12| [INFO] No unprocessed requests were found.
|11:31:12| [INFO] No unprocessed requests were found.
|11:31:12| [INFO] No unprocessed requests were found.
|11:31:12| [INFO] No unprocessed requests were found.
|11:31:12| [INFO] No unprocessed requests were found.
|11:31:12| [INFO] No unprocessed requests were found.
|11:31:12| [INFO] No unprocessed requests were found.
|11:31:12| [INFO] No unprocessed requests were found.
|11:31:12| [INFO] No unprocessed requests were found.
|11:31:12| [INFO] No unprocessed requests were found.
|11:31:12| [INFO] No unprocessed requests were found.
|11:31:12| [INFO] No unprocessed requests were found.
|11:31:12| [INFO] No unprocessed requests were found.
|11:31:13| [INFO] No unprocessed requests were found.
|11:31:13| [INFO] No unprocessed requests were found.
|11:31:13| [INFO] No unprocessed requests were found.
|11:31:13| [INFO] No unprocessed requests were found.
|11:31:14| [INFO] No unprocessed requests were found.
|11:31:14| [INFO] No unprocessed requests were found.
|11:31:14| [INFO] No unprocessed requests were found.
|11:31:14| [INFO] No unprocessed requests were found.
|11:31:14| [INFO] No unprocessed requests were found.
|11:31:14| [INFO] No unprocessed requests were found.
