|12:59:40| [INFO] Logging initialized!
|12:59:40| [INFO] Current date: 2016-01-20
|12:59:40| [INFO] This is an automatically generated log file from the Computer Science 12U ISU Server made by Andrew and Tianli.
|12:59:40| [INFO] Server starting up!
|12:59:40| [SEVERE] There was no file path specified to retrieve server data from.
|12:59:40| [WARNING] Server did not start properly, quitting...
|12:59:40| [INFO] Found clubs directory in E:/ISU/Compsci12ISUServer_Data directory.
|12:59:40| [INFO] Found posts directory in E:/ISU/Compsci12ISUServer_Data directory.
|12:59:40| [INFO] Found users directory in E:/ISU/Compsci12ISUServer_Data directory.
|12:59:40| [INFO] Found pseudo requests directory in E:/ISU/Compsci12ISUServer_Data directory.
|12:59:40| [INFO] Found admins directory in E:/ISU/Compsci12ISUServer_Data directory.
|12:59:40| [INFO] Found 1 request that has not yet been processed.
|12:59:40| [INFO] No unprocessed requests were found.
|12:59:41| [INFO] No unprocessed requests were found.
|12:59:41| [INFO] No unprocessed requests were found.
|12:59:41| [INFO] No unprocessed requests were found.
|12:59:42| [INFO] No unprocessed requests were found.
|12:59:42| [INFO] No unprocessed requests were found.
|12:59:43| [INFO] No unprocessed requests were found.
|12:59:43| [INFO] No unprocessed requests were found.
|12:59:44| [INFO] No unprocessed requests were found.
|12:59:44| [INFO] No unprocessed requests were found.
|12:59:44| [INFO] No unprocessed requests were found.
|12:59:45| [INFO] No unprocessed requests were found.
|12:59:46| [INFO] No unprocessed requests were found.
|12:59:46| [INFO] No unprocessed requests were found.
|12:59:46| [INFO] No unprocessed requests were found.
|12:59:47| [INFO] No unprocessed requests were found.
|12:59:47| [INFO] No unprocessed requests were found.
|12:59:48| [INFO] No unprocessed requests were found.
|12:59:48| [INFO] No unprocessed requests were found.
|12:59:49| [INFO] No unprocessed requests were found.
|12:59:49| [INFO] No unprocessed requests were found.
|12:59:50| [INFO] No unprocessed requests were found.
|12:59:50| [INFO] No unprocessed requests were found.
|12:59:50| [INFO] No unprocessed requests were found.
|12:59:51| [INFO] No unprocessed requests were found.
|12:59:51| [INFO] No unprocessed requests were found.
|12:59:51| [INFO] No unprocessed requests were found.
|12:59:52| [INFO] No unprocessed requests were found.
|12:59:52| [INFO] No unprocessed requests were found.
|12:59:53| [INFO] No unprocessed requests were found.
|12:59:53| [INFO] No unprocessed requests were found.
|12:59:54| [INFO] No unprocessed requests were found.
|12:59:54| [INFO] No unprocessed requests were found.
|12:59:55| [INFO] No unprocessed requests were found.
|12:59:55| [INFO] No unprocessed requests were found.
|12:59:56| [INFO] No unprocessed requests were found.
|12:59:56| [INFO] No unprocessed requests were found.
|12:59:57| [INFO] No unprocessed requests were found.
|12:59:57| [INFO] No unprocessed requests were found.
|12:59:57| [INFO] No unprocessed requests were found.
|12:59:58| [INFO] No unprocessed requests were found.
|12:59:58| [INFO] No unprocessed requests were found.
|12:59:58| [INFO] No unprocessed requests were found.
|12:59:58| [INFO] No unprocessed requests were found.
|12:59:59| [INFO] No unprocessed requests were found.
|01:00:00| [INFO] No unprocessed requests were found.
|01:00:00| [INFO] No unprocessed requests were found.
|01:00:00| [INFO] No unprocessed requests were found.
|01:00:00| [INFO] No unprocessed requests were found.
|01:00:01| [INFO] No unprocessed requests were found.
|01:00:01| [INFO] No unprocessed requests were found.
|01:00:01| [INFO] No unprocessed requests were found.
|01:00:01| [INFO] No unprocessed requests were found.
|01:00:02| [INFO] No unprocessed requests were found.
|01:00:02| [INFO] No unprocessed requests were found.
|01:00:02| [INFO] No unprocessed requests were found.
|01:00:03| [INFO] No unprocessed requests were found.
|01:00:03| [INFO] No unprocessed requests were found.
|01:00:03| [INFO] No unprocessed requests were found.
|01:00:04| [INFO] No unprocessed requests were found.
|01:00:05| [INFO] No unprocessed requests were found.
|01:00:05| [INFO] No unprocessed requests were found.
|01:00:05| [INFO] No unprocessed requests were found.
|01:00:06| [INFO] No unprocessed requests were found.
|01:00:06| [INFO] No unprocessed requests were found.
|01:00:06| [INFO] No unprocessed requests were found.
|01:00:06| [INFO] No unprocessed requests were found.
|01:00:07| [INFO] No unprocessed requests were found.
|01:00:07| [INFO] No unprocessed requests were found.
|01:00:08| [INFO] No unprocessed requests were found.
|01:00:08| [INFO] No unprocessed requests were found.
|01:00:09| [INFO] No unprocessed requests were found.
|01:00:09| [INFO] No unprocessed requests were found.
|01:00:09| [INFO] No unprocessed requests were found.
|01:00:10| [INFO] No unprocessed requests were found.
|01:00:11| [INFO] No unprocessed requests were found.
|01:00:11| [INFO] No unprocessed requests were found.
|01:00:11| [INFO] No unprocessed requests were found.
|01:00:12| [INFO] No unprocessed requests were found.
|01:00:12| [INFO] No unprocessed requests were found.
|01:00:13| [INFO] No unprocessed requests were found.
|01:00:13| [INFO] No unprocessed requests were found.
|01:00:14| [INFO] No unprocessed requests were found.
|01:00:14| [INFO] No unprocessed requests were found.
|01:00:14| [INFO] No unprocessed requests were found.
|01:00:14| [INFO] No unprocessed requests were found.
|01:00:15| [INFO] No unprocessed requests were found.
|01:00:16| [INFO] No unprocessed requests were found.
|01:00:16| [INFO] No unprocessed requests were found.
|01:00:16| [INFO] No unprocessed requests were found.
|01:00:17| [INFO] No unprocessed requests were found.
|01:00:17| [INFO] No unprocessed requests were found.
|01:00:18| [INFO] No unprocessed requests were found.
|01:00:18| [INFO] No unprocessed requests were found.
|01:00:19| [INFO] No unprocessed requests were found.
|01:00:19| [INFO] No unprocessed requests were found.
|01:00:20| [INFO] No unprocessed requests were found.
|01:00:20| [INFO] No unprocessed requests were found.
|01:00:20| [INFO] No unprocessed requests were found.
|01:00:21| [INFO] No unprocessed requests were found.
|01:00:21| [INFO] No unprocessed requests were found.
|01:00:21| [INFO] No unprocessed requests were found.
|01:00:22| [INFO] No unprocessed requests were found.
|01:00:22| [INFO] No unprocessed requests were found.
|01:00:22| [INFO] No unprocessed requests were found.
|01:00:23| [INFO] No unprocessed requests were found.
|01:00:23| [INFO] No unprocessed requests were found.
|01:00:23| [INFO] No unprocessed requests were found.
|01:00:23| [INFO] No unprocessed requests were found.
|01:00:24| [INFO] No unprocessed requests were found.
|01:00:24| [INFO] No unprocessed requests were found.
|01:00:24| [INFO] No unprocessed requests were found.
|01:00:25| [INFO] No unprocessed requests were found.
|01:00:26| [INFO] No unprocessed requests were found.
|01:00:26| [INFO] No unprocessed requests were found.
|01:00:26| [INFO] No unprocessed requests were found.
|01:00:26| [INFO] No unprocessed requests were found.
|01:00:27| [INFO] No unprocessed requests were found.
|01:00:27| [INFO] No unprocessed requests were found.
|01:00:28| [INFO] No unprocessed requests were found.
|01:00:28| [INFO] No unprocessed requests were found.
|01:00:28| [INFO] No unprocessed requests were found.
|01:00:29| [INFO] No unprocessed requests were found.
|01:00:29| [INFO] No unprocessed requests were found.
|01:00:29| [INFO] No unprocessed requests were found.
|01:00:29| [INFO] No unprocessed requests were found.
|01:00:30| [INFO] No unprocessed requests were found.
|01:00:30| [INFO] No unprocessed requests were found.
|01:00:30| [INFO] No unprocessed requests were found.
|01:00:31| [INFO] No unprocessed requests were found.
|01:00:31| [INFO] No unprocessed requests were found.
|01:00:32| [INFO] No unprocessed requests were found.
|01:00:32| [INFO] No unprocessed requests were found.
|01:00:33| [INFO] No unprocessed requests were found.
|01:00:33| [INFO] No unprocessed requests were found.
|01:00:34| [INFO] No unprocessed requests were found.
|01:00:34| [INFO] No unprocessed requests were found.
|01:00:34| [INFO] No unprocessed requests were found.
|01:00:35| [INFO] No unprocessed requests were found.
|01:00:36| [INFO] No unprocessed requests were found.
|01:00:36| [INFO] No unprocessed requests were found.
|01:00:36| [INFO] No unprocessed requests were found.
|01:00:37| [INFO] No unprocessed requests were found.
|01:00:37| [INFO] No unprocessed requests were found.
|01:00:38| [INFO] No unprocessed requests were found.
|01:00:38| [INFO] No unprocessed requests were found.
|01:00:39| [INFO] No unprocessed requests were found.
|01:00:39| [INFO] No unprocessed requests were found.
|01:00:39| [INFO] No unprocessed requests were found.
|01:00:40| [INFO] No unprocessed requests were found.
|01:00:41| [INFO] Found 1 request that has not yet been processed.
|01:00:42| [INFO] No unprocessed requests were found.
|01:00:42| [INFO] No unprocessed requests were found.
|01:00:43| [INFO] No unprocessed requests were found.
|01:00:43| [INFO] No unprocessed requests were found.
|01:00:44| [INFO] No unprocessed requests were found.
|01:00:44| [INFO] No unprocessed requests were found.
|01:00:45| [INFO] No unprocessed requests were found.
|01:00:45| [INFO] No unprocessed requests were found.
|01:00:46| [INFO] No unprocessed requests were found.
|01:00:46| [INFO] No unprocessed requests were found.
|01:00:47| [INFO] No unprocessed requests were found.
|01:00:47| [INFO] No unprocessed requests were found.
|01:00:47| [INFO] No unprocessed requests were found.
|01:00:48| [INFO] No unprocessed requests were found.
|01:00:48| [INFO] No unprocessed requests were found.
|01:00:49| [INFO] No unprocessed requests were found.
|01:00:49| [INFO] No unprocessed requests were found.
|01:00:50| [INFO] No unprocessed requests were found.
|01:00:50| [INFO] No unprocessed requests were found.
|01:00:51| [INFO] No unprocessed requests were found.
|01:00:51| [INFO] No unprocessed requests were found.
|01:00:51| [INFO] No unprocessed requests were found.
|01:00:52| [INFO] No unprocessed requests were found.
|01:00:52| [INFO] No unprocessed requests were found.
|01:00:53| [INFO] No unprocessed requests were found.
|01:00:53| [INFO] No unprocessed requests were found.
|01:00:54| [INFO] No unprocessed requests were found.
|01:00:54| [INFO] No unprocessed requests were found.
|01:00:55| [INFO] No unprocessed requests were found.
|01:00:55| [INFO] No unprocessed requests were found.
|01:00:56| [INFO] No unprocessed requests were found.
|01:00:56| [INFO] No unprocessed requests were found.
|01:00:56| [INFO] No unprocessed requests were found.
|01:00:57| [INFO] No unprocessed requests were found.
|01:00:58| [INFO] No unprocessed requests were found.
|01:00:58| [INFO] No unprocessed requests were found.
|01:00:58| [INFO] No unprocessed requests were found.
|01:00:59| [INFO] No unprocessed requests were found.
|01:00:59| [INFO] No unprocessed requests were found.
|01:00:59| [INFO] Found 1 request that has not yet been processed.
|01:01:00| [INFO] No unprocessed requests were found.
|01:01:01| [INFO] No unprocessed requests were found.
|01:01:01| [INFO] No unprocessed requests were found.
|01:01:02| [INFO] No unprocessed requests were found.
|01:01:02| [INFO] No unprocessed requests were found.
|01:01:02| [INFO] No unprocessed requests were found.
|01:01:03| [INFO] No unprocessed requests were found.
|01:01:03| [INFO] No unprocessed requests were found.
|01:01:04| [INFO] No unprocessed requests were found.
|01:01:04| [INFO] No unprocessed requests were found.
|01:01:05| [INFO] No unprocessed requests were found.
|01:01:05| [INFO] No unprocessed requests were found.
|01:01:06| [INFO] No unprocessed requests were found.
|01:01:06| [INFO] No unprocessed requests were found.
|01:01:06| [INFO] No unprocessed requests were found.
|01:01:07| [INFO] No unprocessed requests were found.
|01:01:07| [INFO] No unprocessed requests were found.
|01:01:08| [INFO] No unprocessed requests were found.
|01:01:08| [INFO] No unprocessed requests were found.
|01:01:08| [INFO] No unprocessed requests were found.
|01:01:09| [INFO] No unprocessed requests were found.
|01:01:09| [INFO] No unprocessed requests were found.
|01:01:09| [INFO] No unprocessed requests were found.
|01:01:10| [INFO] No unprocessed requests were found.
|01:01:10| [INFO] No unprocessed requests were found.
|01:01:11| [INFO] No unprocessed requests were found.
|01:01:11| [INFO] No unprocessed requests were found.
|01:01:11| [INFO] No unprocessed requests were found.
|01:01:12| [INFO] No unprocessed requests were found.
|01:01:12| [INFO] No unprocessed requests were found.
|01:01:12| [INFO] No unprocessed requests were found.
|01:01:13| [INFO] No unprocessed requests were found.
|01:01:13| [INFO] No unprocessed requests were found.
|01:01:14| [INFO] No unprocessed requests were found.
|01:01:14| [INFO] No unprocessed requests were found.
|01:01:14| [INFO] No unprocessed requests were found.
|01:01:14| [INFO] No unprocessed requests were found.
|01:01:15| [INFO] No unprocessed requests were found.
|01:01:15| [INFO] No unprocessed requests were found.
|01:01:15| [INFO] No unprocessed requests were found.
|01:01:16| [INFO] No unprocessed requests were found.
|01:01:16| [INFO] No unprocessed requests were found.
|01:01:17| [INFO] No unprocessed requests were found.
|01:01:17| [INFO] No unprocessed requests were found.
|01:01:18| [INFO] No unprocessed requests were found.
|01:01:18| [INFO] No unprocessed requests were found.
|01:01:19| [INFO] No unprocessed requests were found.
|01:01:19| [INFO] No unprocessed requests were found.
|01:01:19| [INFO] No unprocessed requests were found.
|01:01:20| [INFO] No unprocessed requests were found.
|01:01:21| [INFO] No unprocessed requests were found.
|01:01:21| [INFO] No unprocessed requests were found.
|01:01:21| [INFO] No unprocessed requests were found.
|01:01:22| [INFO] No unprocessed requests were found.
|01:01:22| [INFO] No unprocessed requests were found.
|01:01:23| [INFO] No unprocessed requests were found.
|01:01:23| [INFO] No unprocessed requests were found.
|01:01:24| [INFO] No unprocessed requests were found.
|01:01:24| [INFO] No unprocessed requests were found.
|01:01:24| [INFO] No unprocessed requests were found.
|01:01:25| [INFO] No unprocessed requests were found.
|01:01:26| [INFO] No unprocessed requests were found.
|01:01:26| [INFO] No unprocessed requests were found.
|01:01:26| [INFO] No unprocessed requests were found.
|01:01:27| [INFO] No unprocessed requests were found.
|01:01:27| [INFO] No unprocessed requests were found.
|01:01:27| [INFO] No unprocessed requests were found.
|01:01:27| [INFO] No unprocessed requests were found.
|01:01:27| [INFO] No unprocessed requests were found.
|01:01:28| [INFO] No unprocessed requests were found.
|01:01:29| [INFO] No unprocessed requests were found.
|01:01:29| [INFO] No unprocessed requests were found.
|01:01:29| [INFO] No unprocessed requests were found.
|01:01:30| [INFO] No unprocessed requests were found.
|01:01:30| [INFO] No unprocessed requests were found.
|01:01:31| [INFO] No unprocessed requests were found.
|01:01:31| [INFO] No unprocessed requests were found.
|01:01:32| [INFO] No unprocessed requests were found.
|01:01:32| [INFO] No unprocessed requests were found.
|01:01:32| [INFO] No unprocessed requests were found.
|01:01:33| [INFO] No unprocessed requests were found.
|01:01:34| [INFO] No unprocessed requests were found.
|01:01:34| [INFO] No unprocessed requests were found.
|01:01:34| [INFO] No unprocessed requests were found.
|01:01:35| [INFO] No unprocessed requests were found.
|01:01:35| [INFO] No unprocessed requests were found.
|01:01:36| [INFO] No unprocessed requests were found.
|01:01:36| [INFO] No unprocessed requests were found.
|01:01:36| [INFO] No unprocessed requests were found.
|01:01:37| [INFO] No unprocessed requests were found.
|01:01:37| [INFO] No unprocessed requests were found.
|01:01:38| [INFO] No unprocessed requests were found.
|01:01:38| [INFO] No unprocessed requests were found.
|01:01:39| [INFO] No unprocessed requests were found.
|01:01:39| [INFO] No unprocessed requests were found.
|01:01:39| [INFO] No unprocessed requests were found.
|01:01:40| [INFO] No unprocessed requests were found.
|01:01:41| [INFO] No unprocessed requests were found.
|01:01:41| [INFO] No unprocessed requests were found.
|01:01:41| [INFO] No unprocessed requests were found.
|01:01:42| [INFO] No unprocessed requests were found.
|01:01:42| [INFO] No unprocessed requests were found.
|01:01:43| [INFO] No unprocessed requests were found.
|01:01:43| [INFO] No unprocessed requests were found.
|01:01:44| [INFO] No unprocessed requests were found.
|01:01:44| [INFO] No unprocessed requests were found.
|01:01:44| [INFO] No unprocessed requests were found.
|01:01:45| [INFO] No unprocessed requests were found.
|01:01:46| [INFO] No unprocessed requests were found.
|01:01:46| [INFO] No unprocessed requests were found.
|01:01:46| [INFO] No unprocessed requests were found.
|01:01:47| [INFO] No unprocessed requests were found.
|01:01:47| [INFO] No unprocessed requests were found.
|01:01:48| [INFO] No unprocessed requests were found.
|01:01:48| [INFO] No unprocessed requests were found.
|01:01:49| [INFO] No unprocessed requests were found.
|01:01:49| [INFO] No unprocessed requests were found.
|01:01:49| [INFO] No unprocessed requests were found.
|01:01:50| [INFO] No unprocessed requests were found.
|01:01:50| [INFO] No unprocessed requests were found.
|01:01:51| [INFO] No unprocessed requests were found.
|01:01:51| [INFO] No unprocessed requests were found.
|01:01:52| [INFO] No unprocessed requests were found.
|01:01:52| [INFO] No unprocessed requests were found.
|01:01:53| [INFO] No unprocessed requests were found.
|01:01:53| [INFO] No unprocessed requests were found.
|01:01:54| [INFO] No unprocessed requests were found.
|01:01:54| [INFO] No unprocessed requests were found.
|01:01:55| [INFO] No unprocessed requests were found.
|01:01:55| [INFO] No unprocessed requests were found.
|01:01:55| [INFO] No unprocessed requests were found.
|01:01:56| [INFO] No unprocessed requests were found.
|01:01:56| [INFO] No unprocessed requests were found.
|01:01:57| [INFO] No unprocessed requests were found.
|01:01:57| [INFO] No unprocessed requests were found.
|01:01:58| [INFO] No unprocessed requests were found.
|01:01:58| [INFO] No unprocessed requests were found.
|01:01:58| [INFO] No unprocessed requests were found.
|01:01:59| [INFO] No unprocessed requests were found.
|01:02:00| [INFO] No unprocessed requests were found.
|01:02:00| [INFO] No unprocessed requests were found.
|01:02:00| [INFO] No unprocessed requests were found.
|01:02:01| [INFO] No unprocessed requests were found.
|01:02:01| [INFO] No unprocessed requests were found.
|01:02:02| [INFO] No unprocessed requests were found.
|01:02:02| [INFO] No unprocessed requests were found.
|01:02:03| [INFO] No unprocessed requests were found.
|01:02:03| [INFO] No unprocessed requests were found.
|01:02:03| [INFO] No unprocessed requests were found.
|01:02:04| [INFO] Found 1 request that has not yet been processed.
|01:02:05| [INFO] No unprocessed requests were found.
|01:02:05| [INFO] No unprocessed requests were found.
|01:02:06| [INFO] No unprocessed requests were found.
|01:02:06| [INFO] No unprocessed requests were found.
|01:02:07| [INFO] No unprocessed requests were found.
|01:02:07| [INFO] No unprocessed requests were found.
|01:02:08| [INFO] No unprocessed requests were found.
|01:02:08| [INFO] No unprocessed requests were found.
|01:02:08| [INFO] No unprocessed requests were found.
|01:02:09| [INFO] No unprocessed requests were found.
|01:02:10| [INFO] No unprocessed requests were found.
|01:02:10| [INFO] No unprocessed requests were found.
|01:02:10| [INFO] No unprocessed requests were found.
|01:02:10| [INFO] No unprocessed requests were found.
|01:02:11| [INFO] No unprocessed requests were found.
|01:02:12| [INFO] No unprocessed requests were found.
|01:02:12| [INFO] No unprocessed requests were found.
|01:02:12| [INFO] No unprocessed requests were found.
|01:02:13| [INFO] No unprocessed requests were found.
|01:02:13| [INFO] No unprocessed requests were found.
|01:02:13| [INFO] No unprocessed requests were found.
|01:02:13| [INFO] No unprocessed requests were found.
|01:02:14| [INFO] No unprocessed requests were found.
|01:02:15| [INFO] No unprocessed requests were found.
|01:02:15| [INFO] No unprocessed requests were found.
|01:02:15| [INFO] No unprocessed requests were found.
|01:02:16| [INFO] No unprocessed requests were found.
|01:02:16| [INFO] No unprocessed requests were found.
|01:02:17| [INFO] No unprocessed requests were found.
|01:02:17| [INFO] No unprocessed requests were found.
|01:02:18| [INFO] No unprocessed requests were found.
|01:02:18| [INFO] No unprocessed requests were found.
|01:02:18| [INFO] No unprocessed requests were found.
|01:02:19| [INFO] No unprocessed requests were found.
|01:02:20| [INFO] No unprocessed requests were found.
|01:02:20| [INFO] No unprocessed requests were found.
|01:02:20| [INFO] No unprocessed requests were found.
|01:02:21| [INFO] No unprocessed requests were found.
|01:02:21| [INFO] No unprocessed requests were found.
|01:02:22| [INFO] No unprocessed requests were found.
|01:02:22| [INFO] No unprocessed requests were found.
|01:02:23| [INFO] No unprocessed requests were found.
|01:02:23| [INFO] No unprocessed requests were found.
|01:02:23| [INFO] No unprocessed requests were found.
|01:02:24| [INFO] No unprocessed requests were found.
|01:02:24| [INFO] No unprocessed requests were found.
|01:02:25| [INFO] No unprocessed requests were found.
|01:02:25| [INFO] No unprocessed requests were found.
|01:02:26| [INFO] No unprocessed requests were found.
|01:02:26| [INFO] No unprocessed requests were found.
|01:02:27| [INFO] No unprocessed requests were found.
|01:02:27| [INFO] No unprocessed requests were found.
|01:02:28| [INFO] No unprocessed requests were found.
|01:02:28| [INFO] No unprocessed requests were found.
|01:02:28| [INFO] No unprocessed requests were found.
|01:02:29| [INFO] No unprocessed requests were found.
|01:02:29| [INFO] No unprocessed requests were found.
|01:02:30| [INFO] No unprocessed requests were found.
|01:02:30| [INFO] No unprocessed requests were found.
|01:02:31| [INFO] No unprocessed requests were found.
|01:02:31| [INFO] No unprocessed requests were found.
|01:02:32| [INFO] No unprocessed requests were found.
|01:02:32| [INFO] No unprocessed requests were found.
|01:02:33| [INFO] No unprocessed requests were found.
|01:02:33| [INFO] No unprocessed requests were found.
|01:02:34| [INFO] No unprocessed requests were found.
|01:02:34| [INFO] No unprocessed requests were found.
|01:02:34| [INFO] No unprocessed requests were found.
|01:02:35| [INFO] No unprocessed requests were found.
|01:02:35| [INFO] No unprocessed requests were found.
|01:02:36| [INFO] No unprocessed requests were found.
|01:02:36| [INFO] No unprocessed requests were found.
|01:02:37| [INFO] No unprocessed requests were found.
|01:02:37| [INFO] No unprocessed requests were found.
|01:02:37| [INFO] No unprocessed requests were found.
|01:02:38| [INFO] No unprocessed requests were found.
|01:02:39| [INFO] No unprocessed requests were found.
|01:02:39| [INFO] No unprocessed requests were found.
|01:02:39| [INFO] No unprocessed requests were found.
|01:02:40| [INFO] No unprocessed requests were found.
|01:02:40| [INFO] No unprocessed requests were found.
|01:02:41| [INFO] No unprocessed requests were found.
|01:02:41| [INFO] No unprocessed requests were found.
|01:02:42| [INFO] No unprocessed requests were found.
|01:02:42| [INFO] No unprocessed requests were found.
