|09:37:31| [INFO] Logging initialized!
|09:37:31| [INFO] Current date: 2016-01-20
|09:37:31| [INFO] This is an automatically generated log file from the Computer Science 12U ISU Server made by Andrew and Tianli.
|09:37:31| [INFO] Server starting up!
|09:37:31| [SEVERE] There was no file path specified to retrieve server data from.
|09:37:31| [WARNING] Server did not start properly, quitting...
|09:37:31| [INFO] Found clubs directory in E:/ISU/Compsci12ISUServer_Data directory.
|09:37:31| [INFO] Found posts directory in E:/ISU/Compsci12ISUServer_Data directory.
|09:37:31| [INFO] Found users directory in E:/ISU/Compsci12ISUServer_Data directory.
|09:37:31| [INFO] Found pseudo requests directory in E:/ISU/Compsci12ISUServer_Data directory.
|09:37:31| [INFO] Found admins directory in E:/ISU/Compsci12ISUServer_Data directory.
|09:37:31| [INFO] No unprocessed requests were found.
|09:37:31| [INFO] No unprocessed requests were found.
|09:37:31| [INFO] No unprocessed requests were found.
|09:37:31| [INFO] No unprocessed requests were found.
|09:37:31| [INFO] No unprocessed requests were found.
|09:37:31| [INFO] No unprocessed requests were found.
|09:37:31| [INFO] No unprocessed requests were found.
|09:37:31| [INFO] No unprocessed requests were found.
|09:37:31| [INFO] No unprocessed requests were found.
|09:37:31| [INFO] No unprocessed requests were found.
|09:37:31| [INFO] No unprocessed requests were found.
|09:37:31| [INFO] No unprocessed requests were found.
|09:37:31| [INFO] No unprocessed requests were found.
|09:37:32| [INFO] No unprocessed requests were found.
|09:37:32| [INFO] No unprocessed requests were found.
|09:37:32| [INFO] No unprocessed requests were found.
|09:37:32| [INFO] No unprocessed requests were found.
|09:37:32| [INFO] No unprocessed requests were found.
|09:37:32| [INFO] No unprocessed requests were found.
|09:37:32| [INFO] No unprocessed requests were found.
|09:37:32| [INFO] No unprocessed requests were found.
|09:37:32| [INFO] No unprocessed requests were found.
|09:37:32| [INFO] No unprocessed requests were found.
|09:37:32| [INFO] No unprocessed requests were found.
|09:37:32| [INFO] No unprocessed requests were found.
|09:37:32| [INFO] No unprocessed requests were found.
|09:37:32| [INFO] No unprocessed requests were found.
|09:37:32| [INFO] No unprocessed requests were found.
|09:37:32| [INFO] No unprocessed requests were found.
|09:37:32| [INFO] No unprocessed requests were found.
|09:37:32| [INFO] No unprocessed requests were found.
|09:37:32| [INFO] No unprocessed requests were found.
|09:37:32| [INFO] No unprocessed requests were found.
|09:37:32| [INFO] No unprocessed requests were found.
|09:37:32| [INFO] No unprocessed requests were found.
|09:37:32| [INFO] No unprocessed requests were found.
|09:37:32| [INFO] No unprocessed requests were found.
|09:37:32| [INFO] No unprocessed requests were found.
|09:37:32| [INFO] No unprocessed requests were found.
|09:37:32| [INFO] No unprocessed requests were found.
|09:37:32| [INFO] No unprocessed requests were found.
|09:37:32| [INFO] No unprocessed requests were found.
|09:37:32| [INFO] No unprocessed requests were found.
|09:37:32| [INFO] No unprocessed requests were found.
|09:37:33| [INFO] No unprocessed requests were found.
|09:37:33| [INFO] No unprocessed requests were found.
