|12:02:16| [INFO] Logging initialized!
|12:02:16| [INFO] Current date: 2016-01-21
|12:02:16| [INFO] This is an automatically generated log file from the Computer Science 12U ISU Server made by Andrew and Tianli.
|12:02:16| [INFO] Server starting up!
|12:02:16| [SEVERE] There was no file path specified to retrieve server data from.
|12:02:16| [WARNING] Server did not start properly, quitting...
|12:02:16| [INFO] Found clubs directory in E:/ISU/Compsci12ISUServer_Data directory.
|12:02:16| [INFO] Found posts directory in E:/ISU/Compsci12ISUServer_Data directory.
|12:02:16| [INFO] Found users directory in E:/ISU/Compsci12ISUServer_Data directory.
|12:02:16| [INFO] Found pseudo requests directory in E:/ISU/Compsci12ISUServer_Data directory.
|12:02:16| [INFO] Found admins directory in E:/ISU/Compsci12ISUServer_Data directory.
|12:02:16| [INFO] No unprocessed requests were found.
|12:02:16| [INFO] No unprocessed requests were found.
|12:02:16| [INFO] No unprocessed requests were found.
|12:02:16| [INFO] No unprocessed requests were found.
|12:02:16| [INFO] No unprocessed requests were found.
|12:02:16| [INFO] No unprocessed requests were found.
|12:02:16| [INFO] No unprocessed requests were found.
|12:02:16| [INFO] No unprocessed requests were found.
|12:02:16| [INFO] No unprocessed requests were found.
|12:02:16| [INFO] No unprocessed requests were found.
|12:02:16| [INFO] No unprocessed requests were found.
|12:02:17| [INFO] No unprocessed requests were found.
|12:02:17| [INFO] No unprocessed requests were found.
|12:02:17| [INFO] No unprocessed requests were found.
|12:02:17| [INFO] No unprocessed requests were found.
|12:02:17| [INFO] No unprocessed requests were found.
|12:02:17| [INFO] No unprocessed requests were found.
|12:02:17| [INFO] No unprocessed requests were found.
|12:02:17| [INFO] No unprocessed requests were found.
|12:02:17| [INFO] No unprocessed requests were found.
|12:02:17| [INFO] No unprocessed requests were found.
|12:02:17| [INFO] No unprocessed requests were found.
|12:02:17| [INFO] No unprocessed requests were found.
|12:02:17| [INFO] No unprocessed requests were found.
|12:02:17| [INFO] No unprocessed requests were found.
|12:02:17| [INFO] No unprocessed requests were found.
|12:02:17| [INFO] No unprocessed requests were found.
|12:02:17| [INFO] No unprocessed requests were found.
|12:02:17| [INFO] No unprocessed requests were found.
|12:02:17| [INFO] No unprocessed requests were found.
|12:02:17| [INFO] No unprocessed requests were found.
