|01:10:39| [INFO] Logging initialized!
|01:10:39| [INFO] Current date: 2016-01-20
|01:10:39| [INFO] This is an automatically generated log file from the Computer Science 12U ISU Server made by Andrew and Tianli.
|01:10:39| [INFO] Server starting up!
|01:10:39| [SEVERE] There was no file path specified to retrieve server data from.
|01:10:39| [WARNING] Server did not start properly, quitting...
|01:10:39| [INFO] Found clubs directory in E:/ISU/Compsci12ISUServer_Data directory.
|01:10:39| [INFO] Found posts directory in E:/ISU/Compsci12ISUServer_Data directory.
|01:10:39| [INFO] Found users directory in E:/ISU/Compsci12ISUServer_Data directory.
|01:10:39| [INFO] Found pseudo requests directory in E:/ISU/Compsci12ISUServer_Data directory.
|01:10:39| [INFO] Found admins directory in E:/ISU/Compsci12ISUServer_Data directory.
|01:10:39| [INFO] No unprocessed requests were found.
|01:10:40| [INFO] No unprocessed requests were found.
|01:10:41| [INFO] No unprocessed requests were found.
|01:10:41| [INFO] No unprocessed requests were found.
|01:10:41| [INFO] No unprocessed requests were found.
|01:10:42| [INFO] No unprocessed requests were found.
|01:10:42| [INFO] No unprocessed requests were found.
|01:10:43| [INFO] No unprocessed requests were found.
|01:10:43| [INFO] No unprocessed requests were found.
|01:10:44| [INFO] No unprocessed requests were found.
|01:10:44| [INFO] No unprocessed requests were found.
|01:10:44| [INFO] No unprocessed requests were found.
|01:10:45| [INFO] No unprocessed requests were found.
|01:10:46| [INFO] No unprocessed requests were found.
|01:10:46| [INFO] No unprocessed requests were found.
|01:10:46| [INFO] No unprocessed requests were found.
|01:10:47| [INFO] No unprocessed requests were found.
|01:10:47| [INFO] No unprocessed requests were found.
|01:10:48| [INFO] No unprocessed requests were found.
|01:10:48| [INFO] No unprocessed requests were found.
|01:10:48| [INFO] No unprocessed requests were found.
|01:10:49| [INFO] No unprocessed requests were found.
|01:10:49| [INFO] No unprocessed requests were found.
|01:10:49| [INFO] No unprocessed requests were found.
|01:10:50| [INFO] No unprocessed requests were found.
|01:10:51| [INFO] No unprocessed requests were found.
|01:10:51| [INFO] No unprocessed requests were found.
|01:10:51| [INFO] No unprocessed requests were found.
|01:10:52| [INFO] No unprocessed requests were found.
|01:10:52| [INFO] No unprocessed requests were found.
|01:10:53| [INFO] No unprocessed requests were found.
|01:10:53| [INFO] No unprocessed requests were found.
|01:10:54| [INFO] No unprocessed requests were found.
|01:10:54| [INFO] No unprocessed requests were found.
|01:10:54| [INFO] No unprocessed requests were found.
|01:10:55| [INFO] No unprocessed requests were found.
|01:10:55| [INFO] No unprocessed requests were found.
|01:10:56| [INFO] No unprocessed requests were found.
|01:10:56| [INFO] No unprocessed requests were found.
|01:10:56| [INFO] Found 1 request that has not yet been processed.
