|12:11:29| [INFO] Logging initialized!
|12:11:29| [INFO] Current date: 2016-01-21
|12:11:29| [INFO] This is an automatically generated log file from the Computer Science 12U ISU Server made by Andrew and Tianli.
|12:11:29| [INFO] Server starting up!
|12:11:29| [SEVERE] There was no file path specified to retrieve server data from.
|12:11:29| [WARNING] Server did not start properly, quitting...
|12:11:29| [INFO] Found clubs directory in E:/ISU/Compsci12ISUServer_Data directory.
|12:11:30| [INFO] Found posts directory in E:/ISU/Compsci12ISUServer_Data directory.
|12:11:30| [INFO] Found users directory in E:/ISU/Compsci12ISUServer_Data directory.
|12:11:30| [INFO] Found pseudo requests directory in E:/ISU/Compsci12ISUServer_Data directory.
|12:11:30| [INFO] Found admins directory in E:/ISU/Compsci12ISUServer_Data directory.
|12:11:30| [INFO] No unprocessed requests were found.
|12:11:30| [INFO] No unprocessed requests were found.
|12:11:30| [INFO] No unprocessed requests were found.
|12:11:31| [INFO] No unprocessed requests were found.
|12:11:31| [INFO] No unprocessed requests were found.
|12:11:31| [INFO] No unprocessed requests were found.
|12:11:31| [INFO] No unprocessed requests were found.
|12:11:31| [INFO] No unprocessed requests were found.
|12:11:31| [INFO] No unprocessed requests were found.
|12:11:32| [INFO] No unprocessed requests were found.
|12:11:32| [INFO] No unprocessed requests were found.
|12:11:32| [INFO] No unprocessed requests were found.
|12:11:32| [INFO] No unprocessed requests were found.
|12:11:33| [INFO] No unprocessed requests were found.
|12:11:33| [INFO] No unprocessed requests were found.
|12:11:33| [INFO] No unprocessed requests were found.
|12:11:33| [INFO] No unprocessed requests were found.
|12:11:33| [INFO] No unprocessed requests were found.
|12:11:33| [INFO] No unprocessed requests were found.
|12:11:33| [INFO] No unprocessed requests were found.
|12:11:34| [INFO] No unprocessed requests were found.
|12:11:34| [INFO] No unprocessed requests were found.
|12:11:34| [INFO] No unprocessed requests were found.
|12:11:34| [INFO] No unprocessed requests were found.
|12:11:34| [INFO] No unprocessed requests were found.
|12:11:35| [INFO] No unprocessed requests were found.
|12:11:35| [INFO] No unprocessed requests were found.
|12:11:35| [INFO] No unprocessed requests were found.
|12:11:35| [INFO] No unprocessed requests were found.
|12:11:35| [INFO] No unprocessed requests were found.
|12:11:35| [INFO] No unprocessed requests were found.
|12:11:36| [INFO] No unprocessed requests were found.
|12:11:36| [INFO] No unprocessed requests were found.
|12:11:36| [INFO] No unprocessed requests were found.
|12:11:36| [INFO] No unprocessed requests were found.
|12:11:37| [INFO] No unprocessed requests were found.
|12:11:37| [INFO] No unprocessed requests were found.
|12:11:37| [INFO] No unprocessed requests were found.
|12:11:37| [INFO] No unprocessed requests were found.
|12:11:37| [INFO] No unprocessed requests were found.
|12:11:37| [INFO] No unprocessed requests were found.
|12:11:37| [INFO] No unprocessed requests were found.
|12:11:38| [INFO] No unprocessed requests were found.
|12:11:38| [INFO] No unprocessed requests were found.
|12:11:38| [INFO] No unprocessed requests were found.
|12:11:38| [INFO] No unprocessed requests were found.
|12:11:38| [INFO] No unprocessed requests were found.
|12:11:39| [INFO] No unprocessed requests were found.
|12:11:39| [INFO] No unprocessed requests were found.
|12:11:39| [INFO] No unprocessed requests were found.
|12:11:39| [INFO] No unprocessed requests were found.
|12:11:39| [INFO] No unprocessed requests were found.
|12:11:39| [INFO] No unprocessed requests were found.
|12:11:39| [INFO] No unprocessed requests were found.
|12:11:40| [INFO] No unprocessed requests were found.
|12:11:40| [INFO] No unprocessed requests were found.
|12:11:40| [INFO] No unprocessed requests were found.
|12:11:40| [INFO] No unprocessed requests were found.
|12:11:41| [INFO] No unprocessed requests were found.
|12:11:41| [INFO] No unprocessed requests were found.
|12:11:42| [INFO] No unprocessed requests were found.
|12:11:42| [INFO] No unprocessed requests were found.
|12:11:42| [INFO] No unprocessed requests were found.
|12:11:42| [INFO] No unprocessed requests were found.
|12:11:43| [INFO] No unprocessed requests were found.
|12:11:43| [INFO] No unprocessed requests were found.
|12:11:43| [INFO] No unprocessed requests were found.
|12:11:43| [INFO] No unprocessed requests were found.
|12:11:44| [INFO] No unprocessed requests were found.
|12:11:44| [INFO] No unprocessed requests were found.
|12:11:44| [INFO] No unprocessed requests were found.
|12:11:44| [INFO] No unprocessed requests were found.
|12:11:44| [INFO] Found 1 request that has not yet been processed.
|12:11:46| [INFO] Time taken to respond: 625
|12:11:47| [INFO] No unprocessed requests were found.
|12:11:48| [INFO] No unprocessed requests were found.
|12:11:48| [INFO] No unprocessed requests were found.
|12:11:48| [INFO] No unprocessed requests were found.
|12:11:48| [INFO] No unprocessed requests were found.
|12:11:48| [INFO] No unprocessed requests were found.
|12:11:48| [INFO] No unprocessed requests were found.
|12:11:48| [INFO] No unprocessed requests were found.
|12:11:49| [INFO] No unprocessed requests were found.
|12:11:49| [INFO] No unprocessed requests were found.
|12:11:49| [INFO] No unprocessed requests were found.
|12:11:49| [INFO] No unprocessed requests were found.
|12:11:49| [INFO] No unprocessed requests were found.
|12:11:49| [INFO] No unprocessed requests were found.
|12:11:49| [INFO] No unprocessed requests were found.
|12:11:49| [INFO] No unprocessed requests were found.
|12:11:49| [INFO] No unprocessed requests were found.
|12:11:49| [INFO] No unprocessed requests were found.
|12:11:50| [INFO] No unprocessed requests were found.
|12:11:50| [INFO] No unprocessed requests were found.
|12:11:50| [INFO] No unprocessed requests were found.
|12:11:50| [INFO] No unprocessed requests were found.
|12:11:50| [INFO] No unprocessed requests were found.
|12:11:50| [INFO] No unprocessed requests were found.
|12:11:50| [INFO] No unprocessed requests were found.
|12:11:50| [INFO] No unprocessed requests were found.
|12:11:50| [INFO] No unprocessed requests were found.
|12:11:50| [INFO] No unprocessed requests were found.
|12:11:50| [INFO] No unprocessed requests were found.
|12:11:50| [INFO] No unprocessed requests were found.
|12:11:50| [INFO] No unprocessed requests were found.
|12:11:50| [INFO] No unprocessed requests were found.
|12:11:50| [INFO] No unprocessed requests were found.
|12:11:50| [INFO] No unprocessed requests were found.
|12:11:51| [INFO] No unprocessed requests were found.
|12:11:51| [INFO] No unprocessed requests were found.
|12:11:51| [INFO] No unprocessed requests were found.
|12:11:51| [INFO] No unprocessed requests were found.
|12:11:51| [INFO] No unprocessed requests were found.
|12:11:52| [INFO] No unprocessed requests were found.
|12:11:52| [INFO] No unprocessed requests were found.
|12:11:52| [INFO] No unprocessed requests were found.
|12:11:52| [INFO] No unprocessed requests were found.
|12:11:53| [INFO] No unprocessed requests were found.
|12:11:53| [INFO] No unprocessed requests were found.
|12:11:53| [INFO] No unprocessed requests were found.
|12:11:53| [INFO] No unprocessed requests were found.
|12:11:53| [INFO] No unprocessed requests were found.
|12:11:54| [INFO] No unprocessed requests were found.
|12:11:54| [INFO] No unprocessed requests were found.
|12:11:54| [INFO] No unprocessed requests were found.
|12:11:55| [INFO] No unprocessed requests were found.
|12:11:55| [INFO] No unprocessed requests were found.
|12:11:55| [INFO] No unprocessed requests were found.
|12:11:55| [INFO] No unprocessed requests were found.
|12:11:55| [INFO] No unprocessed requests were found.
|12:11:55| [INFO] No unprocessed requests were found.
|12:11:56| [INFO] No unprocessed requests were found.
|12:11:56| [INFO] No unprocessed requests were found.
|12:11:56| [INFO] No unprocessed requests were found.
|12:11:56| [INFO] No unprocessed requests were found.
|12:11:56| [INFO] No unprocessed requests were found.
|12:11:56| [INFO] No unprocessed requests were found.
|12:11:57| [INFO] No unprocessed requests were found.
|12:11:57| [INFO] No unprocessed requests were found.
|12:11:58| [INFO] No unprocessed requests were found.
|12:11:58| [INFO] No unprocessed requests were found.
|12:11:58| [INFO] No unprocessed requests were found.
|12:11:58| [INFO] No unprocessed requests were found.
|12:11:58| [INFO] No unprocessed requests were found.
|12:11:58| [INFO] No unprocessed requests were found.
|12:11:58| [INFO] No unprocessed requests were found.
|12:11:58| [INFO] No unprocessed requests were found.
|12:11:58| [INFO] No unprocessed requests were found.
|12:11:58| [INFO] No unprocessed requests were found.
|12:11:58| [INFO] No unprocessed requests were found.
|12:11:58| [INFO] No unprocessed requests were found.
|12:11:58| [INFO] No unprocessed requests were found.
|12:11:58| [INFO] No unprocessed requests were found.
|12:11:58| [INFO] No unprocessed requests were found.
|12:11:58| [INFO] No unprocessed requests were found.
|12:11:58| [INFO] No unprocessed requests were found.
|12:11:58| [INFO] No unprocessed requests were found.
|12:11:58| [INFO] No unprocessed requests were found.
|12:11:59| [INFO] No unprocessed requests were found.
|12:11:59| [INFO] No unprocessed requests were found.
|12:11:59| [INFO] No unprocessed requests were found.
|12:11:59| [INFO] No unprocessed requests were found.
|12:11:59| [INFO] No unprocessed requests were found.
|12:11:59| [INFO] No unprocessed requests were found.
|12:12:00| [INFO] No unprocessed requests were found.
|12:12:00| [INFO] No unprocessed requests were found.
|12:12:00| [INFO] No unprocessed requests were found.
|12:12:00| [INFO] No unprocessed requests were found.
|12:12:00| [INFO] No unprocessed requests were found.
|12:12:01| [INFO] No unprocessed requests were found.
|12:12:01| [INFO] No unprocessed requests were found.
|12:12:01| [INFO] No unprocessed requests were found.
|12:12:02| [INFO] No unprocessed requests were found.
|12:12:02| [INFO] No unprocessed requests were found.
|12:12:02| [INFO] No unprocessed requests were found.
|12:12:02| [INFO] No unprocessed requests were found.
|12:12:02| [INFO] No unprocessed requests were found.
|12:12:02| [INFO] No unprocessed requests were found.
|12:12:03| [INFO] No unprocessed requests were found.
|12:12:03| [INFO] No unprocessed requests were found.
|12:12:03| [INFO] No unprocessed requests were found.
|12:12:03| [INFO] No unprocessed requests were found.
|12:12:03| [INFO] No unprocessed requests were found.
|12:12:03| [INFO] No unprocessed requests were found.
|12:12:04| [INFO] No unprocessed requests were found.
|12:12:04| [INFO] No unprocessed requests were found.
|12:12:04| [INFO] No unprocessed requests were found.
|12:12:04| [INFO] No unprocessed requests were found.
|12:12:05| [INFO] No unprocessed requests were found.
|12:12:05| [INFO] No unprocessed requests were found.
|12:12:05| [INFO] No unprocessed requests were found.
|12:12:05| [INFO] No unprocessed requests were found.
|12:12:05| [INFO] No unprocessed requests were found.
|12:12:05| [INFO] No unprocessed requests were found.
|12:12:05| [INFO] No unprocessed requests were found.
|12:12:05| [INFO] No unprocessed requests were found.
|12:12:06| [INFO] No unprocessed requests were found.
|12:12:06| [INFO] No unprocessed requests were found.
|12:12:06| [INFO] No unprocessed requests were found.
|12:12:06| [INFO] No unprocessed requests were found.
|12:12:07| [INFO] No unprocessed requests were found.
|12:12:07| [INFO] No unprocessed requests were found.
|12:12:07| [INFO] No unprocessed requests were found.
|12:12:07| [INFO] No unprocessed requests were found.
|12:12:07| [INFO] No unprocessed requests were found.
|12:12:07| [INFO] No unprocessed requests were found.
|12:12:08| [INFO] No unprocessed requests were found.
|12:12:09| [INFO] Found 1 request that has not yet been processed.
|12:12:09| [INFO] No unprocessed requests were found.
|12:12:09| [INFO] No unprocessed requests were found.
|12:12:10| [INFO] No unprocessed requests were found.
|12:12:10| [INFO] No unprocessed requests were found.
|12:12:10| [INFO] No unprocessed requests were found.
|12:12:10| [INFO] No unprocessed requests were found.
|12:12:10| [INFO] No unprocessed requests were found.
|12:12:10| [INFO] No unprocessed requests were found.
|12:12:11| [INFO] No unprocessed requests were found.
|12:12:12| [INFO] No unprocessed requests were found.
|12:12:12| [INFO] No unprocessed requests were found.
|12:12:12| [INFO] No unprocessed requests were found.
|12:12:12| [INFO] No unprocessed requests were found.
|12:12:13| [INFO] No unprocessed requests were found.
|12:12:13| [INFO] No unprocessed requests were found.
|12:12:13| [INFO] No unprocessed requests were found.
|12:12:13| [INFO] No unprocessed requests were found.
|12:12:14| [INFO] No unprocessed requests were found.
|12:12:14| [INFO] No unprocessed requests were found.
|12:12:14| [INFO] No unprocessed requests were found.
|12:12:14| [INFO] No unprocessed requests were found.
|12:12:14| [INFO] No unprocessed requests were found.
|12:12:14| [INFO] No unprocessed requests were found.
|12:12:15| [INFO] No unprocessed requests were found.
|12:12:15| [INFO] No unprocessed requests were found.
|12:12:15| [INFO] No unprocessed requests were found.
|12:12:16| [INFO] No unprocessed requests were found.
|12:12:16| [INFO] No unprocessed requests were found.
|12:12:16| [INFO] No unprocessed requests were found.
|12:12:16| [INFO] No unprocessed requests were found.
|12:12:16| [INFO] No unprocessed requests were found.
|12:12:16| [INFO] No unprocessed requests were found.
|12:12:17| [INFO] No unprocessed requests were found.
|12:12:17| [INFO] No unprocessed requests were found.
|12:12:17| [INFO] No unprocessed requests were found.
|12:12:17| [INFO] No unprocessed requests were found.
|12:12:18| [INFO] No unprocessed requests were found.
|12:12:18| [INFO] No unprocessed requests were found.
|12:12:18| [INFO] No unprocessed requests were found.
|12:12:18| [INFO] No unprocessed requests were found.
|12:12:18| [INFO] No unprocessed requests were found.
|12:12:18| [INFO] No unprocessed requests were found.
|12:12:18| [INFO] No unprocessed requests were found.
|12:12:18| [INFO] No unprocessed requests were found.
|12:12:18| [INFO] No unprocessed requests were found.
|12:12:19| [INFO] No unprocessed requests were found.
|12:12:19| [INFO] No unprocessed requests were found.
|12:12:19| [INFO] No unprocessed requests were found.
|12:12:19| [INFO] No unprocessed requests were found.
|12:12:20| [INFO] No unprocessed requests were found.
|12:12:20| [INFO] No unprocessed requests were found.
|12:12:20| [INFO] No unprocessed requests were found.
|12:12:20| [INFO] No unprocessed requests were found.
|12:12:20| [INFO] No unprocessed requests were found.
|12:12:20| [INFO] No unprocessed requests were found.
|12:12:21| [INFO] No unprocessed requests were found.
|12:12:21| [INFO] No unprocessed requests were found.
|12:12:21| [INFO] No unprocessed requests were found.
|12:12:22| [INFO] No unprocessed requests were found.
|12:12:22| [INFO] No unprocessed requests were found.
|12:12:22| [INFO] No unprocessed requests were found.
|12:12:22| [INFO] No unprocessed requests were found.
|12:12:22| [INFO] No unprocessed requests were found.
|12:12:23| [INFO] No unprocessed requests were found.
|12:12:23| [INFO] No unprocessed requests were found.
|12:12:23| [INFO] No unprocessed requests were found.
|12:12:23| [INFO] No unprocessed requests were found.
|12:12:23| [INFO] No unprocessed requests were found.
|12:12:24| [INFO] No unprocessed requests were found.
|12:12:24| [INFO] No unprocessed requests were found.
|12:12:24| [INFO] No unprocessed requests were found.
|12:12:24| [INFO] No unprocessed requests were found.
|12:12:24| [INFO] No unprocessed requests were found.
|12:12:24| [INFO] No unprocessed requests were found.
|12:12:24| [INFO] No unprocessed requests were found.
|12:12:25| [INFO] No unprocessed requests were found.
|12:12:25| [INFO] No unprocessed requests were found.
|12:12:26| [INFO] No unprocessed requests were found.
|12:12:26| [INFO] No unprocessed requests were found.
|12:12:26| [INFO] No unprocessed requests were found.
|12:12:26| [INFO] No unprocessed requests were found.
|12:12:26| [INFO] No unprocessed requests were found.
|12:12:26| [INFO] No unprocessed requests were found.
|12:12:26| [INFO] No unprocessed requests were found.
|12:12:27| [INFO] No unprocessed requests were found.
|12:12:27| [INFO] No unprocessed requests were found.
|12:12:27| [INFO] No unprocessed requests were found.
|12:12:27| [INFO] No unprocessed requests were found.
|12:12:27| [INFO] No unprocessed requests were found.
|12:12:27| [INFO] No unprocessed requests were found.
|12:12:27| [INFO] No unprocessed requests were found.
|12:12:27| [INFO] No unprocessed requests were found.
|12:12:27| [INFO] No unprocessed requests were found.
|12:12:27| [INFO] No unprocessed requests were found.
|12:12:27| [INFO] No unprocessed requests were found.
|12:12:27| [INFO] No unprocessed requests were found.
|12:12:27| [INFO] No unprocessed requests were found.
|12:12:27| [INFO] No unprocessed requests were found.
|12:12:27| [INFO] No unprocessed requests were found.
|12:12:27| [INFO] No unprocessed requests were found.
|12:12:27| [INFO] No unprocessed requests were found.
|12:12:27| [INFO] No unprocessed requests were found.
|12:12:27| [INFO] No unprocessed requests were found.
|12:12:27| [INFO] No unprocessed requests were found.
|12:12:27| [INFO] No unprocessed requests were found.
|12:12:27| [INFO] No unprocessed requests were found.
|12:12:28| [INFO] No unprocessed requests were found.
|12:12:28| [INFO] No unprocessed requests were found.
|12:12:28| [INFO] No unprocessed requests were found.
|12:12:28| [INFO] No unprocessed requests were found.
|12:12:29| [INFO] No unprocessed requests were found.
|12:12:29| [INFO] No unprocessed requests were found.
|12:12:29| [INFO] No unprocessed requests were found.
|12:12:29| [INFO] No unprocessed requests were found.
|12:12:29| [INFO] No unprocessed requests were found.
|12:12:29| [INFO] No unprocessed requests were found.
|12:12:30| [INFO] No unprocessed requests were found.
|12:12:30| [INFO] No unprocessed requests were found.
|12:12:30| [INFO] No unprocessed requests were found.
|12:12:31| [INFO] No unprocessed requests were found.
|12:12:31| [INFO] No unprocessed requests were found.
|12:12:31| [INFO] No unprocessed requests were found.
|12:12:31| [INFO] No unprocessed requests were found.
|12:12:31| [INFO] No unprocessed requests were found.
|12:12:31| [INFO] No unprocessed requests were found.
|12:12:32| [INFO] No unprocessed requests were found.
|12:12:32| [INFO] No unprocessed requests were found.
|12:12:32| [INFO] No unprocessed requests were found.
|12:12:33| [INFO] No unprocessed requests were found.
|12:12:33| [INFO] No unprocessed requests were found.
|12:12:33| [INFO] No unprocessed requests were found.
|12:12:33| [INFO] No unprocessed requests were found.
|12:12:33| [INFO] No unprocessed requests were found.
|12:12:33| [INFO] No unprocessed requests were found.
|12:12:34| [INFO] No unprocessed requests were found.
|12:12:34| [INFO] No unprocessed requests were found.
|12:12:34| [INFO] No unprocessed requests were found.
|12:12:35| [INFO] Found 1 request that has not yet been processed.
|12:12:36| [INFO] No unprocessed requests were found.
|12:12:36| [INFO] No unprocessed requests were found.
|12:12:36| [INFO] No unprocessed requests were found.
|12:12:36| [INFO] No unprocessed requests were found.
|12:12:36| [INFO] No unprocessed requests were found.
|12:12:36| [INFO] No unprocessed requests were found.
|12:12:36| [INFO] No unprocessed requests were found.
|12:12:36| [INFO] No unprocessed requests were found.
|12:12:36| [INFO] No unprocessed requests were found.
|12:12:36| [INFO] No unprocessed requests were found.
|12:12:36| [INFO] No unprocessed requests were found.
|12:12:36| [INFO] No unprocessed requests were found.
|12:12:36| [INFO] No unprocessed requests were found.
|12:12:36| [INFO] No unprocessed requests were found.
|12:12:36| [INFO] No unprocessed requests were found.
|12:12:36| [INFO] No unprocessed requests were found.
|12:12:36| [INFO] No unprocessed requests were found.
|12:12:36| [INFO] No unprocessed requests were found.
|12:12:36| [INFO] No unprocessed requests were found.
|12:12:36| [INFO] No unprocessed requests were found.
|12:12:36| [INFO] No unprocessed requests were found.
|12:12:36| [INFO] No unprocessed requests were found.
|12:12:36| [INFO] No unprocessed requests were found.
|12:12:36| [INFO] No unprocessed requests were found.
|12:12:36| [INFO] No unprocessed requests were found.
|12:12:36| [INFO] No unprocessed requests were found.
|12:12:36| [INFO] No unprocessed requests were found.
|12:12:36| [INFO] No unprocessed requests were found.
|12:12:36| [INFO] No unprocessed requests were found.
|12:12:36| [INFO] No unprocessed requests were found.
|12:12:36| [INFO] No unprocessed requests were found.
|12:12:36| [INFO] No unprocessed requests were found.
|12:12:37| [INFO] No unprocessed requests were found.
|12:12:37| [INFO] No unprocessed requests were found.
|12:12:37| [INFO] No unprocessed requests were found.
|12:12:38| [INFO] No unprocessed requests were found.
|12:12:38| [INFO] No unprocessed requests were found.
|12:12:38| [INFO] No unprocessed requests were found.
|12:12:38| [INFO] No unprocessed requests were found.
|12:12:38| [INFO] No unprocessed requests were found.
|12:12:38| [INFO] No unprocessed requests were found.
|12:12:39| [INFO] No unprocessed requests were found.
|12:12:39| [INFO] No unprocessed requests were found.
|12:12:39| [INFO] No unprocessed requests were found.
|12:12:39| [INFO] No unprocessed requests were found.
|12:12:40| [INFO] No unprocessed requests were found.
|12:12:40| [INFO] No unprocessed requests were found.
|12:12:40| [INFO] No unprocessed requests were found.
|12:12:40| [INFO] No unprocessed requests were found.
|12:12:40| [INFO] No unprocessed requests were found.
|12:12:40| [INFO] No unprocessed requests were found.
|12:12:41| [INFO] No unprocessed requests were found.
|12:12:41| [INFO] No unprocessed requests were found.
|12:12:41| [INFO] No unprocessed requests were found.
|12:12:41| [INFO] No unprocessed requests were found.
|12:12:41| [INFO] No unprocessed requests were found.
|12:12:42| [INFO] No unprocessed requests were found.
|12:12:42| [INFO] No unprocessed requests were found.
|12:12:42| [INFO] No unprocessed requests were found.
|12:12:42| [INFO] No unprocessed requests were found.
|12:12:43| [INFO] No unprocessed requests were found.
|12:12:43| [INFO] No unprocessed requests were found.
|12:12:43| [INFO] No unprocessed requests were found.
|12:12:43| [INFO] No unprocessed requests were found.
|12:12:44| [INFO] No unprocessed requests were found.
|12:12:44| [INFO] No unprocessed requests were found.
|12:12:44| [INFO] No unprocessed requests were found.
|12:12:44| [INFO] No unprocessed requests were found.
|12:12:44| [INFO] No unprocessed requests were found.
|12:12:44| [INFO] No unprocessed requests were found.
|12:12:44| [INFO] No unprocessed requests were found.
|12:12:44| [INFO] No unprocessed requests were found.
|12:12:44| [INFO] No unprocessed requests were found.
|12:12:44| [INFO] No unprocessed requests were found.
|12:12:45| [INFO] No unprocessed requests were found.
|12:12:45| [INFO] No unprocessed requests were found.
|12:12:45| [INFO] No unprocessed requests were found.
|12:12:45| [INFO] No unprocessed requests were found.
|12:12:45| [INFO] No unprocessed requests were found.
|12:12:45| [INFO] No unprocessed requests were found.
|12:12:45| [INFO] No unprocessed requests were found.
|12:12:45| [INFO] No unprocessed requests were found.
|12:12:45| [INFO] No unprocessed requests were found.
|12:12:45| [INFO] No unprocessed requests were found.
|12:12:45| [INFO] No unprocessed requests were found.
|12:12:45| [INFO] No unprocessed requests were found.
|12:12:46| [INFO] No unprocessed requests were found.
|12:12:46| [INFO] No unprocessed requests were found.
|12:12:46| [INFO] Found 1 request that has not yet been processed.
|12:12:46| [INFO] Time taken to respond: 282
|12:12:47| [INFO] No unprocessed requests were found.
|12:12:47| [INFO] No unprocessed requests were found.
|12:12:47| [INFO] No unprocessed requests were found.
|12:12:47| [INFO] No unprocessed requests were found.
|12:12:47| [INFO] No unprocessed requests were found.
|12:12:47| [INFO] No unprocessed requests were found.
|12:12:48| [INFO] No unprocessed requests were found.
|12:12:48| [INFO] No unprocessed requests were found.
|12:12:49| [INFO] No unprocessed requests were found.
|12:12:49| [INFO] No unprocessed requests were found.
|12:12:49| [INFO] No unprocessed requests were found.
|12:12:49| [INFO] No unprocessed requests were found.
|12:12:49| [INFO] No unprocessed requests were found.
|12:12:49| [INFO] No unprocessed requests were found.
|12:12:49| [INFO] No unprocessed requests were found.
|12:12:49| [INFO] No unprocessed requests were found.
|12:12:50| [INFO] No unprocessed requests were found.
|12:12:50| [INFO] No unprocessed requests were found.
|12:12:50| [INFO] No unprocessed requests were found.
|12:12:51| [INFO] No unprocessed requests were found.
|12:12:51| [INFO] No unprocessed requests were found.
|12:12:51| [INFO] No unprocessed requests were found.
|12:12:51| [INFO] No unprocessed requests were found.
|12:12:51| [INFO] No unprocessed requests were found.
|12:12:51| [INFO] No unprocessed requests were found.
|12:12:52| [INFO] No unprocessed requests were found.
|12:12:52| [INFO] No unprocessed requests were found.
|12:12:52| [INFO] No unprocessed requests were found.
|12:12:53| [INFO] No unprocessed requests were found.
|12:12:53| [INFO] No unprocessed requests were found.
|12:12:53| [INFO] No unprocessed requests were found.
|12:12:53| [INFO] No unprocessed requests were found.
|12:12:53| [INFO] No unprocessed requests were found.
|12:12:53| [INFO] No unprocessed requests were found.
|12:12:53| [INFO] No unprocessed requests were found.
|12:12:54| [INFO] No unprocessed requests were found.
|12:12:54| [INFO] No unprocessed requests were found.
|12:12:54| [INFO] No unprocessed requests were found.
|12:12:54| [INFO] No unprocessed requests were found.
|12:12:55| [INFO] No unprocessed requests were found.
|12:12:55| [INFO] No unprocessed requests were found.
|12:12:55| [INFO] No unprocessed requests were found.
|12:12:55| [INFO] No unprocessed requests were found.
|12:12:55| [INFO] No unprocessed requests were found.
|12:12:55| [INFO] No unprocessed requests were found.
|12:12:56| [INFO] No unprocessed requests were found.
|12:12:56| [INFO] No unprocessed requests were found.
|12:12:56| [INFO] No unprocessed requests were found.
|12:12:56| [INFO] No unprocessed requests were found.
|12:12:57| [INFO] No unprocessed requests were found.
|12:12:57| [INFO] No unprocessed requests were found.
|12:12:57| [INFO] No unprocessed requests were found.
|12:12:57| [INFO] No unprocessed requests were found.
|12:12:57| [INFO] No unprocessed requests were found.
|12:12:57| [INFO] No unprocessed requests were found.
|12:12:57| [INFO] No unprocessed requests were found.
|12:12:58| [INFO] No unprocessed requests were found.
|12:12:58| [INFO] No unprocessed requests were found.
|12:12:58| [INFO] No unprocessed requests were found.
|12:12:59| [INFO] No unprocessed requests were found.
|12:12:59| [INFO] No unprocessed requests were found.
|12:12:59| [INFO] No unprocessed requests were found.
|12:12:59| [INFO] No unprocessed requests were found.
|12:12:59| [INFO] No unprocessed requests were found.
|12:12:59| [INFO] No unprocessed requests were found.
|12:13:00| [INFO] No unprocessed requests were found.
|12:13:00| [INFO] No unprocessed requests were found.
|12:13:00| [INFO] No unprocessed requests were found.
|12:13:00| [INFO] No unprocessed requests were found.
|12:13:01| [INFO] No unprocessed requests were found.
|12:13:01| [INFO] No unprocessed requests were found.
|12:13:01| [INFO] No unprocessed requests were found.
|12:13:01| [INFO] No unprocessed requests were found.
|12:13:01| [INFO] No unprocessed requests were found.
|12:13:01| [INFO] No unprocessed requests were found.
|12:13:02| [INFO] No unprocessed requests were found.
|12:13:02| [INFO] No unprocessed requests were found.
|12:13:02| [INFO] No unprocessed requests were found.
|12:13:02| [INFO] No unprocessed requests were found.
|12:13:02| [INFO] No unprocessed requests were found.
|12:13:02| [INFO] No unprocessed requests were found.
|12:13:03| [INFO] No unprocessed requests were found.
|12:13:03| [INFO] No unprocessed requests were found.
|12:13:03| [INFO] No unprocessed requests were found.
|12:13:03| [INFO] No unprocessed requests were found.
|12:13:03| [INFO] No unprocessed requests were found.
|12:13:03| [INFO] No unprocessed requests were found.
|12:13:04| [INFO] No unprocessed requests were found.
|12:13:04| [INFO] No unprocessed requests were found.
|12:13:04| [INFO] No unprocessed requests were found.
|12:13:04| [INFO] No unprocessed requests were found.
|12:13:04| [INFO] No unprocessed requests were found.
|12:13:05| [INFO] No unprocessed requests were found.
|12:13:06| [INFO] No unprocessed requests were found.
|12:13:06| [INFO] No unprocessed requests were found.
|12:13:06| [INFO] No unprocessed requests were found.
|12:13:06| [INFO] No unprocessed requests were found.
|12:13:07| [INFO] No unprocessed requests were found.
|12:13:07| [INFO] No unprocessed requests were found.
|12:13:07| [INFO] No unprocessed requests were found.
|12:13:07| [INFO] No unprocessed requests were found.
|12:13:07| [INFO] No unprocessed requests were found.
|12:13:07| [INFO] No unprocessed requests were found.
|12:13:07| [INFO] No unprocessed requests were found.
|12:13:08| [INFO] No unprocessed requests were found.
|12:13:08| [INFO] No unprocessed requests were found.
|12:13:08| [INFO] No unprocessed requests were found.
|12:13:08| [INFO] No unprocessed requests were found.
|12:13:08| [INFO] No unprocessed requests were found.
|12:13:09| [INFO] No unprocessed requests were found.
|12:13:09| [INFO] No unprocessed requests were found.
|12:13:09| [INFO] No unprocessed requests were found.
|12:13:09| [INFO] No unprocessed requests were found.
|12:13:09| [INFO] No unprocessed requests were found.
|12:13:09| [INFO] No unprocessed requests were found.
|12:13:10| [INFO] No unprocessed requests were found.
|12:13:10| [INFO] No unprocessed requests were found.
|12:13:10| [INFO] No unprocessed requests were found.
|12:13:10| [INFO] No unprocessed requests were found.
|12:13:10| [INFO] No unprocessed requests were found.
|12:13:10| [INFO] No unprocessed requests were found.
|12:13:10| [INFO] No unprocessed requests were found.
|12:13:10| [INFO] No unprocessed requests were found.
|12:13:10| [INFO] No unprocessed requests were found.
|12:13:10| [INFO] No unprocessed requests were found.
|12:13:10| [INFO] No unprocessed requests were found.
|12:13:10| [INFO] No unprocessed requests were found.
|12:13:10| [INFO] No unprocessed requests were found.
|12:13:10| [INFO] No unprocessed requests were found.
|12:13:10| [INFO] No unprocessed requests were found.
|12:13:10| [INFO] No unprocessed requests were found.
|12:13:10| [INFO] No unprocessed requests were found.
|12:13:10| [INFO] No unprocessed requests were found.
|12:13:10| [INFO] No unprocessed requests were found.
|12:13:10| [INFO] No unprocessed requests were found.
|12:13:10| [INFO] No unprocessed requests were found.
|12:13:10| [INFO] No unprocessed requests were found.
|12:13:10| [INFO] No unprocessed requests were found.
|12:13:10| [INFO] No unprocessed requests were found.
|12:13:10| [INFO] No unprocessed requests were found.
|12:13:10| [INFO] No unprocessed requests were found.
|12:13:10| [INFO] No unprocessed requests were found.
|12:13:10| [INFO] No unprocessed requests were found.
|12:13:10| [INFO] No unprocessed requests were found.
|12:13:10| [INFO] No unprocessed requests were found.
|12:13:10| [INFO] No unprocessed requests were found.
|12:13:10| [INFO] No unprocessed requests were found.
|12:13:10| [INFO] No unprocessed requests were found.
|12:13:10| [INFO] No unprocessed requests were found.
|12:13:11| [INFO] No unprocessed requests were found.
|12:13:11| [INFO] No unprocessed requests were found.
|12:13:12| [INFO] No unprocessed requests were found.
|12:13:12| [INFO] No unprocessed requests were found.
|12:13:12| [INFO] No unprocessed requests were found.
|12:13:12| [INFO] No unprocessed requests were found.
|12:13:13| [INFO] No unprocessed requests were found.
|12:13:13| [INFO] No unprocessed requests were found.
|12:13:13| [INFO] No unprocessed requests were found.
|12:13:13| [INFO] No unprocessed requests were found.
|12:13:14| [INFO] No unprocessed requests were found.
|12:13:14| [INFO] No unprocessed requests were found.
|12:13:14| [INFO] No unprocessed requests were found.
|12:13:14| [INFO] No unprocessed requests were found.
|12:13:15| [INFO] No unprocessed requests were found.
|12:13:15| [INFO] No unprocessed requests were found.
|12:13:15| [INFO] No unprocessed requests were found.
|12:13:15| [INFO] No unprocessed requests were found.
|12:13:16| [INFO] No unprocessed requests were found.
|12:13:16| [INFO] No unprocessed requests were found.
|12:13:16| [INFO] No unprocessed requests were found.
|12:13:16| [INFO] No unprocessed requests were found.
|12:13:16| [INFO] No unprocessed requests were found.
|12:13:16| [INFO] No unprocessed requests were found.
|12:13:17| [INFO] No unprocessed requests were found.
|12:13:17| [INFO] No unprocessed requests were found.
|12:13:17| [INFO] No unprocessed requests were found.
|12:13:18| [INFO] No unprocessed requests were found.
|12:13:18| [INFO] No unprocessed requests were found.
|12:13:18| [INFO] No unprocessed requests were found.
|12:13:18| [INFO] No unprocessed requests were found.
|12:13:18| [INFO] No unprocessed requests were found.
|12:13:19| [INFO] No unprocessed requests were found.
|12:13:19| [INFO] No unprocessed requests were found.
|12:13:19| [INFO] No unprocessed requests were found.
|12:13:19| [INFO] No unprocessed requests were found.
|12:13:19| [INFO] No unprocessed requests were found.
|12:13:19| [INFO] No unprocessed requests were found.
|12:13:19| [INFO] No unprocessed requests were found.
|12:13:19| [INFO] No unprocessed requests were found.
|12:13:19| [INFO] No unprocessed requests were found.
|12:13:19| [INFO] No unprocessed requests were found.
|12:13:19| [INFO] No unprocessed requests were found.
|12:13:19| [INFO] No unprocessed requests were found.
|12:13:19| [INFO] No unprocessed requests were found.
|12:13:19| [INFO] No unprocessed requests were found.
|12:13:19| [INFO] No unprocessed requests were found.
|12:13:19| [INFO] No unprocessed requests were found.
|12:13:19| [INFO] No unprocessed requests were found.
|12:13:19| [INFO] No unprocessed requests were found.
|12:13:19| [INFO] No unprocessed requests were found.
|12:13:20| [INFO] No unprocessed requests were found.
|12:13:20| [INFO] No unprocessed requests were found.
|12:13:20| [INFO] No unprocessed requests were found.
|12:13:20| [INFO] No unprocessed requests were found.
|12:13:20| [INFO] No unprocessed requests were found.
|12:13:21| [INFO] No unprocessed requests were found.
|12:13:21| [INFO] No unprocessed requests were found.
|12:13:21| [INFO] No unprocessed requests were found.
|12:13:21| [INFO] No unprocessed requests were found.
|12:13:21| [INFO] No unprocessed requests were found.
|12:13:21| [INFO] No unprocessed requests were found.
|12:13:22| [INFO] No unprocessed requests were found.
|12:13:22| [INFO] No unprocessed requests were found.
|12:13:22| [INFO] No unprocessed requests were found.
|12:13:22| [INFO] No unprocessed requests were found.
|12:13:23| [INFO] No unprocessed requests were found.
|12:13:23| [INFO] No unprocessed requests were found.
|12:13:23| [INFO] No unprocessed requests were found.
|12:13:23| [INFO] No unprocessed requests were found.
|12:13:23| [INFO] No unprocessed requests were found.
|12:13:24| [INFO] No unprocessed requests were found.
|12:13:24| [INFO] No unprocessed requests were found.
|12:13:24| [INFO] No unprocessed requests were found.
|12:13:24| [INFO] No unprocessed requests were found.
|12:13:25| [INFO] No unprocessed requests were found.
|12:13:25| [INFO] No unprocessed requests were found.
|12:13:25| [INFO] No unprocessed requests were found.
|12:13:25| [INFO] No unprocessed requests were found.
|12:13:26| [INFO] No unprocessed requests were found.
|12:13:26| [INFO] No unprocessed requests were found.
|12:13:26| [INFO] No unprocessed requests were found.
|12:13:27| [INFO] No unprocessed requests were found.
|12:13:27| [INFO] No unprocessed requests were found.
|12:13:27| [INFO] No unprocessed requests were found.
|12:13:27| [INFO] No unprocessed requests were found.
|12:13:27| [INFO] No unprocessed requests were found.
|12:13:27| [INFO] No unprocessed requests were found.
|12:13:28| [INFO] No unprocessed requests were found.
|12:13:28| [INFO] No unprocessed requests were found.
|12:13:28| [INFO] No unprocessed requests were found.
|12:13:28| [INFO] No unprocessed requests were found.
|12:13:29| [INFO] No unprocessed requests were found.
|12:13:29| [INFO] No unprocessed requests were found.
|12:13:29| [INFO] No unprocessed requests were found.
|12:13:29| [INFO] No unprocessed requests were found.
|12:13:30| [INFO] No unprocessed requests were found.
|12:13:30| [INFO] No unprocessed requests were found.
|12:13:30| [INFO] No unprocessed requests were found.
|12:13:30| [INFO] No unprocessed requests were found.
|12:13:31| [INFO] No unprocessed requests were found.
|12:13:31| [INFO] No unprocessed requests were found.
|12:13:31| [INFO] No unprocessed requests were found.
|12:13:31| [INFO] No unprocessed requests were found.
|12:13:31| [INFO] No unprocessed requests were found.
|12:13:31| [INFO] No unprocessed requests were found.
|12:13:32| [INFO] No unprocessed requests were found.
|12:13:32| [INFO] No unprocessed requests were found.
|12:13:32| [INFO] No unprocessed requests were found.
|12:13:33| [INFO] No unprocessed requests were found.
|12:13:33| [INFO] No unprocessed requests were found.
|12:13:33| [INFO] No unprocessed requests were found.
|12:13:33| [INFO] No unprocessed requests were found.
|12:13:33| [INFO] No unprocessed requests were found.
|12:13:34| [INFO] No unprocessed requests were found.
|12:13:34| [INFO] No unprocessed requests were found.
|12:13:34| [INFO] No unprocessed requests were found.
|12:13:35| [INFO] No unprocessed requests were found.
|12:13:35| [INFO] No unprocessed requests were found.
|12:13:35| [INFO] No unprocessed requests were found.
|12:13:35| [INFO] No unprocessed requests were found.
|12:13:36| [INFO] No unprocessed requests were found.
|12:13:36| [INFO] No unprocessed requests were found.
|12:13:36| [INFO] No unprocessed requests were found.
|12:13:36| [INFO] No unprocessed requests were found.
|12:13:37| [INFO] No unprocessed requests were found.
|12:13:37| [INFO] No unprocessed requests were found.
|12:13:37| [INFO] No unprocessed requests were found.
|12:13:38| [INFO] No unprocessed requests were found.
|12:13:38| [INFO] No unprocessed requests were found.
|12:13:38| [INFO] No unprocessed requests were found.
|12:13:38| [INFO] No unprocessed requests were found.
|12:13:39| [INFO] No unprocessed requests were found.
|12:13:39| [INFO] No unprocessed requests were found.
|12:13:39| [INFO] No unprocessed requests were found.
|12:13:40| [INFO] No unprocessed requests were found.
|12:13:40| [INFO] No unprocessed requests were found.
|12:13:40| [INFO] No unprocessed requests were found.
|12:13:40| [INFO] No unprocessed requests were found.
|12:13:41| [INFO] No unprocessed requests were found.
|12:13:41| [INFO] No unprocessed requests were found.
|12:13:41| [INFO] No unprocessed requests were found.
|12:13:41| [INFO] No unprocessed requests were found.
|12:13:42| [INFO] No unprocessed requests were found.
|12:13:42| [INFO] No unprocessed requests were found.
|12:13:42| [INFO] No unprocessed requests were found.
|12:13:42| [INFO] No unprocessed requests were found.
|12:13:42| [INFO] Found 1 request that has not yet been processed.
|12:13:44| [INFO] No unprocessed requests were found.
|12:13:45| [INFO] No unprocessed requests were found.
|12:13:45| [INFO] No unprocessed requests were found.
|12:13:46| [INFO] No unprocessed requests were found.
|12:13:46| [INFO] No unprocessed requests were found.
|12:13:47| [INFO] No unprocessed requests were found.
|12:13:47| [INFO] No unprocessed requests were found.
|12:13:47| [INFO] No unprocessed requests were found.
|12:13:47| [INFO] No unprocessed requests were found.
|12:13:47| [INFO] No unprocessed requests were found.
|12:13:48| [INFO] No unprocessed requests were found.
|12:13:48| [INFO] No unprocessed requests were found.
|12:13:48| [INFO] No unprocessed requests were found.
|12:13:49| [INFO] No unprocessed requests were found.
|12:13:49| [INFO] No unprocessed requests were found.
|12:13:49| [INFO] No unprocessed requests were found.
|12:13:49| [INFO] No unprocessed requests were found.
|12:13:50| [INFO] No unprocessed requests were found.
|12:13:50| [INFO] No unprocessed requests were found.
|12:13:50| [INFO] No unprocessed requests were found.
|12:13:51| [INFO] No unprocessed requests were found.
|12:13:51| [INFO] No unprocessed requests were found.
|12:13:51| [INFO] No unprocessed requests were found.
|12:13:51| [INFO] No unprocessed requests were found.
|12:13:52| [INFO] No unprocessed requests were found.
|12:13:52| [INFO] No unprocessed requests were found.
|12:13:53| [INFO] No unprocessed requests were found.
|12:13:53| [INFO] No unprocessed requests were found.
|12:13:53| [INFO] No unprocessed requests were found.
|12:13:53| [INFO] No unprocessed requests were found.
|12:13:53| [INFO] No unprocessed requests were found.
|12:13:54| [INFO] No unprocessed requests were found.
|12:13:54| [INFO] No unprocessed requests were found.
|12:13:54| [INFO] No unprocessed requests were found.
|12:13:55| [INFO] No unprocessed requests were found.
|12:13:55| [INFO] No unprocessed requests were found.
|12:13:55| [INFO] No unprocessed requests were found.
|12:13:56| [INFO] No unprocessed requests were found.
|12:13:56| [INFO] No unprocessed requests were found.
|12:13:56| [INFO] Found 1 request that has not yet been processed.
|12:13:57| [INFO] Time taken to respond: 735
|12:13:57| [INFO] No unprocessed requests were found.
|12:13:58| [INFO] No unprocessed requests were found.
|12:13:58| [INFO] No unprocessed requests were found.
|12:13:59| [INFO] No unprocessed requests were found.
|12:13:59| [INFO] No unprocessed requests were found.
|12:14:00| [INFO] No unprocessed requests were found.
|12:14:00| [INFO] No unprocessed requests were found.
|12:14:00| [INFO] No unprocessed requests were found.
|12:14:00| [INFO] No unprocessed requests were found.
|12:14:00| [INFO] No unprocessed requests were found.
|12:14:01| [INFO] No unprocessed requests were found.
|12:14:01| [INFO] No unprocessed requests were found.
|12:14:02| [INFO] No unprocessed requests were found.
|12:14:02| [INFO] No unprocessed requests were found.
|12:14:02| [INFO] No unprocessed requests were found.
|12:14:02| [INFO] No unprocessed requests were found.
|12:14:03| [INFO] No unprocessed requests were found.
|12:14:03| [INFO] No unprocessed requests were found.
|12:14:03| [INFO] No unprocessed requests were found.
|12:14:03| [INFO] No unprocessed requests were found.
|12:14:04| [INFO] No unprocessed requests were found.
|12:14:04| [INFO] No unprocessed requests were found.
|12:14:04| [INFO] No unprocessed requests were found.
|12:14:05| [INFO] No unprocessed requests were found.
|12:14:05| [INFO] No unprocessed requests were found.
|12:14:05| [INFO] No unprocessed requests were found.
|12:14:05| [INFO] No unprocessed requests were found.
|12:14:05| [INFO] No unprocessed requests were found.
|12:14:05| [INFO] No unprocessed requests were found.
|12:14:05| [INFO] No unprocessed requests were found.
|12:14:05| [INFO] No unprocessed requests were found.
|12:14:05| [INFO] No unprocessed requests were found.
|12:14:05| [INFO] No unprocessed requests were found.
|12:14:05| [INFO] No unprocessed requests were found.
|12:14:05| [INFO] No unprocessed requests were found.
|12:14:06| [INFO] No unprocessed requests were found.
|12:14:06| [INFO] No unprocessed requests were found.
|12:14:06| [INFO] No unprocessed requests were found.
|12:14:06| [INFO] No unprocessed requests were found.
|12:14:06| [INFO] No unprocessed requests were found.
|12:14:06| [INFO] No unprocessed requests were found.
|12:14:07| [INFO] No unprocessed requests were found.
|12:14:07| [INFO] No unprocessed requests were found.
|12:14:07| [INFO] No unprocessed requests were found.
|12:14:07| [INFO] No unprocessed requests were found.
|12:14:08| [INFO] No unprocessed requests were found.
|12:14:08| [INFO] No unprocessed requests were found.
|12:14:08| [INFO] No unprocessed requests were found.
|12:14:09| [INFO] No unprocessed requests were found.
|12:14:09| [INFO] No unprocessed requests were found.
|12:14:10| [INFO] No unprocessed requests were found.
|12:14:10| [INFO] No unprocessed requests were found.
|12:14:10| [INFO] No unprocessed requests were found.
|12:14:11| [INFO] No unprocessed requests were found.
|12:14:11| [INFO] No unprocessed requests were found.
|12:14:11| [INFO] No unprocessed requests were found.
|12:14:12| [INFO] No unprocessed requests were found.
|12:14:12| [INFO] No unprocessed requests were found.
|12:14:13| [INFO] No unprocessed requests were found.
|12:14:13| [INFO] No unprocessed requests were found.
|12:14:13| [INFO] No unprocessed requests were found.
|12:14:13| [INFO] No unprocessed requests were found.
|12:14:13| [INFO] No unprocessed requests were found.
|12:14:14| [INFO] No unprocessed requests were found.
|12:14:14| [INFO] No unprocessed requests were found.
|12:14:14| [INFO] No unprocessed requests were found.
|12:14:14| [INFO] No unprocessed requests were found.
|12:14:14| [INFO] No unprocessed requests were found.
|12:14:14| [INFO] No unprocessed requests were found.
|12:14:14| [INFO] No unprocessed requests were found.
|12:14:14| [INFO] No unprocessed requests were found.
|12:14:15| [INFO] No unprocessed requests were found.
|12:14:15| [INFO] No unprocessed requests were found.
|12:14:15| [INFO] No unprocessed requests were found.
|12:14:15| [INFO] No unprocessed requests were found.
|12:14:16| [INFO] No unprocessed requests were found.
|12:14:16| [INFO] No unprocessed requests were found.
|12:14:16| [INFO] No unprocessed requests were found.
|12:14:16| [INFO] No unprocessed requests were found.
|12:14:17| [INFO] No unprocessed requests were found.
|12:14:17| [INFO] Found 1 request that has not yet been processed.
|12:14:18| [INFO] No unprocessed requests were found.
|12:14:19| [INFO] No unprocessed requests were found.
|12:14:20| [INFO] No unprocessed requests were found.
|12:14:20| [INFO] No unprocessed requests were found.
|12:14:20| [INFO] No unprocessed requests were found.
|12:14:20| [INFO] No unprocessed requests were found.
|12:14:21| [INFO] No unprocessed requests were found.
|12:14:21| [INFO] No unprocessed requests were found.
|12:14:21| [INFO] No unprocessed requests were found.
|12:14:21| [INFO] No unprocessed requests were found.
|12:14:22| [INFO] No unprocessed requests were found.
|12:14:22| [INFO] No unprocessed requests were found.
|12:14:22| [INFO] No unprocessed requests were found.
|12:14:22| [INFO] No unprocessed requests were found.
|12:14:23| [INFO] No unprocessed requests were found.
|12:14:23| [INFO] No unprocessed requests were found.
|12:14:23| [INFO] No unprocessed requests were found.
|12:14:23| [INFO] No unprocessed requests were found.
|12:14:23| [INFO] No unprocessed requests were found.
|12:14:23| [INFO] No unprocessed requests were found.
|12:14:24| [INFO] No unprocessed requests were found.
|12:14:24| [INFO] No unprocessed requests were found.
|12:14:24| [INFO] No unprocessed requests were found.
|12:14:25| [INFO] No unprocessed requests were found.
|12:14:25| [INFO] Found 1 request that has not yet been processed.
|12:14:27| [INFO] No unprocessed requests were found.
|12:14:27| [INFO] No unprocessed requests were found.
|12:14:28| [INFO] No unprocessed requests were found.
|12:14:28| [INFO] No unprocessed requests were found.
|12:14:28| [INFO] No unprocessed requests were found.
|12:14:29| [INFO] No unprocessed requests were found.
|12:14:29| [INFO] No unprocessed requests were found.
|12:14:29| [INFO] No unprocessed requests were found.
|12:14:30| [INFO] No unprocessed requests were found.
|12:14:30| [INFO] No unprocessed requests were found.
|12:14:31| [INFO] No unprocessed requests were found.
|12:14:31| [INFO] No unprocessed requests were found.
|12:14:31| [INFO] No unprocessed requests were found.
|12:14:31| [INFO] No unprocessed requests were found.
|12:14:31| [INFO] No unprocessed requests were found.
|12:14:32| [INFO] No unprocessed requests were found.
|12:14:32| [INFO] No unprocessed requests were found.
|12:14:32| [INFO] No unprocessed requests were found.
|12:14:32| [INFO] No unprocessed requests were found.
|12:14:32| [INFO] No unprocessed requests were found.
|12:14:33| [INFO] No unprocessed requests were found.
|12:14:33| [INFO] No unprocessed requests were found.
|12:14:33| [INFO] No unprocessed requests were found.
|12:14:34| [INFO] No unprocessed requests were found.
|12:14:34| [INFO] No unprocessed requests were found.
|12:14:34| [INFO] No unprocessed requests were found.
|12:14:34| [INFO] No unprocessed requests were found.
|12:14:35| [INFO] No unprocessed requests were found.
|12:14:35| [INFO] No unprocessed requests were found.
|12:14:35| [INFO] No unprocessed requests were found.
|12:14:36| [INFO] No unprocessed requests were found.
|12:14:36| [INFO] No unprocessed requests were found.
|12:14:36| [INFO] No unprocessed requests were found.
|12:14:36| [INFO] No unprocessed requests were found.
|12:14:37| [INFO] No unprocessed requests were found.
|12:14:37| [INFO] No unprocessed requests were found.
|12:14:37| [INFO] Found 1 request that has not yet been processed.
|12:14:39| [INFO] No unprocessed requests were found.
|12:14:39| [INFO] No unprocessed requests were found.
|12:14:40| [INFO] No unprocessed requests were found.
|12:14:40| [INFO] No unprocessed requests were found.
|12:14:40| [INFO] No unprocessed requests were found.
|12:14:40| [INFO] No unprocessed requests were found.
|12:14:41| [INFO] No unprocessed requests were found.
|12:14:41| [INFO] No unprocessed requests were found.
|12:14:41| [INFO] No unprocessed requests were found.
|12:14:42| [INFO] No unprocessed requests were found.
|12:14:42| [INFO] No unprocessed requests were found.
|12:14:42| [INFO] No unprocessed requests were found.
|12:14:42| [INFO] No unprocessed requests were found.
|12:14:43| [INFO] No unprocessed requests were found.
|12:14:43| [INFO] No unprocessed requests were found.
|12:14:43| [INFO] No unprocessed requests were found.
|12:14:44| [INFO] No unprocessed requests were found.
|12:14:44| [INFO] Found 1 request that has not yet been processed.
|12:14:45| [INFO] Time taken to respond: 328
|12:14:46| [INFO] No unprocessed requests were found.
|12:14:47| [INFO] No unprocessed requests were found.
|12:14:47| [INFO] No unprocessed requests were found.
|12:14:47| [INFO] No unprocessed requests were found.
|12:14:47| [INFO] No unprocessed requests were found.
|12:14:47| [INFO] No unprocessed requests were found.
|12:14:47| [INFO] No unprocessed requests were found.
|12:14:48| [INFO] No unprocessed requests were found.
|12:14:49| [INFO] No unprocessed requests were found.
|12:14:49| [INFO] No unprocessed requests were found.
|12:14:49| [INFO] No unprocessed requests were found.
|12:14:50| [INFO] No unprocessed requests were found.
|12:14:50| [INFO] No unprocessed requests were found.
|12:14:50| [INFO] No unprocessed requests were found.
|12:14:50| [INFO] No unprocessed requests were found.
|12:14:51| [INFO] No unprocessed requests were found.
|12:14:52| [INFO] No unprocessed requests were found.
|12:14:52| [INFO] No unprocessed requests were found.
|12:14:53| [INFO] No unprocessed requests were found.
|12:14:53| [INFO] No unprocessed requests were found.
|12:14:53| [INFO] No unprocessed requests were found.
|12:14:53| [INFO] No unprocessed requests were found.
|12:14:54| [INFO] No unprocessed requests were found.
|12:14:54| [INFO] No unprocessed requests were found.
|12:14:55| [INFO] No unprocessed requests were found.
|12:14:55| [INFO] No unprocessed requests were found.
|12:14:55| [INFO] No unprocessed requests were found.
|12:14:56| [INFO] No unprocessed requests were found.
|12:14:56| [INFO] No unprocessed requests were found.
|12:14:56| [INFO] No unprocessed requests were found.
|12:14:56| [INFO] No unprocessed requests were found.
|12:14:57| [INFO] No unprocessed requests were found.
|12:14:57| [INFO] No unprocessed requests were found.
|12:14:57| [INFO] No unprocessed requests were found.
|12:14:57| [INFO] No unprocessed requests were found.
|12:14:57| [INFO] No unprocessed requests were found.
|12:14:57| [INFO] No unprocessed requests were found.
|12:14:57| [INFO] No unprocessed requests were found.
|12:14:57| [INFO] No unprocessed requests were found.
|12:14:57| [INFO] No unprocessed requests were found.
|12:14:57| [INFO] No unprocessed requests were found.
|12:14:57| [INFO] No unprocessed requests were found.
|12:14:57| [INFO] No unprocessed requests were found.
|12:14:57| [INFO] No unprocessed requests were found.
|12:14:57| [INFO] No unprocessed requests were found.
