|05:36:15| [INFO] Logging initialized!
|05:36:15| [INFO] Current date: 2016-01-20
|05:36:15| [INFO] This is an automatically generated log file from the Computer Science 12U ISU Server made by Andrew and Tianli.
|05:36:15| [INFO] Server starting up!
|05:36:15| [SEVERE] There was no file path specified to retrieve server data from.
|05:36:15| [WARNING] Server did not start properly, quitting...
|05:36:15| [INFO] Found clubs directory in E:/ISU/Compsci12ISUServer_Data directory.
|05:36:15| [INFO] Found posts directory in E:/ISU/Compsci12ISUServer_Data directory.
|05:36:15| [INFO] Found users directory in E:/ISU/Compsci12ISUServer_Data directory.
|05:36:15| [INFO] Found pseudo requests directory in E:/ISU/Compsci12ISUServer_Data directory.
|05:36:15| [INFO] Found admins directory in E:/ISU/Compsci12ISUServer_Data directory.
|05:36:15| [INFO] Found 1 request that has not yet been processed.
|05:36:17| [INFO] No unprocessed requests were found.
|05:36:17| [INFO] No unprocessed requests were found.
|05:36:17| [INFO] No unprocessed requests were found.
|05:36:18| [INFO] No unprocessed requests were found.
|05:36:18| [INFO] No unprocessed requests were found.
|05:36:19| [INFO] No unprocessed requests were found.
|05:36:19| [INFO] No unprocessed requests were found.
|05:36:19| [INFO] No unprocessed requests were found.
|05:36:20| [INFO] No unprocessed requests were found.
|05:36:20| [INFO] No unprocessed requests were found.
|05:36:21| [INFO] No unprocessed requests were found.
|05:36:21| [INFO] No unprocessed requests were found.
|05:36:21| [INFO] No unprocessed requests were found.
|05:36:22| [INFO] No unprocessed requests were found.
|05:36:22| [INFO] No unprocessed requests were found.
|05:36:22| [INFO] No unprocessed requests were found.
|05:36:23| [INFO] No unprocessed requests were found.
|05:36:23| [INFO] No unprocessed requests were found.
|05:36:24| [INFO] No unprocessed requests were found.
|05:36:24| [INFO] No unprocessed requests were found.
|05:36:24| [INFO] No unprocessed requests were found.
|05:36:25| [INFO] No unprocessed requests were found.
|05:36:25| [INFO] No unprocessed requests were found.
|05:36:25| [INFO] No unprocessed requests were found.
|05:36:26| [INFO] No unprocessed requests were found.
|05:36:26| [INFO] No unprocessed requests were found.
|05:36:27| [INFO] No unprocessed requests were found.
|05:36:27| [INFO] No unprocessed requests were found.
|05:36:27| [INFO] No unprocessed requests were found.
|05:36:28| [INFO] No unprocessed requests were found.
|05:36:28| [INFO] No unprocessed requests were found.
|05:36:29| [INFO] No unprocessed requests were found.
|05:36:29| [INFO] No unprocessed requests were found.
|05:36:29| [INFO] No unprocessed requests were found.
|05:36:30| [INFO] No unprocessed requests were found.
|05:36:30| [INFO] No unprocessed requests were found.
|05:36:31| [INFO] No unprocessed requests were found.
|05:36:31| [INFO] No unprocessed requests were found.
|05:36:32| [INFO] No unprocessed requests were found.
|05:36:32| [INFO] No unprocessed requests were found.
|05:36:32| [INFO] No unprocessed requests were found.
|05:36:33| [INFO] No unprocessed requests were found.
|05:36:33| [INFO] No unprocessed requests were found.
|05:36:34| [INFO] No unprocessed requests were found.
|05:36:34| [INFO] No unprocessed requests were found.
|05:36:34| [INFO] No unprocessed requests were found.
|05:36:35| [INFO] No unprocessed requests were found.
|05:36:35| [INFO] No unprocessed requests were found.
|05:36:36| [INFO] No unprocessed requests were found.
|05:36:36| [INFO] No unprocessed requests were found.
|05:36:37| [INFO] No unprocessed requests were found.
|05:36:37| [INFO] No unprocessed requests were found.
|05:36:38| [INFO] No unprocessed requests were found.
|05:36:38| [INFO] No unprocessed requests were found.
|05:36:38| [INFO] No unprocessed requests were found.
|05:36:39| [INFO] No unprocessed requests were found.
|05:36:39| [INFO] No unprocessed requests were found.
|05:36:39| [INFO] No unprocessed requests were found.
|05:36:40| [INFO] No unprocessed requests were found.
|05:36:41| [INFO] No unprocessed requests were found.
|05:36:41| [INFO] No unprocessed requests were found.
|05:36:41| [INFO] No unprocessed requests were found.
|05:36:42| [INFO] No unprocessed requests were found.
|05:36:42| [INFO] No unprocessed requests were found.
|05:36:47| [INFO] No unprocessed requests were found.
