|05:30:21| [INFO] Found clubs directory in E:/ISU/Compsci12ISUServer_Data directory.
|05:30:21| [INFO] Found posts directory in E:/ISU/Compsci12ISUServer_Data directory.
|05:30:21| [INFO] Found users directory in E:/ISU/Compsci12ISUServer_Data directory.
|05:30:21| [INFO] Found pseudo requests directory in E:/ISU/Compsci12ISUServer_Data directory.
|05:30:21| [INFO] Found admins directory in E:/ISU/Compsci12ISUServer_Data directory.
|05:30:21| [INFO] Found 1 request that has not yet been processed.
|05:30:23| [INFO] No unprocessed requests were found.
|05:30:23| [INFO] No unprocessed requests were found.
|05:30:24| [INFO] No unprocessed requests were found.
|05:30:24| [INFO] No unprocessed requests were found.
|05:30:24| [INFO] No unprocessed requests were found.
|05:30:25| [INFO] No unprocessed requests were found.
|05:30:26| [INFO] No unprocessed requests were found.
|05:30:26| [INFO] No unprocessed requests were found.
|05:30:27| [INFO] No unprocessed requests were found.
|05:30:28| [INFO] No unprocessed requests were found.
|05:30:28| [INFO] No unprocessed requests were found.
|05:30:28| [INFO] No unprocessed requests were found.
|05:30:29| [INFO] No unprocessed requests were found.
|05:30:29| [INFO] No unprocessed requests were found.
|05:30:30| [INFO] No unprocessed requests were found.
|05:30:30| [INFO] No unprocessed requests were found.
|05:30:30| [INFO] No unprocessed requests were found.
|05:30:31| [INFO] No unprocessed requests were found.
|05:30:31| [INFO] No unprocessed requests were found.
|05:30:32| [INFO] No unprocessed requests were found.
|05:30:33| [INFO] No unprocessed requests were found.
|05:30:33| [INFO] No unprocessed requests were found.
|05:30:34| [INFO] No unprocessed requests were found.
|05:30:34| [INFO] No unprocessed requests were found.
|05:30:35| [INFO] No unprocessed requests were found.
|05:30:35| [INFO] No unprocessed requests were found.
|05:30:35| [INFO] No unprocessed requests were found.
|05:30:36| [INFO] No unprocessed requests were found.
|05:30:36| [INFO] No unprocessed requests were found.
|05:30:36| [INFO] No unprocessed requests were found.
|05:30:37| [INFO] No unprocessed requests were found.
|05:30:37| [INFO] No unprocessed requests were found.
|05:30:37| [INFO] No unprocessed requests were found.
|05:30:38| [INFO] No unprocessed requests were found.
|05:30:38| [INFO] No unprocessed requests were found.
|05:30:39| [INFO] No unprocessed requests were found.
|05:30:39| [INFO] No unprocessed requests were found.
|05:30:39| [INFO] No unprocessed requests were found.
|05:30:40| [INFO] No unprocessed requests were found.
|05:30:40| [INFO] No unprocessed requests were found.
|05:30:41| [INFO] No unprocessed requests were found.
|05:30:41| [INFO] No unprocessed requests were found.
|05:30:41| [INFO] No unprocessed requests were found.
|05:30:42| [INFO] No unprocessed requests were found.
|05:30:42| [INFO] No unprocessed requests were found.
|05:30:43| [INFO] No unprocessed requests were found.
|05:30:43| [INFO] No unprocessed requests were found.
|05:30:43| [INFO] No unprocessed requests were found.
|05:30:44| [INFO] No unprocessed requests were found.
|05:30:44| [INFO] No unprocessed requests were found.
|05:30:45| [INFO] No unprocessed requests were found.
|05:30:45| [INFO] No unprocessed requests were found.
|05:30:45| [INFO] No unprocessed requests were found.
|05:30:46| [INFO] No unprocessed requests were found.
|05:30:46| [INFO] No unprocessed requests were found.
|05:30:46| [INFO] No unprocessed requests were found.
|05:30:47| [INFO] No unprocessed requests were found.
|05:30:47| [INFO] No unprocessed requests were found.
|05:30:48| [INFO] No unprocessed requests were found.
|05:30:48| [INFO] No unprocessed requests were found.
|05:30:48| [INFO] No unprocessed requests were found.
|05:30:49| [INFO] No unprocessed requests were found.
|05:30:49| [INFO] No unprocessed requests were found.
|05:30:49| [INFO] No unprocessed requests were found.
|05:30:50| [INFO] No unprocessed requests were found.
|05:30:50| [INFO] No unprocessed requests were found.
|05:30:51| [INFO] No unprocessed requests were found.
|05:30:52| [INFO] No unprocessed requests were found.
|05:30:52| [INFO] No unprocessed requests were found.
|05:30:52| [INFO] No unprocessed requests were found.
|05:30:53| [INFO] No unprocessed requests were found.
|05:30:53| [INFO] No unprocessed requests were found.
|05:30:54| [INFO] No unprocessed requests were found.
|05:30:54| [INFO] No unprocessed requests were found.
|05:30:54| [INFO] No unprocessed requests were found.
|05:30:55| [INFO] No unprocessed requests were found.
|05:30:55| [INFO] No unprocessed requests were found.
|05:30:56| [INFO] No unprocessed requests were found.
|05:30:56| [INFO] No unprocessed requests were found.
|05:30:56| [INFO] No unprocessed requests were found.
|05:30:56| [INFO] No unprocessed requests were found.
|05:30:57| [INFO] No unprocessed requests were found.
|05:30:57| [INFO] No unprocessed requests were found.
|05:30:58| [INFO] No unprocessed requests were found.
|05:30:58| [INFO] No unprocessed requests were found.
|05:30:58| [INFO] No unprocessed requests were found.
|05:30:59| [INFO] No unprocessed requests were found.
|05:30:59| [INFO] No unprocessed requests were found.
|05:31:00| [INFO] No unprocessed requests were found.
|05:31:00| [INFO] No unprocessed requests were found.
|05:31:00| [INFO] No unprocessed requests were found.
|05:31:01| [INFO] No unprocessed requests were found.
|05:31:01| [INFO] No unprocessed requests were found.
|05:31:02| [INFO] No unprocessed requests were found.
|05:31:02| [INFO] No unprocessed requests were found.
|05:31:02| [INFO] No unprocessed requests were found.
|05:31:02| [INFO] No unprocessed requests were found.
|05:31:03| [INFO] No unprocessed requests were found.
|05:31:03| [INFO] No unprocessed requests were found.
|05:31:04| [INFO] No unprocessed requests were found.
|05:31:04| [INFO] No unprocessed requests were found.
|05:31:05| [INFO] No unprocessed requests were found.
|05:31:05| [INFO] No unprocessed requests were found.
|05:31:05| [INFO] No unprocessed requests were found.
|05:31:05| [INFO] No unprocessed requests were found.
|05:31:06| [INFO] No unprocessed requests were found.
|05:31:06| [INFO] No unprocessed requests were found.
|05:31:07| [INFO] No unprocessed requests were found.
|05:31:07| [INFO] No unprocessed requests were found.
|05:31:08| [INFO] No unprocessed requests were found.
|05:31:08| [INFO] No unprocessed requests were found.
|05:31:09| [INFO] No unprocessed requests were found.
|05:31:09| [INFO] No unprocessed requests were found.
|05:31:09| [INFO] No unprocessed requests were found.
|05:31:10| [INFO] No unprocessed requests were found.
|05:31:10| [INFO] No unprocessed requests were found.
|05:31:11| [INFO] No unprocessed requests were found.
|05:31:11| [INFO] No unprocessed requests were found.
|05:31:11| [INFO] No unprocessed requests were found.
|05:31:11| [INFO] No unprocessed requests were found.
|05:31:12| [INFO] No unprocessed requests were found.
|05:31:12| [INFO] No unprocessed requests were found.
|05:31:13| [INFO] No unprocessed requests were found.
|05:31:13| [INFO] No unprocessed requests were found.
|05:31:14| [INFO] No unprocessed requests were found.
|05:31:14| [INFO] No unprocessed requests were found.
|05:31:15| [INFO] No unprocessed requests were found.
|05:31:15| [INFO] No unprocessed requests were found.
|05:31:15| [INFO] No unprocessed requests were found.
|05:31:16| [INFO] No unprocessed requests were found.
|05:31:16| [INFO] No unprocessed requests were found.
|05:31:17| [INFO] No unprocessed requests were found.
|05:31:17| [INFO] No unprocessed requests were found.
|05:31:17| [INFO] No unprocessed requests were found.
|05:31:18| [INFO] No unprocessed requests were found.
|05:31:18| [INFO] No unprocessed requests were found.
|05:31:19| [INFO] No unprocessed requests were found.
|05:31:19| [INFO] No unprocessed requests were found.
|05:31:19| [INFO] No unprocessed requests were found.
|05:31:20| [INFO] No unprocessed requests were found.
|05:31:21| [INFO] No unprocessed requests were found.
|05:31:21| [INFO] No unprocessed requests were found.
|05:31:22| [INFO] No unprocessed requests were found.
|05:31:22| [INFO] No unprocessed requests were found.
|05:31:22| [INFO] No unprocessed requests were found.
|05:31:23| [INFO] No unprocessed requests were found.
|05:31:23| [INFO] No unprocessed requests were found.
|05:31:24| [INFO] No unprocessed requests were found.
|05:31:24| [INFO] No unprocessed requests were found.
|05:31:24| [INFO] No unprocessed requests were found.
|05:31:24| [INFO] No unprocessed requests were found.
|05:31:25| [INFO] No unprocessed requests were found.
|05:31:25| [INFO] No unprocessed requests were found.
|05:31:26| [INFO] No unprocessed requests were found.
|05:31:26| [INFO] No unprocessed requests were found.
|05:31:27| [INFO] No unprocessed requests were found.
|05:31:28| [INFO] No unprocessed requests were found.
|05:31:28| [INFO] No unprocessed requests were found.
|05:31:29| [INFO] No unprocessed requests were found.
|05:31:29| [INFO] No unprocessed requests were found.
|05:31:29| [INFO] No unprocessed requests were found.
