|10:03:37| [INFO] Logging initialized!
|10:03:37| [INFO] Current date: 2016-01-20
|10:03:37| [INFO] This is an automatically generated log file from the Computer Science 12U ISU Server made by Andrew and Tianli.
|10:03:37| [INFO] Server starting up!
|10:03:38| [SEVERE] There was no file path specified to retrieve server data from.
|10:03:38| [WARNING] Server did not start properly, quitting...
|10:03:38| [INFO] Found clubs directory in E:/ISU/Compsci12ISUServer_Data directory.
|10:03:38| [INFO] Found posts directory in E:/ISU/Compsci12ISUServer_Data directory.
|10:03:38| [INFO] Found users directory in E:/ISU/Compsci12ISUServer_Data directory.
|10:03:38| [INFO] Found pseudo requests directory in E:/ISU/Compsci12ISUServer_Data directory.
|10:03:38| [INFO] Found admins directory in E:/ISU/Compsci12ISUServer_Data directory.
|10:03:38| [INFO] Found 1 request that has not yet been processed.
|10:03:38| [WARNING] Counter: 0 | Quantity: 10
|10:03:38| [WARNING] Counter: 1 | Quantity: 10
|10:03:38| [WARNING] Counter: 2 | Quantity: 10
|10:03:38| [WARNING] Counter: 3 | Quantity: 10
|10:03:38| [WARNING] Counter: 4 | Quantity: 10
|10:03:38| [WARNING] Counter: 5 | Quantity: 10
|10:03:38| [WARNING] Counter: 6 | Quantity: 10
|10:03:38| [WARNING] Counter: 7 | Quantity: 10
|10:03:39| [WARNING] Counter: 8 | Quantity: 10
|10:03:39| [WARNING] Counter: 9 | Quantity: 10
|10:03:40| [INFO] No unprocessed requests were found.
|10:03:40| [INFO] No unprocessed requests were found.
|10:03:41| [INFO] No unprocessed requests were found.
|10:03:41| [INFO] No unprocessed requests were found.
|10:03:41| [INFO] No unprocessed requests were found.
|10:03:41| [INFO] No unprocessed requests were found.
|10:03:42| [INFO] No unprocessed requests were found.
|10:03:42| [INFO] No unprocessed requests were found.
|10:03:42| [INFO] No unprocessed requests were found.
|10:03:42| [INFO] No unprocessed requests were found.
|10:03:43| [INFO] No unprocessed requests were found.
|10:03:43| [INFO] No unprocessed requests were found.
|10:03:43| [INFO] No unprocessed requests were found.
|10:03:43| [INFO] No unprocessed requests were found.
|10:03:43| [INFO] No unprocessed requests were found.
|10:03:43| [INFO] No unprocessed requests were found.
|10:03:44| [INFO] No unprocessed requests were found.
|10:03:44| [INFO] No unprocessed requests were found.
|10:03:44| [INFO] No unprocessed requests were found.
|10:03:44| [INFO] No unprocessed requests were found.
|10:03:44| [INFO] No unprocessed requests were found.
|10:03:44| [INFO] No unprocessed requests were found.
|10:03:45| [INFO] No unprocessed requests were found.
|10:03:45| [INFO] No unprocessed requests were found.
|10:03:45| [INFO] No unprocessed requests were found.
|10:03:45| [INFO] No unprocessed requests were found.
|10:03:45| [INFO] No unprocessed requests were found.
|10:03:45| [INFO] No unprocessed requests were found.
|10:03:45| [INFO] No unprocessed requests were found.
